[HANDLER_OUTPUT] 
Test project /home/libsbml/development/libsbml-build-scripts/autobuild-option-tests/BUILD/ubuntu-1604-exp-ninja-base-expat-check-examples-java

      Start  1: test_l3v2extendedmath_validator_run
 1/86 Test  #1: test_l3v2extendedmath_validator_run ...........   Passed    0.10 sec
      Start  2: test_extension_package_l3v2extendedmath_run
 2/86 Test  #2: test_extension_package_l3v2extendedmath_run ...   Passed    0.12 sec
      Start  3: test_sbml_annotation_run
 3/86 Test  #3: test_sbml_annotation_run ......................   Passed    0.43 sec
      Start  4: test_sbml_conversion_run
 4/86 Test  #4: test_sbml_conversion_run ......................   Passed    0.48 sec
      Start  5: test_sbml_extension_run
 5/86 Test  #5: test_sbml_extension_run .......................   Passed    0.13 sec
      Start  6: test_sbml_math_run
 6/86 Test  #6: test_sbml_math_run ............................   Passed    0.14 sec
      Start  7: test_sbml_sbml_run
 7/86 Test  #7: test_sbml_sbml_run ............................   Passed    2.16 sec
      Start  8: test_sbml_units_run
 8/86 Test  #8: test_sbml_units_run ...........................   Passed    0.75 sec
      Start  9: test_sbml_util_run
 9/86 Test  #9: test_sbml_util_run ............................   Passed    0.04 sec
      Start 10: test_sbml_validator_run
10/86 Test #10: test_sbml_validator_run .......................   Passed    3.63 sec
      Start 11: test_sbml_xml_run
11/86 Test #11: test_sbml_xml_run .............................   Passed    0.19 sec
      Start 12: test_java_binding
12/86 Test #12: test_java_binding .............................***Failed  Error regular expression found in output. Regex=[Error]  1.01 sec
................................................................................................................................................................................................................................................................................................................................................................................................................................................................................................................................................................................................F
java.lang.AssertionError
	at org.sbml.libsbml.test.sbml.TestConsistencyChecks.assertTrue(TestConsistencyChecks.java:48)
	at org.sbml.libsbml.test.sbml.TestConsistencyChecks.test_consistency_checks(TestConsistencyChecks.java:155)
	at sun.reflect.NativeMethodAccessorImpl.invoke0(Native Method)
	at sun.reflect.NativeMethodAccessorImpl.invoke(NativeMethodAccessorImpl.java:62)
	at sun.reflect.DelegatingMethodAccessorImpl.invoke(DelegatingMethodAccessorImpl.java:43)
	at java.lang.reflect.Method.invoke(Method.java:498)
	at AutoTestRunner.test(AutoTestRunner.java:168)
	at AutoTestRunner.main(AutoTestRunner.java:237)
...............................................................................................................................................................................................................................................................................................................................................................................................................................................

      Start 13: test_java_printversion
13/86 Test #13: test_java_printversion ........................   Passed    0.15 sec
      Start 14: test_c_addCVTerms
14/86 Test #14: test_c_addCVTerms .............................   Passed    0.05 sec
      Start 15: test_c_addingEvidenceCodes_1
15/86 Test #15: test_c_addingEvidenceCodes_1 ..................   Passed    0.05 sec
      Start 16: test_c_addingEvidenceCodes_2
16/86 Test #16: test_c_addingEvidenceCodes_2 ..................   Passed    0.08 sec
      Start 17: test_c_addModelHistory
17/86 Test #17: test_c_addModelHistory ........................   Passed    0.15 sec
      Start 18: test_c_appendAnnotation
18/86 Test #18: test_c_appendAnnotation .......................   Passed    0.09 sec
      Start 19: test_c_convertSBML
19/86 Test #19: test_c_convertSBML ............................   Passed    0.08 sec
      Start 20: test_c_createExampleSBML
20/86 Test #20: test_c_createExampleSBML ......................   Passed    0.08 sec
      Start 21: test_c_drawMath
21/86 Test #21: test_c_drawMath ...............................   Passed    0.06 sec
      Start 22: test_c_echoSBML
22/86 Test #22: test_c_echoSBML ...............................   Passed    0.06 sec
      Start 23: test_c_printAnnotation
23/86 Test #23: test_c_printAnnotation ........................   Passed    0.07 sec
      Start 24: test_c_printMath
24/86 Test #24: test_c_printMath ..............................   Passed    0.10 sec
      Start 25: test_c_printNotes
25/86 Test #25: test_c_printNotes .............................   Passed    0.05 sec
      Start 26: test_c_printRegisteredPackages
26/86 Test #26: test_c_printRegisteredPackages ................   Passed    0.04 sec
      Start 27: test_c_printSBML
27/86 Test #27: test_c_printSBML ..............................   Passed    0.05 sec
      Start 28: test_c_printSupported
28/86 Test #28: test_c_printSupported .........................   Passed    0.03 sec
      Start 29: test_c_printUnits
29/86 Test #29: test_c_printUnits .............................   Passed    0.08 sec
      Start 30: test_c_promoteParameters
30/86 Test #30: test_c_promoteParameters ......................   Passed    0.05 sec
      Start 31: test_c_readSBML
31/86 Test #31: test_c_readSBML ...............................   Passed    0.05 sec
      Start 32: test_c_unsetAnnotation
32/86 Test #32: test_c_unsetAnnotation ........................   Passed    0.08 sec
      Start 33: test_c_unsetNotes
33/86 Test #33: test_c_unsetNotes .............................   Passed    0.08 sec
      Start 34: test_c_validateSBML
34/86 Test #34: test_c_validateSBML ...........................   Passed    0.05 sec
      Start 35: test_cxx_addCVTerms
35/86 Test #35: test_cxx_addCVTerms ...........................   Passed    0.05 sec
      Start 36: test_cxx_addCustomValidator
36/86 Test #36: test_cxx_addCustomValidator ...................   Passed    0.07 sec
      Start 37: test_cxx_addingEvidenceCodes_1
37/86 Test #37: test_cxx_addingEvidenceCodes_1 ................   Passed    0.07 sec
      Start 38: test_cxx_addingEvidenceCodes_2
38/86 Test #38: test_cxx_addingEvidenceCodes_2 ................   Passed    0.06 sec
      Start 39: test_cxx_addModelHistory
39/86 Test #39: test_cxx_addModelHistory ......................   Passed    0.06 sec
      Start 40: test_cxx_appendAnnotation
40/86 Test #40: test_cxx_appendAnnotation .....................   Passed    0.06 sec
      Start 41: test_cxx_callExternalValidator
41/86 Test #41: test_cxx_callExternalValidator ................   Passed    0.05 sec
      Start 42: test_cxx_convertSBML
42/86 Test #42: test_cxx_convertSBML ..........................   Passed    0.07 sec
      Start 43: test_cxx_convertToL1V1
43/86 Test #43: test_cxx_convertToL1V1 ........................   Passed    0.05 sec
      Start 44: test_cxx_createExampleSBML
44/86 Test #44: test_cxx_createExampleSBML ....................   Passed    0.10 sec
      Start 45: test_cxx_echoSBML
45/86 Test #45: test_cxx_echoSBML .............................   Passed    0.07 sec
      Start 46: test_cxx_inferUnits
46/86 Test #46: test_cxx_inferUnits ...........................   Passed    0.07 sec
      Start 47: test_cxx_inlineFunctionDefintions
47/86 Test #47: test_cxx_inlineFunctionDefintions .............   Passed    0.08 sec
      Start 48: test_cxx_convertReactions
48/86 Test #48: test_cxx_convertReactions .....................   Passed    0.09 sec
      Start 49: test_cxx_getAllElementsWithNotes
49/86 Test #49: test_cxx_getAllElementsWithNotes ..............   Passed    0.06 sec
      Start 50: test_cxx_printAnnotation
50/86 Test #50: test_cxx_printAnnotation ......................   Passed    0.07 sec
      Start 51: test_cxx_printMath
51/86 Test #51: test_cxx_printMath ............................   Passed    0.06 sec
      Start 52: test_cxx_printNotes
52/86 Test #52: test_cxx_printNotes ...........................   Passed    0.08 sec
      Start 53: test_cxx_printSBML
53/86 Test #53: test_cxx_printSBML ............................   Passed    0.06 sec
      Start 54: test_cxx_printRegisteredPackages
54/86 Test #54: test_cxx_printRegisteredPackages ..............   Passed    0.04 sec
      Start 55: test_cxx_printSupported
55/86 Test #55: test_cxx_printSupported .......................   Passed    0.04 sec
      Start 56: test_cxx_printUnits
56/86 Test #56: test_cxx_printUnits ...........................   Passed    0.07 sec
      Start 57: test_cxx_promoteParameters
57/86 Test #57: test_cxx_promoteParameters ....................   Passed    0.06 sec
      Start 58: test_cxx_readSBML
58/86 Test #58: test_cxx_readSBML .............................   Passed    0.05 sec
      Start 59: test_cxx_renameSId
59/86 Test #59: test_cxx_renameSId ............................   Passed    0.05 sec
      Start 60: test_cxx_setIdFromNames
60/86 Test #60: test_cxx_setIdFromNames .......................   Passed    0.07 sec
      Start 61: test_cxx_setNamesFromIds
61/86 Test #61: test_cxx_setNamesFromIds ......................   Passed    0.04 sec
      Start 62: test_cxx_unsetAnnotation
62/86 Test #62: test_cxx_unsetAnnotation ......................   Passed    0.06 sec
      Start 63: test_cxx_unsetNotes
63/86 Test #63: test_cxx_unsetNotes ...........................   Passed    0.06 sec
      Start 64: test_cxx_validateSBML
64/86 Test #64: test_cxx_validateSBML .........................   Passed    0.05 sec
      Start 65: test_java_addCVTerms
65/86 Test #65: test_java_addCVTerms ..........................   Passed    0.16 sec
      Start 66: test_java_addingEvidenceCodes_1
66/86 Test #66: test_java_addingEvidenceCodes_1 ...............   Passed    0.14 sec
      Start 67: test_java_addingEvidenceCodes_2
67/86 Test #67: test_java_addingEvidenceCodes_2 ...............   Passed    0.14 sec
      Start 68: test_java_addModelHistory
68/86 Test #68: test_java_addModelHistory .....................   Passed    0.15 sec
      Start 69: test_java_appendAnnotation
69/86 Test #69: test_java_appendAnnotation ....................   Passed    0.13 sec
      Start 70: test_java_createExampleSBML
70/86 Test #70: test_java_createExampleSBML ...................   Passed    0.18 sec
      Start 71: test_java_echoSBML
71/86 Test #71: test_java_echoSBML ............................   Passed    0.13 sec
      Start 72: test_java_evaluateCustomMath
72/86 Test #72: test_java_evaluateCustomMath ..................   Passed    0.15 sec
      Start 73: test_java_getAllElementsWithNotes
73/86 Test #73: test_java_getAllElementsWithNotes .............   Passed    0.14 sec
      Start 74: test_java_inlineInitialAssignments
74/86 Test #74: test_java_inlineInitialAssignments ............   Passed    0.14 sec
      Start 75: test_java_printAnnotation
75/86 Test #75: test_java_printAnnotation .....................   Passed    0.14 sec
      Start 76: test_java_printMath
76/86 Test #76: test_java_printMath ...........................   Passed    0.15 sec
      Start 77: test_java_printNotes
77/86 Test #77: test_java_printNotes ..........................   Passed    0.13 sec
      Start 78: test_java_printRegisteredPackages
78/86 Test #78: test_java_printRegisteredPackages .............   Passed    0.13 sec
      Start 79: test_java_printSBML
79/86 Test #79: test_java_printSBML ...........................   Passed    0.14 sec
      Start 80: test_java_printsupported
80/86 Test #80: test_java_printsupported ......................   Passed    0.13 sec
      Start 81: test_java_printUnits
81/86 Test #81: test_java_printUnits ..........................   Passed    0.14 sec
      Start 82: test_java_promoteParameters
82/86 Test #82: test_java_promoteParameters ...................   Passed    0.14 sec
      Start 83: test_java_readSBML
83/86 Test #83: test_java_readSBML ............................   Passed    0.13 sec
      Start 84: test_java_replaceOneFD
84/86 Test #84: test_java_replaceOneFD ........................   Passed    0.14 sec
      Start 85: test_java_setIdFromNames
85/86 Test #85: test_java_setIdFromNames ......................   Passed    0.14 sec
      Start 86: test_java_unsetAnnotation
86/86 Test #86: test_java_unsetAnnotation .....................   Passed    0.13 sec

99% tests passed, 1 tests failed out of 86

Total Test time (real) =  15.95 sec

The following tests FAILED:
	 12 - test_java_binding (Failed)
[ERROR_MESSAGE] 
Errors while running CTest

