[HANDLER_OUTPUT] 
Test project /home/libsbml/development/libsbml-build-scripts/autobuild-option-tests/BUILD/ubuntu-1604-exp-ninja-base-expat-check-cpp_ns-strict-perl

      Start  1: test_l3v2extendedmath_validator_run
Could not find executable /home/libsbml/development/libsbml-build-scripts/autobuild-option-tests/BUILD/ubuntu-1604-exp-ninja-base-expat-check-cpp_ns-strict-perl/src/sbml/packages/l3v2extendedmath/validator/test/test_l3v2extendedmath_validator
Looked in the following places:
/home/libsbml/development/libsbml-build-scripts/autobuild-option-tests/BUILD/ubuntu-1604-exp-ninja-base-expat-check-cpp_ns-strict-perl/src/sbml/packages/l3v2extendedmath/validator/test/test_l3v2extendedmath_validator
/home/libsbml/development/libsbml-build-scripts/autobuild-option-tests/BUILD/ubuntu-1604-exp-ninja-base-expat-check-cpp_ns-strict-perl/src/sbml/packages/l3v2extendedmath/validator/test/test_l3v2extendedmath_validator
/home/libsbml/development/libsbml-build-scripts/autobuild-option-tests/BUILD/ubuntu-1604-exp-ninja-base-expat-check-cpp_ns-strict-perl/src/sbml/packages/l3v2extendedmath/validator/test/Release/test_l3v2extendedmath_validator
/home/libsbml/development/libsbml-build-scripts/autobuild-option-tests/BUILD/ubuntu-1604-exp-ninja-base-expat-check-cpp_ns-strict-perl/src/sbml/packages/l3v2extendedmath/validator/test/Release/test_l3v2extendedmath_validator
/home/libsbml/development/libsbml-build-scripts/autobuild-option-tests/BUILD/ubuntu-1604-exp-ninja-base-expat-check-cpp_ns-strict-perl/src/sbml/packages/l3v2extendedmath/validator/test/Debug/test_l3v2extendedmath_validator
/home/libsbml/development/libsbml-build-scripts/autobuild-option-tests/BUILD/ubuntu-1604-exp-ninja-base-expat-check-cpp_ns-strict-perl/src/sbml/packages/l3v2extendedmath/validator/test/Debug/test_l3v2extendedmath_validator
/home/libsbml/development/libsbml-build-scripts/autobuild-option-tests/BUILD/ubuntu-1604-exp-ninja-base-expat-check-cpp_ns-strict-perl/src/sbml/packages/l3v2extendedmath/validator/test/MinSizeRel/test_l3v2extendedmath_validator
/home/libsbml/development/libsbml-build-scripts/autobuild-option-tests/BUILD/ubuntu-1604-exp-ninja-base-expat-check-cpp_ns-strict-perl/src/sbml/packages/l3v2extendedmath/validator/test/MinSizeRel/test_l3v2extendedmath_validator
/home/libsbml/development/libsbml-build-scripts/autobuild-option-tests/BUILD/ubuntu-1604-exp-ninja-base-expat-check-cpp_ns-strict-perl/src/sbml/packages/l3v2extendedmath/validator/test/RelWithDebInfo/test_l3v2extendedmath_validator
/home/libsbml/development/libsbml-build-scripts/autobuild-option-tests/BUILD/ubuntu-1604-exp-ninja-base-expat-check-cpp_ns-strict-perl/src/sbml/packages/l3v2extendedmath/validator/test/RelWithDebInfo/test_l3v2extendedmath_validator
/home/libsbml/development/libsbml-build-scripts/autobuild-option-tests/BUILD/ubuntu-1604-exp-ninja-base-expat-check-cpp_ns-strict-perl/src/sbml/packages/l3v2extendedmath/validator/test/Deployment/test_l3v2extendedmath_validator
/home/libsbml/development/libsbml-build-scripts/autobuild-option-tests/BUILD/ubuntu-1604-exp-ninja-base-expat-check-cpp_ns-strict-perl/src/sbml/packages/l3v2extendedmath/validator/test/Deployment/test_l3v2extendedmath_validator
/home/libsbml/development/libsbml-build-scripts/autobuild-option-tests/BUILD/ubuntu-1604-exp-ninja-base-expat-check-cpp_ns-strict-perl/src/sbml/packages/l3v2extendedmath/validator/test/Development/test_l3v2extendedmath_validator
/home/libsbml/development/libsbml-build-scripts/autobuild-option-tests/BUILD/ubuntu-1604-exp-ninja-base-expat-check-cpp_ns-strict-perl/src/sbml/packages/l3v2extendedmath/validator/test/Development/test_l3v2extendedmath_validator
home/libsbml/development/libsbml-build-scripts/autobuild-option-tests/BUILD/ubuntu-1604-exp-ninja-base-expat-check-cpp_ns-strict-perl/src/sbml/packages/l3v2extendedmath/validator/test/test_l3v2extendedmath_validator
home/libsbml/development/libsbml-build-scripts/autobuild-option-tests/BUILD/ubuntu-1604-exp-ninja-base-expat-check-cpp_ns-strict-perl/src/sbml/packages/l3v2extendedmath/validator/test/test_l3v2extendedmath_validator
home/libsbml/development/libsbml-build-scripts/autobuild-option-tests/BUILD/ubuntu-1604-exp-ninja-base-expat-check-cpp_ns-strict-perl/src/sbml/packages/l3v2extendedmath/validator/test/Release/test_l3v2extendedmath_validator
home/libsbml/development/libsbml-build-scripts/autobuild-option-tests/BUILD/ubuntu-1604-exp-ninja-base-expat-check-cpp_ns-strict-perl/src/sbml/packages/l3v2extendedmath/validator/test/Release/test_l3v2extendedmath_validator
home/libsbml/development/libsbml-build-scripts/autobuild-option-tests/BUILD/ubuntu-1604-exp-ninja-base-expat-check-cpp_ns-strict-perl/src/sbml/packages/l3v2extendedmath/validator/test/Debug/test_l3v2extendedmath_validator
home/libsbml/development/libsbml-build-scripts/autobuild-option-tests/BUILD/ubuntu-1604-exp-ninja-base-expat-check-cpp_ns-strict-perl/src/sbml/packages/l3v2extendedmath/validator/test/Debug/test_l3v2extendedmath_validator
home/libsbml/development/libsbml-build-scripts/autobuild-option-tests/BUILD/ubuntu-1604-exp-ninja-base-expat-check-cpp_ns-strict-perl/src/sbml/packages/l3v2extendedmath/validator/test/MinSizeRel/test_l3v2extendedmath_validator
home/libsbml/development/libsbml-build-scripts/autobuild-option-tests/BUILD/ubuntu-1604-exp-ninja-base-expat-check-cpp_ns-strict-perl/src/sbml/packages/l3v2extendedmath/validator/test/MinSizeRel/test_l3v2extendedmath_validator
home/libsbml/development/libsbml-build-scripts/autobuild-option-tests/BUILD/ubuntu-1604-exp-ninja-base-expat-check-cpp_ns-strict-perl/src/sbml/packages/l3v2extendedmath/validator/test/RelWithDebInfo/test_l3v2extendedmath_validator
home/libsbml/development/libsbml-build-scripts/autobuild-option-tests/BUILD/ubuntu-1604-exp-ninja-base-expat-check-cpp_ns-strict-perl/src/sbml/packages/l3v2extendedmath/validator/test/RelWithDebInfo/test_l3v2extendedmath_validator
home/libsbml/development/libsbml-build-scripts/autobuild-option-tests/BUILD/ubuntu-1604-exp-ninja-base-expat-check-cpp_ns-strict-perl/src/sbml/packages/l3v2extendedmath/validator/test/Deployment/test_l3v2extendedmath_validator
home/libsbml/development/libsbml-build-scripts/autobuild-option-tests/BUILD/ubuntu-1604-exp-ninja-base-expat-check-cpp_ns-strict-perl/src/sbml/packages/l3v2extendedmath/validator/test/Deployment/test_l3v2extendedmath_validator
home/libsbml/development/libsbml-build-scripts/autobuild-option-tests/BUILD/ubuntu-1604-exp-ninja-base-expat-check-cpp_ns-strict-perl/src/sbml/packages/l3v2extendedmath/validator/test/Development/test_l3v2extendedmath_validator
home/libsbml/development/libsbml-build-scripts/autobuild-option-tests/BUILD/ubuntu-1604-exp-ninja-base-expat-check-cpp_ns-strict-perl/src/sbml/packages/l3v2extendedmath/validator/test/Development/test_l3v2extendedmath_validator
[ERROR_MESSAGE] 
Unable to find executable: /home/libsbml/development/libsbml-build-scripts/autobuild-option-tests/BUILD/ubuntu-1604-exp-ninja-base-expat-check-cpp_ns-strict-perl/src/sbml/packages/l3v2extendedmath/validator/test/test_l3v2extendedmath_validator

[HANDLER_OUTPUT] 
 1/
12 Test  #1: test_l3v2extendedmath_validator_run ...........***Not Run   0.00 sec
      Start  2: test_extension_package_l3v2extendedmath_run
Could not find executable /home/libsbml/development/libsbml-build-scripts/autobuild-option-tests/BUILD/ubuntu-1604-exp-ninja-base-expat-check-cpp_ns-strict-perl/src/sbml/packages/l3v2extendedmath/extension/test/test_extension_package_l3v2extendedmath
Looked in the following places:
/home/libsbml/development/libsbml-build-scripts/autobuild-option-tests/BUILD/ubuntu-1604-exp-ninja-base-expat-check-cpp_ns-strict-perl/src/sbml/packages/l3v2extendedmath/extension/test/test_extension_package_l3v2extendedmath
/home/libsbml/development/libsbml-build-scripts/autobuild-option-tests/BUILD/ubuntu-1604-exp-ninja-base-expat-check-cpp_ns-strict-perl/src/sbml/packages/l3v2extendedmath/extension/test/test_extension_package_l3v2extendedmath
/home/libsbml/development/libsbml-build-scripts/autobuild-option-tests/BUILD/ubuntu-1604-exp-ninja-base-expat-check-cpp_ns-strict-perl/src/sbml/packages/l3v2extendedmath/extension/test/Release/test_extension_package_l3v2extendedmath
/home/libsbml/development/libsbml-build-scripts/autobuild-option-tests/BUILD/ubuntu-1604-exp-ninja-base-expat-check-cpp_ns-strict-perl/src/sbml/packages/l3v2extendedmath/extension/test/Release/test_extension_package_l3v2extendedmath
/home/libsbml/development/libsbml-build-scripts/autobuild-option-tests/BUILD/ubuntu-1604-exp-ninja-base-expat-check-cpp_ns-strict-perl/src/sbml/packages/l3v2extendedmath/extension/test/Debug/test_extension_package_l3v2extendedmath
/home/libsbml/development/libsbml-build-scripts/autobuild-option-tests/BUILD/ubuntu-1604-exp-ninja-base-expat-check-cpp_ns-strict-perl/src/sbml/packages/l3v2extendedmath/extension/test/Debug/test_extension_package_l3v2extendedmath
/home/libsbml/development/libsbml-build-scripts/autobuild-option-tests/BUILD/ubuntu-1604-exp-ninja-base-expat-check-cpp_ns-strict-perl/src/sbml/packages/l3v2extendedmath/extension/test/MinSizeRel/test_extension_package_l3v2extendedmath
/home/libsbml/development/libsbml-build-scripts/autobuild-option-tests/BUILD/ubuntu-1604-exp-ninja-base-expat-check-cpp_ns-strict-perl/src/sbml/packages/l3v2extendedmath/extension/test/MinSizeRel/test_extension_package_l3v2extendedmath
/home/libsbml/development/libsbml-build-scripts/autobuild-option-tests/BUILD/ubuntu-1604-exp-ninja-base-expat-check-cpp_ns-strict-perl/src/sbml/packages/l3v2extendedmath/extension/test/RelWithDebInfo/test_extension_package_l3v2extendedmath
/home/libsbml/development/libsbml-build-scripts/autobuild-option-tests/BUILD/ubuntu-1604-exp-ninja-base-expat-check-cpp_ns-strict-perl/src/sbml/packages/l3v2extendedmath/extension/test/RelWithDebInfo/test_extension_package_l3v2extendedmath
/home/libsbml/development/libsbml-build-scripts/autobuild-option-tests/BUILD/ubuntu-1604-exp-ninja-base-expat-check-cpp_ns-strict-perl/src/sbml/packages/l3v2extendedmath/extension/test/Deployment/test_extension_package_l3v2extendedmath
/home/libsbml/development/libsbml-build-scripts/autobuild-option-tests/BUILD/ubuntu-1604-exp-ninja-base-expat-check-cpp_ns-strict-perl/src/sbml/packages/l3v2extendedmath/extension/test/Deployment/test_extension_package_l3v2extendedmath
/home/libsbml/development/libsbml-build-scripts/autobuild-option-tests/BUILD/ubuntu-1604-exp-ninja-base-expat-check-cpp_ns-strict-perl/src/sbml/packages/l3v2extendedmath/extension/test/Development/test_extension_package_l3v2extendedmath
/home/libsbml/development/libsbml-build-scripts/autobuild-option-tests/BUILD/ubuntu-1604-exp-ninja-base-expat-check-cpp_ns-strict-perl/src/sbml/packages/l3v2extendedmath/extension/test/Development/test_extension_package_l3v2extendedmath
home/libsbml/development/libsbml-build-scripts/autobuild-option-tests/BUILD/ubuntu-1604-exp-ninja-base-expat-check-cpp_ns-strict-perl/src/sbml/packages/l3v2extendedmath/extension/test/test_extension_package_l3v2extendedmath
home/libsbml/development/libsbml-build-scripts/autobuild-option-tests/BUILD/ubuntu-1604-exp-ninja-base-expat-check-cpp_ns-strict-perl/src/sbml/packages/l3v2extendedmath/extension/test/test_extension_package_l3v2extendedmath
home/libsbml/development/libsbml-build-scripts/autobuild-option-tests/BUILD/ubuntu-1604-exp-ninja-base-expat-check-cpp_ns-strict-perl/src/sbml/packages/l3v2extendedmath/extension/test/Release/test_extension_package_l3v2extendedmath
home/libsbml/development/libsbml-build-scripts/autobuild-option-tests/BUILD/ubuntu-1604-exp-ninja-base-expat-check-cpp_ns-strict-perl/src/sbml/packages/l3v2extendedmath/extension/test/Release/test_extension_package_l3v2extendedmath
home/libsbml/development/libsbml-build-scripts/autobuild-option-tests/BUILD/ubuntu-1604-exp-ninja-base-expat-check-cpp_ns-strict-perl/src/sbml/packages/l3v2extendedmath/extension/test/Debug/test_extension_package_l3v2extendedmath
home/libsbml/development/libsbml-build-scripts/autobuild-option-tests/BUILD/ubuntu-1604-exp-ninja-base-expat-check-cpp_ns-strict-perl/src/sbml/packages/l3v2extendedmath/extension/test/Debug/test_extension_package_l3v2extendedmath
home/libsbml/development/libsbml-build-scripts/autobuild-option-tests/BUILD/ubuntu-1604-exp-ninja-base-expat-check-cpp_ns-strict-perl/src/sbml/packages/l3v2extendedmath/extension/test/MinSizeRel/test_extension_package_l3v2extendedmath
home/libsbml/development/libsbml-build-scripts/autobuild-option-tests/BUILD/ubuntu-1604-exp-ninja-base-expat-check-cpp_ns-strict-perl/src/sbml/packages/l3v2extendedmath/extension/test/MinSizeRel/test_extension_package_l3v2extendedmath
home/libsbml/development/libsbml-build-scripts/autobuild-option-tests/BUILD/ubuntu-1604-exp-ninja-base-expat-check-cpp_ns-strict-perl/src/sbml/packages/l3v2extendedmath/extension/test/RelWithDebInfo/test_extension_package_l3v2extendedmath
home/libsbml/development/libsbml-build-scripts/autobuild-option-tests/BUILD/ubuntu-1604-exp-ninja-base-expat-check-cpp_ns-strict-perl/src/sbml/packages/l3v2extendedmath/extension/test/RelWithDebInfo/test_extension_package_l3v2extendedmath
home/libsbml/development/libsbml-build-scripts/autobuild-option-tests/BUILD/ubuntu-1604-exp-ninja-base-expat-check-cpp_ns-strict-perl/src/sbml/packages/l3v2extendedmath/extension/test/Deployment/test_extension_package_l3v2extendedmath
home/libsbml/development/libsbml-build-scripts/autobuild-option-tests/BUILD/ubuntu-1604-exp-ninja-base-expat-check-cpp_ns-strict-perl/src/sbml/packages/l3v2extendedmath/extension/test/Deployment/test_extension_package_l3v2extendedmath
home/libsbml/development/libsbml-build-scripts/autobuild-option-tests/BUILD/ubuntu-1604-exp-ninja-base-expat-check-cpp_ns-strict-perl/src/sbml/packages/l3v2extendedmath/extension/test/Development/test_extension_package_l3v2extendedmath
home/libsbml/development/libsbml-build-scripts/autobuild-option-tests/BUILD/ubuntu-1604-exp-ninja-base-expat-check-cpp_ns-strict-perl/src/sbml/packages/l3v2extendedmath/extension/test/Development/test_extension_package_l3v2extendedmath
[ERROR_MESSAGE] 
Unable to find executable: /home/libsbml/development/libsbml-build-scripts/autobuild-option-tests/BUILD/ubuntu-1604-exp-ninja-base-expat-check-cpp_ns-strict-perl/src/sbml/packages/l3v2extendedmath/extension/test/test_extension_package_l3v2extendedmath

[HANDLER_OUTPUT] 
 2/
12 Test  #2: test_extension_package_l3v2extendedmath_run ...***Not Run   0.00 sec
      Start  3: test_sbml_annotation_run
Could not find executable /home/libsbml/development/libsbml-build-scripts/autobuild-option-tests/BUILD/ubuntu-1604-exp-ninja-base-expat-check-cpp_ns-strict-perl/src/sbml/annotation/test/test_sbml_annotation
Looked in the following places:
/home/libsbml/development/libsbml-build-scripts/autobuild-option-tests/BUILD/ubuntu-1604-exp-ninja-base-expat-check-cpp_ns-strict-perl/src/sbml/annotation/test/test_sbml_annotation
/home/libsbml/development/libsbml-build-scripts/autobuild-option-tests/BUILD/ubuntu-1604-exp-ninja-base-expat-check-cpp_ns-strict-perl/src/sbml/annotation/test/test_sbml_annotation
/home/libsbml/development/libsbml-build-scripts/autobuild-option-tests/BUILD/ubuntu-1604-exp-ninja-base-expat-check-cpp_ns-strict-perl/src/sbml/annotation/test/Release/test_sbml_annotation
/home/libsbml/development/libsbml-build-scripts/autobuild-option-tests/BUILD/ubuntu-1604-exp-ninja-base-expat-check-cpp_ns-strict-perl/src/sbml/annotation/test/Release/test_sbml_annotation
/home/libsbml/development/libsbml-build-scripts/autobuild-option-tests/BUILD/ubuntu-1604-exp-ninja-base-expat-check-cpp_ns-strict-perl/src/sbml/annotation/test/Debug/test_sbml_annotation
/home/libsbml/development/libsbml-build-scripts/autobuild-option-tests/BUILD/ubuntu-1604-exp-ninja-base-expat-check-cpp_ns-strict-perl/src/sbml/annotation/test/Debug/test_sbml_annotation
/home/libsbml/development/libsbml-build-scripts/autobuild-option-tests/BUILD/ubuntu-1604-exp-ninja-base-expat-check-cpp_ns-strict-perl/src/sbml/annotation/test/MinSizeRel/test_sbml_annotation
/home/libsbml/development/libsbml-build-scripts/autobuild-option-tests/BUILD/ubuntu-1604-exp-ninja-base-expat-check-cpp_ns-strict-perl/src/sbml/annotation/test/MinSizeRel/test_sbml_annotation
/home/libsbml/development/libsbml-build-scripts/autobuild-option-tests/BUILD/ubuntu-1604-exp-ninja-base-expat-check-cpp_ns-strict-perl/src/sbml/annotation/test/RelWithDebInfo/test_sbml_annotation
/home/libsbml/development/libsbml-build-scripts/autobuild-option-tests/BUILD/ubuntu-1604-exp-ninja-base-expat-check-cpp_ns-strict-perl/src/sbml/annotation/test/RelWithDebInfo/test_sbml_annotation
/home/libsbml/development/libsbml-build-scripts/autobuild-option-tests/BUILD/ubuntu-1604-exp-ninja-base-expat-check-cpp_ns-strict-perl/src/sbml/annotation/test/Deployment/test_sbml_annotation
/home/libsbml/development/libsbml-build-scripts/autobuild-option-tests/BUILD/ubuntu-1604-exp-ninja-base-expat-check-cpp_ns-strict-perl/src/sbml/annotation/test/Deployment/test_sbml_annotation
/home/libsbml/development/libsbml-build-scripts/autobuild-option-tests/BUILD/ubuntu-1604-exp-ninja-base-expat-check-cpp_ns-strict-perl/src/sbml/annotation/test/Development/test_sbml_annotation
/home/libsbml/development/libsbml-build-scripts/autobuild-option-tests/BUILD/ubuntu-1604-exp-ninja-base-expat-check-cpp_ns-strict-perl/src/sbml/annotation/test/Development/test_sbml_annotation
home/libsbml/development/libsbml-build-scripts/autobuild-option-tests/BUILD/ubuntu-1604-exp-ninja-base-expat-check-cpp_ns-strict-perl/src/sbml/annotation/test/test_sbml_annotation
home/libsbml/development/libsbml-build-scripts/autobuild-option-tests/BUILD/ubuntu-1604-exp-ninja-base-expat-check-cpp_ns-strict-perl/src/sbml/annotation/test/test_sbml_annotation
home/libsbml/development/libsbml-build-scripts/autobuild-option-tests/BUILD/ubuntu-1604-exp-ninja-base-expat-check-cpp_ns-strict-perl/src/sbml/annotation/test/Release/test_sbml_annotation
home/libsbml/development/libsbml-build-scripts/autobuild-option-tests/BUILD/ubuntu-1604-exp-ninja-base-expat-check-cpp_ns-strict-perl/src/sbml/annotation/test/Release/test_sbml_annotation
home/libsbml/development/libsbml-build-scripts/autobuild-option-tests/BUILD/ubuntu-1604-exp-ninja-base-expat-check-cpp_ns-strict-perl/src/sbml/annotation/test/Debug/test_sbml_annotation
home/libsbml/development/libsbml-build-scripts/autobuild-option-tests/BUILD/ubuntu-1604-exp-ninja-base-expat-check-cpp_ns-strict-perl/src/sbml/annotation/test/Debug/test_sbml_annotation
home/libsbml/development/libsbml-build-scripts/autobuild-option-tests/BUILD/ubuntu-1604-exp-ninja-base-expat-check-cpp_ns-strict-perl/src/sbml/annotation/test/MinSizeRel/test_sbml_annotation
home/libsbml/development/libsbml-build-scripts/autobuild-option-tests/BUILD/ubuntu-1604-exp-ninja-base-expat-check-cpp_ns-strict-perl/src/sbml/annotation/test/MinSizeRel/test_sbml_annotation
home/libsbml/development/libsbml-build-scripts/autobuild-option-tests/BUILD/ubuntu-1604-exp-ninja-base-expat-check-cpp_ns-strict-perl/src/sbml/annotation/test/RelWithDebInfo/test_sbml_annotation
home/libsbml/development/libsbml-build-scripts/autobuild-option-tests/BUILD/ubuntu-1604-exp-ninja-base-expat-check-cpp_ns-strict-perl/src/sbml/annotation/test/RelWithDebInfo/test_sbml_annotation
home/libsbml/development/libsbml-build-scripts/autobuild-option-tests/BUILD/ubuntu-1604-exp-ninja-base-expat-check-cpp_ns-strict-perl/src/sbml/annotation/test/Deployment/test_sbml_annotation
home/libsbml/development/libsbml-build-scripts/autobuild-option-tests/BUILD/ubuntu-1604-exp-ninja-base-expat-check-cpp_ns-strict-perl/src/sbml/annotation/test/Deployment/test_sbml_annotation
home/libsbml/development/libsbml-build-scripts/autobuild-option-tests/BUILD/ubuntu-1604-exp-ninja-base-expat-check-cpp_ns-strict-perl/src/sbml/annotation/test/Development/test_sbml_annotation
home/libsbml/development/libsbml-build-scripts/autobuild-option-tests/BUILD/ubuntu-1604-exp-ninja-base-expat-check-cpp_ns-strict-perl/src/sbml/annotation/test/Development/test_sbml_annotation
[ERROR_MESSAGE] 
Unable to find executable: /home/libsbml/development/libsbml-build-scripts/autobuild-option-tests/BUILD/ubuntu-1604-exp-ninja-base-expat-check-cpp_ns-strict-perl/src/sbml/annotation/test/test_sbml_annotation

[HANDLER_OUTPUT] 
 3/
12 Test  #3: test_sbml_annotation_run ......................***Not Run   0.00 sec
      Start  4: test_sbml_conversion_run
Could not find executable /home/libsbml/development/libsbml-build-scripts/autobuild-option-tests/BUILD/ubuntu-1604-exp-ninja-base-expat-check-cpp_ns-strict-perl/src/sbml/conversion/test/test_sbml_conversion
Looked in the following places:
/home/libsbml/development/libsbml-build-scripts/autobuild-option-tests/BUILD/ubuntu-1604-exp-ninja-base-expat-check-cpp_ns-strict-perl/src/sbml/conversion/test/test_sbml_conversion
/home/libsbml/development/libsbml-build-scripts/autobuild-option-tests/BUILD/ubuntu-1604-exp-ninja-base-expat-check-cpp_ns-strict-perl/src/sbml/conversion/test/test_sbml_conversion
/home/libsbml/development/libsbml-build-scripts/autobuild-option-tests/BUILD/ubuntu-1604-exp-ninja-base-expat-check-cpp_ns-strict-perl/src/sbml/conversion/test/Release/test_sbml_conversion
/home/libsbml/development/libsbml-build-scripts/autobuild-option-tests/BUILD/ubuntu-1604-exp-ninja-base-expat-check-cpp_ns-strict-perl/src/sbml/conversion/test/Release/test_sbml_conversion
/home/libsbml/development/libsbml-build-scripts/autobuild-option-tests/BUILD/ubuntu-1604-exp-ninja-base-expat-check-cpp_ns-strict-perl/src/sbml/conversion/test/Debug/test_sbml_conversion
/home/libsbml/development/libsbml-build-scripts/autobuild-option-tests/BUILD/ubuntu-1604-exp-ninja-base-expat-check-cpp_ns-strict-perl/src/sbml/conversion/test/Debug/test_sbml_conversion
/home/libsbml/development/libsbml-build-scripts/autobuild-option-tests/BUILD/ubuntu-1604-exp-ninja-base-expat-check-cpp_ns-strict-perl/src/sbml/conversion/test/MinSizeRel/test_sbml_conversion
/home/libsbml/development/libsbml-build-scripts/autobuild-option-tests/BUILD/ubuntu-1604-exp-ninja-base-expat-check-cpp_ns-strict-perl/src/sbml/conversion/test/MinSizeRel/test_sbml_conversion
/home/libsbml/development/libsbml-build-scripts/autobuild-option-tests/BUILD/ubuntu-1604-exp-ninja-base-expat-check-cpp_ns-strict-perl/src/sbml/conversion/test/RelWithDebInfo/test_sbml_conversion
/home/libsbml/development/libsbml-build-scripts/autobuild-option-tests/BUILD/ubuntu-1604-exp-ninja-base-expat-check-cpp_ns-strict-perl/src/sbml/conversion/test/RelWithDebInfo/test_sbml_conversion
/home/libsbml/development/libsbml-build-scripts/autobuild-option-tests/BUILD/ubuntu-1604-exp-ninja-base-expat-check-cpp_ns-strict-perl/src/sbml/conversion/test/Deployment/test_sbml_conversion
/home/libsbml/development/libsbml-build-scripts/autobuild-option-tests/BUILD/ubuntu-1604-exp-ninja-base-expat-check-cpp_ns-strict-perl/src/sbml/conversion/test/Deployment/test_sbml_conversion
/home/libsbml/development/libsbml-build-scripts/autobuild-option-tests/BUILD/ubuntu-1604-exp-ninja-base-expat-check-cpp_ns-strict-perl/src/sbml/conversion/test/Development/test_sbml_conversion
/home/libsbml/development/libsbml-build-scripts/autobuild-option-tests/BUILD/ubuntu-1604-exp-ninja-base-expat-check-cpp_ns-strict-perl/src/sbml/conversion/test/Development/test_sbml_conversion
home/libsbml/development/libsbml-build-scripts/autobuild-option-tests/BUILD/ubuntu-1604-exp-ninja-base-expat-check-cpp_ns-strict-perl/src/sbml/conversion/test/test_sbml_conversion
home/libsbml/development/libsbml-build-scripts/autobuild-option-tests/BUILD/ubuntu-1604-exp-ninja-base-expat-check-cpp_ns-strict-perl/src/sbml/conversion/test/test_sbml_conversion
home/libsbml/development/libsbml-build-scripts/autobuild-option-tests/BUILD/ubuntu-1604-exp-ninja-base-expat-check-cpp_ns-strict-perl/src/sbml/conversion/test/Release/test_sbml_conversion
home/libsbml/development/libsbml-build-scripts/autobuild-option-tests/BUILD/ubuntu-1604-exp-ninja-base-expat-check-cpp_ns-strict-perl/src/sbml/conversion/test/Release/test_sbml_conversion
home/libsbml/development/libsbml-build-scripts/autobuild-option-tests/BUILD/ubuntu-1604-exp-ninja-base-expat-check-cpp_ns-strict-perl/src/sbml/conversion/test/Debug/test_sbml_conversion
home/libsbml/development/libsbml-build-scripts/autobuild-option-tests/BUILD/ubuntu-1604-exp-ninja-base-expat-check-cpp_ns-strict-perl/src/sbml/conversion/test/Debug/test_sbml_conversion
home/libsbml/development/libsbml-build-scripts/autobuild-option-tests/BUILD/ubuntu-1604-exp-ninja-base-expat-check-cpp_ns-strict-perl/src/sbml/conversion/test/MinSizeRel/test_sbml_conversion
home/libsbml/development/libsbml-build-scripts/autobuild-option-tests/BUILD/ubuntu-1604-exp-ninja-base-expat-check-cpp_ns-strict-perl/src/sbml/conversion/test/MinSizeRel/test_sbml_conversion
home/libsbml/development/libsbml-build-scripts/autobuild-option-tests/BUILD/ubuntu-1604-exp-ninja-base-expat-check-cpp_ns-strict-perl/src/sbml/conversion/test/RelWithDebInfo/test_sbml_conversion
home/libsbml/development/libsbml-build-scripts/autobuild-option-tests/BUILD/ubuntu-1604-exp-ninja-base-expat-check-cpp_ns-strict-perl/src/sbml/conversion/test/RelWithDebInfo/test_sbml_conversion
home/libsbml/development/libsbml-build-scripts/autobuild-option-tests/BUILD/ubuntu-1604-exp-ninja-base-expat-check-cpp_ns-strict-perl/src/sbml/conversion/test/Deployment/test_sbml_conversion
home/libsbml/development/libsbml-build-scripts/autobuild-option-tests/BUILD/ubuntu-1604-exp-ninja-base-expat-check-cpp_ns-strict-perl/src/sbml/conversion/test/Deployment/test_sbml_conversion
home/libsbml/development/libsbml-build-scripts/autobuild-option-tests/BUILD/ubuntu-1604-exp-ninja-base-expat-check-cpp_ns-strict-perl/src/sbml/conversion/test/Development/test_sbml_conversion
home/libsbml/development/libsbml-build-scripts/autobuild-option-tests/BUILD/ubuntu-1604-exp-ninja-base-expat-check-cpp_ns-strict-perl/src/sbml/conversion/test/Development/test_sbml_conversion
[ERROR_MESSAGE] 
Unable to find executable: /home/libsbml/development/libsbml-build-scripts/autobuild-option-tests/BUILD/ubuntu-1604-exp-ninja-base-expat-check-cpp_ns-strict-perl/src/sbml/conversion/test/test_sbml_conversion

[HANDLER_OUTPUT] 
 4/
12 Test  #4: test_sbml_conversion_run ......................***Not Run   0.00 sec
      Start  5: test_sbml_extension_run
Could not find executable /home/libsbml/development/libsbml-build-scripts/autobuild-option-tests/BUILD/ubuntu-1604-exp-ninja-base-expat-check-cpp_ns-strict-perl/src/sbml/extension/test/test_sbml_extension
Looked in the following places:
/home/libsbml/development/libsbml-build-scripts/autobuild-option-tests/BUILD/ubuntu-1604-exp-ninja-base-expat-check-cpp_ns-strict-perl/src/sbml/extension/test/test_sbml_extension
/home/libsbml/development/libsbml-build-scripts/autobuild-option-tests/BUILD/ubuntu-1604-exp-ninja-base-expat-check-cpp_ns-strict-perl/src/sbml/extension/test/test_sbml_extension
/home/libsbml/development/libsbml-build-scripts/autobuild-option-tests/BUILD/ubuntu-1604-exp-ninja-base-expat-check-cpp_ns-strict-perl/src/sbml/extension/test/Release/test_sbml_extension
/home/libsbml/development/libsbml-build-scripts/autobuild-option-tests/BUILD/ubuntu-1604-exp-ninja-base-expat-check-cpp_ns-strict-perl/src/sbml/extension/test/Release/test_sbml_extension
/home/libsbml/development/libsbml-build-scripts/autobuild-option-tests/BUILD/ubuntu-1604-exp-ninja-base-expat-check-cpp_ns-strict-perl/src/sbml/extension/test/Debug/test_sbml_extension
/home/libsbml/development/libsbml-build-scripts/autobuild-option-tests/BUILD/ubuntu-1604-exp-ninja-base-expat-check-cpp_ns-strict-perl/src/sbml/extension/test/Debug/test_sbml_extension
/home/libsbml/development/libsbml-build-scripts/autobuild-option-tests/BUILD/ubuntu-1604-exp-ninja-base-expat-check-cpp_ns-strict-perl/src/sbml/extension/test/MinSizeRel/test_sbml_extension
/home/libsbml/development/libsbml-build-scripts/autobuild-option-tests/BUILD/ubuntu-1604-exp-ninja-base-expat-check-cpp_ns-strict-perl/src/sbml/extension/test/MinSizeRel/test_sbml_extension
/home/libsbml/development/libsbml-build-scripts/autobuild-option-tests/BUILD/ubuntu-1604-exp-ninja-base-expat-check-cpp_ns-strict-perl/src/sbml/extension/test/RelWithDebInfo/test_sbml_extension
/home/libsbml/development/libsbml-build-scripts/autobuild-option-tests/BUILD/ubuntu-1604-exp-ninja-base-expat-check-cpp_ns-strict-perl/src/sbml/extension/test/RelWithDebInfo/test_sbml_extension
/home/libsbml/development/libsbml-build-scripts/autobuild-option-tests/BUILD/ubuntu-1604-exp-ninja-base-expat-check-cpp_ns-strict-perl/src/sbml/extension/test/Deployment/test_sbml_extension
/home/libsbml/development/libsbml-build-scripts/autobuild-option-tests/BUILD/ubuntu-1604-exp-ninja-base-expat-check-cpp_ns-strict-perl/src/sbml/extension/test/Deployment/test_sbml_extension
/home/libsbml/development/libsbml-build-scripts/autobuild-option-tests/BUILD/ubuntu-1604-exp-ninja-base-expat-check-cpp_ns-strict-perl/src/sbml/extension/test/Development/test_sbml_extension
/home/libsbml/development/libsbml-build-scripts/autobuild-option-tests/BUILD/ubuntu-1604-exp-ninja-base-expat-check-cpp_ns-strict-perl/src/sbml/extension/test/Development/test_sbml_extension
home/libsbml/development/libsbml-build-scripts/autobuild-option-tests/BUILD/ubuntu-1604-exp-ninja-base-expat-check-cpp_ns-strict-perl/src/sbml/extension/test/test_sbml_extension
home/libsbml/development/libsbml-build-scripts/autobuild-option-tests/BUILD/ubuntu-1604-exp-ninja-base-expat-check-cpp_ns-strict-perl/src/sbml/extension/test/test_sbml_extension
home/libsbml/development/libsbml-build-scripts/autobuild-option-tests/BUILD/ubuntu-1604-exp-ninja-base-expat-check-cpp_ns-strict-perl/src/sbml/extension/test/Release/test_sbml_extension
home/libsbml/development/libsbml-build-scripts/autobuild-option-tests/BUILD/ubuntu-1604-exp-ninja-base-expat-check-cpp_ns-strict-perl/src/sbml/extension/test/Release/test_sbml_extension
home/libsbml/development/libsbml-build-scripts/autobuild-option-tests/BUILD/ubuntu-1604-exp-ninja-base-expat-check-cpp_ns-strict-perl/src/sbml/extension/test/Debug/test_sbml_extension
home/libsbml/development/libsbml-build-scripts/autobuild-option-tests/BUILD/ubuntu-1604-exp-ninja-base-expat-check-cpp_ns-strict-perl/src/sbml/extension/test/Debug/test_sbml_extension
home/libsbml/development/libsbml-build-scripts/autobuild-option-tests/BUILD/ubuntu-1604-exp-ninja-base-expat-check-cpp_ns-strict-perl/src/sbml/extension/test/MinSizeRel/test_sbml_extension
home/libsbml/development/libsbml-build-scripts/autobuild-option-tests/BUILD/ubuntu-1604-exp-ninja-base-expat-check-cpp_ns-strict-perl/src/sbml/extension/test/MinSizeRel/test_sbml_extension
home/libsbml/development/libsbml-build-scripts/autobuild-option-tests/BUILD/ubuntu-1604-exp-ninja-base-expat-check-cpp_ns-strict-perl/src/sbml/extension/test/RelWithDebInfo/test_sbml_extension
home/libsbml/development/libsbml-build-scripts/autobuild-option-tests/BUILD/ubuntu-1604-exp-ninja-base-expat-check-cpp_ns-strict-perl/src/sbml/extension/test/RelWithDebInfo/test_sbml_extension
home/libsbml/development/libsbml-build-scripts/autobuild-option-tests/BUILD/ubuntu-1604-exp-ninja-base-expat-check-cpp_ns-strict-perl/src/sbml/extension/test/Deployment/test_sbml_extension
home/libsbml/development/libsbml-build-scripts/autobuild-option-tests/BUILD/ubuntu-1604-exp-ninja-base-expat-check-cpp_ns-strict-perl/src/sbml/extension/test/Deployment/test_sbml_extension
home/libsbml/development/libsbml-build-scripts/autobuild-option-tests/BUILD/ubuntu-1604-exp-ninja-base-expat-check-cpp_ns-strict-perl/src/sbml/extension/test/Development/test_sbml_extension
home/libsbml/development/libsbml-build-scripts/autobuild-option-tests/BUILD/ubuntu-1604-exp-ninja-base-expat-check-cpp_ns-strict-perl/src/sbml/extension/test/Development/test_sbml_extension
[ERROR_MESSAGE] 
Unable to find executable: /home/libsbml/development/libsbml-build-scripts/autobuild-option-tests/BUILD/ubuntu-1604-exp-ninja-base-expat-check-cpp_ns-strict-perl/src/sbml/extension/test/test_sbml_extension

[HANDLER_OUTPUT] 
 5/
12 Test  #5: test_sbml_extension_run .......................***Not Run   0.00 sec
      Start  6: test_sbml_math_run
Could not find executable /home/libsbml/development/libsbml-build-scripts/autobuild-option-tests/BUILD/ubuntu-1604-exp-ninja-base-expat-check-cpp_ns-strict-perl/src/sbml/math/test/test_sbml_math
Looked in the following places:
/home/libsbml/development/libsbml-build-scripts/autobuild-option-tests/BUILD/ubuntu-1604-exp-ninja-base-expat-check-cpp_ns-strict-perl/src/sbml/math/test/test_sbml_math
/home/libsbml/development/libsbml-build-scripts/autobuild-option-tests/BUILD/ubuntu-1604-exp-ninja-base-expat-check-cpp_ns-strict-perl/src/sbml/math/test/test_sbml_math
/home/libsbml/development/libsbml-build-scripts/autobuild-option-tests/BUILD/ubuntu-1604-exp-ninja-base-expat-check-cpp_ns-strict-perl/src/sbml/math/test/Release/test_sbml_math
/home/libsbml/development/libsbml-build-scripts/autobuild-option-tests/BUILD/ubuntu-1604-exp-ninja-base-expat-check-cpp_ns-strict-perl/src/sbml/math/test/Release/test_sbml_math
/home/libsbml/development/libsbml-build-scripts/autobuild-option-tests/BUILD/ubuntu-1604-exp-ninja-base-expat-check-cpp_ns-strict-perl/src/sbml/math/test/Debug/test_sbml_math
/home/libsbml/development/libsbml-build-scripts/autobuild-option-tests/BUILD/ubuntu-1604-exp-ninja-base-expat-check-cpp_ns-strict-perl/src/sbml/math/test/Debug/test_sbml_math
/home/libsbml/development/libsbml-build-scripts/autobuild-option-tests/BUILD/ubuntu-1604-exp-ninja-base-expat-check-cpp_ns-strict-perl/src/sbml/math/test/MinSizeRel/test_sbml_math
/home/libsbml/development/libsbml-build-scripts/autobuild-option-tests/BUILD/ubuntu-1604-exp-ninja-base-expat-check-cpp_ns-strict-perl/src/sbml/math/test/MinSizeRel/test_sbml_math
/home/libsbml/development/libsbml-build-scripts/autobuild-option-tests/BUILD/ubuntu-1604-exp-ninja-base-expat-check-cpp_ns-strict-perl/src/sbml/math/test/RelWithDebInfo/test_sbml_math
/home/libsbml/development/libsbml-build-scripts/autobuild-option-tests/BUILD/ubuntu-1604-exp-ninja-base-expat-check-cpp_ns-strict-perl/src/sbml/math/test/RelWithDebInfo/test_sbml_math
/home/libsbml/development/libsbml-build-scripts/autobuild-option-tests/BUILD/ubuntu-1604-exp-ninja-base-expat-check-cpp_ns-strict-perl/src/sbml/math/test/Deployment/test_sbml_math
/home/libsbml/development/libsbml-build-scripts/autobuild-option-tests/BUILD/ubuntu-1604-exp-ninja-base-expat-check-cpp_ns-strict-perl/src/sbml/math/test/Deployment/test_sbml_math
/home/libsbml/development/libsbml-build-scripts/autobuild-option-tests/BUILD/ubuntu-1604-exp-ninja-base-expat-check-cpp_ns-strict-perl/src/sbml/math/test/Development/test_sbml_math
/home/libsbml/development/libsbml-build-scripts/autobuild-option-tests/BUILD/ubuntu-1604-exp-ninja-base-expat-check-cpp_ns-strict-perl/src/sbml/math/test/Development/test_sbml_math
home/libsbml/development/libsbml-build-scripts/autobuild-option-tests/BUILD/ubuntu-1604-exp-ninja-base-expat-check-cpp_ns-strict-perl/src/sbml/math/test/test_sbml_math
home/libsbml/development/libsbml-build-scripts/autobuild-option-tests/BUILD/ubuntu-1604-exp-ninja-base-expat-check-cpp_ns-strict-perl/src/sbml/math/test/test_sbml_math
home/libsbml/development/libsbml-build-scripts/autobuild-option-tests/BUILD/ubuntu-1604-exp-ninja-base-expat-check-cpp_ns-strict-perl/src/sbml/math/test/Release/test_sbml_math
home/libsbml/development/libsbml-build-scripts/autobuild-option-tests/BUILD/ubuntu-1604-exp-ninja-base-expat-check-cpp_ns-strict-perl/src/sbml/math/test/Release/test_sbml_math
home/libsbml/development/libsbml-build-scripts/autobuild-option-tests/BUILD/ubuntu-1604-exp-ninja-base-expat-check-cpp_ns-strict-perl/src/sbml/math/test/Debug/test_sbml_math
home/libsbml/development/libsbml-build-scripts/autobuild-option-tests/BUILD/ubuntu-1604-exp-ninja-base-expat-check-cpp_ns-strict-perl/src/sbml/math/test/Debug/test_sbml_math
home/libsbml/development/libsbml-build-scripts/autobuild-option-tests/BUILD/ubuntu-1604-exp-ninja-base-expat-check-cpp_ns-strict-perl/src/sbml/math/test/MinSizeRel/test_sbml_math
home/libsbml/development/libsbml-build-scripts/autobuild-option-tests/BUILD/ubuntu-1604-exp-ninja-base-expat-check-cpp_ns-strict-perl/src/sbml/math/test/MinSizeRel/test_sbml_math
home/libsbml/development/libsbml-build-scripts/autobuild-option-tests/BUILD/ubuntu-1604-exp-ninja-base-expat-check-cpp_ns-strict-perl/src/sbml/math/test/RelWithDebInfo/test_sbml_math
home/libsbml/development/libsbml-build-scripts/autobuild-option-tests/BUILD/ubuntu-1604-exp-ninja-base-expat-check-cpp_ns-strict-perl/src/sbml/math/test/RelWithDebInfo/test_sbml_math
home/libsbml/development/libsbml-build-scripts/autobuild-option-tests/BUILD/ubuntu-1604-exp-ninja-base-expat-check-cpp_ns-strict-perl/src/sbml/math/test/Deployment/test_sbml_math
home/libsbml/development/libsbml-build-scripts/autobuild-option-tests/BUILD/ubuntu-1604-exp-ninja-base-expat-check-cpp_ns-strict-perl/src/sbml/math/test/Deployment/test_sbml_math
home/libsbml/development/libsbml-build-scripts/autobuild-option-tests/BUILD/ubuntu-1604-exp-ninja-base-expat-check-cpp_ns-strict-perl/src/sbml/math/test/Development/test_sbml_math
home/libsbml/development/libsbml-build-scripts/autobuild-option-tests/BUILD/ubuntu-1604-exp-ninja-base-expat-check-cpp_ns-strict-perl/src/sbml/math/test/Development/test_sbml_math
[ERROR_MESSAGE] 
Unable to find executable: /home/libsbml/development/libsbml-build-scripts/autobuild-option-tests/BUILD/ubuntu-1604-exp-ninja-base-expat-check-cpp_ns-strict-perl/src/sbml/math/test/test_sbml_math

[HANDLER_OUTPUT] 
 6/
12 Test  #6: test_sbml_math_run ............................***Not Run   0.00 sec
      Start  7: test_sbml_sbml_run
Could not find executable /home/libsbml/development/libsbml-build-scripts/autobuild-option-tests/BUILD/ubuntu-1604-exp-ninja-base-expat-check-cpp_ns-strict-perl/src/sbml/test/test_sbml_sbml
Looked in the following places:
/home/libsbml/development/libsbml-build-scripts/autobuild-option-tests/BUILD/ubuntu-1604-exp-ninja-base-expat-check-cpp_ns-strict-perl/src/sbml/test/test_sbml_sbml
/home/libsbml/development/libsbml-build-scripts/autobuild-option-tests/BUILD/ubuntu-1604-exp-ninja-base-expat-check-cpp_ns-strict-perl/src/sbml/test/test_sbml_sbml
/home/libsbml/development/libsbml-build-scripts/autobuild-option-tests/BUILD/ubuntu-1604-exp-ninja-base-expat-check-cpp_ns-strict-perl/src/sbml/test/Release/test_sbml_sbml
/home/libsbml/development/libsbml-build-scripts/autobuild-option-tests/BUILD/ubuntu-1604-exp-ninja-base-expat-check-cpp_ns-strict-perl/src/sbml/test/Release/test_sbml_sbml
/home/libsbml/development/libsbml-build-scripts/autobuild-option-tests/BUILD/ubuntu-1604-exp-ninja-base-expat-check-cpp_ns-strict-perl/src/sbml/test/Debug/test_sbml_sbml
/home/libsbml/development/libsbml-build-scripts/autobuild-option-tests/BUILD/ubuntu-1604-exp-ninja-base-expat-check-cpp_ns-strict-perl/src/sbml/test/Debug/test_sbml_sbml
/home/libsbml/development/libsbml-build-scripts/autobuild-option-tests/BUILD/ubuntu-1604-exp-ninja-base-expat-check-cpp_ns-strict-perl/src/sbml/test/MinSizeRel/test_sbml_sbml
/home/libsbml/development/libsbml-build-scripts/autobuild-option-tests/BUILD/ubuntu-1604-exp-ninja-base-expat-check-cpp_ns-strict-perl/src/sbml/test/MinSizeRel/test_sbml_sbml
/home/libsbml/development/libsbml-build-scripts/autobuild-option-tests/BUILD/ubuntu-1604-exp-ninja-base-expat-check-cpp_ns-strict-perl/src/sbml/test/RelWithDebInfo/test_sbml_sbml
/home/libsbml/development/libsbml-build-scripts/autobuild-option-tests/BUILD/ubuntu-1604-exp-ninja-base-expat-check-cpp_ns-strict-perl/src/sbml/test/RelWithDebInfo/test_sbml_sbml
/home/libsbml/development/libsbml-build-scripts/autobuild-option-tests/BUILD/ubuntu-1604-exp-ninja-base-expat-check-cpp_ns-strict-perl/src/sbml/test/Deployment/test_sbml_sbml
/home/libsbml/development/libsbml-build-scripts/autobuild-option-tests/BUILD/ubuntu-1604-exp-ninja-base-expat-check-cpp_ns-strict-perl/src/sbml/test/Deployment/test_sbml_sbml
/home/libsbml/development/libsbml-build-scripts/autobuild-option-tests/BUILD/ubuntu-1604-exp-ninja-base-expat-check-cpp_ns-strict-perl/src/sbml/test/Development/test_sbml_sbml
/home/libsbml/development/libsbml-build-scripts/autobuild-option-tests/BUILD/ubuntu-1604-exp-ninja-base-expat-check-cpp_ns-strict-perl/src/sbml/test/Development/test_sbml_sbml
home/libsbml/development/libsbml-build-scripts/autobuild-option-tests/BUILD/ubuntu-1604-exp-ninja-base-expat-check-cpp_ns-strict-perl/src/sbml/test/test_sbml_sbml
home/libsbml/development/libsbml-build-scripts/autobuild-option-tests/BUILD/ubuntu-1604-exp-ninja-base-expat-check-cpp_ns-strict-perl/src/sbml/test/test_sbml_sbml
home/libsbml/development/libsbml-build-scripts/autobuild-option-tests/BUILD/ubuntu-1604-exp-ninja-base-expat-check-cpp_ns-strict-perl/src/sbml/test/Release/test_sbml_sbml
home/libsbml/development/libsbml-build-scripts/autobuild-option-tests/BUILD/ubuntu-1604-exp-ninja-base-expat-check-cpp_ns-strict-perl/src/sbml/test/Release/test_sbml_sbml
home/libsbml/development/libsbml-build-scripts/autobuild-option-tests/BUILD/ubuntu-1604-exp-ninja-base-expat-check-cpp_ns-strict-perl/src/sbml/test/Debug/test_sbml_sbml
home/libsbml/development/libsbml-build-scripts/autobuild-option-tests/BUILD/ubuntu-1604-exp-ninja-base-expat-check-cpp_ns-strict-perl/src/sbml/test/Debug/test_sbml_sbml
home/libsbml/development/libsbml-build-scripts/autobuild-option-tests/BUILD/ubuntu-1604-exp-ninja-base-expat-check-cpp_ns-strict-perl/src/sbml/test/MinSizeRel/test_sbml_sbml
home/libsbml/development/libsbml-build-scripts/autobuild-option-tests/BUILD/ubuntu-1604-exp-ninja-base-expat-check-cpp_ns-strict-perl/src/sbml/test/MinSizeRel/test_sbml_sbml
home/libsbml/development/libsbml-build-scripts/autobuild-option-tests/BUILD/ubuntu-1604-exp-ninja-base-expat-check-cpp_ns-strict-perl/src/sbml/test/RelWithDebInfo/test_sbml_sbml
home/libsbml/development/libsbml-build-scripts/autobuild-option-tests/BUILD/ubuntu-1604-exp-ninja-base-expat-check-cpp_ns-strict-perl/src/sbml/test/RelWithDebInfo/test_sbml_sbml
home/libsbml/development/libsbml-build-scripts/autobuild-option-tests/BUILD/ubuntu-1604-exp-ninja-base-expat-check-cpp_ns-strict-perl/src/sbml/test/Deployment/test_sbml_sbml
home/libsbml/development/libsbml-build-scripts/autobuild-option-tests/BUILD/ubuntu-1604-exp-ninja-base-expat-check-cpp_ns-strict-perl/src/sbml/test/Deployment/test_sbml_sbml
home/libsbml/development/libsbml-build-scripts/autobuild-option-tests/BUILD/ubuntu-1604-exp-ninja-base-expat-check-cpp_ns-strict-perl/src/sbml/test/Development/test_sbml_sbml
home/libsbml/development/libsbml-build-scripts/autobuild-option-tests/BUILD/ubuntu-1604-exp-ninja-base-expat-check-cpp_ns-strict-perl/src/sbml/test/Development/test_sbml_sbml
[ERROR_MESSAGE] 
Unable to find executable: /home/libsbml/development/libsbml-build-scripts/autobuild-option-tests/BUILD/ubuntu-1604-exp-ninja-base-expat-check-cpp_ns-strict-perl/src/sbml/test/test_sbml_sbml

[HANDLER_OUTPUT] 
 7/
12 Test  #7: test_sbml_sbml_run ............................***Not Run   0.00 sec
      Start  8: test_sbml_units_run
Could not find executable /home/libsbml/development/libsbml-build-scripts/autobuild-option-tests/BUILD/ubuntu-1604-exp-ninja-base-expat-check-cpp_ns-strict-perl/src/sbml/units/test/test_sbml_units
Looked in the following places:
/home/libsbml/development/libsbml-build-scripts/autobuild-option-tests/BUILD/ubuntu-1604-exp-ninja-base-expat-check-cpp_ns-strict-perl/src/sbml/units/test/test_sbml_units
/home/libsbml/development/libsbml-build-scripts/autobuild-option-tests/BUILD/ubuntu-1604-exp-ninja-base-expat-check-cpp_ns-strict-perl/src/sbml/units/test/test_sbml_units
/home/libsbml/development/libsbml-build-scripts/autobuild-option-tests/BUILD/ubuntu-1604-exp-ninja-base-expat-check-cpp_ns-strict-perl/src/sbml/units/test/Release/test_sbml_units
/home/libsbml/development/libsbml-build-scripts/autobuild-option-tests/BUILD/ubuntu-1604-exp-ninja-base-expat-check-cpp_ns-strict-perl/src/sbml/units/test/Release/test_sbml_units
/home/libsbml/development/libsbml-build-scripts/autobuild-option-tests/BUILD/ubuntu-1604-exp-ninja-base-expat-check-cpp_ns-strict-perl/src/sbml/units/test/Debug/test_sbml_units
/home/libsbml/development/libsbml-build-scripts/autobuild-option-tests/BUILD/ubuntu-1604-exp-ninja-base-expat-check-cpp_ns-strict-perl/src/sbml/units/test/Debug/test_sbml_units
/home/libsbml/development/libsbml-build-scripts/autobuild-option-tests/BUILD/ubuntu-1604-exp-ninja-base-expat-check-cpp_ns-strict-perl/src/sbml/units/test/MinSizeRel/test_sbml_units
/home/libsbml/development/libsbml-build-scripts/autobuild-option-tests/BUILD/ubuntu-1604-exp-ninja-base-expat-check-cpp_ns-strict-perl/src/sbml/units/test/MinSizeRel/test_sbml_units
/home/libsbml/development/libsbml-build-scripts/autobuild-option-tests/BUILD/ubuntu-1604-exp-ninja-base-expat-check-cpp_ns-strict-perl/src/sbml/units/test/RelWithDebInfo/test_sbml_units
/home/libsbml/development/libsbml-build-scripts/autobuild-option-tests/BUILD/ubuntu-1604-exp-ninja-base-expat-check-cpp_ns-strict-perl/src/sbml/units/test/RelWithDebInfo/test_sbml_units
/home/libsbml/development/libsbml-build-scripts/autobuild-option-tests/BUILD/ubuntu-1604-exp-ninja-base-expat-check-cpp_ns-strict-perl/src/sbml/units/test/Deployment/test_sbml_units
/home/libsbml/development/libsbml-build-scripts/autobuild-option-tests/BUILD/ubuntu-1604-exp-ninja-base-expat-check-cpp_ns-strict-perl/src/sbml/units/test/Deployment/test_sbml_units
/home/libsbml/development/libsbml-build-scripts/autobuild-option-tests/BUILD/ubuntu-1604-exp-ninja-base-expat-check-cpp_ns-strict-perl/src/sbml/units/test/Development/test_sbml_units
/home/libsbml/development/libsbml-build-scripts/autobuild-option-tests/BUILD/ubuntu-1604-exp-ninja-base-expat-check-cpp_ns-strict-perl/src/sbml/units/test/Development/test_sbml_units
home/libsbml/development/libsbml-build-scripts/autobuild-option-tests/BUILD/ubuntu-1604-exp-ninja-base-expat-check-cpp_ns-strict-perl/src/sbml/units/test/test_sbml_units
home/libsbml/development/libsbml-build-scripts/autobuild-option-tests/BUILD/ubuntu-1604-exp-ninja-base-expat-check-cpp_ns-strict-perl/src/sbml/units/test/test_sbml_units
home/libsbml/development/libsbml-build-scripts/autobuild-option-tests/BUILD/ubuntu-1604-exp-ninja-base-expat-check-cpp_ns-strict-perl/src/sbml/units/test/Release/test_sbml_units
home/libsbml/development/libsbml-build-scripts/autobuild-option-tests/BUILD/ubuntu-1604-exp-ninja-base-expat-check-cpp_ns-strict-perl/src/sbml/units/test/Release/test_sbml_units
home/libsbml/development/libsbml-build-scripts/autobuild-option-tests/BUILD/ubuntu-1604-exp-ninja-base-expat-check-cpp_ns-strict-perl/src/sbml/units/test/Debug/test_sbml_units
home/libsbml/development/libsbml-build-scripts/autobuild-option-tests/BUILD/ubuntu-1604-exp-ninja-base-expat-check-cpp_ns-strict-perl/src/sbml/units/test/Debug/test_sbml_units
home/libsbml/development/libsbml-build-scripts/autobuild-option-tests/BUILD/ubuntu-1604-exp-ninja-base-expat-check-cpp_ns-strict-perl/src/sbml/units/test/MinSizeRel/test_sbml_units
home/libsbml/development/libsbml-build-scripts/autobuild-option-tests/BUILD/ubuntu-1604-exp-ninja-base-expat-check-cpp_ns-strict-perl/src/sbml/units/test/MinSizeRel/test_sbml_units
home/libsbml/development/libsbml-build-scripts/autobuild-option-tests/BUILD/ubuntu-1604-exp-ninja-base-expat-check-cpp_ns-strict-perl/src/sbml/units/test/RelWithDebInfo/test_sbml_units
home/libsbml/development/libsbml-build-scripts/autobuild-option-tests/BUILD/ubuntu-1604-exp-ninja-base-expat-check-cpp_ns-strict-perl/src/sbml/units/test/RelWithDebInfo/test_sbml_units
home/libsbml/development/libsbml-build-scripts/autobuild-option-tests/BUILD/ubuntu-1604-exp-ninja-base-expat-check-cpp_ns-strict-perl/src/sbml/units/test/Deployment/test_sbml_units
home/libsbml/development/libsbml-build-scripts/autobuild-option-tests/BUILD/ubuntu-1604-exp-ninja-base-expat-check-cpp_ns-strict-perl/src/sbml/units/test/Deployment/test_sbml_units
home/libsbml/development/libsbml-build-scripts/autobuild-option-tests/BUILD/ubuntu-1604-exp-ninja-base-expat-check-cpp_ns-strict-perl/src/sbml/units/test/Development/test_sbml_units
home/libsbml/development/libsbml-build-scripts/autobuild-option-tests/BUILD/ubuntu-1604-exp-ninja-base-expat-check-cpp_ns-strict-perl/src/sbml/units/test/Development/test_sbml_units
[ERROR_MESSAGE] 
Unable to find executable: /home/libsbml/development/libsbml-build-scripts/autobuild-option-tests/BUILD/ubuntu-1604-exp-ninja-base-expat-check-cpp_ns-strict-perl/src/sbml/units/test/test_sbml_units

[HANDLER_OUTPUT] 
 8/
12 Test  #8: test_sbml_units_run ...........................***Not Run   0.00 sec
      Start  9: test_sbml_util_run
Could not find executable /home/libsbml/development/libsbml-build-scripts/autobuild-option-tests/BUILD/ubuntu-1604-exp-ninja-base-expat-check-cpp_ns-strict-perl/src/sbml/util/test/test_sbml_util
Looked in the following places:
/home/libsbml/development/libsbml-build-scripts/autobuild-option-tests/BUILD/ubuntu-1604-exp-ninja-base-expat-check-cpp_ns-strict-perl/src/sbml/util/test/test_sbml_util
/home/libsbml/development/libsbml-build-scripts/autobuild-option-tests/BUILD/ubuntu-1604-exp-ninja-base-expat-check-cpp_ns-strict-perl/src/sbml/util/test/test_sbml_util
/home/libsbml/development/libsbml-build-scripts/autobuild-option-tests/BUILD/ubuntu-1604-exp-ninja-base-expat-check-cpp_ns-strict-perl/src/sbml/util/test/Release/test_sbml_util
/home/libsbml/development/libsbml-build-scripts/autobuild-option-tests/BUILD/ubuntu-1604-exp-ninja-base-expat-check-cpp_ns-strict-perl/src/sbml/util/test/Release/test_sbml_util
/home/libsbml/development/libsbml-build-scripts/autobuild-option-tests/BUILD/ubuntu-1604-exp-ninja-base-expat-check-cpp_ns-strict-perl/src/sbml/util/test/Debug/test_sbml_util
/home/libsbml/development/libsbml-build-scripts/autobuild-option-tests/BUILD/ubuntu-1604-exp-ninja-base-expat-check-cpp_ns-strict-perl/src/sbml/util/test/Debug/test_sbml_util
/home/libsbml/development/libsbml-build-scripts/autobuild-option-tests/BUILD/ubuntu-1604-exp-ninja-base-expat-check-cpp_ns-strict-perl/src/sbml/util/test/MinSizeRel/test_sbml_util
/home/libsbml/development/libsbml-build-scripts/autobuild-option-tests/BUILD/ubuntu-1604-exp-ninja-base-expat-check-cpp_ns-strict-perl/src/sbml/util/test/MinSizeRel/test_sbml_util
/home/libsbml/development/libsbml-build-scripts/autobuild-option-tests/BUILD/ubuntu-1604-exp-ninja-base-expat-check-cpp_ns-strict-perl/src/sbml/util/test/RelWithDebInfo/test_sbml_util
/home/libsbml/development/libsbml-build-scripts/autobuild-option-tests/BUILD/ubuntu-1604-exp-ninja-base-expat-check-cpp_ns-strict-perl/src/sbml/util/test/RelWithDebInfo/test_sbml_util
/home/libsbml/development/libsbml-build-scripts/autobuild-option-tests/BUILD/ubuntu-1604-exp-ninja-base-expat-check-cpp_ns-strict-perl/src/sbml/util/test/Deployment/test_sbml_util
/home/libsbml/development/libsbml-build-scripts/autobuild-option-tests/BUILD/ubuntu-1604-exp-ninja-base-expat-check-cpp_ns-strict-perl/src/sbml/util/test/Deployment/test_sbml_util
/home/libsbml/development/libsbml-build-scripts/autobuild-option-tests/BUILD/ubuntu-1604-exp-ninja-base-expat-check-cpp_ns-strict-perl/src/sbml/util/test/Development/test_sbml_util
/home/libsbml/development/libsbml-build-scripts/autobuild-option-tests/BUILD/ubuntu-1604-exp-ninja-base-expat-check-cpp_ns-strict-perl/src/sbml/util/test/Development/test_sbml_util
home/libsbml/development/libsbml-build-scripts/autobuild-option-tests/BUILD/ubuntu-1604-exp-ninja-base-expat-check-cpp_ns-strict-perl/src/sbml/util/test/test_sbml_util
home/libsbml/development/libsbml-build-scripts/autobuild-option-tests/BUILD/ubuntu-1604-exp-ninja-base-expat-check-cpp_ns-strict-perl/src/sbml/util/test/test_sbml_util
home/libsbml/development/libsbml-build-scripts/autobuild-option-tests/BUILD/ubuntu-1604-exp-ninja-base-expat-check-cpp_ns-strict-perl/src/sbml/util/test/Release/test_sbml_util
home/libsbml/development/libsbml-build-scripts/autobuild-option-tests/BUILD/ubuntu-1604-exp-ninja-base-expat-check-cpp_ns-strict-perl/src/sbml/util/test/Release/test_sbml_util
home/libsbml/development/libsbml-build-scripts/autobuild-option-tests/BUILD/ubuntu-1604-exp-ninja-base-expat-check-cpp_ns-strict-perl/src/sbml/util/test/Debug/test_sbml_util
home/libsbml/development/libsbml-build-scripts/autobuild-option-tests/BUILD/ubuntu-1604-exp-ninja-base-expat-check-cpp_ns-strict-perl/src/sbml/util/test/Debug/test_sbml_util
home/libsbml/development/libsbml-build-scripts/autobuild-option-tests/BUILD/ubuntu-1604-exp-ninja-base-expat-check-cpp_ns-strict-perl/src/sbml/util/test/MinSizeRel/test_sbml_util
home/libsbml/development/libsbml-build-scripts/autobuild-option-tests/BUILD/ubuntu-1604-exp-ninja-base-expat-check-cpp_ns-strict-perl/src/sbml/util/test/MinSizeRel/test_sbml_util
home/libsbml/development/libsbml-build-scripts/autobuild-option-tests/BUILD/ubuntu-1604-exp-ninja-base-expat-check-cpp_ns-strict-perl/src/sbml/util/test/RelWithDebInfo/test_sbml_util
home/libsbml/development/libsbml-build-scripts/autobuild-option-tests/BUILD/ubuntu-1604-exp-ninja-base-expat-check-cpp_ns-strict-perl/src/sbml/util/test/RelWithDebInfo/test_sbml_util
home/libsbml/development/libsbml-build-scripts/autobuild-option-tests/BUILD/ubuntu-1604-exp-ninja-base-expat-check-cpp_ns-strict-perl/src/sbml/util/test/Deployment/test_sbml_util
home/libsbml/development/libsbml-build-scripts/autobuild-option-tests/BUILD/ubuntu-1604-exp-ninja-base-expat-check-cpp_ns-strict-perl/src/sbml/util/test/Deployment/test_sbml_util
home/libsbml/development/libsbml-build-scripts/autobuild-option-tests/BUILD/ubuntu-1604-exp-ninja-base-expat-check-cpp_ns-strict-perl/src/sbml/util/test/Development/test_sbml_util
home/libsbml/development/libsbml-build-scripts/autobuild-option-tests/BUILD/ubuntu-1604-exp-ninja-base-expat-check-cpp_ns-strict-perl/src/sbml/util/test/Development/test_sbml_util
[ERROR_MESSAGE] 
Unable to find executable: /home/libsbml/development/libsbml-build-scripts/autobuild-option-tests/BUILD/ubuntu-1604-exp-ninja-base-expat-check-cpp_ns-strict-perl/src/sbml/util/test/test_sbml_util

[HANDLER_OUTPUT] 
 9/
12 Test  #9: test_sbml_util_run ............................***Not Run   0.00 sec
      Start 10: test_sbml_validator_run
Could not find executable /home/libsbml/development/libsbml-build-scripts/autobuild-option-tests/BUILD/ubuntu-1604-exp-ninja-base-expat-check-cpp_ns-strict-perl/src/sbml/validator/test/test_sbml_validator
Looked in the following places:
/home/libsbml/development/libsbml-build-scripts/autobuild-option-tests/BUILD/ubuntu-1604-exp-ninja-base-expat-check-cpp_ns-strict-perl/src/sbml/validator/test/test_sbml_validator
/home/libsbml/development/libsbml-build-scripts/autobuild-option-tests/BUILD/ubuntu-1604-exp-ninja-base-expat-check-cpp_ns-strict-perl/src/sbml/validator/test/test_sbml_validator
/home/libsbml/development/libsbml-build-scripts/autobuild-option-tests/BUILD/ubuntu-1604-exp-ninja-base-expat-check-cpp_ns-strict-perl/src/sbml/validator/test/Release/test_sbml_validator
/home/libsbml/development/libsbml-build-scripts/autobuild-option-tests/BUILD/ubuntu-1604-exp-ninja-base-expat-check-cpp_ns-strict-perl/src/sbml/validator/test/Release/test_sbml_validator
/home/libsbml/development/libsbml-build-scripts/autobuild-option-tests/BUILD/ubuntu-1604-exp-ninja-base-expat-check-cpp_ns-strict-perl/src/sbml/validator/test/Debug/test_sbml_validator
/home/libsbml/development/libsbml-build-scripts/autobuild-option-tests/BUILD/ubuntu-1604-exp-ninja-base-expat-check-cpp_ns-strict-perl/src/sbml/validator/test/Debug/test_sbml_validator
/home/libsbml/development/libsbml-build-scripts/autobuild-option-tests/BUILD/ubuntu-1604-exp-ninja-base-expat-check-cpp_ns-strict-perl/src/sbml/validator/test/MinSizeRel/test_sbml_validator
/home/libsbml/development/libsbml-build-scripts/autobuild-option-tests/BUILD/ubuntu-1604-exp-ninja-base-expat-check-cpp_ns-strict-perl/src/sbml/validator/test/MinSizeRel/test_sbml_validator
/home/libsbml/development/libsbml-build-scripts/autobuild-option-tests/BUILD/ubuntu-1604-exp-ninja-base-expat-check-cpp_ns-strict-perl/src/sbml/validator/test/RelWithDebInfo/test_sbml_validator
/home/libsbml/development/libsbml-build-scripts/autobuild-option-tests/BUILD/ubuntu-1604-exp-ninja-base-expat-check-cpp_ns-strict-perl/src/sbml/validator/test/RelWithDebInfo/test_sbml_validator
/home/libsbml/development/libsbml-build-scripts/autobuild-option-tests/BUILD/ubuntu-1604-exp-ninja-base-expat-check-cpp_ns-strict-perl/src/sbml/validator/test/Deployment/test_sbml_validator
/home/libsbml/development/libsbml-build-scripts/autobuild-option-tests/BUILD/ubuntu-1604-exp-ninja-base-expat-check-cpp_ns-strict-perl/src/sbml/validator/test/Deployment/test_sbml_validator
/home/libsbml/development/libsbml-build-scripts/autobuild-option-tests/BUILD/ubuntu-1604-exp-ninja-base-expat-check-cpp_ns-strict-perl/src/sbml/validator/test/Development/test_sbml_validator
/home/libsbml/development/libsbml-build-scripts/autobuild-option-tests/BUILD/ubuntu-1604-exp-ninja-base-expat-check-cpp_ns-strict-perl/src/sbml/validator/test/Development/test_sbml_validator
home/libsbml/development/libsbml-build-scripts/autobuild-option-tests/BUILD/ubuntu-1604-exp-ninja-base-expat-check-cpp_ns-strict-perl/src/sbml/validator/test/test_sbml_validator
home/libsbml/development/libsbml-build-scripts/autobuild-option-tests/BUILD/ubuntu-1604-exp-ninja-base-expat-check-cpp_ns-strict-perl/src/sbml/validator/test/test_sbml_validator
home/libsbml/development/libsbml-build-scripts/autobuild-option-tests/BUILD/ubuntu-1604-exp-ninja-base-expat-check-cpp_ns-strict-perl/src/sbml/validator/test/Release/test_sbml_validator
home/libsbml/development/libsbml-build-scripts/autobuild-option-tests/BUILD/ubuntu-1604-exp-ninja-base-expat-check-cpp_ns-strict-perl/src/sbml/validator/test/Release/test_sbml_validator
home/libsbml/development/libsbml-build-scripts/autobuild-option-tests/BUILD/ubuntu-1604-exp-ninja-base-expat-check-cpp_ns-strict-perl/src/sbml/validator/test/Debug/test_sbml_validator
home/libsbml/development/libsbml-build-scripts/autobuild-option-tests/BUILD/ubuntu-1604-exp-ninja-base-expat-check-cpp_ns-strict-perl/src/sbml/validator/test/Debug/test_sbml_validator
home/libsbml/development/libsbml-build-scripts/autobuild-option-tests/BUILD/ubuntu-1604-exp-ninja-base-expat-check-cpp_ns-strict-perl/src/sbml/validator/test/MinSizeRel/test_sbml_validator
home/libsbml/development/libsbml-build-scripts/autobuild-option-tests/BUILD/ubuntu-1604-exp-ninja-base-expat-check-cpp_ns-strict-perl/src/sbml/validator/test/MinSizeRel/test_sbml_validator
home/libsbml/development/libsbml-build-scripts/autobuild-option-tests/BUILD/ubuntu-1604-exp-ninja-base-expat-check-cpp_ns-strict-perl/src/sbml/validator/test/RelWithDebInfo/test_sbml_validator
home/libsbml/development/libsbml-build-scripts/autobuild-option-tests/BUILD/ubuntu-1604-exp-ninja-base-expat-check-cpp_ns-strict-perl/src/sbml/validator/test/RelWithDebInfo/test_sbml_validator
home/libsbml/development/libsbml-build-scripts/autobuild-option-tests/BUILD/ubuntu-1604-exp-ninja-base-expat-check-cpp_ns-strict-perl/src/sbml/validator/test/Deployment/test_sbml_validator
home/libsbml/development/libsbml-build-scripts/autobuild-option-tests/BUILD/ubuntu-1604-exp-ninja-base-expat-check-cpp_ns-strict-perl/src/sbml/validator/test/Deployment/test_sbml_validator
home/libsbml/development/libsbml-build-scripts/autobuild-option-tests/BUILD/ubuntu-1604-exp-ninja-base-expat-check-cpp_ns-strict-perl/src/sbml/validator/test/Development/test_sbml_validator
home/libsbml/development/libsbml-build-scripts/autobuild-option-tests/BUILD/ubuntu-1604-exp-ninja-base-expat-check-cpp_ns-strict-perl/src/sbml/validator/test/Development/test_sbml_validator
[ERROR_MESSAGE] 
Unable to find executable: /home/libsbml/development/libsbml-build-scripts/autobuild-option-tests/BUILD/ubuntu-1604-exp-ninja-base-expat-check-cpp_ns-strict-perl/src/sbml/validator/test/test_sbml_validator

[HANDLER_OUTPUT] 
10/
12 Test #10: test_sbml_validator_run .......................***Not Run   0.00 sec
      Start 11: test_sbml_xml_run
Could not find executable /home/libsbml/development/libsbml-build-scripts/autobuild-option-tests/BUILD/ubuntu-1604-exp-ninja-base-expat-check-cpp_ns-strict-perl/src/sbml/xml/test/test_sbml_xml
Looked in the following places:
/home/libsbml/development/libsbml-build-scripts/autobuild-option-tests/BUILD/ubuntu-1604-exp-ninja-base-expat-check-cpp_ns-strict-perl/src/sbml/xml/test/test_sbml_xml
/home/libsbml/development/libsbml-build-scripts/autobuild-option-tests/BUILD/ubuntu-1604-exp-ninja-base-expat-check-cpp_ns-strict-perl/src/sbml/xml/test/test_sbml_xml
/home/libsbml/development/libsbml-build-scripts/autobuild-option-tests/BUILD/ubuntu-1604-exp-ninja-base-expat-check-cpp_ns-strict-perl/src/sbml/xml/test/Release/test_sbml_xml
/home/libsbml/development/libsbml-build-scripts/autobuild-option-tests/BUILD/ubuntu-1604-exp-ninja-base-expat-check-cpp_ns-strict-perl/src/sbml/xml/test/Release/test_sbml_xml
/home/libsbml/development/libsbml-build-scripts/autobuild-option-tests/BUILD/ubuntu-1604-exp-ninja-base-expat-check-cpp_ns-strict-perl/src/sbml/xml/test/Debug/test_sbml_xml
/home/libsbml/development/libsbml-build-scripts/autobuild-option-tests/BUILD/ubuntu-1604-exp-ninja-base-expat-check-cpp_ns-strict-perl/src/sbml/xml/test/Debug/test_sbml_xml
/home/libsbml/development/libsbml-build-scripts/autobuild-option-tests/BUILD/ubuntu-1604-exp-ninja-base-expat-check-cpp_ns-strict-perl/src/sbml/xml/test/MinSizeRel/test_sbml_xml
/home/libsbml/development/libsbml-build-scripts/autobuild-option-tests/BUILD/ubuntu-1604-exp-ninja-base-expat-check-cpp_ns-strict-perl/src/sbml/xml/test/MinSizeRel/test_sbml_xml
/home/libsbml/development/libsbml-build-scripts/autobuild-option-tests/BUILD/ubuntu-1604-exp-ninja-base-expat-check-cpp_ns-strict-perl/src/sbml/xml/test/RelWithDebInfo/test_sbml_xml
/home/libsbml/development/libsbml-build-scripts/autobuild-option-tests/BUILD/ubuntu-1604-exp-ninja-base-expat-check-cpp_ns-strict-perl/src/sbml/xml/test/RelWithDebInfo/test_sbml_xml
/home/libsbml/development/libsbml-build-scripts/autobuild-option-tests/BUILD/ubuntu-1604-exp-ninja-base-expat-check-cpp_ns-strict-perl/src/sbml/xml/test/Deployment/test_sbml_xml
/home/libsbml/development/libsbml-build-scripts/autobuild-option-tests/BUILD/ubuntu-1604-exp-ninja-base-expat-check-cpp_ns-strict-perl/src/sbml/xml/test/Deployment/test_sbml_xml
/home/libsbml/development/libsbml-build-scripts/autobuild-option-tests/BUILD/ubuntu-1604-exp-ninja-base-expat-check-cpp_ns-strict-perl/src/sbml/xml/test/Development/test_sbml_xml
/home/libsbml/development/libsbml-build-scripts/autobuild-option-tests/BUILD/ubuntu-1604-exp-ninja-base-expat-check-cpp_ns-strict-perl/src/sbml/xml/test/Development/test_sbml_xml
home/libsbml/development/libsbml-build-scripts/autobuild-option-tests/BUILD/ubuntu-1604-exp-ninja-base-expat-check-cpp_ns-strict-perl/src/sbml/xml/test/test_sbml_xml
home/libsbml/development/libsbml-build-scripts/autobuild-option-tests/BUILD/ubuntu-1604-exp-ninja-base-expat-check-cpp_ns-strict-perl/src/sbml/xml/test/test_sbml_xml
home/libsbml/development/libsbml-build-scripts/autobuild-option-tests/BUILD/ubuntu-1604-exp-ninja-base-expat-check-cpp_ns-strict-perl/src/sbml/xml/test/Release/test_sbml_xml
home/libsbml/development/libsbml-build-scripts/autobuild-option-tests/BUILD/ubuntu-1604-exp-ninja-base-expat-check-cpp_ns-strict-perl/src/sbml/xml/test/Release/test_sbml_xml
home/libsbml/development/libsbml-build-scripts/autobuild-option-tests/BUILD/ubuntu-1604-exp-ninja-base-expat-check-cpp_ns-strict-perl/src/sbml/xml/test/Debug/test_sbml_xml
home/libsbml/development/libsbml-build-scripts/autobuild-option-tests/BUILD/ubuntu-1604-exp-ninja-base-expat-check-cpp_ns-strict-perl/src/sbml/xml/test/Debug/test_sbml_xml
home/libsbml/development/libsbml-build-scripts/autobuild-option-tests/BUILD/ubuntu-1604-exp-ninja-base-expat-check-cpp_ns-strict-perl/src/sbml/xml/test/MinSizeRel/test_sbml_xml
home/libsbml/development/libsbml-build-scripts/autobuild-option-tests/BUILD/ubuntu-1604-exp-ninja-base-expat-check-cpp_ns-strict-perl/src/sbml/xml/test/MinSizeRel/test_sbml_xml
home/libsbml/development/libsbml-build-scripts/autobuild-option-tests/BUILD/ubuntu-1604-exp-ninja-base-expat-check-cpp_ns-strict-perl/src/sbml/xml/test/RelWithDebInfo/test_sbml_xml
home/libsbml/development/libsbml-build-scripts/autobuild-option-tests/BUILD/ubuntu-1604-exp-ninja-base-expat-check-cpp_ns-strict-perl/src/sbml/xml/test/RelWithDebInfo/test_sbml_xml
home/libsbml/development/libsbml-build-scripts/autobuild-option-tests/BUILD/ubuntu-1604-exp-ninja-base-expat-check-cpp_ns-strict-perl/src/sbml/xml/test/Deployment/test_sbml_xml
home/libsbml/development/libsbml-build-scripts/autobuild-option-tests/BUILD/ubuntu-1604-exp-ninja-base-expat-check-cpp_ns-strict-perl/src/sbml/xml/test/Deployment/test_sbml_xml
home/libsbml/development/libsbml-build-scripts/autobuild-option-tests/BUILD/ubuntu-1604-exp-ninja-base-expat-check-cpp_ns-strict-perl/src/sbml/xml/test/Development/test_sbml_xml
home/libsbml/development/libsbml-build-scripts/autobuild-option-tests/BUILD/ubuntu-1604-exp-ninja-base-expat-check-cpp_ns-strict-perl/src/sbml/xml/test/Development/test_sbml_xml
[ERROR_MESSAGE] 
Unable to find executable: /home/libsbml/development/libsbml-build-scripts/autobuild-option-tests/BUILD/ubuntu-1604-exp-ninja-base-expat-check-cpp_ns-strict-perl/src/sbml/xml/test/test_sbml_xml

[HANDLER_OUTPUT] 
11/
12 Test #11: test_sbml_xml_run .............................***Not Run   0.00 sec
      Start 12: test_perl_binding
12/12 Test #12: test_perl_binding .............................***Failed    0.88 sec

#   Failed test 'use LibSBML;'
#   at /home/libsbml/development/sf_libsbml_experimental/src/bindings/perl/t/01__LoadModule.t line 9.
#     Tried to use 'LibSBML'.
#     Error:  Can't locate LibSBML.pm in @INC (you may need to install the LibSBML module) (@INC contains: /home/libsbml/development/libsbml-build-scripts/autobuild-option-tests/BUILD/ubuntu-1604-exp-ninja-base-expat-check-cpp_ns-strict-perl/src/bindings/perl /etc/perl /usr/local/lib/x86_64-linux-gnu/perl/5.22.1 /usr/local/share/perl/5.22.1 /usr/lib/x86_64-linux-gnu/perl5/5.22 /usr/share/perl5 /usr/lib/x86_64-linux-gnu/perl/5.22 /usr/share/perl/5.22 /usr/local/lib/site_perl /usr/lib/x86_64-linux-gnu/perl-base .) at /home/libsbml/development/sf_libsbml_experimental/src/bindings/perl/t/01__LoadModule.t line 9.
# BEGIN failed--compilation aborted at /home/libsbml/development/sf_libsbml_experimental/src/bindings/perl/t/01__LoadModule.t line 9.
# Looks like you failed 1 test of 1.
/home/libsbml/development/sf_libsbml_experimental/src/bindings/perl/t/01__LoadModule.t ................ 
Dubious, test returned 1 (wstat 256, 0x100)
Failed 1/1 subtests 
Can't locate LibSBML.pm in @INC (you may need to install the LibSBML module) (@INC contains: /home/libsbml/development/libsbml-build-scripts/autobuild-option-tests/BUILD/ubuntu-1604-exp-ninja-base-expat-check-cpp_ns-strict-perl/src/bindings/perl /etc/perl /usr/local/lib/x86_64-linux-gnu/perl/5.22.1 /usr/local/share/perl/5.22.1 /usr/lib/x86_64-linux-gnu/perl5/5.22 /usr/share/perl5 /usr/lib/x86_64-linux-gnu/perl/5.22 /usr/share/perl/5.22 /usr/local/lib/site_perl /usr/lib/x86_64-linux-gnu/perl-base .) at /home/libsbml/development/sf_libsbml_experimental/src/bindings/perl/t/02__CreateDocument.t line 11.
BEGIN failed--compilation aborted at /home/libsbml/development/sf_libsbml_experimental/src/bindings/perl/t/02__CreateDocument.t line 11.
/home/libsbml/development/sf_libsbml_experimental/src/bindings/perl/t/02__CreateDocument.t ............ 
Dubious, test returned 2 (wstat 512, 0x200)
Failed 1/1 subtests 
Can't locate LibSBML.pm in @INC (you may need to install the LibSBML module) (@INC contains: /home/libsbml/development/libsbml-build-scripts/autobuild-option-tests/BUILD/ubuntu-1604-exp-ninja-base-expat-check-cpp_ns-strict-perl/src/bindings/perl /etc/perl /usr/local/lib/x86_64-linux-gnu/perl/5.22.1 /usr/local/share/perl/5.22.1 /usr/lib/x86_64-linux-gnu/perl5/5.22 /usr/share/perl5 /usr/lib/x86_64-linux-gnu/perl/5.22 /usr/share/perl/5.22 /usr/local/lib/site_perl /usr/lib/x86_64-linux-gnu/perl-base .) at /home/libsbml/development/sf_libsbml_experimental/src/bindings/perl/t/02__ReadFromFile.t line 5.
BEGIN failed--compilation aborted at /home/libsbml/development/sf_libsbml_experimental/src/bindings/perl/t/02__ReadFromFile.t line 5.
/home/libsbml/development/sf_libsbml_experimental/src/bindings/perl/t/02__ReadFromFile.t .............. 
Dubious, test returned 2 (wstat 512, 0x200)
Failed 432/432 subtests 
Can't locate LibSBML.pm in @INC (you may need to install the LibSBML module) (@INC contains: /home/libsbml/development/libsbml-build-scripts/autobuild-option-tests/BUILD/ubuntu-1604-exp-ninja-base-expat-check-cpp_ns-strict-perl/src/bindings/perl /etc/perl /usr/local/lib/x86_64-linux-gnu/perl/5.22.1 /usr/local/share/perl/5.22.1 /usr/lib/x86_64-linux-gnu/perl5/5.22 /usr/share/perl5 /usr/lib/x86_64-linux-gnu/perl/5.22 /usr/share/perl/5.22 /usr/local/lib/site_perl /usr/lib/x86_64-linux-gnu/perl-base .) at /home/libsbml/development/sf_libsbml_experimental/src/bindings/perl/t/02__ReadFromFileL3.t line 5.
BEGIN failed--compilation aborted at /home/libsbml/development/sf_libsbml_experimental/src/bindings/perl/t/02__ReadFromFileL3.t line 5.
/home/libsbml/development/sf_libsbml_experimental/src/bindings/perl/t/02__ReadFromFileL3.t ............ 
Dubious, test returned 2 (wstat 512, 0x200)
Failed 68/68 subtests 
Can't locate LibSBML.pm in @INC (you may need to install the LibSBML module) (@INC contains: /home/libsbml/development/libsbml-build-scripts/autobuild-option-tests/BUILD/ubuntu-1604-exp-ninja-base-expat-check-cpp_ns-strict-perl/src/bindings/perl /etc/perl /usr/local/lib/x86_64-linux-gnu/perl/5.22.1 /usr/local/share/perl/5.22.1 /usr/lib/x86_64-linux-gnu/perl5/5.22 /usr/share/perl5 /usr/lib/x86_64-linux-gnu/perl/5.22 /usr/share/perl/5.22 /usr/local/lib/site_perl /usr/lib/x86_64-linux-gnu/perl-base .) at /home/libsbml/development/sf_libsbml_experimental/src/bindings/perl/t/02__WriteToFile.t line 11.
BEGIN failed--compilation aborted at /home/libsbml/development/sf_libsbml_experimental/src/bindings/perl/t/02__WriteToFile.t line 11.
/home/libsbml/development/sf_libsbml_experimental/src/bindings/perl/t/02__WriteToFile.t ............... 
Dubious, test returned 2 (wstat 512, 0x200)
Failed 1/1 subtests 
Can't locate LibSBML.pm in @INC (you may need to install the LibSBML module) (@INC contains: /home/libsbml/development/libsbml-build-scripts/autobuild-option-tests/BUILD/ubuntu-1604-exp-ninja-base-expat-check-cpp_ns-strict-perl/src/bindings/perl /etc/perl /usr/local/lib/x86_64-linux-gnu/perl/5.22.1 /usr/local/share/perl/5.22.1 /usr/lib/x86_64-linux-gnu/perl5/5.22 /usr/share/perl5 /usr/lib/x86_64-linux-gnu/perl/5.22 /usr/share/perl/5.22 /usr/local/lib/site_perl /usr/lib/x86_64-linux-gnu/perl-base .) at /home/libsbml/development/sf_libsbml_experimental/src/bindings/perl/t/02__WriteToFileL3.t line 11.
BEGIN failed--compilation aborted at /home/libsbml/development/sf_libsbml_experimental/src/bindings/perl/t/02__WriteToFileL3.t line 11.
/home/libsbml/development/sf_libsbml_experimental/src/bindings/perl/t/02__WriteToFileL3.t ............. 
Dubious, test returned 2 (wstat 512, 0x200)
Failed 1/1 subtests 
Can't locate LibSBML.pm in @INC (you may need to install the LibSBML module) (@INC contains: /home/libsbml/development/libsbml-build-scripts/autobuild-option-tests/BUILD/ubuntu-1604-exp-ninja-base-expat-check-cpp_ns-strict-perl/src/bindings/perl /etc/perl /usr/local/lib/x86_64-linux-gnu/perl/5.22.1 /usr/local/share/perl/5.22.1 /usr/lib/x86_64-linux-gnu/perl5/5.22 /usr/share/perl5 /usr/lib/x86_64-linux-gnu/perl/5.22 /usr/share/perl/5.22 /usr/local/lib/site_perl /usr/lib/x86_64-linux-gnu/perl-base .) at /home/libsbml/development/sf_libsbml_experimental/src/bindings/perl/t/03__ChangeValues.t line 11.
BEGIN failed--compilation aborted at /home/libsbml/development/sf_libsbml_experimental/src/bindings/perl/t/03__ChangeValues.t line 11.
/home/libsbml/development/sf_libsbml_experimental/src/bindings/perl/t/03__ChangeValues.t .............. 
Dubious, test returned 2 (wstat 512, 0x200)
Failed 2/2 subtests 
Can't locate LibSBML.pm in @INC (you may need to install the LibSBML module) (@INC contains: /home/libsbml/development/libsbml-build-scripts/autobuild-option-tests/BUILD/ubuntu-1604-exp-ninja-base-expat-check-cpp_ns-strict-perl/src/bindings/perl /etc/perl /usr/local/lib/x86_64-linux-gnu/perl/5.22.1 /usr/local/share/perl/5.22.1 /usr/lib/x86_64-linux-gnu/perl5/5.22 /usr/share/perl5 /usr/lib/x86_64-linux-gnu/perl/5.22 /usr/share/perl/5.22 /usr/local/lib/site_perl /usr/lib/x86_64-linux-gnu/perl-base .) at /home/libsbml/development/sf_libsbml_experimental/src/bindings/perl/t/03__DowncastRule.t line 12.
BEGIN failed--compilation aborted at /home/libsbml/development/sf_libsbml_experimental/src/bindings/perl/t/03__DowncastRule.t line 12.
/home/libsbml/development/sf_libsbml_experimental/src/bindings/perl/t/03__DowncastRule.t .............. 
Dubious, test returned 2 (wstat 512, 0x200)
Failed 13/13 subtests 
Can't locate LibSBML.pm in @INC (you may need to install the LibSBML module) (@INC contains: /home/libsbml/development/libsbml-build-scripts/autobuild-option-tests/BUILD/ubuntu-1604-exp-ninja-base-expat-check-cpp_ns-strict-perl/src/bindings/perl /etc/perl /usr/local/lib/x86_64-linux-gnu/perl/5.22.1 /usr/local/share/perl/5.22.1 /usr/lib/x86_64-linux-gnu/perl5/5.22 /usr/share/perl5 /usr/lib/x86_64-linux-gnu/perl/5.22 /usr/share/perl/5.22 /usr/local/lib/site_perl /usr/lib/x86_64-linux-gnu/perl-base .) at /home/libsbml/development/sf_libsbml_experimental/src/bindings/perl/t/03__DowncastSBase.t line 12.
BEGIN failed--compilation aborted at /home/libsbml/development/sf_libsbml_experimental/src/bindings/perl/t/03__DowncastSBase.t line 12.
/home/libsbml/development/sf_libsbml_experimental/src/bindings/perl/t/03__DowncastSBase.t ............. 
Dubious, test returned 2 (wstat 512, 0x200)
Failed 390/390 subtests 
Can't locate LibSBML.pm in @INC (you may need to install the LibSBML module) (@INC contains: /home/libsbml/development/libsbml-build-scripts/autobuild-option-tests/BUILD/ubuntu-1604-exp-ninja-base-expat-check-cpp_ns-strict-perl/src/bindings/perl /etc/perl /usr/local/lib/x86_64-linux-gnu/perl/5.22.1 /usr/local/share/perl/5.22.1 /usr/lib/x86_64-linux-gnu/perl5/5.22 /usr/share/perl5 /usr/lib/x86_64-linux-gnu/perl/5.22 /usr/share/perl/5.22 /usr/local/lib/site_perl /usr/lib/x86_64-linux-gnu/perl-base .) at /home/libsbml/development/sf_libsbml_experimental/src/bindings/perl/t/03__DowncastSBaseL3.t line 12.
BEGIN failed--compilation aborted at /home/libsbml/development/sf_libsbml_experimental/src/bindings/perl/t/03__DowncastSBaseL3.t line 12.
/home/libsbml/development/sf_libsbml_experimental/src/bindings/perl/t/03__DowncastSBaseL3.t ........... 
Dubious, test returned 2 (wstat 512, 0x200)
Failed 345/345 subtests 
Can't locate LibSBML.pm in @INC (you may need to install the LibSBML module) (@INC contains: /home/libsbml/development/libsbml-build-scripts/autobuild-option-tests/BUILD/ubuntu-1604-exp-ninja-base-expat-check-cpp_ns-strict-perl/src/bindings/perl /etc/perl /usr/local/lib/x86_64-linux-gnu/perl/5.22.1 /usr/local/share/perl/5.22.1 /usr/lib/x86_64-linux-gnu/perl5/5.22 /usr/share/perl5 /usr/lib/x86_64-linux-gnu/perl/5.22 /usr/share/perl/5.22 /usr/local/lib/site_perl /usr/lib/x86_64-linux-gnu/perl-base .) at /home/libsbml/development/sf_libsbml_experimental/src/bindings/perl/t/04__ListOf.t line 4.
BEGIN failed--compilation aborted at /home/libsbml/development/sf_libsbml_experimental/src/bindings/perl/t/04__ListOf.t line 4.
/home/libsbml/development/sf_libsbml_experimental/src/bindings/perl/t/04__ListOf.t .................... 
Dubious, test returned 2 (wstat 512, 0x200)
Failed 34/34 subtests 
Can't locate LibSBML.pm in @INC (you may need to install the LibSBML module) (@INC contains: /home/libsbml/development/libsbml-build-scripts/autobuild-option-tests/BUILD/ubuntu-1604-exp-ninja-base-expat-check-cpp_ns-strict-perl/src/bindings/perl /etc/perl /usr/local/lib/x86_64-linux-gnu/perl/5.22.1 /usr/local/share/perl/5.22.1 /usr/lib/x86_64-linux-gnu/perl5/5.22 /usr/share/perl5 /usr/lib/x86_64-linux-gnu/perl/5.22 /usr/share/perl/5.22 /usr/local/lib/site_perl /usr/lib/x86_64-linux-gnu/perl-base .) at /home/libsbml/development/sf_libsbml_experimental/src/bindings/perl/t/04__ListOfL3.t line 4.
BEGIN failed--compilation aborted at /home/libsbml/development/sf_libsbml_experimental/src/bindings/perl/t/04__ListOfL3.t line 4.
/home/libsbml/development/sf_libsbml_experimental/src/bindings/perl/t/04__ListOfL3.t .................. 
Dubious, test returned 2 (wstat 512, 0x200)
Failed 34/34 subtests 
Can't locate LibSBML.pm in @INC (you may need to install the LibSBML module) (@INC contains: /home/libsbml/development/libsbml-build-scripts/autobuild-option-tests/BUILD/ubuntu-1604-exp-ninja-base-expat-check-cpp_ns-strict-perl/src/bindings/perl /etc/perl /usr/local/lib/x86_64-linux-gnu/perl/5.22.1 /usr/local/share/perl/5.22.1 /usr/lib/x86_64-linux-gnu/perl5/5.22 /usr/share/perl5 /usr/lib/x86_64-linux-gnu/perl/5.22 /usr/share/perl/5.22 /usr/local/lib/site_perl /usr/lib/x86_64-linux-gnu/perl-base .) at /home/libsbml/development/sf_libsbml_experimental/src/bindings/perl/t/05__AlgebraicRule.t line 4.
BEGIN failed--compilation aborted at /home/libsbml/development/sf_libsbml_experimental/src/bindings/perl/t/05__AlgebraicRule.t line 4.
/home/libsbml/development/sf_libsbml_experimental/src/bindings/perl/t/05__AlgebraicRule.t ............. 
Dubious, test returned 2 (wstat 512, 0x200)
Failed 24/24 subtests 
Can't locate LibSBML.pm in @INC (you may need to install the LibSBML module) (@INC contains: /home/libsbml/development/libsbml-build-scripts/autobuild-option-tests/BUILD/ubuntu-1604-exp-ninja-base-expat-check-cpp_ns-strict-perl/src/bindings/perl /etc/perl /usr/local/lib/x86_64-linux-gnu/perl/5.22.1 /usr/local/share/perl/5.22.1 /usr/lib/x86_64-linux-gnu/perl5/5.22 /usr/share/perl5 /usr/lib/x86_64-linux-gnu/perl/5.22 /usr/share/perl/5.22 /usr/local/lib/site_perl /usr/lib/x86_64-linux-gnu/perl-base .) at /home/libsbml/development/sf_libsbml_experimental/src/bindings/perl/t/05__AssignmentRule.t line 4.
BEGIN failed--compilation aborted at /home/libsbml/development/sf_libsbml_experimental/src/bindings/perl/t/05__AssignmentRule.t line 4.
/home/libsbml/development/sf_libsbml_experimental/src/bindings/perl/t/05__AssignmentRule.t ............ 
Dubious, test returned 2 (wstat 512, 0x200)
Failed 22/22 subtests 
Can't locate LibSBML.pm in @INC (you may need to install the LibSBML module) (@INC contains: /home/libsbml/development/libsbml-build-scripts/autobuild-option-tests/BUILD/ubuntu-1604-exp-ninja-base-expat-check-cpp_ns-strict-perl/src/bindings/perl /etc/perl /usr/local/lib/x86_64-linux-gnu/perl/5.22.1 /usr/local/share/perl/5.22.1 /usr/lib/x86_64-linux-gnu/perl5/5.22 /usr/share/perl5 /usr/lib/x86_64-linux-gnu/perl/5.22 /usr/share/perl/5.22 /usr/local/lib/site_perl /usr/lib/x86_64-linux-gnu/perl-base .) at /home/libsbml/development/sf_libsbml_experimental/src/bindings/perl/t/05__AssignmentRuleL3.t line 4.
BEGIN failed--compilation aborted at /home/libsbml/development/sf_libsbml_experimental/src/bindings/perl/t/05__AssignmentRuleL3.t line 4.
/home/libsbml/development/sf_libsbml_experimental/src/bindings/perl/t/05__AssignmentRuleL3.t .......... 
Dubious, test returned 2 (wstat 512, 0x200)
Failed 22/22 subtests 
Can't locate LibSBML.pm in @INC (you may need to install the LibSBML module) (@INC contains: /home/libsbml/development/libsbml-build-scripts/autobuild-option-tests/BUILD/ubuntu-1604-exp-ninja-base-expat-check-cpp_ns-strict-perl/src/bindings/perl /etc/perl /usr/local/lib/x86_64-linux-gnu/perl/5.22.1 /usr/local/share/perl/5.22.1 /usr/lib/x86_64-linux-gnu/perl5/5.22 /usr/share/perl5 /usr/lib/x86_64-linux-gnu/perl/5.22 /usr/share/perl/5.22 /usr/local/lib/site_perl /usr/lib/x86_64-linux-gnu/perl-base .) at /home/libsbml/development/sf_libsbml_experimental/src/bindings/perl/t/05__Compartment.t line 4.
BEGIN failed--compilation aborted at /home/libsbml/development/sf_libsbml_experimental/src/bindings/perl/t/05__Compartment.t line 4.
/home/libsbml/development/sf_libsbml_experimental/src/bindings/perl/t/05__Compartment.t ............... 
Dubious, test returned 2 (wstat 512, 0x200)
Failed 49/49 subtests 
Can't locate LibSBML.pm in @INC (you may need to install the LibSBML module) (@INC contains: /home/libsbml/development/libsbml-build-scripts/autobuild-option-tests/BUILD/ubuntu-1604-exp-ninja-base-expat-check-cpp_ns-strict-perl/src/bindings/perl /etc/perl /usr/local/lib/x86_64-linux-gnu/perl/5.22.1 /usr/local/share/perl/5.22.1 /usr/lib/x86_64-linux-gnu/perl5/5.22 /usr/share/perl5 /usr/lib/x86_64-linux-gnu/perl/5.22 /usr/share/perl/5.22 /usr/local/lib/site_perl /usr/lib/x86_64-linux-gnu/perl-base .) at /home/libsbml/development/sf_libsbml_experimental/src/bindings/perl/t/05__CompartmentL3.t line 4.
BEGIN failed--compilation aborted at /home/libsbml/development/sf_libsbml_experimental/src/bindings/perl/t/05__CompartmentL3.t line 4.
/home/libsbml/development/sf_libsbml_experimental/src/bindings/perl/t/05__CompartmentL3.t ............. 
Dubious, test returned 2 (wstat 512, 0x200)
Failed 39/39 subtests 
Can't locate LibSBML.pm in @INC (you may need to install the LibSBML module) (@INC contains: /home/libsbml/development/libsbml-build-scripts/autobuild-option-tests/BUILD/ubuntu-1604-exp-ninja-base-expat-check-cpp_ns-strict-perl/src/bindings/perl /etc/perl /usr/local/lib/x86_64-linux-gnu/perl/5.22.1 /usr/local/share/perl/5.22.1 /usr/lib/x86_64-linux-gnu/perl5/5.22 /usr/share/perl5 /usr/lib/x86_64-linux-gnu/perl/5.22 /usr/share/perl/5.22 /usr/local/lib/site_perl /usr/lib/x86_64-linux-gnu/perl-base .) at /home/libsbml/development/sf_libsbml_experimental/src/bindings/perl/t/05__CompartmentVolumeRule.t line 4.
BEGIN failed--compilation aborted at /home/libsbml/development/sf_libsbml_experimental/src/bindings/perl/t/05__CompartmentVolumeRule.t line 4.
# Looks like your test exited with 2 before it could output anything.
/home/libsbml/development/sf_libsbml_experimental/src/bindings/perl/t/05__CompartmentVolumeRule.t ..... 
Dubious, test returned 2 (wstat 512, 0x200)
Failed 21/21 subtests 
Can't locate LibSBML.pm in @INC (you may need to install the LibSBML module) (@INC contains: /home/libsbml/development/libsbml-build-scripts/autobuild-option-tests/BUILD/ubuntu-1604-exp-ninja-base-expat-check-cpp_ns-strict-perl/src/bindings/perl /etc/perl /usr/local/lib/x86_64-linux-gnu/perl/5.22.1 /usr/local/share/perl/5.22.1 /usr/lib/x86_64-linux-gnu/perl5/5.22 /usr/share/perl5 /usr/lib/x86_64-linux-gnu/perl/5.22 /usr/share/perl/5.22 /usr/local/lib/site_perl /usr/lib/x86_64-linux-gnu/perl-base .) at /home/libsbml/development/sf_libsbml_experimental/src/bindings/perl/t/05__Event.t line 4.
BEGIN failed--compilation aborted at /home/libsbml/development/sf_libsbml_experimental/src/bindings/perl/t/05__Event.t line 4.
/home/libsbml/development/sf_libsbml_experimental/src/bindings/perl/t/05__Event.t ..................... 
Dubious, test returned 2 (wstat 512, 0x200)
Failed 66/66 subtests 
Can't locate LibSBML.pm in @INC (you may need to install the LibSBML module) (@INC contains: /home/libsbml/development/libsbml-build-scripts/autobuild-option-tests/BUILD/ubuntu-1604-exp-ninja-base-expat-check-cpp_ns-strict-perl/src/bindings/perl /etc/perl /usr/local/lib/x86_64-linux-gnu/perl/5.22.1 /usr/local/share/perl/5.22.1 /usr/lib/x86_64-linux-gnu/perl5/5.22 /usr/share/perl5 /usr/lib/x86_64-linux-gnu/perl/5.22 /usr/share/perl/5.22 /usr/local/lib/site_perl /usr/lib/x86_64-linux-gnu/perl-base .) at /home/libsbml/development/sf_libsbml_experimental/src/bindings/perl/t/05__EventAssignment.t line 4.
BEGIN failed--compilation aborted at /home/libsbml/development/sf_libsbml_experimental/src/bindings/perl/t/05__EventAssignment.t line 4.
/home/libsbml/development/sf_libsbml_experimental/src/bindings/perl/t/05__EventAssignment.t ........... 
Dubious, test returned 2 (wstat 512, 0x200)
Failed 29/29 subtests 
Can't locate LibSBML.pm in @INC (you may need to install the LibSBML module) (@INC contains: /home/libsbml/development/libsbml-build-scripts/autobuild-option-tests/BUILD/ubuntu-1604-exp-ninja-base-expat-check-cpp_ns-strict-perl/src/bindings/perl /etc/perl /usr/local/lib/x86_64-linux-gnu/perl/5.22.1 /usr/local/share/perl/5.22.1 /usr/lib/x86_64-linux-gnu/perl5/5.22 /usr/share/perl5 /usr/lib/x86_64-linux-gnu/perl/5.22 /usr/share/perl/5.22 /usr/local/lib/site_perl /usr/lib/x86_64-linux-gnu/perl-base .) at /home/libsbml/development/sf_libsbml_experimental/src/bindings/perl/t/05__EventL3.t line 4.
BEGIN failed--compilation aborted at /home/libsbml/development/sf_libsbml_experimental/src/bindings/perl/t/05__EventL3.t line 4.
/home/libsbml/development/sf_libsbml_experimental/src/bindings/perl/t/05__EventL3.t ................... 
Dubious, test returned 2 (wstat 512, 0x200)
Failed 59/59 subtests 
Can't locate LibSBML.pm in @INC (you may need to install the LibSBML module) (@INC contains: /home/libsbml/development/libsbml-build-scripts/autobuild-option-tests/BUILD/ubuntu-1604-exp-ninja-base-expat-check-cpp_ns-strict-perl/src/bindings/perl /etc/perl /usr/local/lib/x86_64-linux-gnu/perl/5.22.1 /usr/local/share/perl/5.22.1 /usr/lib/x86_64-linux-gnu/perl5/5.22 /usr/share/perl5 /usr/lib/x86_64-linux-gnu/perl/5.22 /usr/share/perl/5.22 /usr/local/lib/site_perl /usr/lib/x86_64-linux-gnu/perl-base .) at /home/libsbml/development/sf_libsbml_experimental/src/bindings/perl/t/05__Formula.t line 5.
BEGIN failed--compilation aborted at /home/libsbml/development/sf_libsbml_experimental/src/bindings/perl/t/05__Formula.t line 5.
/home/libsbml/development/sf_libsbml_experimental/src/bindings/perl/t/05__Formula.t ................... 
Dubious, test returned 2 (wstat 512, 0x200)
Failed 1/1 subtests 
Can't locate LibSBML.pm in @INC (you may need to install the LibSBML module) (@INC contains: /home/libsbml/development/libsbml-build-scripts/autobuild-option-tests/BUILD/ubuntu-1604-exp-ninja-base-expat-check-cpp_ns-strict-perl/src/bindings/perl /etc/perl /usr/local/lib/x86_64-linux-gnu/perl/5.22.1 /usr/local/share/perl/5.22.1 /usr/lib/x86_64-linux-gnu/perl5/5.22 /usr/share/perl5 /usr/lib/x86_64-linux-gnu/perl/5.22 /usr/share/perl/5.22 /usr/local/lib/site_perl /usr/lib/x86_64-linux-gnu/perl-base .) at /home/libsbml/development/sf_libsbml_experimental/src/bindings/perl/t/05__FunctionDefinition.t line 4.
BEGIN failed--compilation aborted at /home/libsbml/development/sf_libsbml_experimental/src/bindings/perl/t/05__FunctionDefinition.t line 4.
/home/libsbml/development/sf_libsbml_experimental/src/bindings/perl/t/05__FunctionDefinition.t ........ 
Dubious, test returned 2 (wstat 512, 0x200)
Failed 18/18 subtests 
Can't locate LibSBML.pm in @INC (you may need to install the LibSBML module) (@INC contains: /home/libsbml/development/libsbml-build-scripts/autobuild-option-tests/BUILD/ubuntu-1604-exp-ninja-base-expat-check-cpp_ns-strict-perl/src/bindings/perl /etc/perl /usr/local/lib/x86_64-linux-gnu/perl/5.22.1 /usr/local/share/perl/5.22.1 /usr/lib/x86_64-linux-gnu/perl5/5.22 /usr/share/perl5 /usr/lib/x86_64-linux-gnu/perl/5.22 /usr/share/perl/5.22 /usr/local/lib/site_perl /usr/lib/x86_64-linux-gnu/perl-base .) at /home/libsbml/development/sf_libsbml_experimental/src/bindings/perl/t/05__KineticLaw.t line 4.
BEGIN failed--compilation aborted at /home/libsbml/development/sf_libsbml_experimental/src/bindings/perl/t/05__KineticLaw.t line 4.
/home/libsbml/development/sf_libsbml_experimental/src/bindings/perl/t/05__KineticLaw.t ................ 
Dubious, test returned 2 (wstat 512, 0x200)
Failed 72/72 subtests 
Can't locate LibSBML.pm in @INC (you may need to install the LibSBML module) (@INC contains: /home/libsbml/development/libsbml-build-scripts/autobuild-option-tests/BUILD/ubuntu-1604-exp-ninja-base-expat-check-cpp_ns-strict-perl/src/bindings/perl /etc/perl /usr/local/lib/x86_64-linux-gnu/perl/5.22.1 /usr/local/share/perl/5.22.1 /usr/lib/x86_64-linux-gnu/perl5/5.22 /usr/share/perl5 /usr/lib/x86_64-linux-gnu/perl/5.22 /usr/share/perl/5.22 /usr/local/lib/site_perl /usr/lib/x86_64-linux-gnu/perl-base .) at /home/libsbml/development/sf_libsbml_experimental/src/bindings/perl/t/05__KineticLawL3.t line 4.
BEGIN failed--compilation aborted at /home/libsbml/development/sf_libsbml_experimental/src/bindings/perl/t/05__KineticLawL3.t line 4.
/home/libsbml/development/sf_libsbml_experimental/src/bindings/perl/t/05__KineticLawL3.t .............. 
Dubious, test returned 2 (wstat 512, 0x200)
Failed 59/59 subtests 
Can't locate LibSBML.pm in @INC (you may need to install the LibSBML module) (@INC contains: /home/libsbml/development/libsbml-build-scripts/autobuild-option-tests/BUILD/ubuntu-1604-exp-ninja-base-expat-check-cpp_ns-strict-perl/src/bindings/perl /etc/perl /usr/local/lib/x86_64-linux-gnu/perl/5.22.1 /usr/local/share/perl/5.22.1 /usr/lib/x86_64-linux-gnu/perl5/5.22 /usr/share/perl5 /usr/lib/x86_64-linux-gnu/perl/5.22 /usr/share/perl/5.22 /usr/local/lib/site_perl /usr/lib/x86_64-linux-gnu/perl-base .) at /home/libsbml/development/sf_libsbml_experimental/src/bindings/perl/t/05__Model.t line 4.
BEGIN failed--compilation aborted at /home/libsbml/development/sf_libsbml_experimental/src/bindings/perl/t/05__Model.t line 4.
/home/libsbml/development/sf_libsbml_experimental/src/bindings/perl/t/05__Model.t ..................... 
Dubious, test returned 2 (wstat 512, 0x200)
Failed 234/234 subtests 
Can't locate LibSBML.pm in @INC (you may need to install the LibSBML module) (@INC contains: /home/libsbml/development/libsbml-build-scripts/autobuild-option-tests/BUILD/ubuntu-1604-exp-ninja-base-expat-check-cpp_ns-strict-perl/src/bindings/perl /etc/perl /usr/local/lib/x86_64-linux-gnu/perl/5.22.1 /usr/local/share/perl/5.22.1 /usr/lib/x86_64-linux-gnu/perl5/5.22 /usr/share/perl5 /usr/lib/x86_64-linux-gnu/perl/5.22 /usr/share/perl/5.22 /usr/local/lib/site_perl /usr/lib/x86_64-linux-gnu/perl-base .) at /home/libsbml/development/sf_libsbml_experimental/src/bindings/perl/t/05__ModelL3.t line 4.
BEGIN failed--compilation aborted at /home/libsbml/development/sf_libsbml_experimental/src/bindings/perl/t/05__ModelL3.t line 4.
/home/libsbml/development/sf_libsbml_experimental/src/bindings/perl/t/05__ModelL3.t ................... 
Dubious, test returned 2 (wstat 512, 0x200)
Failed 294/294 subtests 
Can't locate LibSBML.pm in @INC (you may need to install the LibSBML module) (@INC contains: /home/libsbml/development/libsbml-build-scripts/autobuild-option-tests/BUILD/ubuntu-1604-exp-ninja-base-expat-check-cpp_ns-strict-perl/src/bindings/perl /etc/perl /usr/local/lib/x86_64-linux-gnu/perl/5.22.1 /usr/local/share/perl/5.22.1 /usr/lib/x86_64-linux-gnu/perl5/5.22 /usr/share/perl5 /usr/lib/x86_64-linux-gnu/perl/5.22 /usr/share/perl/5.22 /usr/local/lib/site_perl /usr/lib/x86_64-linux-gnu/perl-base .) at /home/libsbml/development/sf_libsbml_experimental/src/bindings/perl/t/05__ModifierSpeciesReference.t line 4.
BEGIN failed--compilation aborted at /home/libsbml/development/sf_libsbml_experimental/src/bindings/perl/t/05__ModifierSpeciesReference.t line 4.
/home/libsbml/development/sf_libsbml_experimental/src/bindings/perl/t/05__ModifierSpeciesReference.t .. 
Dubious, test returned 2 (wstat 512, 0x200)
Failed 17/17 subtests 
Can't locate LibSBML.pm in @INC (you may need to install the LibSBML module) (@INC contains: /home/libsbml/development/libsbml-build-scripts/autobuild-option-tests/BUILD/ubuntu-1604-exp-ninja-base-expat-check-cpp_ns-strict-perl/src/bindings/perl /etc/perl /usr/local/lib/x86_64-linux-gnu/perl/5.22.1 /usr/local/share/perl/5.22.1 /usr/lib/x86_64-linux-gnu/perl5/5.22 /usr/share/perl5 /usr/lib/x86_64-linux-gnu/perl/5.22 /usr/share/perl/5.22 /usr/local/lib/site_perl /usr/lib/x86_64-linux-gnu/perl-base .) at /home/libsbml/development/sf_libsbml_experimental/src/bindings/perl/t/05__Parameter.t line 4.
BEGIN failed--compilation aborted at /home/libsbml/development/sf_libsbml_experimental/src/bindings/perl/t/05__Parameter.t line 4.
/home/libsbml/development/sf_libsbml_experimental/src/bindings/perl/t/05__Parameter.t ................. 
Dubious, test returned 2 (wstat 512, 0x200)
Failed 47/47 subtests 
Can't locate LibSBML.pm in @INC (you may need to install the LibSBML module) (@INC contains: /home/libsbml/development/libsbml-build-scripts/autobuild-option-tests/BUILD/ubuntu-1604-exp-ninja-base-expat-check-cpp_ns-strict-perl/src/bindings/perl /etc/perl /usr/local/lib/x86_64-linux-gnu/perl/5.22.1 /usr/local/share/perl/5.22.1 /usr/lib/x86_64-linux-gnu/perl5/5.22 /usr/share/perl5 /usr/lib/x86_64-linux-gnu/perl/5.22 /usr/share/perl/5.22 /usr/local/lib/site_perl /usr/lib/x86_64-linux-gnu/perl-base .) at /home/libsbml/development/sf_libsbml_experimental/src/bindings/perl/t/05__ParameterL3.t line 4.
BEGIN failed--compilation aborted at /home/libsbml/development/sf_libsbml_experimental/src/bindings/perl/t/05__ParameterL3.t line 4.
/home/libsbml/development/sf_libsbml_experimental/src/bindings/perl/t/05__ParameterL3.t ............... 
Dubious, test returned 2 (wstat 512, 0x200)
Failed 46/46 subtests 
Can't locate LibSBML.pm in @INC (you may need to install the LibSBML module) (@INC contains: /home/libsbml/development/libsbml-build-scripts/autobuild-option-tests/BUILD/ubuntu-1604-exp-ninja-base-expat-check-cpp_ns-strict-perl/src/bindings/perl /etc/perl /usr/local/lib/x86_64-linux-gnu/perl/5.22.1 /usr/local/share/perl/5.22.1 /usr/lib/x86_64-linux-gnu/perl5/5.22 /usr/share/perl5 /usr/lib/x86_64-linux-gnu/perl/5.22 /usr/share/perl/5.22 /usr/local/lib/site_perl /usr/lib/x86_64-linux-gnu/perl-base .) at /home/libsbml/development/sf_libsbml_experimental/src/bindings/perl/t/05__ParameterRule.t line 4.
BEGIN failed--compilation aborted at /home/libsbml/development/sf_libsbml_experimental/src/bindings/perl/t/05__ParameterRule.t line 4.
# Looks like your test exited with 2 before it could output anything.
/home/libsbml/development/sf_libsbml_experimental/src/bindings/perl/t/05__ParameterRule.t ............. 
Dubious, test returned 2 (wstat 512, 0x200)
Failed 37/37 subtests 
Can't locate LibSBML.pm in @INC (you may need to install the LibSBML module) (@INC contains: /home/libsbml/development/libsbml-build-scripts/autobuild-option-tests/BUILD/ubuntu-1604-exp-ninja-base-expat-check-cpp_ns-strict-perl/src/bindings/perl /etc/perl /usr/local/lib/x86_64-linux-gnu/perl/5.22.1 /usr/local/share/perl/5.22.1 /usr/lib/x86_64-linux-gnu/perl5/5.22 /usr/share/perl5 /usr/lib/x86_64-linux-gnu/perl/5.22 /usr/share/perl/5.22 /usr/local/lib/site_perl /usr/lib/x86_64-linux-gnu/perl-base .) at /home/libsbml/development/sf_libsbml_experimental/src/bindings/perl/t/05__RateRule.t line 4.
BEGIN failed--compilation aborted at /home/libsbml/development/sf_libsbml_experimental/src/bindings/perl/t/05__RateRule.t line 4.
/home/libsbml/development/sf_libsbml_experimental/src/bindings/perl/t/05__RateRule.t .................. 
Dubious, test returned 2 (wstat 512, 0x200)
Failed 37/37 subtests 
Can't locate LibSBML.pm in @INC (you may need to install the LibSBML module) (@INC contains: /home/libsbml/development/libsbml-build-scripts/autobuild-option-tests/BUILD/ubuntu-1604-exp-ninja-base-expat-check-cpp_ns-strict-perl/src/bindings/perl /etc/perl /usr/local/lib/x86_64-linux-gnu/perl/5.22.1 /usr/local/share/perl/5.22.1 /usr/lib/x86_64-linux-gnu/perl5/5.22 /usr/share/perl5 /usr/lib/x86_64-linux-gnu/perl/5.22 /usr/share/perl/5.22 /usr/local/lib/site_perl /usr/lib/x86_64-linux-gnu/perl-base .) at /home/libsbml/development/sf_libsbml_experimental/src/bindings/perl/t/05__SBMLDocument.t line 5.
BEGIN failed--compilation aborted at /home/libsbml/development/sf_libsbml_experimental/src/bindings/perl/t/05__SBMLDocument.t line 5.
/home/libsbml/development/sf_libsbml_experimental/src/bindings/perl/t/05__SBMLDocument.t .............. 
Dubious, test returned 2 (wstat 512, 0x200)
Failed 36/36 subtests 
Can't locate LibSBML.pm in @INC (you may need to install the LibSBML module) (@INC contains: /home/libsbml/development/libsbml-build-scripts/autobuild-option-tests/BUILD/ubuntu-1604-exp-ninja-base-expat-check-cpp_ns-strict-perl/src/bindings/perl /etc/perl /usr/local/lib/x86_64-linux-gnu/perl/5.22.1 /usr/local/share/perl/5.22.1 /usr/lib/x86_64-linux-gnu/perl5/5.22 /usr/share/perl5 /usr/lib/x86_64-linux-gnu/perl/5.22 /usr/share/perl/5.22 /usr/local/lib/site_perl /usr/lib/x86_64-linux-gnu/perl-base .) at /home/libsbml/development/sf_libsbml_experimental/src/bindings/perl/t/05__SBMLDocumentVerbose.t line 5.
BEGIN failed--compilation aborted at /home/libsbml/development/sf_libsbml_experimental/src/bindings/perl/t/05__SBMLDocumentVerbose.t line 5.
/home/libsbml/development/sf_libsbml_experimental/src/bindings/perl/t/05__SBMLDocumentVerbose.t ....... 
Dubious, test returned 2 (wstat 512, 0x200)
Failed 35/35 subtests 
Can't locate LibSBML.pm in @INC (you may need to install the LibSBML module) (@INC contains: /home/libsbml/development/libsbml-build-scripts/autobuild-option-tests/BUILD/ubuntu-1604-exp-ninja-base-expat-check-cpp_ns-strict-perl/src/bindings/perl /etc/perl /usr/local/lib/x86_64-linux-gnu/perl/5.22.1 /usr/local/share/perl/5.22.1 /usr/lib/x86_64-linux-gnu/perl5/5.22 /usr/share/perl5 /usr/lib/x86_64-linux-gnu/perl/5.22 /usr/share/perl/5.22 /usr/local/lib/site_perl /usr/lib/x86_64-linux-gnu/perl-base .) at /home/libsbml/development/sf_libsbml_experimental/src/bindings/perl/t/06__TestReadSBML.t line 9.
BEGIN failed--compilation aborted at /home/libsbml/development/sf_libsbml_experimental/src/bindings/perl/t/06__TestReadSBML.t line 9.
# Looks like your test exited with 2 before it could output anything.
/home/libsbml/development/sf_libsbml_experimental/src/bindings/perl/t/06__TestReadSBML.t .............. 
Dubious, test returned 2 (wstat 512, 0x200)
Failed 425/425 subtests 
Can't locate LibSBML.pm in @INC (you may need to install the LibSBML module) (@INC contains: /home/libsbml/development/libsbml-build-scripts/autobuild-option-tests/BUILD/ubuntu-1604-exp-ninja-base-expat-check-cpp_ns-strict-perl/src/bindings/perl /etc/perl /usr/local/lib/x86_64-linux-gnu/perl/5.22.1 /usr/local/share/perl/5.22.1 /usr/lib/x86_64-linux-gnu/perl5/5.22 /usr/share/perl5 /usr/lib/x86_64-linux-gnu/perl/5.22 /usr/share/perl/5.22 /usr/local/lib/site_perl /usr/lib/x86_64-linux-gnu/perl-base .) at /home/libsbml/development/sf_libsbml_experimental/src/bindings/perl/t/06__TestReadSBMLL3.t line 8.
BEGIN failed--compilation aborted at /home/libsbml/development/sf_libsbml_experimental/src/bindings/perl/t/06__TestReadSBMLL3.t line 8.
# Looks like your test exited with 2 before it could output anything.
/home/libsbml/development/sf_libsbml_experimental/src/bindings/perl/t/06__TestReadSBMLL3.t ............ 
Dubious, test returned 2 (wstat 512, 0x200)
Failed 55/55 subtests 
Can't locate LibSBML.pm in @INC (you may need to install the LibSBML module) (@INC contains: /home/libsbml/development/libsbml-build-scripts/autobuild-option-tests/BUILD/ubuntu-1604-exp-ninja-base-expat-check-cpp_ns-strict-perl/src/bindings/perl /etc/perl /usr/local/lib/x86_64-linux-gnu/perl/5.22.1 /usr/local/share/perl/5.22.1 /usr/lib/x86_64-linux-gnu/perl5/5.22 /usr/share/perl5 /usr/lib/x86_64-linux-gnu/perl/5.22 /usr/share/perl/5.22 /usr/local/lib/site_perl /usr/lib/x86_64-linux-gnu/perl-base .) at /home/libsbml/development/sf_libsbml_experimental/src/bindings/perl/t/06__TestWriteSBML.t line 8.
BEGIN failed--compilation aborted at /home/libsbml/development/sf_libsbml_experimental/src/bindings/perl/t/06__TestWriteSBML.t line 8.
# Looks like your test exited with 2 before it could output anything.
/home/libsbml/development/sf_libsbml_experimental/src/bindings/perl/t/06__TestWriteSBML.t ............. 
Dubious, test returned 2 (wstat 512, 0x200)
Failed 72/72 subtests 
Can't locate LibSBML.pm in @INC (you may need to install the LibSBML module) (@INC contains: /home/libsbml/development/libsbml-build-scripts/autobuild-option-tests/BUILD/ubuntu-1604-exp-ninja-base-expat-check-cpp_ns-strict-perl/src/bindings/perl /etc/perl /usr/local/lib/x86_64-linux-gnu/perl/5.22.1 /usr/local/share/perl/5.22.1 /usr/lib/x86_64-linux-gnu/perl5/5.22 /usr/share/perl5 /usr/lib/x86_64-linux-gnu/perl/5.22 /usr/share/perl/5.22 /usr/local/lib/site_perl /usr/lib/x86_64-linux-gnu/perl-base .) at /home/libsbml/development/sf_libsbml_experimental/src/bindings/perl/t/06__TestWriteSBMLL3.t line 8.
BEGIN failed--compilation aborted at /home/libsbml/development/sf_libsbml_experimental/src/bindings/perl/t/06__TestWriteSBMLL3.t line 8.
# Looks like your test exited with 2 before it could output anything.
/home/libsbml/development/sf_libsbml_experimental/src/bindings/perl/t/06__TestWriteSBMLL3.t ........... 
Dubious, test returned 2 (wstat 512, 0x200)
Failed 9/9 subtests 
Can't locate LibSBML.pm in @INC (you may need to install the LibSBML module) (@INC contains: /home/libsbml/development/libsbml-build-scripts/autobuild-option-tests/BUILD/ubuntu-1604-exp-ninja-base-expat-check-cpp_ns-strict-perl/src/bindings/perl /etc/perl /usr/local/lib/x86_64-linux-gnu/perl/5.22.1 /usr/local/share/perl/5.22.1 /usr/lib/x86_64-linux-gnu/perl5/5.22 /usr/share/perl5 /usr/lib/x86_64-linux-gnu/perl/5.22 /usr/share/perl/5.22 /usr/local/lib/site_perl /usr/lib/x86_64-linux-gnu/perl-base .) at /home/libsbml/development/sf_libsbml_experimental/src/bindings/perl/t/07__TestCVTerms.t line 8.
BEGIN failed--compilation aborted at /home/libsbml/development/sf_libsbml_experimental/src/bindings/perl/t/07__TestCVTerms.t line 8.
# Looks like your test exited with 2 before it could output anything.
/home/libsbml/development/sf_libsbml_experimental/src/bindings/perl/t/07__TestCVTerms.t ............... 
Dubious, test returned 2 (wstat 512, 0x200)
Failed 22/22 subtests 
Can't locate LibSBML.pm in @INC (you may need to install the LibSBML module) (@INC contains: /home/libsbml/development/libsbml-build-scripts/autobuild-option-tests/BUILD/ubuntu-1604-exp-ninja-base-expat-check-cpp_ns-strict-perl/src/bindings/perl /etc/perl /usr/local/lib/x86_64-linux-gnu/perl/5.22.1 /usr/local/share/perl/5.22.1 /usr/lib/x86_64-linux-gnu/perl5/5.22 /usr/share/perl5 /usr/lib/x86_64-linux-gnu/perl/5.22 /usr/share/perl/5.22 /usr/local/lib/site_perl /usr/lib/x86_64-linux-gnu/perl-base .) at /home/libsbml/development/sf_libsbml_experimental/src/bindings/perl/t/07__TestModelHistory.t line 8.
BEGIN failed--compilation aborted at /home/libsbml/development/sf_libsbml_experimental/src/bindings/perl/t/07__TestModelHistory.t line 8.
# Looks like your test exited with 2 before it could output anything.
/home/libsbml/development/sf_libsbml_experimental/src/bindings/perl/t/07__TestModelHistory.t .......... 
Dubious, test returned 2 (wstat 512, 0x200)
Failed 152/152 subtests 
Can't locate LibSBML.pm in @INC (you may need to install the LibSBML module) (@INC contains: /home/libsbml/development/libsbml-build-scripts/autobuild-option-tests/BUILD/ubuntu-1604-exp-ninja-base-expat-check-cpp_ns-strict-perl/src/bindings/perl /etc/perl /usr/local/lib/x86_64-linux-gnu/perl/5.22.1 /usr/local/share/perl/5.22.1 /usr/lib/x86_64-linux-gnu/perl5/5.22 /usr/share/perl5 /usr/lib/x86_64-linux-gnu/perl/5.22 /usr/share/perl/5.22 /usr/local/lib/site_perl /usr/lib/x86_64-linux-gnu/perl-base .) at /home/libsbml/development/sf_libsbml_experimental/src/bindings/perl/t/07__TestRDFAnnotation2.t line 9.
BEGIN failed--compilation aborted at /home/libsbml/development/sf_libsbml_experimental/src/bindings/perl/t/07__TestRDFAnnotation2.t line 9.
# Looks like your test exited with 2 before it could output anything.
/home/libsbml/development/sf_libsbml_experimental/src/bindings/perl/t/07__TestRDFAnnotation2.t ........ 
Dubious, test returned 2 (wstat 512, 0x200)
Failed 43/43 subtests 

Test Summary Report
-------------------
/home/libsbml/development/sf_libsbml_experimental/src/bindings/perl/t/01__LoadModule.t              (Wstat: 256 Tests: 1 Failed: 1)
  Failed test:  1
  Non-zero exit status: 1
/home/libsbml/development/sf_libsbml_experimental/src/bindings/perl/t/02__CreateDocument.t          (Wstat: 512 Tests: 0 Failed: 0)
  Non-zero exit status: 2
  Parse errors: Bad plan.  You planned 1 tests but ran 0.
/home/libsbml/development/sf_libsbml_experimental/src/bindings/perl/t/02__ReadFromFile.t            (Wstat: 512 Tests: 0 Failed: 0)
  Non-zero exit status: 2
  Parse errors: Bad plan.  You planned 432 tests but ran 0.
/home/libsbml/development/sf_libsbml_experimental/src/bindings/perl/t/02__ReadFromFileL3.t          (Wstat: 512 Tests: 0 Failed: 0)
  Non-zero exit status: 2
  Parse errors: Bad plan.  You planned 68 tests but ran 0.
/home/libsbml/development/sf_libsbml_experimental/src/bindings/perl/t/02__WriteToFile.t             (Wstat: 512 Tests: 0 Failed: 0)
  Non-zero exit status: 2
  Parse errors: Bad plan.  You planned 1 tests but ran 0.
/home/libsbml/development/sf_libsbml_experimental/src/bindings/perl/t/02__WriteToFileL3.t           (Wstat: 512 Tests: 0 Failed: 0)
  Non-zero exit status: 2
  Parse errors: Bad plan.  You planned 1 tests but ran 0.
/home/libsbml/development/sf_libsbml_experimental/src/bindings/perl/t/03__ChangeValues.t            (Wstat: 512 Tests: 0 Failed: 0)
  Non-zero exit status: 2
  Parse errors: Bad plan.  You planned 2 tests but ran 0.
/home/libsbml/development/sf_libsbml_experimental/src/bindings/perl/t/03__DowncastRule.t            (Wstat: 512 Tests: 0 Failed: 0)
  Non-zero exit status: 2
  Parse errors: Bad plan.  You planned 13 tests but ran 0.
/home/libsbml/development/sf_libsbml_experimental/src/bindings/perl/t/03__DowncastSBase.t           (Wstat: 512 Tests: 0 Failed: 0)
  Non-zero exit status: 2
  Parse errors: Bad plan.  You planned 390 tests but ran 0.
/home/libsbml/development/sf_libsbml_experimental/src/bindings/perl/t/03__DowncastSBaseL3.t         (Wstat: 512 Tests: 0 Failed: 0)
  Non-zero exit status: 2
  Parse errors: Bad plan.  You planned 345 tests but ran 0.
/home/libsbml/development/sf_libsbml_experimental/src/bindings/perl/t/04__ListOf.t                  (Wstat: 512 Tests: 0 Failed: 0)
  Non-zero exit status: 2
  Parse errors: Bad plan.  You planned 34 tests but ran 0.
/home/libsbml/development/sf_libsbml_experimental/src/bindings/perl/t/04__ListOfL3.t                (Wstat: 512 Tests: 0 Failed: 0)
  Non-zero exit status: 2
  Parse errors: Bad plan.  You planned 34 tests but ran 0.
/home/libsbml/development/sf_libsbml_experimental/src/bindings/perl/t/05__AlgebraicRule.t           (Wstat: 512 Tests: 0 Failed: 0)
  Non-zero exit status: 2
  Parse errors: Bad plan.  You planned 24 tests but ran 0.
/home/libsbml/development/sf_libsbml_experimental/src/bindings/perl/t/05__AssignmentRule.t          (Wstat: 512 Tests: 0 Failed: 0)
  Non-zero exit status: 2
  Parse errors: Bad plan.  You planned 22 tests but ran 0.
/home/libsbml/development/sf_libsbml_experimental/src/bindings/perl/t/05__AssignmentRuleL3.t        (Wstat: 512 Tests: 0 Failed: 0)
  Non-zero exit status: 2
  Parse errors: Bad plan.  You planned 22 tests but ran 0.
/home/libsbml/development/sf_libsbml_experimental/src/bindings/perl/t/05__Compartment.t             (Wstat: 512 Tests: 0 Failed: 0)
  Non-zero exit status: 2
  Parse errors: Bad plan.  You planned 49 tests but ran 0.
/home/libsbml/development/sf_libsbml_experimental/src/bindings/perl/t/05__CompartmentL3.t           (Wstat: 512 Tests: 0 Failed: 0)
  Non-zero exit status: 2
  Parse errors: Bad plan.  You planned 39 tests but ran 0.
/home/libsbml/development/sf_libsbml_experimental/src/bindings/perl/t/05__CompartmentVolumeRule.t   (Wstat: 512 Tests: 0 Failed: 0)
  Non-zero exit status: 2
  Parse errors: Bad plan.  You planned 21 tests but ran 0.
/home/libsbml/development/sf_libsbml_experimental/src/bindings/perl/t/05__Event.t                   (Wstat: 512 Tests: 0 Failed: 0)
  Non-zero exit status: 2
  Parse errors: Bad plan.  You planned 66 tests but ran 0.
/home/libsbml/development/sf_libsbml_experimental/src/bindings/perl/t/05__EventAssignment.t         (Wstat: 512 Tests: 0 Failed: 0)
  Non-zero exit status: 2
  Parse errors: Bad plan.  You planned 29 tests but ran 0.
/home/libsbml/development/sf_libsbml_experimental/src/bindings/perl/t/05__EventL3.t                 (Wstat: 512 Tests: 0 Failed: 0)
  Non-zero exit status: 2
  Parse errors: Bad plan.  You planned 59 tests but ran 0.
/home/libsbml/development/sf_libsbml_experimental/src/bindings/perl/t/05__Formula.t                 (Wstat: 512 Tests: 0 Failed: 0)
  Non-zero exit status: 2
  Parse errors: Bad plan.  You planned 1 tests but ran 0.
/home/libsbml/development/sf_libsbml_experimental/src/bindings/perl/t/05__FunctionDefinition.t      (Wstat: 512 Tests: 0 Failed: 0)
  Non-zero exit status: 2
  Parse errors: Bad plan.  You planned 18 tests but ran 0.
/home/libsbml/development/sf_libsbml_experimental/src/bindings/perl/t/05__KineticLaw.t              (Wstat: 512 Tests: 0 Failed: 0)
  Non-zero exit status: 2
  Parse errors: Bad plan.  You planned 72 tests but ran 0.
/home/libsbml/development/sf_libsbml_experimental/src/bindings/perl/t/05__KineticLawL3.t            (Wstat: 512 Tests: 0 Failed: 0)
  Non-zero exit status: 2
  Parse errors: Bad plan.  You planned 59 tests but ran 0.
/home/libsbml/development/sf_libsbml_experimental/src/bindings/perl/t/05__Model.t                   (Wstat: 512 Tests: 0 Failed: 0)
  Non-zero exit status: 2
  Parse errors: Bad plan.  You planned 234 tests but ran 0.
/home/libsbml/development/sf_libsbml_experimental/src/bindings/perl/t/05__ModelL3.t                 (Wstat: 512 Tests: 0 Failed: 0)
  Non-zero exit status: 2
  Parse errors: Bad plan.  You planned 294 tests but ran 0.
/home/libsbml/development/sf_libsbml_experimental/src/bindings/perl/t/05__ModifierSpeciesReference.t (Wstat: 512 Tests: 0 Failed: 0)
  Non-zero exit status: 2
  Parse errors: Bad plan.  You planned 17 tests but ran 0.
/home/libsbml/development/sf_libsbml_experimental/src/bindings/perl/t/05__Parameter.t               (Wstat: 512 Tests: 0 Failed: 0)
  Non-zero exit status: 2
  Parse errors: Bad plan.  You planned 47 tests but ran 0.
/home/libsbml/development/sf_libsbml_experimental/src/bindings/perl/t/05__ParameterL3.t             (Wstat: 512 Tests: 0 Failed: 0)
  Non-zero exit status: 2
  Parse errors: Bad plan.  You planned 46 tests but ran 0.
/home/libsbml/development/sf_libsbml_experimental/src/bindings/perl/t/05__ParameterRule.t           (Wstat: 512 Tests: 0 Failed: 0)
  Non-zero exit status: 2
  Parse errors: Bad plan.  You planned 37 tests but ran 0.
/home/libsbml/development/sf_libsbml_experimental/src/bindings/perl/t/05__RateRule.t                (Wstat: 512 Tests: 0 Failed: 0)
  Non-zero exit status: 2
  Parse errors: Bad plan.  You planned 37 tests but ran 0.
/home/libsbml/development/sf_libsbml_experimental/src/bindings/perl/t/05__SBMLDocument.t            (Wstat: 512 Tests: 0 Failed: 0)
  Non-zero exit status: 2
  Parse errors: Bad plan.  You planned 36 tests but ran 0.
/home/libsbml/development/sf_libsbml_experimental/src/bindings/perl/t/05__SBMLDocumentVerbose.t     (Wstat: 512 Tests: 0 Failed: 0)
  Non-zero exit status: 2
  Parse errors: Bad plan.  You planned 35 tests but ran 0.
/home/libsbml/development/sf_libsbml_experimental/src/bindings/perl/t/06__TestReadSBML.t            (Wstat: 512 Tests: 0 Failed: 0)
  Non-zero exit status: 2
  Parse errors: Bad plan.  You planned 425 tests but ran 0.
/home/libsbml/development/sf_libsbml_experimental/src/bindings/perl/t/06__TestReadSBMLL3.t          (Wstat: 512 Tests: 0 Failed: 0)
  Non-zero exit status: 2
  Parse errors: Bad plan.  You planned 55 tests but ran 0.
/home/libsbml/development/sf_libsbml_experimental/src/bindings/perl/t/06__TestWriteSBML.t           (Wstat: 512 Tests: 0 Failed: 0)
  Non-zero exit status: 2
  Parse errors: Bad plan.  You planned 72 tests but ran 0.
/home/libsbml/development/sf_libsbml_experimental/src/bindings/perl/t/06__TestWriteSBMLL3.t         (Wstat: 512 Tests: 0 Failed: 0)
  Non-zero exit status: 2
  Parse errors: Bad plan.  You planned 9 tests but ran 0.
/home/libsbml/development/sf_libsbml_experimental/src/bindings/perl/t/07__TestCVTerms.t             (Wstat: 512 Tests: 0 Failed: 0)
  Non-zero exit status: 2
  Parse errors: Bad plan.  You planned 22 tests but ran 0.
/home/libsbml/development/sf_libsbml_experimental/src/bindings/perl/t/07__TestModelHistory.t        (Wstat: 512 Tests: 0 Failed: 0)
  Non-zero exit status: 2
  Parse errors: Bad plan.  You planned 152 tests but ran 0.
/home/libsbml/development/sf_libsbml_experimental/src/bindings/perl/t/07__TestRDFAnnotation2.t      (Wstat: 512 Tests: 0 Failed: 0)
  Non-zero exit status: 2
  Parse errors: Bad plan.  You planned 43 tests but ran 0.
Files=41, Tests=1,  1 wallclock secs ( 0.10 usr  0.04 sys +  0.64 cusr  0.06 csys =  0.84 CPU)
Result: FAIL
Failed 41/41 test programs. 1/1 subtests failed.


0% tests passed, 12 tests failed out of 12

Total Test time (real) =   0.96 sec

The following tests FAILED:
	  1 - test_l3v2extendedmath_validator_run (Not Run)
	  2 - test_extension_package_l3v2extendedmath_run (Not Run)
	  3 - test_sbml_annotation_run (Not Run)
	  4 - test_sbml_conversion_run (Not Run)
	  5 - test_sbml_extension_run (Not Run)
	  6 - test_sbml_math_run (Not Run)
	  7 - test_sbml_sbml_run (Not Run)
	  8 - test_sbml_units_run (Not Run)
	  9 - test_sbml_util_run (Not Run)
	 10 - test_sbml_validator_run (Not Run)
	 11 - test_sbml_xml_run (Not Run)
	 12 - test_perl_binding (Failed)
[ERROR_MESSAGE] 
Errors while running CTest

