[HANDLER_OUTPUT] 
Test project /home/libsbml/development/libsbml-build-scripts/autobuild-option-tests/BUILD/ubuntu-1604-exp-ninja-base-expat-check-cpp_ns-java

      Start  1: test_l3v2extendedmath_validator_run
 1/13 Test  #1: test_l3v2extendedmath_validator_run ...........   Passed    0.06 sec
      Start  2: test_extension_package_l3v2extendedmath_run
 2/13 Test  #2: test_extension_package_l3v2extendedmath_run ...   Passed    0.07 sec
      Start  3: test_sbml_annotation_run
 3/13 Test  #3: test_sbml_annotation_run ......................   Passed    0.45 sec
      Start  4: test_sbml_conversion_run
 4/13 Test  #4: test_sbml_conversion_run ......................   Passed    0.50 sec
      Start  5: test_sbml_extension_run
 5/13 Test  #5: test_sbml_extension_run .......................   Passed    0.08 sec
      Start  6: test_sbml_math_run
 6/13 Test  #6: test_sbml_math_run ............................   Passed    0.11 sec
      Start  7: test_sbml_sbml_run
 7/13 Test  #7: test_sbml_sbml_run ............................   Passed    2.21 sec
      Start  8: test_sbml_units_run
 8/13 Test  #8: test_sbml_units_run ...........................   Passed    0.79 sec
      Start  9: test_sbml_util_run
 9/13 Test  #9: test_sbml_util_run ............................   Passed    0.04 sec
      Start 10: test_sbml_validator_run
10/13 Test #10: test_sbml_validator_run .......................   Passed    3.72 sec
      Start 11: test_sbml_xml_run
11/13 Test #11: test_sbml_xml_run .............................   Passed    0.20 sec
      Start 12: test_java_binding
12/13 Test #12: test_java_binding .............................***Failed  Error regular expression found in output. Regex=[Error]  0.82 sec
................................................................................................................................................................................................................................................................................................................................................................................................................................................................................................................................................................................................F
java.lang.AssertionError
	at org.sbml.libsbml.test.sbml.TestConsistencyChecks.assertTrue(TestConsistencyChecks.java:48)
	at org.sbml.libsbml.test.sbml.TestConsistencyChecks.test_consistency_checks(TestConsistencyChecks.java:155)
	at sun.reflect.NativeMethodAccessorImpl.invoke0(Native Method)
	at sun.reflect.NativeMethodAccessorImpl.invoke(NativeMethodAccessorImpl.java:62)
	at sun.reflect.DelegatingMethodAccessorImpl.invoke(DelegatingMethodAccessorImpl.java:43)
	at java.lang.reflect.Method.invoke(Method.java:498)
	at AutoTestRunner.test(AutoTestRunner.java:168)
	at AutoTestRunner.main(AutoTestRunner.java:237)
...............................................................................................................................................................................................................................................................................................................................................................................................................................................

      Start 13: test_java_printversion
13/13 Test #13: test_java_printversion ........................   Passed    0.13 sec

92% tests passed, 1 tests failed out of 13

Total Test time (real) =   9.20 sec

The following tests FAILED:
	 12 - test_java_binding (Failed)
[ERROR_MESSAGE] 
Errors while running CTest

