[HANDLER_OUTPUT] 
Test project /home/libsbml/development/libsbml-build-scripts/autobuild-option-tests/BUILD/ubuntu-1604-exp-ninja-base-packages-expat-check-cpp_ns-examples-java

        Start   1: test_comp_extensions_run
  1/117 Test   #1: test_comp_extensions_run ......................   Passed    0.55 sec
        Start   2: test_comp_sbase_run
  2/117 Test   #2: test_comp_sbase_run ...........................   Passed    0.35 sec
        Start   3: test_comp_util_run
  3/117 Test   #3: test_comp_util_run ............................   Passed    3.15 sec
        Start   4: test_comp_validator_run
  4/117 Test   #4: test_comp_validator_run .......................   Passed    0.61 sec
        Start   5: test_extension_package_qual_run
  5/117 Test   #5: test_extension_package_qual_run ...............   Passed    0.23 sec
        Start   6: test_sbml_package_qual_run
  6/117 Test   #6: test_sbml_package_qual_run ....................   Passed    0.25 sec
        Start   7: test_qual_validator_run
  7/117 Test   #7: test_qual_validator_run .......................   Passed    0.28 sec
        Start   8: test_sbml_package_render_run
  8/117 Test   #8: test_sbml_package_render_run ..................   Passed    0.92 sec
        Start   9: test_render_validator_run
  9/117 Test   #9: test_render_validator_run .....................   Passed    0.26 sec
        Start  10: test_sbml_package_multi_run
 10/117 Test  #10: test_sbml_package_multi_run ...................   Passed    0.20 sec
        Start  11: test_multi_validator_run
 11/117 Test  #11: test_multi_validator_run ......................   Passed    0.25 sec
        Start  12: test_sbml_package_fbc_run
 12/117 Test  #12: test_sbml_package_fbc_run .....................   Passed    0.37 sec
        Start  13: test_fbc_validator_run
 13/117 Test  #13: test_fbc_validator_run ........................   Passed    0.49 sec
        Start  14: test_l3v2extendedmath_validator_run
 14/117 Test  #14: test_l3v2extendedmath_validator_run ...........   Passed    0.18 sec
        Start  15: test_extension_package_l3v2extendedmath_run
 15/117 Test  #15: test_extension_package_l3v2extendedmath_run ...   Passed    0.23 sec
        Start  16: test_sbml_package_spatial_run
 16/117 Test  #16: test_sbml_package_spatial_run .................   Passed    0.28 sec
        Start  17: test_sbml_objects_package_spatial
 17/117 Test  #17: test_sbml_objects_package_spatial .............   Passed    0.25 sec
        Start  18: test_spatial_validator_run
 18/117 Test  #18: test_spatial_validator_run ....................   Passed    0.43 sec
        Start  19: test_extension_package_dyn_run
 19/117 Test  #19: test_extension_package_dyn_run ................   Passed    0.25 sec
        Start  20: test_sbml_package_req_run
 20/117 Test  #20: test_sbml_package_req_run .....................   Passed    0.24 sec
        Start  21: test_sbml_package_layout_run
 21/117 Test  #21: test_sbml_package_layout_run ..................   Passed    0.69 sec
        Start  22: test_layout_validator_run
 22/117 Test  #22: test_layout_validator_run .....................   Passed    0.70 sec
        Start  23: test_extension_package_arrays_run
 23/117 Test  #23: test_extension_package_arrays_run .............   Passed    0.33 sec
        Start  24: test_arrays_util_run
 24/117 Test  #24: test_arrays_util_run ..........................   Passed    0.27 sec
        Start  25: test_extension_package_groups_run
 25/117 Test  #25: test_extension_package_groups_run .............   Passed    0.24 sec
        Start  26: test_groups_validator_run
 26/117 Test  #26: test_groups_validator_run .....................   Passed    0.19 sec
        Start  27: test_extension_package_distrib_run
 27/117 Test  #27: test_extension_package_distrib_run ............   Passed    0.26 sec
        Start  28: test_sbml_package_distrib_run
 28/117 Test  #28: test_sbml_package_distrib_run .................   Passed    0.27 sec
        Start  29: test_distrib_util_run
 29/117 Test  #29: test_distrib_util_run .........................   Passed    0.35 sec
        Start  30: test_distrib_validator_run
 30/117 Test  #30: test_distrib_validator_run ....................   Passed    0.19 sec
        Start  31: test_sbml_annotation_run
 31/117 Test  #31: test_sbml_annotation_run ......................   Passed    0.59 sec
        Start  32: test_sbml_conversion_run
 32/117 Test  #32: test_sbml_conversion_run ......................   Passed    0.63 sec
        Start  33: test_sbml_extension_run
 33/117 Test  #33: test_sbml_extension_run .......................   Passed    0.59 sec
        Start  34: test_sbml_math_run
 34/117 Test  #34: test_sbml_math_run ............................   Passed    0.36 sec
        Start  35: test_sbml_sbml_run
 35/117 Test  #35: test_sbml_sbml_run ............................   Passed    2.73 sec
        Start  36: test_sbml_units_run
 36/117 Test  #36: test_sbml_units_run ...........................   Passed    0.96 sec
        Start  37: test_sbml_util_run
 37/117 Test  #37: test_sbml_util_run ............................   Passed    0.05 sec
        Start  38: test_sbml_validator_run
 38/117 Test  #38: test_sbml_validator_run .......................   Passed    4.51 sec
        Start  39: test_sbml_xml_run
 39/117 Test  #39: test_sbml_xml_run .............................   Passed    0.32 sec
        Start  40: test_java_binding
 40/117 Test  #40: test_java_binding .............................***Failed  Error regular expression found in output. Regex=[Error]  0.09 sec
Error: Could not find or load main class AutoTestRunner

        Start  41: test_java_printversion
 41/117 Test  #41: test_java_printversion ........................***Failed    0.09 sec
Error: Could not find or load main class TestPrintVersion

        Start  42: test_c_addCVTerms
 42/117 Test  #42: test_c_addCVTerms .............................   Passed    0.17 sec
        Start  43: test_c_addingEvidenceCodes_1
 43/117 Test  #43: test_c_addingEvidenceCodes_1 ..................   Passed    0.19 sec
        Start  44: test_c_addingEvidenceCodes_2
 44/117 Test  #44: test_c_addingEvidenceCodes_2 ..................   Passed    0.17 sec
        Start  45: test_c_addModelHistory
 45/117 Test  #45: test_c_addModelHistory ........................   Passed    0.18 sec
        Start  46: test_c_appendAnnotation
 46/117 Test  #46: test_c_appendAnnotation .......................   Passed    0.15 sec
        Start  47: test_c_convertSBML
 47/117 Test  #47: test_c_convertSBML ............................   Passed    0.22 sec
        Start  48: test_c_createExampleSBML
 48/117 Test  #48: test_c_createExampleSBML ......................   Passed    0.41 sec
        Start  49: test_c_drawMath
 49/117 Test  #49: test_c_drawMath ...............................   Passed    0.24 sec
        Start  50: test_c_echoSBML
 50/117 Test  #50: test_c_echoSBML ...............................   Passed    0.22 sec
        Start  51: test_c_printAnnotation
 51/117 Test  #51: test_c_printAnnotation ........................   Passed    0.20 sec
        Start  52: test_c_printMath
 52/117 Test  #52: test_c_printMath ..............................   Passed    0.18 sec
        Start  53: test_c_printNotes
 53/117 Test  #53: test_c_printNotes .............................   Passed    0.20 sec
        Start  54: test_c_printRegisteredPackages
 54/117 Test  #54: test_c_printRegisteredPackages ................   Passed    0.12 sec
        Start  55: test_c_printSBML
 55/117 Test  #55: test_c_printSBML ..............................   Passed    0.18 sec
        Start  56: test_c_printSupported
 56/117 Test  #56: test_c_printSupported .........................   Passed    0.16 sec
        Start  57: test_c_printUnits
 57/117 Test  #57: test_c_printUnits .............................   Passed    0.20 sec
        Start  58: test_c_promoteParameters
 58/117 Test  #58: test_c_promoteParameters ......................   Passed    0.17 sec
        Start  59: test_c_readSBML
 59/117 Test  #59: test_c_readSBML ...............................   Passed    0.16 sec
        Start  60: test_c_stripPackage
 60/117 Test  #60: test_c_stripPackage ...........................   Passed    0.17 sec
        Start  61: test_c_unsetAnnotation
 61/117 Test  #61: test_c_unsetAnnotation ........................   Passed    0.15 sec
        Start  62: test_c_unsetNotes
 62/117 Test  #62: test_c_unsetNotes .............................   Passed    0.19 sec
        Start  63: test_c_validateSBML
 63/117 Test  #63: test_c_validateSBML ...........................   Passed    0.18 sec
        Start  64: test_cxx_addCVTerms
 64/117 Test  #64: test_cxx_addCVTerms ...........................   Passed    0.15 sec
        Start  65: test_cxx_addCustomValidator
 65/117 Test  #65: test_cxx_addCustomValidator ...................   Passed    0.22 sec
        Start  66: test_cxx_addingEvidenceCodes_1
 66/117 Test  #66: test_cxx_addingEvidenceCodes_1 ................   Passed    0.19 sec
        Start  67: test_cxx_addingEvidenceCodes_2
 67/117 Test  #67: test_cxx_addingEvidenceCodes_2 ................   Passed    0.19 sec
        Start  68: test_cxx_addModelHistory
 68/117 Test  #68: test_cxx_addModelHistory ......................   Passed    0.18 sec
        Start  69: test_cxx_appendAnnotation
 69/117 Test  #69: test_cxx_appendAnnotation .....................   Passed    0.15 sec
        Start  70: test_cxx_callExternalValidator
 70/117 Test  #70: test_cxx_callExternalValidator ................   Passed    0.16 sec
        Start  71: test_cxx_convertSBML
 71/117 Test  #71: test_cxx_convertSBML ..........................   Passed    0.21 sec
        Start  72: test_cxx_convertToL1V1
 72/117 Test  #72: test_cxx_convertToL1V1 ........................   Passed    0.20 sec
        Start  73: test_cxx_createExampleSBML
 73/117 Test  #73: test_cxx_createExampleSBML ....................   Passed    0.22 sec
        Start  74: test_cxx_echoSBML
 74/117 Test  #74: test_cxx_echoSBML .............................   Passed    0.18 sec
        Start  75: test_cxx_inferUnits
 75/117 Test  #75: test_cxx_inferUnits ...........................   Passed    0.23 sec
        Start  76: test_cxx_inlineFunctionDefintions
 76/117 Test  #76: test_cxx_inlineFunctionDefintions .............   Passed    0.17 sec
        Start  77: test_cxx_convertReactions
 77/117 Test  #77: test_cxx_convertReactions .....................   Passed    0.17 sec
        Start  78: test_cxx_getAllElementsWithNotes
 78/117 Test  #78: test_cxx_getAllElementsWithNotes ..............   Passed    0.17 sec
        Start  79: test_cxx_printAnnotation
 79/117 Test  #79: test_cxx_printAnnotation ......................   Passed    0.15 sec
        Start  80: test_cxx_printMath
 80/117 Test  #80: test_cxx_printMath ............................   Passed    0.14 sec
        Start  81: test_cxx_printNotes
 81/117 Test  #81: test_cxx_printNotes ...........................   Passed    0.15 sec
        Start  82: test_cxx_printSBML
 82/117 Test  #82: test_cxx_printSBML ............................   Passed    0.16 sec
        Start  83: test_cxx_printRegisteredPackages
 83/117 Test  #83: test_cxx_printRegisteredPackages ..............   Passed    0.14 sec
        Start  84: test_cxx_printSupported
 84/117 Test  #84: test_cxx_printSupported .......................   Passed    0.19 sec
        Start  85: test_cxx_printUnits
 85/117 Test  #85: test_cxx_printUnits ...........................   Passed    0.19 sec
        Start  86: test_cxx_promoteParameters
 86/117 Test  #86: test_cxx_promoteParameters ....................   Passed    0.15 sec
        Start  87: test_cxx_readSBML
 87/117 Test  #87: test_cxx_readSBML .............................   Passed    0.17 sec
        Start  88: test_cxx_renameSId
 88/117 Test  #88: test_cxx_renameSId ............................   Passed    0.19 sec
        Start  89: test_cxx_setIdFromNames
 89/117 Test  #89: test_cxx_setIdFromNames .......................   Passed    0.21 sec
        Start  90: test_cxx_setNamesFromIds
 90/117 Test  #90: test_cxx_setNamesFromIds ......................   Passed    0.16 sec
        Start  91: test_cxx_stripPackage
 91/117 Test  #91: test_cxx_stripPackage .........................   Passed    0.18 sec
        Start  92: test_cxx_unsetAnnotation
 92/117 Test  #92: test_cxx_unsetAnnotation ......................   Passed    0.21 sec
        Start  93: test_cxx_unsetNotes
 93/117 Test  #93: test_cxx_unsetNotes ...........................   Passed    0.21 sec
        Start  94: test_cxx_validateSBML
 94/117 Test  #94: test_cxx_validateSBML .........................   Passed    0.17 sec
        Start  95: test_java_addCVTerms
 95/117 Test  #95: test_java_addCVTerms ..........................***Failed    0.11 sec
Error: Could not find or load main class addCVTerms

        Start  96: test_java_addingEvidenceCodes_1
 96/117 Test  #96: test_java_addingEvidenceCodes_1 ...............***Failed    0.09 sec
Error: Could not find or load main class addingEvidenceCodes_1

        Start  97: test_java_addingEvidenceCodes_2
 97/117 Test  #97: test_java_addingEvidenceCodes_2 ...............***Failed    0.08 sec
Error: Could not find or load main class addingEvidenceCodes_2

        Start  98: test_java_addModelHistory
 98/117 Test  #98: test_java_addModelHistory .....................***Failed    0.09 sec
Error: Could not find or load main class addModelHistory

        Start  99: test_java_appendAnnotation
 99/117 Test  #99: test_java_appendAnnotation ....................***Failed    0.09 sec
Error: Could not find or load main class appendAnnotation

        Start 100: test_java_createExampleSBML
100/117 Test #100: test_java_createExampleSBML ...................***Failed    0.09 sec
Error: Could not find or load main class createExampleSBML

        Start 101: test_java_echoSBML
101/117 Test #101: test_java_echoSBML ............................***Failed    0.08 sec
Error: Could not find or load main class echoSBML

        Start 102: test_java_evaluateCustomMath
102/117 Test #102: test_java_evaluateCustomMath ..................***Failed    0.09 sec
Error: Could not find or load main class evaluateCustomMath

        Start 103: test_java_getAllElementsWithNotes
103/117 Test #103: test_java_getAllElementsWithNotes .............***Failed    0.09 sec
Error: Could not find or load main class getAllElementsWithNotes

        Start 104: test_java_inlineInitialAssignments
104/117 Test #104: test_java_inlineInitialAssignments ............***Failed    0.08 sec
Error: Could not find or load main class inlineInitialAssignments

        Start 105: test_java_printAnnotation
105/117 Test #105: test_java_printAnnotation .....................***Failed    0.08 sec
Error: Could not find or load main class printAnnotation

        Start 106: test_java_printMath
106/117 Test #106: test_java_printMath ...........................***Failed    0.08 sec
Error: Could not find or load main class printMath

        Start 107: test_java_printNotes
107/117 Test #107: test_java_printNotes ..........................***Failed    0.08 sec
Error: Could not find or load main class printNotes

        Start 108: test_java_printRegisteredPackages
108/117 Test #108: test_java_printRegisteredPackages .............***Failed    0.08 sec
Error: Could not find or load main class printRegisteredPackages

        Start 109: test_java_printSBML
109/117 Test #109: test_java_printSBML ...........................***Failed    0.10 sec
Error: Could not find or load main class printSBML

        Start 110: test_java_printsupported
110/117 Test #110: test_java_printsupported ......................***Failed    0.08 sec
Error: Could not find or load main class printsupported

        Start 111: test_java_printUnits
111/117 Test #111: test_java_printUnits ..........................***Failed    0.08 sec
Error: Could not find or load main class printUnits

        Start 112: test_java_promoteParameters
112/117 Test #112: test_java_promoteParameters ...................***Failed    0.08 sec
Error: Could not find or load main class promoteParameters

        Start 113: test_java_readSBML
113/117 Test #113: test_java_readSBML ............................***Failed    0.08 sec
Error: Could not find or load main class readSBML

        Start 114: test_java_replaceOneFD
114/117 Test #114: test_java_replaceOneFD ........................***Failed    0.10 sec
Error: Could not find or load main class replaceOneFD

        Start 115: test_java_setIdFromNames
115/117 Test #115: test_java_setIdFromNames ......................***Failed    0.09 sec
Error: Could not find or load main class setIdFromNames

        Start 116: test_java_stripPackage
116/117 Test #116: test_java_stripPackage ........................***Failed    0.08 sec
Error: Could not find or load main class stripPackage

        Start 117: test_java_unsetAnnotation
117/117 Test #117: test_java_unsetAnnotation .....................***Failed    0.09 sec
Error: Could not find or load main class unsetAnnotation


79% tests passed, 25 tests failed out of 117

Total Test time (real) =  36.43 sec

The following tests FAILED:
	 40 - test_java_binding (Failed)
	 41 - test_java_printversion (Failed)
	 95 - test_java_addCVTerms (Failed)
	 96 - test_java_addingEvidenceCodes_1 (Failed)
	 97 - test_java_addingEvidenceCodes_2 (Failed)
	 98 - test_java_addModelHistory (Failed)
	 99 - test_java_appendAnnotation (Failed)
	100 - test_java_createExampleSBML (Failed)
	101 - test_java_echoSBML (Failed)
	102 - test_java_evaluateCustomMath (Failed)
	103 - test_java_getAllElementsWithNotes (Failed)
	104 - test_java_inlineInitialAssignments (Failed)
	105 - test_java_printAnnotation (Failed)
	106 - test_java_printMath (Failed)
	107 - test_java_printNotes (Failed)
	108 - test_java_printRegisteredPackages (Failed)
	109 - test_java_printSBML (Failed)
	110 - test_java_printsupported (Failed)
	111 - test_java_printUnits (Failed)
	112 - test_java_promoteParameters (Failed)
	113 - test_java_readSBML (Failed)
	114 - test_java_replaceOneFD (Failed)
	115 - test_java_setIdFromNames (Failed)
	116 - test_java_stripPackage (Failed)
	117 - test_java_unsetAnnotation (Failed)
[ERROR_MESSAGE] 
Errors while running CTest

