[HANDLER_OUTPUT] 
Test project /home/libsbml/development/libsbml-build-scripts/autobuild-option-tests/BUILD/ubuntu-1604-exp-ninja-base-xml2-check-strict-python

      Start  1: test_l3v2extendedmath_validator_run
Could not find executable /home/libsbml/development/libsbml-build-scripts/autobuild-option-tests/BUILD/ubuntu-1604-exp-ninja-base-xml2-check-strict-python/src/sbml/packages/l3v2extendedmath/validator/test/test_l3v2extendedmath_validator
Looked in the following places:
/home/libsbml/development/libsbml-build-scripts/autobuild-option-tests/BUILD/ubuntu-1604-exp-ninja-base-xml2-check-strict-python/src/sbml/packages/l3v2extendedmath/validator/test/test_l3v2extendedmath_validator
/home/libsbml/development/libsbml-build-scripts/autobuild-option-tests/BUILD/ubuntu-1604-exp-ninja-base-xml2-check-strict-python/src/sbml/packages/l3v2extendedmath/validator/test/test_l3v2extendedmath_validator
/home/libsbml/development/libsbml-build-scripts/autobuild-option-tests/BUILD/ubuntu-1604-exp-ninja-base-xml2-check-strict-python/src/sbml/packages/l3v2extendedmath/validator/test/Release/test_l3v2extendedmath_validator
/home/libsbml/development/libsbml-build-scripts/autobuild-option-tests/BUILD/ubuntu-1604-exp-ninja-base-xml2-check-strict-python/src/sbml/packages/l3v2extendedmath/validator/test/Release/test_l3v2extendedmath_validator
/home/libsbml/development/libsbml-build-scripts/autobuild-option-tests/BUILD/ubuntu-1604-exp-ninja-base-xml2-check-strict-python/src/sbml/packages/l3v2extendedmath/validator/test/Debug/test_l3v2extendedmath_validator
/home/libsbml/development/libsbml-build-scripts/autobuild-option-tests/BUILD/ubuntu-1604-exp-ninja-base-xml2-check-strict-python/src/sbml/packages/l3v2extendedmath/validator/test/Debug/test_l3v2extendedmath_validator
/home/libsbml/development/libsbml-build-scripts/autobuild-option-tests/BUILD/ubuntu-1604-exp-ninja-base-xml2-check-strict-python/src/sbml/packages/l3v2extendedmath/validator/test/MinSizeRel/test_l3v2extendedmath_validator
/home/libsbml/development/libsbml-build-scripts/autobuild-option-tests/BUILD/ubuntu-1604-exp-ninja-base-xml2-check-strict-python/src/sbml/packages/l3v2extendedmath/validator/test/MinSizeRel/test_l3v2extendedmath_validator
/home/libsbml/development/libsbml-build-scripts/autobuild-option-tests/BUILD/ubuntu-1604-exp-ninja-base-xml2-check-strict-python/src/sbml/packages/l3v2extendedmath/validator/test/RelWithDebInfo/test_l3v2extendedmath_validator
/home/libsbml/development/libsbml-build-scripts/autobuild-option-tests/BUILD/ubuntu-1604-exp-ninja-base-xml2-check-strict-python/src/sbml/packages/l3v2extendedmath/validator/test/RelWithDebInfo/test_l3v2extendedmath_validator
/home/libsbml/development/libsbml-build-scripts/autobuild-option-tests/BUILD/ubuntu-1604-exp-ninja-base-xml2-check-strict-python/src/sbml/packages/l3v2extendedmath/validator/test/Deployment/test_l3v2extendedmath_validator
/home/libsbml/development/libsbml-build-scripts/autobuild-option-tests/BUILD/ubuntu-1604-exp-ninja-base-xml2-check-strict-python/src/sbml/packages/l3v2extendedmath/validator/test/Deployment/test_l3v2extendedmath_validator
/home/libsbml/development/libsbml-build-scripts/autobuild-option-tests/BUILD/ubuntu-1604-exp-ninja-base-xml2-check-strict-python/src/sbml/packages/l3v2extendedmath/validator/test/Development/test_l3v2extendedmath_validator
/home/libsbml/development/libsbml-build-scripts/autobuild-option-tests/BUILD/ubuntu-1604-exp-ninja-base-xml2-check-strict-python/src/sbml/packages/l3v2extendedmath/validator/test/Development/test_l3v2extendedmath_validator
home/libsbml/development/libsbml-build-scripts/autobuild-option-tests/BUILD/ubuntu-1604-exp-ninja-base-xml2-check-strict-python/src/sbml/packages/l3v2extendedmath/validator/test/test_l3v2extendedmath_validator
home/libsbml/development/libsbml-build-scripts/autobuild-option-tests/BUILD/ubuntu-1604-exp-ninja-base-xml2-check-strict-python/src/sbml/packages/l3v2extendedmath/validator/test/test_l3v2extendedmath_validator
home/libsbml/development/libsbml-build-scripts/autobuild-option-tests/BUILD/ubuntu-1604-exp-ninja-base-xml2-check-strict-python/src/sbml/packages/l3v2extendedmath/validator/test/Release/test_l3v2extendedmath_validator
home/libsbml/development/libsbml-build-scripts/autobuild-option-tests/BUILD/ubuntu-1604-exp-ninja-base-xml2-check-strict-python/src/sbml/packages/l3v2extendedmath/validator/test/Release/test_l3v2extendedmath_validator
home/libsbml/development/libsbml-build-scripts/autobuild-option-tests/BUILD/ubuntu-1604-exp-ninja-base-xml2-check-strict-python/src/sbml/packages/l3v2extendedmath/validator/test/Debug/test_l3v2extendedmath_validator
home/libsbml/development/libsbml-build-scripts/autobuild-option-tests/BUILD/ubuntu-1604-exp-ninja-base-xml2-check-strict-python/src/sbml/packages/l3v2extendedmath/validator/test/Debug/test_l3v2extendedmath_validator
home/libsbml/development/libsbml-build-scripts/autobuild-option-tests/BUILD/ubuntu-1604-exp-ninja-base-xml2-check-strict-python/src/sbml/packages/l3v2extendedmath/validator/test/MinSizeRel/test_l3v2extendedmath_validator
home/libsbml/development/libsbml-build-scripts/autobuild-option-tests/BUILD/ubuntu-1604-exp-ninja-base-xml2-check-strict-python/src/sbml/packages/l3v2extendedmath/validator/test/MinSizeRel/test_l3v2extendedmath_validator
home/libsbml/development/libsbml-build-scripts/autobuild-option-tests/BUILD/ubuntu-1604-exp-ninja-base-xml2-check-strict-python/src/sbml/packages/l3v2extendedmath/validator/test/RelWithDebInfo/test_l3v2extendedmath_validator
home/libsbml/development/libsbml-build-scripts/autobuild-option-tests/BUILD/ubuntu-1604-exp-ninja-base-xml2-check-strict-python/src/sbml/packages/l3v2extendedmath/validator/test/RelWithDebInfo/test_l3v2extendedmath_validator
home/libsbml/development/libsbml-build-scripts/autobuild-option-tests/BUILD/ubuntu-1604-exp-ninja-base-xml2-check-strict-python/src/sbml/packages/l3v2extendedmath/validator/test/Deployment/test_l3v2extendedmath_validator
home/libsbml/development/libsbml-build-scripts/autobuild-option-tests/BUILD/ubuntu-1604-exp-ninja-base-xml2-check-strict-python/src/sbml/packages/l3v2extendedmath/validator/test/Deployment/test_l3v2extendedmath_validator
home/libsbml/development/libsbml-build-scripts/autobuild-option-tests/BUILD/ubuntu-1604-exp-ninja-base-xml2-check-strict-python/src/sbml/packages/l3v2extendedmath/validator/test/Development/test_l3v2extendedmath_validator
home/libsbml/development/libsbml-build-scripts/autobuild-option-tests/BUILD/ubuntu-1604-exp-ninja-base-xml2-check-strict-python/src/sbml/packages/l3v2extendedmath/validator/test/Development/test_l3v2extendedmath_validator
[ERROR_MESSAGE] 
Unable to find executable: /home/libsbml/development/libsbml-build-scripts/autobuild-option-tests/BUILD/ubuntu-1604-exp-ninja-base-xml2-check-strict-python/src/sbml/packages/l3v2extendedmath/validator/test/test_l3v2extendedmath_validator

[HANDLER_OUTPUT] 
 1/
40 Test  #1: test_l3v2extendedmath_validator_run ...........***Not Run   0.00 sec
      Start  2: test_extension_package_l3v2extendedmath_run
Could not find executable /home/libsbml/development/libsbml-build-scripts/autobuild-option-tests/BUILD/ubuntu-1604-exp-ninja-base-xml2-check-strict-python/src/sbml/packages/l3v2extendedmath/extension/test/test_extension_package_l3v2extendedmath
Looked in the following places:
/home/libsbml/development/libsbml-build-scripts/autobuild-option-tests/BUILD/ubuntu-1604-exp-ninja-base-xml2-check-strict-python/src/sbml/packages/l3v2extendedmath/extension/test/test_extension_package_l3v2extendedmath
/home/libsbml/development/libsbml-build-scripts/autobuild-option-tests/BUILD/ubuntu-1604-exp-ninja-base-xml2-check-strict-python/src/sbml/packages/l3v2extendedmath/extension/test/test_extension_package_l3v2extendedmath
/home/libsbml/development/libsbml-build-scripts/autobuild-option-tests/BUILD/ubuntu-1604-exp-ninja-base-xml2-check-strict-python/src/sbml/packages/l3v2extendedmath/extension/test/Release/test_extension_package_l3v2extendedmath
/home/libsbml/development/libsbml-build-scripts/autobuild-option-tests/BUILD/ubuntu-1604-exp-ninja-base-xml2-check-strict-python/src/sbml/packages/l3v2extendedmath/extension/test/Release/test_extension_package_l3v2extendedmath
/home/libsbml/development/libsbml-build-scripts/autobuild-option-tests/BUILD/ubuntu-1604-exp-ninja-base-xml2-check-strict-python/src/sbml/packages/l3v2extendedmath/extension/test/Debug/test_extension_package_l3v2extendedmath
/home/libsbml/development/libsbml-build-scripts/autobuild-option-tests/BUILD/ubuntu-1604-exp-ninja-base-xml2-check-strict-python/src/sbml/packages/l3v2extendedmath/extension/test/Debug/test_extension_package_l3v2extendedmath
/home/libsbml/development/libsbml-build-scripts/autobuild-option-tests/BUILD/ubuntu-1604-exp-ninja-base-xml2-check-strict-python/src/sbml/packages/l3v2extendedmath/extension/test/MinSizeRel/test_extension_package_l3v2extendedmath
/home/libsbml/development/libsbml-build-scripts/autobuild-option-tests/BUILD/ubuntu-1604-exp-ninja-base-xml2-check-strict-python/src/sbml/packages/l3v2extendedmath/extension/test/MinSizeRel/test_extension_package_l3v2extendedmath
/home/libsbml/development/libsbml-build-scripts/autobuild-option-tests/BUILD/ubuntu-1604-exp-ninja-base-xml2-check-strict-python/src/sbml/packages/l3v2extendedmath/extension/test/RelWithDebInfo/test_extension_package_l3v2extendedmath
/home/libsbml/development/libsbml-build-scripts/autobuild-option-tests/BUILD/ubuntu-1604-exp-ninja-base-xml2-check-strict-python/src/sbml/packages/l3v2extendedmath/extension/test/RelWithDebInfo/test_extension_package_l3v2extendedmath
/home/libsbml/development/libsbml-build-scripts/autobuild-option-tests/BUILD/ubuntu-1604-exp-ninja-base-xml2-check-strict-python/src/sbml/packages/l3v2extendedmath/extension/test/Deployment/test_extension_package_l3v2extendedmath
/home/libsbml/development/libsbml-build-scripts/autobuild-option-tests/BUILD/ubuntu-1604-exp-ninja-base-xml2-check-strict-python/src/sbml/packages/l3v2extendedmath/extension/test/Deployment/test_extension_package_l3v2extendedmath
/home/libsbml/development/libsbml-build-scripts/autobuild-option-tests/BUILD/ubuntu-1604-exp-ninja-base-xml2-check-strict-python/src/sbml/packages/l3v2extendedmath/extension/test/Development/test_extension_package_l3v2extendedmath
/home/libsbml/development/libsbml-build-scripts/autobuild-option-tests/BUILD/ubuntu-1604-exp-ninja-base-xml2-check-strict-python/src/sbml/packages/l3v2extendedmath/extension/test/Development/test_extension_package_l3v2extendedmath
home/libsbml/development/libsbml-build-scripts/autobuild-option-tests/BUILD/ubuntu-1604-exp-ninja-base-xml2-check-strict-python/src/sbml/packages/l3v2extendedmath/extension/test/test_extension_package_l3v2extendedmath
home/libsbml/development/libsbml-build-scripts/autobuild-option-tests/BUILD/ubuntu-1604-exp-ninja-base-xml2-check-strict-python/src/sbml/packages/l3v2extendedmath/extension/test/test_extension_package_l3v2extendedmath
home/libsbml/development/libsbml-build-scripts/autobuild-option-tests/BUILD/ubuntu-1604-exp-ninja-base-xml2-check-strict-python/src/sbml/packages/l3v2extendedmath/extension/test/Release/test_extension_package_l3v2extendedmath
home/libsbml/development/libsbml-build-scripts/autobuild-option-tests/BUILD/ubuntu-1604-exp-ninja-base-xml2-check-strict-python/src/sbml/packages/l3v2extendedmath/extension/test/Release/test_extension_package_l3v2extendedmath
home/libsbml/development/libsbml-build-scripts/autobuild-option-tests/BUILD/ubuntu-1604-exp-ninja-base-xml2-check-strict-python/src/sbml/packages/l3v2extendedmath/extension/test/Debug/test_extension_package_l3v2extendedmath
home/libsbml/development/libsbml-build-scripts/autobuild-option-tests/BUILD/ubuntu-1604-exp-ninja-base-xml2-check-strict-python/src/sbml/packages/l3v2extendedmath/extension/test/Debug/test_extension_package_l3v2extendedmath
home/libsbml/development/libsbml-build-scripts/autobuild-option-tests/BUILD/ubuntu-1604-exp-ninja-base-xml2-check-strict-python/src/sbml/packages/l3v2extendedmath/extension/test/MinSizeRel/test_extension_package_l3v2extendedmath
home/libsbml/development/libsbml-build-scripts/autobuild-option-tests/BUILD/ubuntu-1604-exp-ninja-base-xml2-check-strict-python/src/sbml/packages/l3v2extendedmath/extension/test/MinSizeRel/test_extension_package_l3v2extendedmath
home/libsbml/development/libsbml-build-scripts/autobuild-option-tests/BUILD/ubuntu-1604-exp-ninja-base-xml2-check-strict-python/src/sbml/packages/l3v2extendedmath/extension/test/RelWithDebInfo/test_extension_package_l3v2extendedmath
home/libsbml/development/libsbml-build-scripts/autobuild-option-tests/BUILD/ubuntu-1604-exp-ninja-base-xml2-check-strict-python/src/sbml/packages/l3v2extendedmath/extension/test/RelWithDebInfo/test_extension_package_l3v2extendedmath
home/libsbml/development/libsbml-build-scripts/autobuild-option-tests/BUILD/ubuntu-1604-exp-ninja-base-xml2-check-strict-python/src/sbml/packages/l3v2extendedmath/extension/test/Deployment/test_extension_package_l3v2extendedmath
home/libsbml/development/libsbml-build-scripts/autobuild-option-tests/BUILD/ubuntu-1604-exp-ninja-base-xml2-check-strict-python/src/sbml/packages/l3v2extendedmath/extension/test/Deployment/test_extension_package_l3v2extendedmath
home/libsbml/development/libsbml-build-scripts/autobuild-option-tests/BUILD/ubuntu-1604-exp-ninja-base-xml2-check-strict-python/src/sbml/packages/l3v2extendedmath/extension/test/Development/test_extension_package_l3v2extendedmath
home/libsbml/development/libsbml-build-scripts/autobuild-option-tests/BUILD/ubuntu-1604-exp-ninja-base-xml2-check-strict-python/src/sbml/packages/l3v2extendedmath/extension/test/Development/test_extension_package_l3v2extendedmath
[ERROR_MESSAGE] 
Unable to find executable: /home/libsbml/development/libsbml-build-scripts/autobuild-option-tests/BUILD/ubuntu-1604-exp-ninja-base-xml2-check-strict-python/src/sbml/packages/l3v2extendedmath/extension/test/test_extension_package_l3v2extendedmath

[HANDLER_OUTPUT] 
 2/
40 Test  #2: test_extension_package_l3v2extendedmath_run ...***Not Run   0.00 sec
      Start  3: test_sbml_annotation_run
Could not find executable /home/libsbml/development/libsbml-build-scripts/autobuild-option-tests/BUILD/ubuntu-1604-exp-ninja-base-xml2-check-strict-python/src/sbml/annotation/test/test_sbml_annotation
Looked in the following places:
/home/libsbml/development/libsbml-build-scripts/autobuild-option-tests/BUILD/ubuntu-1604-exp-ninja-base-xml2-check-strict-python/src/sbml/annotation/test/test_sbml_annotation
/home/libsbml/development/libsbml-build-scripts/autobuild-option-tests/BUILD/ubuntu-1604-exp-ninja-base-xml2-check-strict-python/src/sbml/annotation/test/test_sbml_annotation
/home/libsbml/development/libsbml-build-scripts/autobuild-option-tests/BUILD/ubuntu-1604-exp-ninja-base-xml2-check-strict-python/src/sbml/annotation/test/Release/test_sbml_annotation
/home/libsbml/development/libsbml-build-scripts/autobuild-option-tests/BUILD/ubuntu-1604-exp-ninja-base-xml2-check-strict-python/src/sbml/annotation/test/Release/test_sbml_annotation
/home/libsbml/development/libsbml-build-scripts/autobuild-option-tests/BUILD/ubuntu-1604-exp-ninja-base-xml2-check-strict-python/src/sbml/annotation/test/Debug/test_sbml_annotation
/home/libsbml/development/libsbml-build-scripts/autobuild-option-tests/BUILD/ubuntu-1604-exp-ninja-base-xml2-check-strict-python/src/sbml/annotation/test/Debug/test_sbml_annotation
/home/libsbml/development/libsbml-build-scripts/autobuild-option-tests/BUILD/ubuntu-1604-exp-ninja-base-xml2-check-strict-python/src/sbml/annotation/test/MinSizeRel/test_sbml_annotation
/home/libsbml/development/libsbml-build-scripts/autobuild-option-tests/BUILD/ubuntu-1604-exp-ninja-base-xml2-check-strict-python/src/sbml/annotation/test/MinSizeRel/test_sbml_annotation
/home/libsbml/development/libsbml-build-scripts/autobuild-option-tests/BUILD/ubuntu-1604-exp-ninja-base-xml2-check-strict-python/src/sbml/annotation/test/RelWithDebInfo/test_sbml_annotation
/home/libsbml/development/libsbml-build-scripts/autobuild-option-tests/BUILD/ubuntu-1604-exp-ninja-base-xml2-check-strict-python/src/sbml/annotation/test/RelWithDebInfo/test_sbml_annotation
/home/libsbml/development/libsbml-build-scripts/autobuild-option-tests/BUILD/ubuntu-1604-exp-ninja-base-xml2-check-strict-python/src/sbml/annotation/test/Deployment/test_sbml_annotation
/home/libsbml/development/libsbml-build-scripts/autobuild-option-tests/BUILD/ubuntu-1604-exp-ninja-base-xml2-check-strict-python/src/sbml/annotation/test/Deployment/test_sbml_annotation
/home/libsbml/development/libsbml-build-scripts/autobuild-option-tests/BUILD/ubuntu-1604-exp-ninja-base-xml2-check-strict-python/src/sbml/annotation/test/Development/test_sbml_annotation
/home/libsbml/development/libsbml-build-scripts/autobuild-option-tests/BUILD/ubuntu-1604-exp-ninja-base-xml2-check-strict-python/src/sbml/annotation/test/Development/test_sbml_annotation
home/libsbml/development/libsbml-build-scripts/autobuild-option-tests/BUILD/ubuntu-1604-exp-ninja-base-xml2-check-strict-python/src/sbml/annotation/test/test_sbml_annotation
home/libsbml/development/libsbml-build-scripts/autobuild-option-tests/BUILD/ubuntu-1604-exp-ninja-base-xml2-check-strict-python/src/sbml/annotation/test/test_sbml_annotation
home/libsbml/development/libsbml-build-scripts/autobuild-option-tests/BUILD/ubuntu-1604-exp-ninja-base-xml2-check-strict-python/src/sbml/annotation/test/Release/test_sbml_annotation
home/libsbml/development/libsbml-build-scripts/autobuild-option-tests/BUILD/ubuntu-1604-exp-ninja-base-xml2-check-strict-python/src/sbml/annotation/test/Release/test_sbml_annotation
home/libsbml/development/libsbml-build-scripts/autobuild-option-tests/BUILD/ubuntu-1604-exp-ninja-base-xml2-check-strict-python/src/sbml/annotation/test/Debug/test_sbml_annotation
home/libsbml/development/libsbml-build-scripts/autobuild-option-tests/BUILD/ubuntu-1604-exp-ninja-base-xml2-check-strict-python/src/sbml/annotation/test/Debug/test_sbml_annotation
home/libsbml/development/libsbml-build-scripts/autobuild-option-tests/BUILD/ubuntu-1604-exp-ninja-base-xml2-check-strict-python/src/sbml/annotation/test/MinSizeRel/test_sbml_annotation
home/libsbml/development/libsbml-build-scripts/autobuild-option-tests/BUILD/ubuntu-1604-exp-ninja-base-xml2-check-strict-python/src/sbml/annotation/test/MinSizeRel/test_sbml_annotation
home/libsbml/development/libsbml-build-scripts/autobuild-option-tests/BUILD/ubuntu-1604-exp-ninja-base-xml2-check-strict-python/src/sbml/annotation/test/RelWithDebInfo/test_sbml_annotation
home/libsbml/development/libsbml-build-scripts/autobuild-option-tests/BUILD/ubuntu-1604-exp-ninja-base-xml2-check-strict-python/src/sbml/annotation/test/RelWithDebInfo/test_sbml_annotation
home/libsbml/development/libsbml-build-scripts/autobuild-option-tests/BUILD/ubuntu-1604-exp-ninja-base-xml2-check-strict-python/src/sbml/annotation/test/Deployment/test_sbml_annotation
home/libsbml/development/libsbml-build-scripts/autobuild-option-tests/BUILD/ubuntu-1604-exp-ninja-base-xml2-check-strict-python/src/sbml/annotation/test/Deployment/test_sbml_annotation
home/libsbml/development/libsbml-build-scripts/autobuild-option-tests/BUILD/ubuntu-1604-exp-ninja-base-xml2-check-strict-python/src/sbml/annotation/test/Development/test_sbml_annotation
home/libsbml/development/libsbml-build-scripts/autobuild-option-tests/BUILD/ubuntu-1604-exp-ninja-base-xml2-check-strict-python/src/sbml/annotation/test/Development/test_sbml_annotation
[ERROR_MESSAGE] 
Unable to find executable: /home/libsbml/development/libsbml-build-scripts/autobuild-option-tests/BUILD/ubuntu-1604-exp-ninja-base-xml2-check-strict-python/src/sbml/annotation/test/test_sbml_annotation

[HANDLER_OUTPUT] 
 3/
40 Test  #3: test_sbml_annotation_run ......................***Not Run   0.00 sec
      Start  4: test_sbml_conversion_run
Could not find executable /home/libsbml/development/libsbml-build-scripts/autobuild-option-tests/BUILD/ubuntu-1604-exp-ninja-base-xml2-check-strict-python/src/sbml/conversion/test/test_sbml_conversion
Looked in the following places:
/home/libsbml/development/libsbml-build-scripts/autobuild-option-tests/BUILD/ubuntu-1604-exp-ninja-base-xml2-check-strict-python/src/sbml/conversion/test/test_sbml_conversion
/home/libsbml/development/libsbml-build-scripts/autobuild-option-tests/BUILD/ubuntu-1604-exp-ninja-base-xml2-check-strict-python/src/sbml/conversion/test/test_sbml_conversion
/home/libsbml/development/libsbml-build-scripts/autobuild-option-tests/BUILD/ubuntu-1604-exp-ninja-base-xml2-check-strict-python/src/sbml/conversion/test/Release/test_sbml_conversion
/home/libsbml/development/libsbml-build-scripts/autobuild-option-tests/BUILD/ubuntu-1604-exp-ninja-base-xml2-check-strict-python/src/sbml/conversion/test/Release/test_sbml_conversion
/home/libsbml/development/libsbml-build-scripts/autobuild-option-tests/BUILD/ubuntu-1604-exp-ninja-base-xml2-check-strict-python/src/sbml/conversion/test/Debug/test_sbml_conversion
/home/libsbml/development/libsbml-build-scripts/autobuild-option-tests/BUILD/ubuntu-1604-exp-ninja-base-xml2-check-strict-python/src/sbml/conversion/test/Debug/test_sbml_conversion
/home/libsbml/development/libsbml-build-scripts/autobuild-option-tests/BUILD/ubuntu-1604-exp-ninja-base-xml2-check-strict-python/src/sbml/conversion/test/MinSizeRel/test_sbml_conversion
/home/libsbml/development/libsbml-build-scripts/autobuild-option-tests/BUILD/ubuntu-1604-exp-ninja-base-xml2-check-strict-python/src/sbml/conversion/test/MinSizeRel/test_sbml_conversion
/home/libsbml/development/libsbml-build-scripts/autobuild-option-tests/BUILD/ubuntu-1604-exp-ninja-base-xml2-check-strict-python/src/sbml/conversion/test/RelWithDebInfo/test_sbml_conversion
/home/libsbml/development/libsbml-build-scripts/autobuild-option-tests/BUILD/ubuntu-1604-exp-ninja-base-xml2-check-strict-python/src/sbml/conversion/test/RelWithDebInfo/test_sbml_conversion
/home/libsbml/development/libsbml-build-scripts/autobuild-option-tests/BUILD/ubuntu-1604-exp-ninja-base-xml2-check-strict-python/src/sbml/conversion/test/Deployment/test_sbml_conversion
/home/libsbml/development/libsbml-build-scripts/autobuild-option-tests/BUILD/ubuntu-1604-exp-ninja-base-xml2-check-strict-python/src/sbml/conversion/test/Deployment/test_sbml_conversion
/home/libsbml/development/libsbml-build-scripts/autobuild-option-tests/BUILD/ubuntu-1604-exp-ninja-base-xml2-check-strict-python/src/sbml/conversion/test/Development/test_sbml_conversion
/home/libsbml/development/libsbml-build-scripts/autobuild-option-tests/BUILD/ubuntu-1604-exp-ninja-base-xml2-check-strict-python/src/sbml/conversion/test/Development/test_sbml_conversion
home/libsbml/development/libsbml-build-scripts/autobuild-option-tests/BUILD/ubuntu-1604-exp-ninja-base-xml2-check-strict-python/src/sbml/conversion/test/test_sbml_conversion
home/libsbml/development/libsbml-build-scripts/autobuild-option-tests/BUILD/ubuntu-1604-exp-ninja-base-xml2-check-strict-python/src/sbml/conversion/test/test_sbml_conversion
home/libsbml/development/libsbml-build-scripts/autobuild-option-tests/BUILD/ubuntu-1604-exp-ninja-base-xml2-check-strict-python/src/sbml/conversion/test/Release/test_sbml_conversion
home/libsbml/development/libsbml-build-scripts/autobuild-option-tests/BUILD/ubuntu-1604-exp-ninja-base-xml2-check-strict-python/src/sbml/conversion/test/Release/test_sbml_conversion
home/libsbml/development/libsbml-build-scripts/autobuild-option-tests/BUILD/ubuntu-1604-exp-ninja-base-xml2-check-strict-python/src/sbml/conversion/test/Debug/test_sbml_conversion
home/libsbml/development/libsbml-build-scripts/autobuild-option-tests/BUILD/ubuntu-1604-exp-ninja-base-xml2-check-strict-python/src/sbml/conversion/test/Debug/test_sbml_conversion
home/libsbml/development/libsbml-build-scripts/autobuild-option-tests/BUILD/ubuntu-1604-exp-ninja-base-xml2-check-strict-python/src/sbml/conversion/test/MinSizeRel/test_sbml_conversion
home/libsbml/development/libsbml-build-scripts/autobuild-option-tests/BUILD/ubuntu-1604-exp-ninja-base-xml2-check-strict-python/src/sbml/conversion/test/MinSizeRel/test_sbml_conversion
home/libsbml/development/libsbml-build-scripts/autobuild-option-tests/BUILD/ubuntu-1604-exp-ninja-base-xml2-check-strict-python/src/sbml/conversion/test/RelWithDebInfo/test_sbml_conversion
home/libsbml/development/libsbml-build-scripts/autobuild-option-tests/BUILD/ubuntu-1604-exp-ninja-base-xml2-check-strict-python/src/sbml/conversion/test/RelWithDebInfo/test_sbml_conversion
home/libsbml/development/libsbml-build-scripts/autobuild-option-tests/BUILD/ubuntu-1604-exp-ninja-base-xml2-check-strict-python/src/sbml/conversion/test/Deployment/test_sbml_conversion
home/libsbml/development/libsbml-build-scripts/autobuild-option-tests/BUILD/ubuntu-1604-exp-ninja-base-xml2-check-strict-python/src/sbml/conversion/test/Deployment/test_sbml_conversion
home/libsbml/development/libsbml-build-scripts/autobuild-option-tests/BUILD/ubuntu-1604-exp-ninja-base-xml2-check-strict-python/src/sbml/conversion/test/Development/test_sbml_conversion
home/libsbml/development/libsbml-build-scripts/autobuild-option-tests/BUILD/ubuntu-1604-exp-ninja-base-xml2-check-strict-python/src/sbml/conversion/test/Development/test_sbml_conversion
[ERROR_MESSAGE] 
Unable to find executable: /home/libsbml/development/libsbml-build-scripts/autobuild-option-tests/BUILD/ubuntu-1604-exp-ninja-base-xml2-check-strict-python/src/sbml/conversion/test/test_sbml_conversion

[HANDLER_OUTPUT] 
 4/
40 Test  #4: test_sbml_conversion_run ......................***Not Run   0.00 sec
      Start  5: test_sbml_extension_run
Could not find executable /home/libsbml/development/libsbml-build-scripts/autobuild-option-tests/BUILD/ubuntu-1604-exp-ninja-base-xml2-check-strict-python/src/sbml/extension/test/test_sbml_extension
Looked in the following places:
/home/libsbml/development/libsbml-build-scripts/autobuild-option-tests/BUILD/ubuntu-1604-exp-ninja-base-xml2-check-strict-python/src/sbml/extension/test/test_sbml_extension
/home/libsbml/development/libsbml-build-scripts/autobuild-option-tests/BUILD/ubuntu-1604-exp-ninja-base-xml2-check-strict-python/src/sbml/extension/test/test_sbml_extension
/home/libsbml/development/libsbml-build-scripts/autobuild-option-tests/BUILD/ubuntu-1604-exp-ninja-base-xml2-check-strict-python/src/sbml/extension/test/Release/test_sbml_extension
/home/libsbml/development/libsbml-build-scripts/autobuild-option-tests/BUILD/ubuntu-1604-exp-ninja-base-xml2-check-strict-python/src/sbml/extension/test/Release/test_sbml_extension
/home/libsbml/development/libsbml-build-scripts/autobuild-option-tests/BUILD/ubuntu-1604-exp-ninja-base-xml2-check-strict-python/src/sbml/extension/test/Debug/test_sbml_extension
/home/libsbml/development/libsbml-build-scripts/autobuild-option-tests/BUILD/ubuntu-1604-exp-ninja-base-xml2-check-strict-python/src/sbml/extension/test/Debug/test_sbml_extension
/home/libsbml/development/libsbml-build-scripts/autobuild-option-tests/BUILD/ubuntu-1604-exp-ninja-base-xml2-check-strict-python/src/sbml/extension/test/MinSizeRel/test_sbml_extension
/home/libsbml/development/libsbml-build-scripts/autobuild-option-tests/BUILD/ubuntu-1604-exp-ninja-base-xml2-check-strict-python/src/sbml/extension/test/MinSizeRel/test_sbml_extension
/home/libsbml/development/libsbml-build-scripts/autobuild-option-tests/BUILD/ubuntu-1604-exp-ninja-base-xml2-check-strict-python/src/sbml/extension/test/RelWithDebInfo/test_sbml_extension
/home/libsbml/development/libsbml-build-scripts/autobuild-option-tests/BUILD/ubuntu-1604-exp-ninja-base-xml2-check-strict-python/src/sbml/extension/test/RelWithDebInfo/test_sbml_extension
/home/libsbml/development/libsbml-build-scripts/autobuild-option-tests/BUILD/ubuntu-1604-exp-ninja-base-xml2-check-strict-python/src/sbml/extension/test/Deployment/test_sbml_extension
/home/libsbml/development/libsbml-build-scripts/autobuild-option-tests/BUILD/ubuntu-1604-exp-ninja-base-xml2-check-strict-python/src/sbml/extension/test/Deployment/test_sbml_extension
/home/libsbml/development/libsbml-build-scripts/autobuild-option-tests/BUILD/ubuntu-1604-exp-ninja-base-xml2-check-strict-python/src/sbml/extension/test/Development/test_sbml_extension
/home/libsbml/development/libsbml-build-scripts/autobuild-option-tests/BUILD/ubuntu-1604-exp-ninja-base-xml2-check-strict-python/src/sbml/extension/test/Development/test_sbml_extension
home/libsbml/development/libsbml-build-scripts/autobuild-option-tests/BUILD/ubuntu-1604-exp-ninja-base-xml2-check-strict-python/src/sbml/extension/test/test_sbml_extension
home/libsbml/development/libsbml-build-scripts/autobuild-option-tests/BUILD/ubuntu-1604-exp-ninja-base-xml2-check-strict-python/src/sbml/extension/test/test_sbml_extension
home/libsbml/development/libsbml-build-scripts/autobuild-option-tests/BUILD/ubuntu-1604-exp-ninja-base-xml2-check-strict-python/src/sbml/extension/test/Release/test_sbml_extension
home/libsbml/development/libsbml-build-scripts/autobuild-option-tests/BUILD/ubuntu-1604-exp-ninja-base-xml2-check-strict-python/src/sbml/extension/test/Release/test_sbml_extension
home/libsbml/development/libsbml-build-scripts/autobuild-option-tests/BUILD/ubuntu-1604-exp-ninja-base-xml2-check-strict-python/src/sbml/extension/test/Debug/test_sbml_extension
home/libsbml/development/libsbml-build-scripts/autobuild-option-tests/BUILD/ubuntu-1604-exp-ninja-base-xml2-check-strict-python/src/sbml/extension/test/Debug/test_sbml_extension
home/libsbml/development/libsbml-build-scripts/autobuild-option-tests/BUILD/ubuntu-1604-exp-ninja-base-xml2-check-strict-python/src/sbml/extension/test/MinSizeRel/test_sbml_extension
home/libsbml/development/libsbml-build-scripts/autobuild-option-tests/BUILD/ubuntu-1604-exp-ninja-base-xml2-check-strict-python/src/sbml/extension/test/MinSizeRel/test_sbml_extension
home/libsbml/development/libsbml-build-scripts/autobuild-option-tests/BUILD/ubuntu-1604-exp-ninja-base-xml2-check-strict-python/src/sbml/extension/test/RelWithDebInfo/test_sbml_extension
home/libsbml/development/libsbml-build-scripts/autobuild-option-tests/BUILD/ubuntu-1604-exp-ninja-base-xml2-check-strict-python/src/sbml/extension/test/RelWithDebInfo/test_sbml_extension
home/libsbml/development/libsbml-build-scripts/autobuild-option-tests/BUILD/ubuntu-1604-exp-ninja-base-xml2-check-strict-python/src/sbml/extension/test/Deployment/test_sbml_extension
home/libsbml/development/libsbml-build-scripts/autobuild-option-tests/BUILD/ubuntu-1604-exp-ninja-base-xml2-check-strict-python/src/sbml/extension/test/Deployment/test_sbml_extension
home/libsbml/development/libsbml-build-scripts/autobuild-option-tests/BUILD/ubuntu-1604-exp-ninja-base-xml2-check-strict-python/src/sbml/extension/test/Development/test_sbml_extension
home/libsbml/development/libsbml-build-scripts/autobuild-option-tests/BUILD/ubuntu-1604-exp-ninja-base-xml2-check-strict-python/src/sbml/extension/test/Development/test_sbml_extension
[ERROR_MESSAGE] 
Unable to find executable: /home/libsbml/development/libsbml-build-scripts/autobuild-option-tests/BUILD/ubuntu-1604-exp-ninja-base-xml2-check-strict-python/src/sbml/extension/test/test_sbml_extension

[HANDLER_OUTPUT] 
 5/
40 Test  #5: test_sbml_extension_run .......................***Not Run   0.00 sec
      Start  6: test_sbml_math_run
Could not find executable /home/libsbml/development/libsbml-build-scripts/autobuild-option-tests/BUILD/ubuntu-1604-exp-ninja-base-xml2-check-strict-python/src/sbml/math/test/test_sbml_math
Looked in the following places:
/home/libsbml/development/libsbml-build-scripts/autobuild-option-tests/BUILD/ubuntu-1604-exp-ninja-base-xml2-check-strict-python/src/sbml/math/test/test_sbml_math
/home/libsbml/development/libsbml-build-scripts/autobuild-option-tests/BUILD/ubuntu-1604-exp-ninja-base-xml2-check-strict-python/src/sbml/math/test/test_sbml_math
/home/libsbml/development/libsbml-build-scripts/autobuild-option-tests/BUILD/ubuntu-1604-exp-ninja-base-xml2-check-strict-python/src/sbml/math/test/Release/test_sbml_math
/home/libsbml/development/libsbml-build-scripts/autobuild-option-tests/BUILD/ubuntu-1604-exp-ninja-base-xml2-check-strict-python/src/sbml/math/test/Release/test_sbml_math
/home/libsbml/development/libsbml-build-scripts/autobuild-option-tests/BUILD/ubuntu-1604-exp-ninja-base-xml2-check-strict-python/src/sbml/math/test/Debug/test_sbml_math
/home/libsbml/development/libsbml-build-scripts/autobuild-option-tests/BUILD/ubuntu-1604-exp-ninja-base-xml2-check-strict-python/src/sbml/math/test/Debug/test_sbml_math
/home/libsbml/development/libsbml-build-scripts/autobuild-option-tests/BUILD/ubuntu-1604-exp-ninja-base-xml2-check-strict-python/src/sbml/math/test/MinSizeRel/test_sbml_math
/home/libsbml/development/libsbml-build-scripts/autobuild-option-tests/BUILD/ubuntu-1604-exp-ninja-base-xml2-check-strict-python/src/sbml/math/test/MinSizeRel/test_sbml_math
/home/libsbml/development/libsbml-build-scripts/autobuild-option-tests/BUILD/ubuntu-1604-exp-ninja-base-xml2-check-strict-python/src/sbml/math/test/RelWithDebInfo/test_sbml_math
/home/libsbml/development/libsbml-build-scripts/autobuild-option-tests/BUILD/ubuntu-1604-exp-ninja-base-xml2-check-strict-python/src/sbml/math/test/RelWithDebInfo/test_sbml_math
/home/libsbml/development/libsbml-build-scripts/autobuild-option-tests/BUILD/ubuntu-1604-exp-ninja-base-xml2-check-strict-python/src/sbml/math/test/Deployment/test_sbml_math
/home/libsbml/development/libsbml-build-scripts/autobuild-option-tests/BUILD/ubuntu-1604-exp-ninja-base-xml2-check-strict-python/src/sbml/math/test/Deployment/test_sbml_math
/home/libsbml/development/libsbml-build-scripts/autobuild-option-tests/BUILD/ubuntu-1604-exp-ninja-base-xml2-check-strict-python/src/sbml/math/test/Development/test_sbml_math
/home/libsbml/development/libsbml-build-scripts/autobuild-option-tests/BUILD/ubuntu-1604-exp-ninja-base-xml2-check-strict-python/src/sbml/math/test/Development/test_sbml_math
home/libsbml/development/libsbml-build-scripts/autobuild-option-tests/BUILD/ubuntu-1604-exp-ninja-base-xml2-check-strict-python/src/sbml/math/test/test_sbml_math
home/libsbml/development/libsbml-build-scripts/autobuild-option-tests/BUILD/ubuntu-1604-exp-ninja-base-xml2-check-strict-python/src/sbml/math/test/test_sbml_math
home/libsbml/development/libsbml-build-scripts/autobuild-option-tests/BUILD/ubuntu-1604-exp-ninja-base-xml2-check-strict-python/src/sbml/math/test/Release/test_sbml_math
home/libsbml/development/libsbml-build-scripts/autobuild-option-tests/BUILD/ubuntu-1604-exp-ninja-base-xml2-check-strict-python/src/sbml/math/test/Release/test_sbml_math
home/libsbml/development/libsbml-build-scripts/autobuild-option-tests/BUILD/ubuntu-1604-exp-ninja-base-xml2-check-strict-python/src/sbml/math/test/Debug/test_sbml_math
home/libsbml/development/libsbml-build-scripts/autobuild-option-tests/BUILD/ubuntu-1604-exp-ninja-base-xml2-check-strict-python/src/sbml/math/test/Debug/test_sbml_math
home/libsbml/development/libsbml-build-scripts/autobuild-option-tests/BUILD/ubuntu-1604-exp-ninja-base-xml2-check-strict-python/src/sbml/math/test/MinSizeRel/test_sbml_math
home/libsbml/development/libsbml-build-scripts/autobuild-option-tests/BUILD/ubuntu-1604-exp-ninja-base-xml2-check-strict-python/src/sbml/math/test/MinSizeRel/test_sbml_math
home/libsbml/development/libsbml-build-scripts/autobuild-option-tests/BUILD/ubuntu-1604-exp-ninja-base-xml2-check-strict-python/src/sbml/math/test/RelWithDebInfo/test_sbml_math
home/libsbml/development/libsbml-build-scripts/autobuild-option-tests/BUILD/ubuntu-1604-exp-ninja-base-xml2-check-strict-python/src/sbml/math/test/RelWithDebInfo/test_sbml_math
home/libsbml/development/libsbml-build-scripts/autobuild-option-tests/BUILD/ubuntu-1604-exp-ninja-base-xml2-check-strict-python/src/sbml/math/test/Deployment/test_sbml_math
home/libsbml/development/libsbml-build-scripts/autobuild-option-tests/BUILD/ubuntu-1604-exp-ninja-base-xml2-check-strict-python/src/sbml/math/test/Deployment/test_sbml_math
home/libsbml/development/libsbml-build-scripts/autobuild-option-tests/BUILD/ubuntu-1604-exp-ninja-base-xml2-check-strict-python/src/sbml/math/test/Development/test_sbml_math
home/libsbml/development/libsbml-build-scripts/autobuild-option-tests/BUILD/ubuntu-1604-exp-ninja-base-xml2-check-strict-python/src/sbml/math/test/Development/test_sbml_math
[ERROR_MESSAGE] 
Unable to find executable: /home/libsbml/development/libsbml-build-scripts/autobuild-option-tests/BUILD/ubuntu-1604-exp-ninja-base-xml2-check-strict-python/src/sbml/math/test/test_sbml_math

[HANDLER_OUTPUT] 
 6/
40 Test  #6: test_sbml_math_run ............................***Not Run   0.00 sec
      Start  7: test_sbml_sbml_run
Could not find executable /home/libsbml/development/libsbml-build-scripts/autobuild-option-tests/BUILD/ubuntu-1604-exp-ninja-base-xml2-check-strict-python/src/sbml/test/test_sbml_sbml
Looked in the following places:
/home/libsbml/development/libsbml-build-scripts/autobuild-option-tests/BUILD/ubuntu-1604-exp-ninja-base-xml2-check-strict-python/src/sbml/test/test_sbml_sbml
/home/libsbml/development/libsbml-build-scripts/autobuild-option-tests/BUILD/ubuntu-1604-exp-ninja-base-xml2-check-strict-python/src/sbml/test/test_sbml_sbml
/home/libsbml/development/libsbml-build-scripts/autobuild-option-tests/BUILD/ubuntu-1604-exp-ninja-base-xml2-check-strict-python/src/sbml/test/Release/test_sbml_sbml
/home/libsbml/development/libsbml-build-scripts/autobuild-option-tests/BUILD/ubuntu-1604-exp-ninja-base-xml2-check-strict-python/src/sbml/test/Release/test_sbml_sbml
/home/libsbml/development/libsbml-build-scripts/autobuild-option-tests/BUILD/ubuntu-1604-exp-ninja-base-xml2-check-strict-python/src/sbml/test/Debug/test_sbml_sbml
/home/libsbml/development/libsbml-build-scripts/autobuild-option-tests/BUILD/ubuntu-1604-exp-ninja-base-xml2-check-strict-python/src/sbml/test/Debug/test_sbml_sbml
/home/libsbml/development/libsbml-build-scripts/autobuild-option-tests/BUILD/ubuntu-1604-exp-ninja-base-xml2-check-strict-python/src/sbml/test/MinSizeRel/test_sbml_sbml
/home/libsbml/development/libsbml-build-scripts/autobuild-option-tests/BUILD/ubuntu-1604-exp-ninja-base-xml2-check-strict-python/src/sbml/test/MinSizeRel/test_sbml_sbml
/home/libsbml/development/libsbml-build-scripts/autobuild-option-tests/BUILD/ubuntu-1604-exp-ninja-base-xml2-check-strict-python/src/sbml/test/RelWithDebInfo/test_sbml_sbml
/home/libsbml/development/libsbml-build-scripts/autobuild-option-tests/BUILD/ubuntu-1604-exp-ninja-base-xml2-check-strict-python/src/sbml/test/RelWithDebInfo/test_sbml_sbml
/home/libsbml/development/libsbml-build-scripts/autobuild-option-tests/BUILD/ubuntu-1604-exp-ninja-base-xml2-check-strict-python/src/sbml/test/Deployment/test_sbml_sbml
/home/libsbml/development/libsbml-build-scripts/autobuild-option-tests/BUILD/ubuntu-1604-exp-ninja-base-xml2-check-strict-python/src/sbml/test/Deployment/test_sbml_sbml
/home/libsbml/development/libsbml-build-scripts/autobuild-option-tests/BUILD/ubuntu-1604-exp-ninja-base-xml2-check-strict-python/src/sbml/test/Development/test_sbml_sbml
/home/libsbml/development/libsbml-build-scripts/autobuild-option-tests/BUILD/ubuntu-1604-exp-ninja-base-xml2-check-strict-python/src/sbml/test/Development/test_sbml_sbml
home/libsbml/development/libsbml-build-scripts/autobuild-option-tests/BUILD/ubuntu-1604-exp-ninja-base-xml2-check-strict-python/src/sbml/test/test_sbml_sbml
home/libsbml/development/libsbml-build-scripts/autobuild-option-tests/BUILD/ubuntu-1604-exp-ninja-base-xml2-check-strict-python/src/sbml/test/test_sbml_sbml
home/libsbml/development/libsbml-build-scripts/autobuild-option-tests/BUILD/ubuntu-1604-exp-ninja-base-xml2-check-strict-python/src/sbml/test/Release/test_sbml_sbml
home/libsbml/development/libsbml-build-scripts/autobuild-option-tests/BUILD/ubuntu-1604-exp-ninja-base-xml2-check-strict-python/src/sbml/test/Release/test_sbml_sbml
home/libsbml/development/libsbml-build-scripts/autobuild-option-tests/BUILD/ubuntu-1604-exp-ninja-base-xml2-check-strict-python/src/sbml/test/Debug/test_sbml_sbml
home/libsbml/development/libsbml-build-scripts/autobuild-option-tests/BUILD/ubuntu-1604-exp-ninja-base-xml2-check-strict-python/src/sbml/test/Debug/test_sbml_sbml
home/libsbml/development/libsbml-build-scripts/autobuild-option-tests/BUILD/ubuntu-1604-exp-ninja-base-xml2-check-strict-python/src/sbml/test/MinSizeRel/test_sbml_sbml
home/libsbml/development/libsbml-build-scripts/autobuild-option-tests/BUILD/ubuntu-1604-exp-ninja-base-xml2-check-strict-python/src/sbml/test/MinSizeRel/test_sbml_sbml
home/libsbml/development/libsbml-build-scripts/autobuild-option-tests/BUILD/ubuntu-1604-exp-ninja-base-xml2-check-strict-python/src/sbml/test/RelWithDebInfo/test_sbml_sbml
home/libsbml/development/libsbml-build-scripts/autobuild-option-tests/BUILD/ubuntu-1604-exp-ninja-base-xml2-check-strict-python/src/sbml/test/RelWithDebInfo/test_sbml_sbml
home/libsbml/development/libsbml-build-scripts/autobuild-option-tests/BUILD/ubuntu-1604-exp-ninja-base-xml2-check-strict-python/src/sbml/test/Deployment/test_sbml_sbml
home/libsbml/development/libsbml-build-scripts/autobuild-option-tests/BUILD/ubuntu-1604-exp-ninja-base-xml2-check-strict-python/src/sbml/test/Deployment/test_sbml_sbml
home/libsbml/development/libsbml-build-scripts/autobuild-option-tests/BUILD/ubuntu-1604-exp-ninja-base-xml2-check-strict-python/src/sbml/test/Development/test_sbml_sbml
home/libsbml/development/libsbml-build-scripts/autobuild-option-tests/BUILD/ubuntu-1604-exp-ninja-base-xml2-check-strict-python/src/sbml/test/Development/test_sbml_sbml
[ERROR_MESSAGE] 
Unable to find executable: /home/libsbml/development/libsbml-build-scripts/autobuild-option-tests/BUILD/ubuntu-1604-exp-ninja-base-xml2-check-strict-python/src/sbml/test/test_sbml_sbml

[HANDLER_OUTPUT] 
 7/
40 Test  #7: test_sbml_sbml_run ............................***Not Run   0.00 sec
      Start  8: test_sbml_units_run
Could not find executable /home/libsbml/development/libsbml-build-scripts/autobuild-option-tests/BUILD/ubuntu-1604-exp-ninja-base-xml2-check-strict-python/src/sbml/units/test/test_sbml_units
Looked in the following places:
/home/libsbml/development/libsbml-build-scripts/autobuild-option-tests/BUILD/ubuntu-1604-exp-ninja-base-xml2-check-strict-python/src/sbml/units/test/test_sbml_units
/home/libsbml/development/libsbml-build-scripts/autobuild-option-tests/BUILD/ubuntu-1604-exp-ninja-base-xml2-check-strict-python/src/sbml/units/test/test_sbml_units
/home/libsbml/development/libsbml-build-scripts/autobuild-option-tests/BUILD/ubuntu-1604-exp-ninja-base-xml2-check-strict-python/src/sbml/units/test/Release/test_sbml_units
/home/libsbml/development/libsbml-build-scripts/autobuild-option-tests/BUILD/ubuntu-1604-exp-ninja-base-xml2-check-strict-python/src/sbml/units/test/Release/test_sbml_units
/home/libsbml/development/libsbml-build-scripts/autobuild-option-tests/BUILD/ubuntu-1604-exp-ninja-base-xml2-check-strict-python/src/sbml/units/test/Debug/test_sbml_units
/home/libsbml/development/libsbml-build-scripts/autobuild-option-tests/BUILD/ubuntu-1604-exp-ninja-base-xml2-check-strict-python/src/sbml/units/test/Debug/test_sbml_units
/home/libsbml/development/libsbml-build-scripts/autobuild-option-tests/BUILD/ubuntu-1604-exp-ninja-base-xml2-check-strict-python/src/sbml/units/test/MinSizeRel/test_sbml_units
/home/libsbml/development/libsbml-build-scripts/autobuild-option-tests/BUILD/ubuntu-1604-exp-ninja-base-xml2-check-strict-python/src/sbml/units/test/MinSizeRel/test_sbml_units
/home/libsbml/development/libsbml-build-scripts/autobuild-option-tests/BUILD/ubuntu-1604-exp-ninja-base-xml2-check-strict-python/src/sbml/units/test/RelWithDebInfo/test_sbml_units
/home/libsbml/development/libsbml-build-scripts/autobuild-option-tests/BUILD/ubuntu-1604-exp-ninja-base-xml2-check-strict-python/src/sbml/units/test/RelWithDebInfo/test_sbml_units
/home/libsbml/development/libsbml-build-scripts/autobuild-option-tests/BUILD/ubuntu-1604-exp-ninja-base-xml2-check-strict-python/src/sbml/units/test/Deployment/test_sbml_units
/home/libsbml/development/libsbml-build-scripts/autobuild-option-tests/BUILD/ubuntu-1604-exp-ninja-base-xml2-check-strict-python/src/sbml/units/test/Deployment/test_sbml_units
/home/libsbml/development/libsbml-build-scripts/autobuild-option-tests/BUILD/ubuntu-1604-exp-ninja-base-xml2-check-strict-python/src/sbml/units/test/Development/test_sbml_units
/home/libsbml/development/libsbml-build-scripts/autobuild-option-tests/BUILD/ubuntu-1604-exp-ninja-base-xml2-check-strict-python/src/sbml/units/test/Development/test_sbml_units
home/libsbml/development/libsbml-build-scripts/autobuild-option-tests/BUILD/ubuntu-1604-exp-ninja-base-xml2-check-strict-python/src/sbml/units/test/test_sbml_units
home/libsbml/development/libsbml-build-scripts/autobuild-option-tests/BUILD/ubuntu-1604-exp-ninja-base-xml2-check-strict-python/src/sbml/units/test/test_sbml_units
home/libsbml/development/libsbml-build-scripts/autobuild-option-tests/BUILD/ubuntu-1604-exp-ninja-base-xml2-check-strict-python/src/sbml/units/test/Release/test_sbml_units
home/libsbml/development/libsbml-build-scripts/autobuild-option-tests/BUILD/ubuntu-1604-exp-ninja-base-xml2-check-strict-python/src/sbml/units/test/Release/test_sbml_units
home/libsbml/development/libsbml-build-scripts/autobuild-option-tests/BUILD/ubuntu-1604-exp-ninja-base-xml2-check-strict-python/src/sbml/units/test/Debug/test_sbml_units
home/libsbml/development/libsbml-build-scripts/autobuild-option-tests/BUILD/ubuntu-1604-exp-ninja-base-xml2-check-strict-python/src/sbml/units/test/Debug/test_sbml_units
home/libsbml/development/libsbml-build-scripts/autobuild-option-tests/BUILD/ubuntu-1604-exp-ninja-base-xml2-check-strict-python/src/sbml/units/test/MinSizeRel/test_sbml_units
home/libsbml/development/libsbml-build-scripts/autobuild-option-tests/BUILD/ubuntu-1604-exp-ninja-base-xml2-check-strict-python/src/sbml/units/test/MinSizeRel/test_sbml_units
home/libsbml/development/libsbml-build-scripts/autobuild-option-tests/BUILD/ubuntu-1604-exp-ninja-base-xml2-check-strict-python/src/sbml/units/test/RelWithDebInfo/test_sbml_units
home/libsbml/development/libsbml-build-scripts/autobuild-option-tests/BUILD/ubuntu-1604-exp-ninja-base-xml2-check-strict-python/src/sbml/units/test/RelWithDebInfo/test_sbml_units
home/libsbml/development/libsbml-build-scripts/autobuild-option-tests/BUILD/ubuntu-1604-exp-ninja-base-xml2-check-strict-python/src/sbml/units/test/Deployment/test_sbml_units
home/libsbml/development/libsbml-build-scripts/autobuild-option-tests/BUILD/ubuntu-1604-exp-ninja-base-xml2-check-strict-python/src/sbml/units/test/Deployment/test_sbml_units
home/libsbml/development/libsbml-build-scripts/autobuild-option-tests/BUILD/ubuntu-1604-exp-ninja-base-xml2-check-strict-python/src/sbml/units/test/Development/test_sbml_units
home/libsbml/development/libsbml-build-scripts/autobuild-option-tests/BUILD/ubuntu-1604-exp-ninja-base-xml2-check-strict-python/src/sbml/units/test/Development/test_sbml_units
[ERROR_MESSAGE] 
Unable to find executable: /home/libsbml/development/libsbml-build-scripts/autobuild-option-tests/BUILD/ubuntu-1604-exp-ninja-base-xml2-check-strict-python/src/sbml/units/test/test_sbml_units

[HANDLER_OUTPUT] 
 8/
40 Test  #8: test_sbml_units_run ...........................***Not Run   0.00 sec
      Start  9: test_sbml_util_run
Could not find executable /home/libsbml/development/libsbml-build-scripts/autobuild-option-tests/BUILD/ubuntu-1604-exp-ninja-base-xml2-check-strict-python/src/sbml/util/test/test_sbml_util
Looked in the following places:
/home/libsbml/development/libsbml-build-scripts/autobuild-option-tests/BUILD/ubuntu-1604-exp-ninja-base-xml2-check-strict-python/src/sbml/util/test/test_sbml_util
/home/libsbml/development/libsbml-build-scripts/autobuild-option-tests/BUILD/ubuntu-1604-exp-ninja-base-xml2-check-strict-python/src/sbml/util/test/test_sbml_util
/home/libsbml/development/libsbml-build-scripts/autobuild-option-tests/BUILD/ubuntu-1604-exp-ninja-base-xml2-check-strict-python/src/sbml/util/test/Release/test_sbml_util
/home/libsbml/development/libsbml-build-scripts/autobuild-option-tests/BUILD/ubuntu-1604-exp-ninja-base-xml2-check-strict-python/src/sbml/util/test/Release/test_sbml_util
/home/libsbml/development/libsbml-build-scripts/autobuild-option-tests/BUILD/ubuntu-1604-exp-ninja-base-xml2-check-strict-python/src/sbml/util/test/Debug/test_sbml_util
/home/libsbml/development/libsbml-build-scripts/autobuild-option-tests/BUILD/ubuntu-1604-exp-ninja-base-xml2-check-strict-python/src/sbml/util/test/Debug/test_sbml_util
/home/libsbml/development/libsbml-build-scripts/autobuild-option-tests/BUILD/ubuntu-1604-exp-ninja-base-xml2-check-strict-python/src/sbml/util/test/MinSizeRel/test_sbml_util
/home/libsbml/development/libsbml-build-scripts/autobuild-option-tests/BUILD/ubuntu-1604-exp-ninja-base-xml2-check-strict-python/src/sbml/util/test/MinSizeRel/test_sbml_util
/home/libsbml/development/libsbml-build-scripts/autobuild-option-tests/BUILD/ubuntu-1604-exp-ninja-base-xml2-check-strict-python/src/sbml/util/test/RelWithDebInfo/test_sbml_util
/home/libsbml/development/libsbml-build-scripts/autobuild-option-tests/BUILD/ubuntu-1604-exp-ninja-base-xml2-check-strict-python/src/sbml/util/test/RelWithDebInfo/test_sbml_util
/home/libsbml/development/libsbml-build-scripts/autobuild-option-tests/BUILD/ubuntu-1604-exp-ninja-base-xml2-check-strict-python/src/sbml/util/test/Deployment/test_sbml_util
/home/libsbml/development/libsbml-build-scripts/autobuild-option-tests/BUILD/ubuntu-1604-exp-ninja-base-xml2-check-strict-python/src/sbml/util/test/Deployment/test_sbml_util
/home/libsbml/development/libsbml-build-scripts/autobuild-option-tests/BUILD/ubuntu-1604-exp-ninja-base-xml2-check-strict-python/src/sbml/util/test/Development/test_sbml_util
/home/libsbml/development/libsbml-build-scripts/autobuild-option-tests/BUILD/ubuntu-1604-exp-ninja-base-xml2-check-strict-python/src/sbml/util/test/Development/test_sbml_util
home/libsbml/development/libsbml-build-scripts/autobuild-option-tests/BUILD/ubuntu-1604-exp-ninja-base-xml2-check-strict-python/src/sbml/util/test/test_sbml_util
home/libsbml/development/libsbml-build-scripts/autobuild-option-tests/BUILD/ubuntu-1604-exp-ninja-base-xml2-check-strict-python/src/sbml/util/test/test_sbml_util
home/libsbml/development/libsbml-build-scripts/autobuild-option-tests/BUILD/ubuntu-1604-exp-ninja-base-xml2-check-strict-python/src/sbml/util/test/Release/test_sbml_util
home/libsbml/development/libsbml-build-scripts/autobuild-option-tests/BUILD/ubuntu-1604-exp-ninja-base-xml2-check-strict-python/src/sbml/util/test/Release/test_sbml_util
home/libsbml/development/libsbml-build-scripts/autobuild-option-tests/BUILD/ubuntu-1604-exp-ninja-base-xml2-check-strict-python/src/sbml/util/test/Debug/test_sbml_util
home/libsbml/development/libsbml-build-scripts/autobuild-option-tests/BUILD/ubuntu-1604-exp-ninja-base-xml2-check-strict-python/src/sbml/util/test/Debug/test_sbml_util
home/libsbml/development/libsbml-build-scripts/autobuild-option-tests/BUILD/ubuntu-1604-exp-ninja-base-xml2-check-strict-python/src/sbml/util/test/MinSizeRel/test_sbml_util
home/libsbml/development/libsbml-build-scripts/autobuild-option-tests/BUILD/ubuntu-1604-exp-ninja-base-xml2-check-strict-python/src/sbml/util/test/MinSizeRel/test_sbml_util
home/libsbml/development/libsbml-build-scripts/autobuild-option-tests/BUILD/ubuntu-1604-exp-ninja-base-xml2-check-strict-python/src/sbml/util/test/RelWithDebInfo/test_sbml_util
home/libsbml/development/libsbml-build-scripts/autobuild-option-tests/BUILD/ubuntu-1604-exp-ninja-base-xml2-check-strict-python/src/sbml/util/test/RelWithDebInfo/test_sbml_util
home/libsbml/development/libsbml-build-scripts/autobuild-option-tests/BUILD/ubuntu-1604-exp-ninja-base-xml2-check-strict-python/src/sbml/util/test/Deployment/test_sbml_util
home/libsbml/development/libsbml-build-scripts/autobuild-option-tests/BUILD/ubuntu-1604-exp-ninja-base-xml2-check-strict-python/src/sbml/util/test/Deployment/test_sbml_util
home/libsbml/development/libsbml-build-scripts/autobuild-option-tests/BUILD/ubuntu-1604-exp-ninja-base-xml2-check-strict-python/src/sbml/util/test/Development/test_sbml_util
home/libsbml/development/libsbml-build-scripts/autobuild-option-tests/BUILD/ubuntu-1604-exp-ninja-base-xml2-check-strict-python/src/sbml/util/test/Development/test_sbml_util
[ERROR_MESSAGE] 
Unable to find executable: /home/libsbml/development/libsbml-build-scripts/autobuild-option-tests/BUILD/ubuntu-1604-exp-ninja-base-xml2-check-strict-python/src/sbml/util/test/test_sbml_util

[HANDLER_OUTPUT] 
 9/
40 Test  #9: test_sbml_util_run ............................***Not Run   0.00 sec
      Start 10: test_sbml_validator_run
Could not find executable /home/libsbml/development/libsbml-build-scripts/autobuild-option-tests/BUILD/ubuntu-1604-exp-ninja-base-xml2-check-strict-python/src/sbml/validator/test/test_sbml_validator
Looked in the following places:
/home/libsbml/development/libsbml-build-scripts/autobuild-option-tests/BUILD/ubuntu-1604-exp-ninja-base-xml2-check-strict-python/src/sbml/validator/test/test_sbml_validator
/home/libsbml/development/libsbml-build-scripts/autobuild-option-tests/BUILD/ubuntu-1604-exp-ninja-base-xml2-check-strict-python/src/sbml/validator/test/test_sbml_validator
/home/libsbml/development/libsbml-build-scripts/autobuild-option-tests/BUILD/ubuntu-1604-exp-ninja-base-xml2-check-strict-python/src/sbml/validator/test/Release/test_sbml_validator
/home/libsbml/development/libsbml-build-scripts/autobuild-option-tests/BUILD/ubuntu-1604-exp-ninja-base-xml2-check-strict-python/src/sbml/validator/test/Release/test_sbml_validator
/home/libsbml/development/libsbml-build-scripts/autobuild-option-tests/BUILD/ubuntu-1604-exp-ninja-base-xml2-check-strict-python/src/sbml/validator/test/Debug/test_sbml_validator
/home/libsbml/development/libsbml-build-scripts/autobuild-option-tests/BUILD/ubuntu-1604-exp-ninja-base-xml2-check-strict-python/src/sbml/validator/test/Debug/test_sbml_validator
/home/libsbml/development/libsbml-build-scripts/autobuild-option-tests/BUILD/ubuntu-1604-exp-ninja-base-xml2-check-strict-python/src/sbml/validator/test/MinSizeRel/test_sbml_validator
/home/libsbml/development/libsbml-build-scripts/autobuild-option-tests/BUILD/ubuntu-1604-exp-ninja-base-xml2-check-strict-python/src/sbml/validator/test/MinSizeRel/test_sbml_validator
/home/libsbml/development/libsbml-build-scripts/autobuild-option-tests/BUILD/ubuntu-1604-exp-ninja-base-xml2-check-strict-python/src/sbml/validator/test/RelWithDebInfo/test_sbml_validator
/home/libsbml/development/libsbml-build-scripts/autobuild-option-tests/BUILD/ubuntu-1604-exp-ninja-base-xml2-check-strict-python/src/sbml/validator/test/RelWithDebInfo/test_sbml_validator
/home/libsbml/development/libsbml-build-scripts/autobuild-option-tests/BUILD/ubuntu-1604-exp-ninja-base-xml2-check-strict-python/src/sbml/validator/test/Deployment/test_sbml_validator
/home/libsbml/development/libsbml-build-scripts/autobuild-option-tests/BUILD/ubuntu-1604-exp-ninja-base-xml2-check-strict-python/src/sbml/validator/test/Deployment/test_sbml_validator
/home/libsbml/development/libsbml-build-scripts/autobuild-option-tests/BUILD/ubuntu-1604-exp-ninja-base-xml2-check-strict-python/src/sbml/validator/test/Development/test_sbml_validator
/home/libsbml/development/libsbml-build-scripts/autobuild-option-tests/BUILD/ubuntu-1604-exp-ninja-base-xml2-check-strict-python/src/sbml/validator/test/Development/test_sbml_validator
home/libsbml/development/libsbml-build-scripts/autobuild-option-tests/BUILD/ubuntu-1604-exp-ninja-base-xml2-check-strict-python/src/sbml/validator/test/test_sbml_validator
home/libsbml/development/libsbml-build-scripts/autobuild-option-tests/BUILD/ubuntu-1604-exp-ninja-base-xml2-check-strict-python/src/sbml/validator/test/test_sbml_validator
home/libsbml/development/libsbml-build-scripts/autobuild-option-tests/BUILD/ubuntu-1604-exp-ninja-base-xml2-check-strict-python/src/sbml/validator/test/Release/test_sbml_validator
home/libsbml/development/libsbml-build-scripts/autobuild-option-tests/BUILD/ubuntu-1604-exp-ninja-base-xml2-check-strict-python/src/sbml/validator/test/Release/test_sbml_validator
home/libsbml/development/libsbml-build-scripts/autobuild-option-tests/BUILD/ubuntu-1604-exp-ninja-base-xml2-check-strict-python/src/sbml/validator/test/Debug/test_sbml_validator
home/libsbml/development/libsbml-build-scripts/autobuild-option-tests/BUILD/ubuntu-1604-exp-ninja-base-xml2-check-strict-python/src/sbml/validator/test/Debug/test_sbml_validator
home/libsbml/development/libsbml-build-scripts/autobuild-option-tests/BUILD/ubuntu-1604-exp-ninja-base-xml2-check-strict-python/src/sbml/validator/test/MinSizeRel/test_sbml_validator
home/libsbml/development/libsbml-build-scripts/autobuild-option-tests/BUILD/ubuntu-1604-exp-ninja-base-xml2-check-strict-python/src/sbml/validator/test/MinSizeRel/test_sbml_validator
home/libsbml/development/libsbml-build-scripts/autobuild-option-tests/BUILD/ubuntu-1604-exp-ninja-base-xml2-check-strict-python/src/sbml/validator/test/RelWithDebInfo/test_sbml_validator
home/libsbml/development/libsbml-build-scripts/autobuild-option-tests/BUILD/ubuntu-1604-exp-ninja-base-xml2-check-strict-python/src/sbml/validator/test/RelWithDebInfo/test_sbml_validator
home/libsbml/development/libsbml-build-scripts/autobuild-option-tests/BUILD/ubuntu-1604-exp-ninja-base-xml2-check-strict-python/src/sbml/validator/test/Deployment/test_sbml_validator
home/libsbml/development/libsbml-build-scripts/autobuild-option-tests/BUILD/ubuntu-1604-exp-ninja-base-xml2-check-strict-python/src/sbml/validator/test/Deployment/test_sbml_validator
home/libsbml/development/libsbml-build-scripts/autobuild-option-tests/BUILD/ubuntu-1604-exp-ninja-base-xml2-check-strict-python/src/sbml/validator/test/Development/test_sbml_validator
home/libsbml/development/libsbml-build-scripts/autobuild-option-tests/BUILD/ubuntu-1604-exp-ninja-base-xml2-check-strict-python/src/sbml/validator/test/Development/test_sbml_validator
[ERROR_MESSAGE] 
Unable to find executable: /home/libsbml/development/libsbml-build-scripts/autobuild-option-tests/BUILD/ubuntu-1604-exp-ninja-base-xml2-check-strict-python/src/sbml/validator/test/test_sbml_validator

[HANDLER_OUTPUT] 
10/
40 Test #10: test_sbml_validator_run .......................***Not Run   0.00 sec
      Start 11: test_sbml_xml_run
Could not find executable /home/libsbml/development/libsbml-build-scripts/autobuild-option-tests/BUILD/ubuntu-1604-exp-ninja-base-xml2-check-strict-python/src/sbml/xml/test/test_sbml_xml
Looked in the following places:
/home/libsbml/development/libsbml-build-scripts/autobuild-option-tests/BUILD/ubuntu-1604-exp-ninja-base-xml2-check-strict-python/src/sbml/xml/test/test_sbml_xml
/home/libsbml/development/libsbml-build-scripts/autobuild-option-tests/BUILD/ubuntu-1604-exp-ninja-base-xml2-check-strict-python/src/sbml/xml/test/test_sbml_xml
/home/libsbml/development/libsbml-build-scripts/autobuild-option-tests/BUILD/ubuntu-1604-exp-ninja-base-xml2-check-strict-python/src/sbml/xml/test/Release/test_sbml_xml
/home/libsbml/development/libsbml-build-scripts/autobuild-option-tests/BUILD/ubuntu-1604-exp-ninja-base-xml2-check-strict-python/src/sbml/xml/test/Release/test_sbml_xml
/home/libsbml/development/libsbml-build-scripts/autobuild-option-tests/BUILD/ubuntu-1604-exp-ninja-base-xml2-check-strict-python/src/sbml/xml/test/Debug/test_sbml_xml
/home/libsbml/development/libsbml-build-scripts/autobuild-option-tests/BUILD/ubuntu-1604-exp-ninja-base-xml2-check-strict-python/src/sbml/xml/test/Debug/test_sbml_xml
/home/libsbml/development/libsbml-build-scripts/autobuild-option-tests/BUILD/ubuntu-1604-exp-ninja-base-xml2-check-strict-python/src/sbml/xml/test/MinSizeRel/test_sbml_xml
/home/libsbml/development/libsbml-build-scripts/autobuild-option-tests/BUILD/ubuntu-1604-exp-ninja-base-xml2-check-strict-python/src/sbml/xml/test/MinSizeRel/test_sbml_xml
/home/libsbml/development/libsbml-build-scripts/autobuild-option-tests/BUILD/ubuntu-1604-exp-ninja-base-xml2-check-strict-python/src/sbml/xml/test/RelWithDebInfo/test_sbml_xml
/home/libsbml/development/libsbml-build-scripts/autobuild-option-tests/BUILD/ubuntu-1604-exp-ninja-base-xml2-check-strict-python/src/sbml/xml/test/RelWithDebInfo/test_sbml_xml
/home/libsbml/development/libsbml-build-scripts/autobuild-option-tests/BUILD/ubuntu-1604-exp-ninja-base-xml2-check-strict-python/src/sbml/xml/test/Deployment/test_sbml_xml
/home/libsbml/development/libsbml-build-scripts/autobuild-option-tests/BUILD/ubuntu-1604-exp-ninja-base-xml2-check-strict-python/src/sbml/xml/test/Deployment/test_sbml_xml
/home/libsbml/development/libsbml-build-scripts/autobuild-option-tests/BUILD/ubuntu-1604-exp-ninja-base-xml2-check-strict-python/src/sbml/xml/test/Development/test_sbml_xml
/home/libsbml/development/libsbml-build-scripts/autobuild-option-tests/BUILD/ubuntu-1604-exp-ninja-base-xml2-check-strict-python/src/sbml/xml/test/Development/test_sbml_xml
home/libsbml/development/libsbml-build-scripts/autobuild-option-tests/BUILD/ubuntu-1604-exp-ninja-base-xml2-check-strict-python/src/sbml/xml/test/test_sbml_xml
home/libsbml/development/libsbml-build-scripts/autobuild-option-tests/BUILD/ubuntu-1604-exp-ninja-base-xml2-check-strict-python/src/sbml/xml/test/test_sbml_xml
home/libsbml/development/libsbml-build-scripts/autobuild-option-tests/BUILD/ubuntu-1604-exp-ninja-base-xml2-check-strict-python/src/sbml/xml/test/Release/test_sbml_xml
home/libsbml/development/libsbml-build-scripts/autobuild-option-tests/BUILD/ubuntu-1604-exp-ninja-base-xml2-check-strict-python/src/sbml/xml/test/Release/test_sbml_xml
home/libsbml/development/libsbml-build-scripts/autobuild-option-tests/BUILD/ubuntu-1604-exp-ninja-base-xml2-check-strict-python/src/sbml/xml/test/Debug/test_sbml_xml
home/libsbml/development/libsbml-build-scripts/autobuild-option-tests/BUILD/ubuntu-1604-exp-ninja-base-xml2-check-strict-python/src/sbml/xml/test/Debug/test_sbml_xml
home/libsbml/development/libsbml-build-scripts/autobuild-option-tests/BUILD/ubuntu-1604-exp-ninja-base-xml2-check-strict-python/src/sbml/xml/test/MinSizeRel/test_sbml_xml
home/libsbml/development/libsbml-build-scripts/autobuild-option-tests/BUILD/ubuntu-1604-exp-ninja-base-xml2-check-strict-python/src/sbml/xml/test/MinSizeRel/test_sbml_xml
home/libsbml/development/libsbml-build-scripts/autobuild-option-tests/BUILD/ubuntu-1604-exp-ninja-base-xml2-check-strict-python/src/sbml/xml/test/RelWithDebInfo/test_sbml_xml
home/libsbml/development/libsbml-build-scripts/autobuild-option-tests/BUILD/ubuntu-1604-exp-ninja-base-xml2-check-strict-python/src/sbml/xml/test/RelWithDebInfo/test_sbml_xml
home/libsbml/development/libsbml-build-scripts/autobuild-option-tests/BUILD/ubuntu-1604-exp-ninja-base-xml2-check-strict-python/src/sbml/xml/test/Deployment/test_sbml_xml
home/libsbml/development/libsbml-build-scripts/autobuild-option-tests/BUILD/ubuntu-1604-exp-ninja-base-xml2-check-strict-python/src/sbml/xml/test/Deployment/test_sbml_xml
home/libsbml/development/libsbml-build-scripts/autobuild-option-tests/BUILD/ubuntu-1604-exp-ninja-base-xml2-check-strict-python/src/sbml/xml/test/Development/test_sbml_xml
home/libsbml/development/libsbml-build-scripts/autobuild-option-tests/BUILD/ubuntu-1604-exp-ninja-base-xml2-check-strict-python/src/sbml/xml/test/Development/test_sbml_xml
[ERROR_MESSAGE] 
Unable to find executable: /home/libsbml/development/libsbml-build-scripts/autobuild-option-tests/BUILD/ubuntu-1604-exp-ninja-base-xml2-check-strict-python/src/sbml/xml/test/test_sbml_xml

[HANDLER_OUTPUT] 
11/
40 Test #11: test_sbml_xml_run .............................***Not Run   0.00 sec
      Start 12: test_python_binding
12/40 Test #12: test_python_binding ...........................***Failed    0.05 sec
Traceback (most recent call last):
  File "/home/libsbml/development/libsbml-build-scripts/autobuild-option-tests/BUILD/ubuntu-1604-exp-ninja-base-xml2-check-strict-python/src/bindings/python/test.py", line 77, in <module>
    if unittest.TextTestRunner(verbosity=1).run(suite()).wasSuccessful() :
  File "/home/libsbml/development/libsbml-build-scripts/autobuild-option-tests/BUILD/ubuntu-1604-exp-ninja-base-xml2-check-strict-python/src/bindings/python/test.py", line 53, in suite
    module = __import__(module_name)
  File "/home/libsbml/development/sf_libsbml_experimental/src/bindings/python/test/sbml/TestL3Trigger.py", line 34, in <module>
    import libsbml
ImportError: No module named libsbml

      Start 13: test_python_printversion
13/40 Test #13: test_python_printversion ......................***Failed    0.01 sec
Traceback (most recent call last):
  File "<string>", line 1, in <module>
ImportError: No module named libsbml

      Start 14: test_python_addCVTerms
14/40 Test #14: test_python_addCVTerms ........................***Failed    0.01 sec
Traceback (most recent call last):
  File "/home/libsbml/development/sf_libsbml_experimental/examples/python/addCVTerms.py", line 43, in <module>
    from libsbml import *
ImportError: No module named libsbml

      Start 15: test_python_addingEvidenceCodes_1
15/40 Test #15: test_python_addingEvidenceCodes_1 .............***Failed    0.01 sec
Traceback (most recent call last):
  File "/home/libsbml/development/sf_libsbml_experimental/examples/python/addingEvidenceCodes_1.py", line 43, in <module>
    from libsbml import *
ImportError: No module named libsbml

      Start 16: test_python_addingEvidenceCodes_2
16/40 Test #16: test_python_addingEvidenceCodes_2 .............***Failed    0.01 sec
Traceback (most recent call last):
  File "/home/libsbml/development/sf_libsbml_experimental/examples/python/addingEvidenceCodes_2.py", line 43, in <module>
    from libsbml import *
ImportError: No module named libsbml

      Start 17: test_python_addModelHistory
17/40 Test #17: test_python_addModelHistory ...................***Failed    0.01 sec
Traceback (most recent call last):
  File "/home/libsbml/development/sf_libsbml_experimental/examples/python/addModelHistory.py", line 43, in <module>
    from libsbml import *
ImportError: No module named libsbml

      Start 18: test_python_append_to_note
18/40 Test #18: test_python_append_to_note ....................***Failed    0.01 sec
Traceback (most recent call last):
  File "/home/libsbml/development/sf_libsbml_experimental/examples/python/append_to_note.py", line 49, in <module>
    import libsbml
ImportError: No module named libsbml

      Start 19: test_python_appendAnnotation
19/40 Test #19: test_python_appendAnnotation ..................***Failed    0.01 sec
Traceback (most recent call last):
  File "/home/libsbml/development/sf_libsbml_experimental/examples/python/appendAnnotation.py", line 43, in <module>
    from libsbml import *
ImportError: No module named libsbml

      Start 20: test_python_convertSBML
20/40 Test #20: test_python_convertSBML .......................***Failed    0.01 sec
Traceback (most recent call last):
  File "/home/libsbml/development/sf_libsbml_experimental/examples/python/convertSBML.py", line 47, in <module>
    from libsbml import *
ImportError: No module named libsbml

      Start 21: test_python_createExampleSBML
21/40 Test #21: test_python_createExampleSBML .................***Failed    0.02 sec
Traceback (most recent call last):
  File "/home/libsbml/development/sf_libsbml_experimental/examples/python/createExampleSBML.py", line 47, in <module>
    from libsbml import *
ImportError: No module named libsbml

      Start 22: test_python_createSimpleModel
22/40 Test #22: test_python_createSimpleModel .................***Failed    0.02 sec
Traceback (most recent call last):
  File "/home/libsbml/development/sf_libsbml_experimental/examples/python/createSimpleModel.py", line 43, in <module>
    from libsbml import *
ImportError: No module named libsbml

      Start 23: test_python_echoSBML
23/40 Test #23: test_python_echoSBML ..........................***Failed    0.01 sec
Traceback (most recent call last):
  File "/home/libsbml/development/sf_libsbml_experimental/examples/python/echoSBML.py", line 46, in <module>
    import libsbml
ImportError: No module named libsbml

      Start 24: test_python_evaluateCustomMath
24/40 Test #24: test_python_evaluateCustomMath ................***Failed    0.01 sec
Traceback (most recent call last):
  File "/home/libsbml/development/sf_libsbml_experimental/examples/python/evaluateCustomMath.py", line 44, in <module>
    import libsbml
ImportError: No module named libsbml

      Start 25: test_python_getAllElementsWithNotes
25/40 Test #25: test_python_getAllElementsWithNotes ...........***Failed    0.01 sec
Traceback (most recent call last):
  File "/home/libsbml/development/sf_libsbml_experimental/examples/python/getAllElementsWithNotes.py", line 50, in <module>
    import libsbml
ImportError: No module named libsbml

      Start 26: test_python_inlineInitialAssignments
26/40 Test #26: test_python_inlineInitialAssignments ..........***Failed    0.01 sec
Traceback (most recent call last):
  File "/home/libsbml/development/sf_libsbml_experimental/examples/python/inlineInitialAssignments.py", line 44, in <module>
    import libsbml
ImportError: No module named libsbml

      Start 27: test_python_printAnnotation
27/40 Test #27: test_python_printAnnotation ...................***Failed    0.01 sec
Traceback (most recent call last):
  File "/home/libsbml/development/sf_libsbml_experimental/examples/python/printAnnotation.py", line 45, in <module>
    from libsbml import *
ImportError: No module named libsbml

      Start 28: test_python_printMath
28/40 Test #28: test_python_printMath .........................***Failed    0.01 sec
Traceback (most recent call last):
  File "/home/libsbml/development/sf_libsbml_experimental/examples/python/printMath.py", line 47, in <module>
    from libsbml import *
ImportError: No module named libsbml

      Start 29: test_python_printRegisteredPackages
29/40 Test #29: test_python_printRegisteredPackages ...........***Failed    0.01 sec
Traceback (most recent call last):
  File "/home/libsbml/development/sf_libsbml_experimental/examples/python/printRegisteredPackages.py", line 44, in <module>
    from libsbml import *
ImportError: No module named libsbml

      Start 30: test_python_printSBML
30/40 Test #30: test_python_printSBML .........................***Failed    0.01 sec
Traceback (most recent call last):
  File "/home/libsbml/development/sf_libsbml_experimental/examples/python/printSBML.py", line 46, in <module>
    from libsbml import *
ImportError: No module named libsbml

      Start 31: test_python_printsupported
31/40 Test #31: test_python_printsupported ....................***Failed    0.01 sec
Traceback (most recent call last):
  File "/home/libsbml/development/sf_libsbml_experimental/examples/python/printsupported.py", line 46, in <module>
    from libsbml import *
ImportError: No module named libsbml

      Start 32: test_python_printUnits
32/40 Test #32: test_python_printUnits ........................***Failed    0.01 sec
Traceback (most recent call last):
  File "/home/libsbml/development/sf_libsbml_experimental/examples/python/printUnits.py", line 46, in <module>
    from libsbml import *
ImportError: No module named libsbml

      Start 33: test_python_promoteParameters
33/40 Test #33: test_python_promoteParameters .................***Failed    0.01 sec
Traceback (most recent call last):
  File "/home/libsbml/development/sf_libsbml_experimental/examples/python/promoteParameters.py", line 43, in <module>
    import libsbml
ImportError: No module named libsbml

      Start 34: test_python_readSBML
34/40 Test #34: test_python_readSBML ..........................***Failed    0.01 sec
Traceback (most recent call last):
  File "/home/libsbml/development/sf_libsbml_experimental/examples/python/readSBML.py", line 46, in <module>
    from libsbml import *
ImportError: No module named libsbml

      Start 35: test_python_replaceOneFD
35/40 Test #35: test_python_replaceOneFD ......................***Failed    0.01 sec
Traceback (most recent call last):
  File "/home/libsbml/development/sf_libsbml_experimental/examples/python/replaceOneFD.py", line 44, in <module>
    import libsbml
ImportError: No module named libsbml

      Start 36: test_python_setIdFromNames
36/40 Test #36: test_python_setIdFromNames ....................***Failed    0.01 sec
Traceback (most recent call last):
  File "/home/libsbml/development/sf_libsbml_experimental/examples/python/setIdFromNames.py", line 50, in <module>
    import libsbml
ImportError: No module named libsbml

      Start 37: test_python_unsetAnnotation
37/40 Test #37: test_python_unsetAnnotation ...................***Failed    0.01 sec
Traceback (most recent call last):
  File "/home/libsbml/development/sf_libsbml_experimental/examples/python/unsetAnnotation.py", line 46, in <module>
    from libsbml import *
ImportError: No module named libsbml

      Start 38: test_python_unsetNotes
38/40 Test #38: test_python_unsetNotes ........................***Failed    0.01 sec
Traceback (most recent call last):
  File "/home/libsbml/development/sf_libsbml_experimental/examples/python/unsetNotes.py", line 45, in <module>
    from libsbml import *
ImportError: No module named libsbml

      Start 39: test_python_validateSBML
39/40 Test #39: test_python_validateSBML ......................***Failed    0.01 sec
Traceback (most recent call last):
  File "/home/libsbml/development/sf_libsbml_experimental/examples/python/validateSBML.py", line 46, in <module>
    import libsbml
ImportError: No module named libsbml

      Start 40: test_python_stringInput
40/40 Test #40: test_python_stringInput .......................***Failed    0.01 sec
Traceback (most recent call last):
  File "/home/libsbml/development/sf_libsbml_experimental/examples/python/stringInput.py", line 44, in <module>
    import libsbml
ImportError: No module named libsbml


0% tests passed, 40 tests failed out of 40

Total Test time (real) =   0.52 sec

The following tests FAILED:
	  1 - test_l3v2extendedmath_validator_run (Not Run)
	  2 - test_extension_package_l3v2extendedmath_run (Not Run)
	  3 - test_sbml_annotation_run (Not Run)
	  4 - test_sbml_conversion_run (Not Run)
	  5 - test_sbml_extension_run (Not Run)
	  6 - test_sbml_math_run (Not Run)
	  7 - test_sbml_sbml_run (Not Run)
	  8 - test_sbml_units_run (Not Run)
	  9 - test_sbml_util_run (Not Run)
	 10 - test_sbml_validator_run (Not Run)
	 11 - test_sbml_xml_run (Not Run)
	 12 - test_python_binding (Failed)
	 13 - test_python_printversion (Failed)
	 14 - test_python_addCVTerms (Failed)
	 15 - test_python_addingEvidenceCodes_1 (Failed)
	 16 - test_python_addingEvidenceCodes_2 (Failed)
	 17 - test_python_addModelHistory (Failed)
	 18 - test_python_append_to_note (Failed)
	 19 - test_python_appendAnnotation (Failed)
	 20 - test_python_convertSBML (Failed)
	 21 - test_python_createExampleSBML (Failed)
	 22 - test_python_createSimpleModel (Failed)
	 23 - test_python_echoSBML (Failed)
	 24 - test_python_evaluateCustomMath (Failed)
	 25 - test_python_getAllElementsWithNotes (Failed)
	 26 - test_python_inlineInitialAssignments (Failed)
	 27 - test_python_printAnnotation (Failed)
	 28 - test_python_printMath (Failed)
	 29 - test_python_printRegisteredPackages (Failed)
	 30 - test_python_printSBML (Failed)
	 31 - test_python_printsupported (Failed)
	 32 - test_python_printUnits (Failed)
	 33 - test_python_promoteParameters (Failed)
	 34 - test_python_readSBML (Failed)
	 35 - test_python_replaceOneFD (Failed)
	 36 - test_python_setIdFromNames (Failed)
	 37 - test_python_unsetAnnotation (Failed)
	 38 - test_python_unsetNotes (Failed)
	 39 - test_python_validateSBML (Failed)
	 40 - test_python_stringInput (Failed)
[ERROR_MESSAGE] 
Errors while running CTest

