[HANDLER_OUTPUT] 
Test project /home/libsbml/development/libsbml-build-scripts/autobuild-option-tests/BUILD/ubuntu-1604-exp-ninja-base-packages-xml2-check-examples-csharp

        Start   1: test_sbml_package_multi_run
  1/120 Test   #1: test_sbml_package_multi_run ...................   Passed    0.19 sec
        Start   2: test_multi_validator_run
  2/120 Test   #2: test_multi_validator_run ......................   Passed    0.22 sec
        Start   3: test_extension_package_dyn_run
  3/120 Test   #3: test_extension_package_dyn_run ................   Passed    0.18 sec
        Start   4: test_sbml_package_render_run
  4/120 Test   #4: test_sbml_package_render_run ..................   Passed    0.82 sec
        Start   5: test_render_validator_run
  5/120 Test   #5: test_render_validator_run .....................   Passed    0.27 sec
        Start   6: test_extension_package_qual_run
  6/120 Test   #6: test_extension_package_qual_run ...............   Passed    0.38 sec
        Start   7: test_sbml_package_qual_run
  7/120 Test   #7: test_sbml_package_qual_run ....................   Passed    0.23 sec
        Start   8: test_qual_validator_run
  8/120 Test   #8: test_qual_validator_run .......................   Passed    0.28 sec
        Start   9: test_comp_extensions_run
  9/120 Test   #9: test_comp_extensions_run ......................   Passed    0.45 sec
        Start  10: test_comp_sbase_run
 10/120 Test  #10: test_comp_sbase_run ...........................   Passed    0.29 sec
        Start  11: test_comp_util_run
 11/120 Test  #11: test_comp_util_run ............................   Passed    3.18 sec
        Start  12: test_comp_validator_run
 12/120 Test  #12: test_comp_validator_run .......................   Passed    0.56 sec
        Start  13: test_extension_package_arrays_run
 13/120 Test  #13: test_extension_package_arrays_run .............   Passed    0.23 sec
        Start  14: test_arrays_util_run
 14/120 Test  #14: test_arrays_util_run ..........................   Passed    0.19 sec
        Start  15: test_sbml_package_req_run
 15/120 Test  #15: test_sbml_package_req_run .....................   Passed    0.15 sec
        Start  16: test_extension_package_groups_run
 16/120 Test  #16: test_extension_package_groups_run .............   Passed    0.21 sec
        Start  17: test_groups_validator_run
 17/120 Test  #17: test_groups_validator_run .....................   Passed    0.15 sec
        Start  18: test_sbml_package_fbc_run
 18/120 Test  #18: test_sbml_package_fbc_run .....................   Passed    0.23 sec
        Start  19: test_fbc_validator_run
 19/120 Test  #19: test_fbc_validator_run ........................   Passed    0.38 sec
        Start  20: test_l3v2extendedmath_validator_run
 20/120 Test  #20: test_l3v2extendedmath_validator_run ...........   Passed    0.14 sec
        Start  21: test_extension_package_l3v2extendedmath_run
 21/120 Test  #21: test_extension_package_l3v2extendedmath_run ...   Passed    0.15 sec
        Start  22: test_extension_package_distrib_run
 22/120 Test  #22: test_extension_package_distrib_run ............   Passed    0.21 sec
        Start  23: test_sbml_package_distrib_run
 23/120 Test  #23: test_sbml_package_distrib_run .................   Passed    0.20 sec
        Start  24: test_distrib_util_run
 24/120 Test  #24: test_distrib_util_run .........................   Passed    0.26 sec
        Start  25: test_distrib_validator_run
 25/120 Test  #25: test_distrib_validator_run ....................   Passed    0.09 sec
        Start  26: test_sbml_package_layout_run
 26/120 Test  #26: test_sbml_package_layout_run ..................   Passed    0.55 sec
        Start  27: test_layout_validator_run
 27/120 Test  #27: test_layout_validator_run .....................   Passed    0.66 sec
        Start  28: test_sbml_package_spatial_run
 28/120 Test  #28: test_sbml_package_spatial_run .................   Passed    0.20 sec
        Start  29: test_sbml_objects_package_spatial
 29/120 Test  #29: test_sbml_objects_package_spatial .............   Passed    0.14 sec
        Start  30: test_spatial_validator_run
 30/120 Test  #30: test_spatial_validator_run ....................   Passed    0.36 sec
        Start  31: test_sbml_annotation_run
 31/120 Test  #31: test_sbml_annotation_run ......................   Passed    0.60 sec
        Start  32: test_sbml_conversion_run
 32/120 Test  #32: test_sbml_conversion_run ......................   Passed    0.60 sec
        Start  33: test_sbml_extension_run
 33/120 Test  #33: test_sbml_extension_run .......................   Passed    0.15 sec
        Start  34: test_sbml_math_run
 34/120 Test  #34: test_sbml_math_run ............................   Passed    0.21 sec
        Start  35: test_sbml_sbml_run
 35/120 Test  #35: test_sbml_sbml_run ............................   Passed    2.70 sec
        Start  36: test_sbml_units_run
 36/120 Test  #36: test_sbml_units_run ...........................   Passed    0.92 sec
        Start  37: test_sbml_util_run
 37/120 Test  #37: test_sbml_util_run ............................   Passed    0.04 sec
        Start  38: test_sbml_validator_run
 38/120 Test  #38: test_sbml_validator_run .......................   Passed    4.76 sec
        Start  39: test_sbml_xml_run
 39/120 Test  #39: test_sbml_xml_run .............................   Passed    0.30 sec
        Start  40: test_csharp_bindings
 40/120 Test  #40: test_csharp_bindings ..........................***Failed    0.01 sec
Cannot open assembly '/home/libsbml/development/libsbml-build-scripts/autobuild-option-tests/BUILD/ubuntu-1604-exp-ninja-base-packages-xml2-check-examples-csharp/src/bindings/csharp/TestRW.exe': No such file or directory.

        Start  41: test_csharp_bindings_full
 41/120 Test  #41: test_csharp_bindings_full .....................***Failed  Required regular expression not found.Regex=[failures 0
]  0.01 sec
Cannot open assembly '/home/libsbml/development/libsbml-build-scripts/autobuild-option-tests/BUILD/ubuntu-1604-exp-ninja-base-packages-xml2-check-examples-csharp/src/bindings/csharp/TestRunner.exe': No such file or directory.

        Start  42: test_c_addCVTerms
 42/120 Test  #42: test_c_addCVTerms .............................   Passed    0.16 sec
        Start  43: test_c_addingEvidenceCodes_1
 43/120 Test  #43: test_c_addingEvidenceCodes_1 ..................   Passed    0.11 sec
        Start  44: test_c_addingEvidenceCodes_2
 44/120 Test  #44: test_c_addingEvidenceCodes_2 ..................   Passed    0.08 sec
        Start  45: test_c_addModelHistory
 45/120 Test  #45: test_c_addModelHistory ........................   Passed    0.12 sec
        Start  46: test_c_appendAnnotation
 46/120 Test  #46: test_c_appendAnnotation .......................   Passed    0.12 sec
        Start  47: test_c_convertSBML
 47/120 Test  #47: test_c_convertSBML ............................   Passed    0.20 sec
        Start  48: test_c_createExampleSBML
 48/120 Test  #48: test_c_createExampleSBML ......................   Passed    0.14 sec
        Start  49: test_c_drawMath
 49/120 Test  #49: test_c_drawMath ...............................   Passed    0.11 sec
        Start  50: test_c_echoSBML
 50/120 Test  #50: test_c_echoSBML ...............................   Passed    0.10 sec
        Start  51: test_c_printAnnotation
 51/120 Test  #51: test_c_printAnnotation ........................   Passed    0.11 sec
        Start  52: test_c_printMath
 52/120 Test  #52: test_c_printMath ..............................   Passed    0.10 sec
        Start  53: test_c_printNotes
 53/120 Test  #53: test_c_printNotes .............................   Passed    0.13 sec
        Start  54: test_c_printRegisteredPackages
 54/120 Test  #54: test_c_printRegisteredPackages ................   Passed    0.12 sec
        Start  55: test_c_printSBML
 55/120 Test  #55: test_c_printSBML ..............................   Passed    0.10 sec
        Start  56: test_c_printSupported
 56/120 Test  #56: test_c_printSupported .........................   Passed    0.08 sec
        Start  57: test_c_printUnits
 57/120 Test  #57: test_c_printUnits .............................   Passed    0.12 sec
        Start  58: test_c_promoteParameters
 58/120 Test  #58: test_c_promoteParameters ......................   Passed    0.11 sec
        Start  59: test_c_readSBML
 59/120 Test  #59: test_c_readSBML ...............................   Passed    0.13 sec
        Start  60: test_c_stripPackage
 60/120 Test  #60: test_c_stripPackage ...........................   Passed    0.10 sec
        Start  61: test_c_unsetAnnotation
 61/120 Test  #61: test_c_unsetAnnotation ........................   Passed    0.13 sec
        Start  62: test_c_unsetNotes
 62/120 Test  #62: test_c_unsetNotes .............................   Passed    0.12 sec
        Start  63: test_c_validateSBML
 63/120 Test  #63: test_c_validateSBML ...........................   Passed    0.13 sec
        Start  64: test_cxx_addCVTerms
 64/120 Test  #64: test_cxx_addCVTerms ...........................   Passed    0.10 sec
        Start  65: test_cxx_addCustomValidator
 65/120 Test  #65: test_cxx_addCustomValidator ...................   Passed    0.13 sec
        Start  66: test_cxx_addingEvidenceCodes_1
 66/120 Test  #66: test_cxx_addingEvidenceCodes_1 ................   Passed    0.11 sec
        Start  67: test_cxx_addingEvidenceCodes_2
 67/120 Test  #67: test_cxx_addingEvidenceCodes_2 ................   Passed    0.19 sec
        Start  68: test_cxx_addModelHistory
 68/120 Test  #68: test_cxx_addModelHistory ......................   Passed    0.15 sec
        Start  69: test_cxx_appendAnnotation
 69/120 Test  #69: test_cxx_appendAnnotation .....................   Passed    0.12 sec
        Start  70: test_cxx_callExternalValidator
 70/120 Test  #70: test_cxx_callExternalValidator ................   Passed    0.13 sec
        Start  71: test_cxx_convertSBML
 71/120 Test  #71: test_cxx_convertSBML ..........................   Passed    0.17 sec
        Start  72: test_cxx_convertToL1V1
 72/120 Test  #72: test_cxx_convertToL1V1 ........................   Passed    0.15 sec
        Start  73: test_cxx_createExampleSBML
 73/120 Test  #73: test_cxx_createExampleSBML ....................   Passed    0.18 sec
        Start  74: test_cxx_echoSBML
 74/120 Test  #74: test_cxx_echoSBML .............................   Passed    0.13 sec
        Start  75: test_cxx_inferUnits
 75/120 Test  #75: test_cxx_inferUnits ...........................   Passed    0.18 sec
        Start  76: test_cxx_inlineFunctionDefintions
 76/120 Test  #76: test_cxx_inlineFunctionDefintions .............   Passed    0.11 sec
        Start  77: test_cxx_convertReactions
 77/120 Test  #77: test_cxx_convertReactions .....................   Passed    0.13 sec
        Start  78: test_cxx_getAllElementsWithNotes
 78/120 Test  #78: test_cxx_getAllElementsWithNotes ..............   Passed    0.10 sec
        Start  79: test_cxx_printAnnotation
 79/120 Test  #79: test_cxx_printAnnotation ......................   Passed    0.39 sec
        Start  80: test_cxx_printMath
 80/120 Test  #80: test_cxx_printMath ............................   Passed    0.11 sec
        Start  81: test_cxx_printNotes
 81/120 Test  #81: test_cxx_printNotes ...........................   Passed    0.09 sec
        Start  82: test_cxx_printSBML
 82/120 Test  #82: test_cxx_printSBML ............................   Passed    0.10 sec
        Start  83: test_cxx_printRegisteredPackages
 83/120 Test  #83: test_cxx_printRegisteredPackages ..............   Passed    0.10 sec
        Start  84: test_cxx_printSupported
 84/120 Test  #84: test_cxx_printSupported .......................   Passed    0.08 sec
        Start  85: test_cxx_printUnits
 85/120 Test  #85: test_cxx_printUnits ...........................   Passed    0.12 sec
        Start  86: test_cxx_promoteParameters
 86/120 Test  #86: test_cxx_promoteParameters ....................   Passed    0.11 sec
        Start  87: test_cxx_readSBML
 87/120 Test  #87: test_cxx_readSBML .............................   Passed    0.12 sec
        Start  88: test_cxx_renameSId
 88/120 Test  #88: test_cxx_renameSId ............................   Passed    0.12 sec
        Start  89: test_cxx_setIdFromNames
 89/120 Test  #89: test_cxx_setIdFromNames .......................   Passed    0.12 sec
        Start  90: test_cxx_setNamesFromIds
 90/120 Test  #90: test_cxx_setNamesFromIds ......................   Passed    0.11 sec
        Start  91: test_cxx_stripPackage
 91/120 Test  #91: test_cxx_stripPackage .........................   Passed    0.12 sec
        Start  92: test_cxx_unsetAnnotation
 92/120 Test  #92: test_cxx_unsetAnnotation ......................   Passed    0.11 sec
        Start  93: test_cxx_unsetNotes
 93/120 Test  #93: test_cxx_unsetNotes ...........................   Passed    0.16 sec
        Start  94: test_cxx_validateSBML
 94/120 Test  #94: test_cxx_validateSBML .........................   Passed    0.15 sec
        Start  95: test_cs_addCVTerms
 95/120 Test  #95: test_cs_addCVTerms ............................***Failed    0.01 sec
Cannot open assembly '/home/libsbml/development/libsbml-build-scripts/autobuild-option-tests/BUILD/ubuntu-1604-exp-ninja-base-packages-xml2-check-examples-csharp/examples/csharp/addCVTerms.exe': No such file or directory.

        Start  96: test_cs_addingEvidenceCodes_1
 96/120 Test  #96: test_cs_addingEvidenceCodes_1 .................***Failed    0.01 sec
Cannot open assembly '/home/libsbml/development/libsbml-build-scripts/autobuild-option-tests/BUILD/ubuntu-1604-exp-ninja-base-packages-xml2-check-examples-csharp/examples/csharp/addingEvidenceCodes_1.exe': No such file or directory.

        Start  97: test_cs_addingEvidenceCodes_2
 97/120 Test  #97: test_cs_addingEvidenceCodes_2 .................***Failed    0.01 sec
Cannot open assembly '/home/libsbml/development/libsbml-build-scripts/autobuild-option-tests/BUILD/ubuntu-1604-exp-ninja-base-packages-xml2-check-examples-csharp/examples/csharp/addingEvidenceCodes_2.exe': No such file or directory.

        Start  98: test_cs_addModelHistory
 98/120 Test  #98: test_cs_addModelHistory .......................***Failed    0.01 sec
Cannot open assembly '/home/libsbml/development/libsbml-build-scripts/autobuild-option-tests/BUILD/ubuntu-1604-exp-ninja-base-packages-xml2-check-examples-csharp/examples/csharp/addModelHistory.exe': No such file or directory.

        Start  99: test_cs_appendAnnotation
 99/120 Test  #99: test_cs_appendAnnotation ......................***Failed    0.01 sec
Cannot open assembly '/home/libsbml/development/libsbml-build-scripts/autobuild-option-tests/BUILD/ubuntu-1604-exp-ninja-base-packages-xml2-check-examples-csharp/examples/csharp/appendAnnotation.exe': No such file or directory.

        Start 100: test_cs_convertSBML
100/120 Test #100: test_cs_convertSBML ...........................***Failed    0.01 sec
Cannot open assembly '/home/libsbml/development/libsbml-build-scripts/autobuild-option-tests/BUILD/ubuntu-1604-exp-ninja-base-packages-xml2-check-examples-csharp/examples/csharp/convertSBML.exe': No such file or directory.

        Start 101: test_cs_createExampleSBML
101/120 Test #101: test_cs_createExampleSBML .....................***Failed    0.01 sec
Cannot open assembly '/home/libsbml/development/libsbml-build-scripts/autobuild-option-tests/BUILD/ubuntu-1604-exp-ninja-base-packages-xml2-check-examples-csharp/examples/csharp/createExampleSBML.exe': No such file or directory.

        Start 102: test_cs_echoSBML
102/120 Test #102: test_cs_echoSBML ..............................***Failed    0.01 sec
Cannot open assembly '/home/libsbml/development/libsbml-build-scripts/autobuild-option-tests/BUILD/ubuntu-1604-exp-ninja-base-packages-xml2-check-examples-csharp/examples/csharp/echoSBML.exe': No such file or directory.

        Start 103: test_cs_GetAllElementsWithNotes
103/120 Test #103: test_cs_GetAllElementsWithNotes ...............***Failed    0.01 sec
Cannot open assembly '/home/libsbml/development/libsbml-build-scripts/autobuild-option-tests/BUILD/ubuntu-1604-exp-ninja-base-packages-xml2-check-examples-csharp/examples/csharp/GetAllElementsWithNotes.exe': No such file or directory.

        Start 104: test_cs_printAnnotation
104/120 Test #104: test_cs_printAnnotation .......................***Failed    0.01 sec
Cannot open assembly '/home/libsbml/development/libsbml-build-scripts/autobuild-option-tests/BUILD/ubuntu-1604-exp-ninja-base-packages-xml2-check-examples-csharp/examples/csharp/printAnnotation.exe': No such file or directory.

        Start 105: test_cs_printMath
105/120 Test #105: test_cs_printMath .............................***Failed    0.01 sec
Cannot open assembly '/home/libsbml/development/libsbml-build-scripts/autobuild-option-tests/BUILD/ubuntu-1604-exp-ninja-base-packages-xml2-check-examples-csharp/examples/csharp/printMath.exe': No such file or directory.

        Start 106: test_cs_printNotes
106/120 Test #106: test_cs_printNotes ............................***Failed    0.01 sec
Cannot open assembly '/home/libsbml/development/libsbml-build-scripts/autobuild-option-tests/BUILD/ubuntu-1604-exp-ninja-base-packages-xml2-check-examples-csharp/examples/csharp/printNotes.exe': No such file or directory.

        Start 107: test_cs_printRegisteredPackages
107/120 Test #107: test_cs_printRegisteredPackages ...............***Failed    0.01 sec
Cannot open assembly '/home/libsbml/development/libsbml-build-scripts/autobuild-option-tests/BUILD/ubuntu-1604-exp-ninja-base-packages-xml2-check-examples-csharp/examples/csharp/printRegisteredPackages.exe': No such file or directory.

        Start 108: test_cs_printSBML
108/120 Test #108: test_cs_printSBML .............................***Failed    0.01 sec
Cannot open assembly '/home/libsbml/development/libsbml-build-scripts/autobuild-option-tests/BUILD/ubuntu-1604-exp-ninja-base-packages-xml2-check-examples-csharp/examples/csharp/printSBML.exe': No such file or directory.

        Start 109: test_cs_printsupported
109/120 Test #109: test_cs_printsupported ........................***Failed    0.01 sec
Cannot open assembly '/home/libsbml/development/libsbml-build-scripts/autobuild-option-tests/BUILD/ubuntu-1604-exp-ninja-base-packages-xml2-check-examples-csharp/examples/csharp/printsupported.exe': No such file or directory.

        Start 110: test_cs_printUnits
110/120 Test #110: test_cs_printUnits ............................***Failed    0.01 sec
Cannot open assembly '/home/libsbml/development/libsbml-build-scripts/autobuild-option-tests/BUILD/ubuntu-1604-exp-ninja-base-packages-xml2-check-examples-csharp/examples/csharp/printUnits.exe': No such file or directory.

        Start 111: test_cs_promoteParameters
111/120 Test #111: test_cs_promoteParameters .....................***Failed    0.01 sec
Cannot open assembly '/home/libsbml/development/libsbml-build-scripts/autobuild-option-tests/BUILD/ubuntu-1604-exp-ninja-base-packages-xml2-check-examples-csharp/examples/csharp/promoteParameters.exe': No such file or directory.

        Start 112: test_cs_readSBML
112/120 Test #112: test_cs_readSBML ..............................***Failed    0.01 sec
Cannot open assembly '/home/libsbml/development/libsbml-build-scripts/autobuild-option-tests/BUILD/ubuntu-1604-exp-ninja-base-packages-xml2-check-examples-csharp/examples/csharp/readSBML.exe': No such file or directory.

        Start 113: test_cs_stripPackage
113/120 Test #113: test_cs_stripPackage ..........................***Failed    0.02 sec
Cannot open assembly '/home/libsbml/development/libsbml-build-scripts/autobuild-option-tests/BUILD/ubuntu-1604-exp-ninja-base-packages-xml2-check-examples-csharp/examples/csharp/stripPackage.exe': No such file or directory.

        Start 114: test_cs_SetIdFromNames
114/120 Test #114: test_cs_SetIdFromNames ........................***Failed    0.01 sec
Cannot open assembly '/home/libsbml/development/libsbml-build-scripts/autobuild-option-tests/BUILD/ubuntu-1604-exp-ninja-base-packages-xml2-check-examples-csharp/examples/csharp/SetIdFromNames.exe': No such file or directory.

        Start 115: test_cs_unsetAnnotation
115/120 Test #115: test_cs_unsetAnnotation .......................***Failed    0.01 sec
Cannot open assembly '/home/libsbml/development/libsbml-build-scripts/autobuild-option-tests/BUILD/ubuntu-1604-exp-ninja-base-packages-xml2-check-examples-csharp/examples/csharp/unsetAnnotation.exe': No such file or directory.

        Start 116: test_cs_unsetNotes
116/120 Test #116: test_cs_unsetNotes ............................***Failed    0.01 sec
Cannot open assembly '/home/libsbml/development/libsbml-build-scripts/autobuild-option-tests/BUILD/ubuntu-1604-exp-ninja-base-packages-xml2-check-examples-csharp/examples/csharp/unsetNotes.exe': No such file or directory.

        Start 117: test_cs_validateSBML
117/120 Test #117: test_cs_validateSBML ..........................***Failed    0.01 sec
Cannot open assembly '/home/libsbml/development/libsbml-build-scripts/autobuild-option-tests/BUILD/ubuntu-1604-exp-ninja-base-packages-xml2-check-examples-csharp/examples/csharp/validateSBML.exe': No such file or directory.

        Start 118: test_cs_evaluateCustomMath
118/120 Test #118: test_cs_evaluateCustomMath ....................***Failed    0.01 sec
Cannot open assembly '/home/libsbml/development/libsbml-build-scripts/autobuild-option-tests/BUILD/ubuntu-1604-exp-ninja-base-packages-xml2-check-examples-csharp/examples/csharp/evaluateCustomMath.exe': No such file or directory.

        Start 119: test_cs_inlineInitialAssignments
119/120 Test #119: test_cs_inlineInitialAssignments ..............***Failed    0.01 sec
Cannot open assembly '/home/libsbml/development/libsbml-build-scripts/autobuild-option-tests/BUILD/ubuntu-1604-exp-ninja-base-packages-xml2-check-examples-csharp/examples/csharp/inlineInitialAssignments.exe': No such file or directory.

        Start 120: test_cs_replaceOneFD
120/120 Test #120: test_cs_replaceOneFD ..........................***Failed    0.01 sec
Cannot open assembly '/home/libsbml/development/libsbml-build-scripts/autobuild-option-tests/BUILD/ubuntu-1604-exp-ninja-base-packages-xml2-check-examples-csharp/examples/csharp/replaceOneFD.exe': No such file or directory.


77% tests passed, 28 tests failed out of 120

Total Test time (real) =  29.16 sec

The following tests FAILED:
	 40 - test_csharp_bindings (Failed)
	 41 - test_csharp_bindings_full (Failed)
	 95 - test_cs_addCVTerms (Failed)
	 96 - test_cs_addingEvidenceCodes_1 (Failed)
	 97 - test_cs_addingEvidenceCodes_2 (Failed)
	 98 - test_cs_addModelHistory (Failed)
	 99 - test_cs_appendAnnotation (Failed)
	100 - test_cs_convertSBML (Failed)
	101 - test_cs_createExampleSBML (Failed)
	102 - test_cs_echoSBML (Failed)
	103 - test_cs_GetAllElementsWithNotes (Failed)
	104 - test_cs_printAnnotation (Failed)
	105 - test_cs_printMath (Failed)
	106 - test_cs_printNotes (Failed)
	107 - test_cs_printRegisteredPackages (Failed)
	108 - test_cs_printSBML (Failed)
	109 - test_cs_printsupported (Failed)
	110 - test_cs_printUnits (Failed)
	111 - test_cs_promoteParameters (Failed)
	112 - test_cs_readSBML (Failed)
	113 - test_cs_stripPackage (Failed)
	114 - test_cs_SetIdFromNames (Failed)
	115 - test_cs_unsetAnnotation (Failed)
	116 - test_cs_unsetNotes (Failed)
	117 - test_cs_validateSBML (Failed)
	118 - test_cs_evaluateCustomMath (Failed)
	119 - test_cs_inlineInitialAssignments (Failed)
	120 - test_cs_replaceOneFD (Failed)
[ERROR_MESSAGE] 
Errors while running CTest

