[HANDLER_OUTPUT] 
Test project /home/libsbml/development/libsbml-build-scripts/autobuild-option-tests/BUILD/ubuntu-1604-exp-ninja-base-packages-xml2-check-cpp_ns-examples-python

        Start   1: test_sbml_package_multi_run
  1/131 Test   #1: test_sbml_package_multi_run ...................   Passed    0.36 sec
        Start   2: test_multi_validator_run
  2/131 Test   #2: test_multi_validator_run ......................   Passed    0.47 sec
        Start   3: test_extension_package_dyn_run
  3/131 Test   #3: test_extension_package_dyn_run ................   Passed    0.30 sec
        Start   4: test_sbml_package_render_run
  4/131 Test   #4: test_sbml_package_render_run ..................   Passed    1.04 sec
        Start   5: test_render_validator_run
  5/131 Test   #5: test_render_validator_run .....................   Passed    0.48 sec
        Start   6: test_extension_package_qual_run
  6/131 Test   #6: test_extension_package_qual_run ...............   Passed    0.31 sec
        Start   7: test_sbml_package_qual_run
  7/131 Test   #7: test_sbml_package_qual_run ....................   Passed    0.37 sec
        Start   8: test_qual_validator_run
  8/131 Test   #8: test_qual_validator_run .......................   Passed    0.46 sec
        Start   9: test_comp_extensions_run
  9/131 Test   #9: test_comp_extensions_run ......................   Passed    0.78 sec
        Start  10: test_comp_sbase_run
 10/131 Test  #10: test_comp_sbase_run ...........................   Passed    0.40 sec
        Start  11: test_comp_util_run
 11/131 Test  #11: test_comp_util_run ............................   Passed    3.90 sec
        Start  12: test_comp_validator_run
 12/131 Test  #12: test_comp_validator_run .......................   Passed    0.84 sec
        Start  13: test_extension_package_arrays_run
 13/131 Test  #13: test_extension_package_arrays_run .............   Passed    0.42 sec
        Start  14: test_arrays_util_run
 14/131 Test  #14: test_arrays_util_run ..........................   Passed    0.44 sec
        Start  15: test_sbml_package_req_run
 15/131 Test  #15: test_sbml_package_req_run .....................   Passed    0.35 sec
        Start  16: test_extension_package_groups_run
 16/131 Test  #16: test_extension_package_groups_run .............   Passed    0.28 sec
        Start  17: test_groups_validator_run
 17/131 Test  #17: test_groups_validator_run .....................   Passed    0.31 sec
        Start  18: test_sbml_package_fbc_run
 18/131 Test  #18: test_sbml_package_fbc_run .....................   Passed    0.35 sec
        Start  19: test_fbc_validator_run
 19/131 Test  #19: test_fbc_validator_run ........................   Passed    0.59 sec
        Start  20: test_l3v2extendedmath_validator_run
 20/131 Test  #20: test_l3v2extendedmath_validator_run ...........   Passed    0.24 sec
        Start  21: test_extension_package_l3v2extendedmath_run
 21/131 Test  #21: test_extension_package_l3v2extendedmath_run ...   Passed    0.24 sec
        Start  22: test_extension_package_distrib_run
 22/131 Test  #22: test_extension_package_distrib_run ............   Passed    0.35 sec
        Start  23: test_sbml_package_distrib_run
 23/131 Test  #23: test_sbml_package_distrib_run .................   Passed    0.31 sec
        Start  24: test_distrib_util_run
 24/131 Test  #24: test_distrib_util_run .........................   Passed    0.37 sec
        Start  25: test_distrib_validator_run
 25/131 Test  #25: test_distrib_validator_run ....................   Passed    0.19 sec
        Start  26: test_sbml_package_layout_run
 26/131 Test  #26: test_sbml_package_layout_run ..................   Passed    0.68 sec
        Start  27: test_layout_validator_run
 27/131 Test  #27: test_layout_validator_run .....................   Passed    0.91 sec
        Start  28: test_sbml_package_spatial_run
 28/131 Test  #28: test_sbml_package_spatial_run .................   Passed    0.40 sec
        Start  29: test_sbml_objects_package_spatial
 29/131 Test  #29: test_sbml_objects_package_spatial .............   Passed    0.29 sec
        Start  30: test_spatial_validator_run
 30/131 Test  #30: test_spatial_validator_run ....................   Passed    0.54 sec
        Start  31: test_sbml_annotation_run
 31/131 Test  #31: test_sbml_annotation_run ......................   Passed    0.64 sec
        Start  32: test_sbml_conversion_run
 32/131 Test  #32: test_sbml_conversion_run ......................   Passed    0.72 sec
        Start  33: test_sbml_extension_run
 33/131 Test  #33: test_sbml_extension_run .......................   Passed    0.26 sec
        Start  34: test_sbml_math_run
 34/131 Test  #34: test_sbml_math_run ............................   Passed    0.32 sec
        Start  35: test_sbml_sbml_run
 35/131 Test  #35: test_sbml_sbml_run ............................   Passed    2.75 sec
        Start  36: test_sbml_units_run
 36/131 Test  #36: test_sbml_units_run ...........................   Passed    0.97 sec
        Start  37: test_sbml_util_run
 37/131 Test  #37: test_sbml_util_run ............................   Passed    0.05 sec
        Start  38: test_sbml_validator_run
 38/131 Test  #38: test_sbml_validator_run .......................   Passed    4.35 sec
        Start  39: test_sbml_xml_run
 39/131 Test  #39: test_sbml_xml_run .............................   Passed    0.38 sec
        Start  40: test_python_binding
 40/131 Test  #40: test_python_binding ...........................***Failed    0.70 sec
Traceback (most recent call last):
  File "/home/libsbml/development/libsbml-build-scripts/autobuild-option-tests/BUILD/ubuntu-1604-exp-ninja-base-packages-xml2-check-cpp_ns-examples-python/src/bindings/python/test.py", line 77, in <module>
    if unittest.TextTestRunner(verbosity=1).run(suite()).wasSuccessful() :
  File "/home/libsbml/development/libsbml-build-scripts/autobuild-option-tests/BUILD/ubuntu-1604-exp-ninja-base-packages-xml2-check-cpp_ns-examples-python/src/bindings/python/test.py", line 53, in suite
    module = __import__(module_name)
  File "/home/libsbml/development/sf_libsbml_experimental/src/bindings/python/test/sbml/TestL3Trigger.py", line 34, in <module>
    import libsbml
  File "/home/libsbml/development/libsbml-build-scripts/autobuild-option-tests/BUILD/ubuntu-1604-exp-ninja-base-packages-xml2-check-cpp_ns-examples-python/src/bindings/python/libsbml.py", line 35, in <module>
    _libsbml = swig_import_helper()
  File "/home/libsbml/development/libsbml-build-scripts/autobuild-option-tests/BUILD/ubuntu-1604-exp-ninja-base-packages-xml2-check-cpp_ns-examples-python/src/bindings/python/libsbml.py", line 27, in swig_import_helper
    import _libsbml
ImportError: No module named _libsbml

        Start  41: test_python_printversion
 41/131 Test  #41: test_python_printversion ......................***Failed    0.06 sec
Traceback (most recent call last):
  File "<string>", line 1, in <module>
  File "libsbml.py", line 35, in <module>
    _libsbml = swig_import_helper()
  File "libsbml.py", line 27, in swig_import_helper
    import _libsbml
ImportError: No module named _libsbml

        Start  42: test_python_addCVTerms
 42/131 Test  #42: test_python_addCVTerms ........................***Failed    0.07 sec
Traceback (most recent call last):
  File "/home/libsbml/development/sf_libsbml_experimental/examples/python/addCVTerms.py", line 43, in <module>
    from libsbml import *
  File "/home/libsbml/development/libsbml-build-scripts/autobuild-option-tests/BUILD/ubuntu-1604-exp-ninja-base-packages-xml2-check-cpp_ns-examples-python/src/bindings/python/libsbml.py", line 35, in <module>
    _libsbml = swig_import_helper()
  File "/home/libsbml/development/libsbml-build-scripts/autobuild-option-tests/BUILD/ubuntu-1604-exp-ninja-base-packages-xml2-check-cpp_ns-examples-python/src/bindings/python/libsbml.py", line 27, in swig_import_helper
    import _libsbml
ImportError: No module named _libsbml

        Start  43: test_python_addingEvidenceCodes_1
 43/131 Test  #43: test_python_addingEvidenceCodes_1 .............***Failed    0.07 sec
Traceback (most recent call last):
  File "/home/libsbml/development/sf_libsbml_experimental/examples/python/addingEvidenceCodes_1.py", line 43, in <module>
    from libsbml import *
  File "/home/libsbml/development/libsbml-build-scripts/autobuild-option-tests/BUILD/ubuntu-1604-exp-ninja-base-packages-xml2-check-cpp_ns-examples-python/src/bindings/python/libsbml.py", line 35, in <module>
    _libsbml = swig_import_helper()
  File "/home/libsbml/development/libsbml-build-scripts/autobuild-option-tests/BUILD/ubuntu-1604-exp-ninja-base-packages-xml2-check-cpp_ns-examples-python/src/bindings/python/libsbml.py", line 27, in swig_import_helper
    import _libsbml
ImportError: No module named _libsbml

        Start  44: test_python_addingEvidenceCodes_2
 44/131 Test  #44: test_python_addingEvidenceCodes_2 .............***Failed    0.07 sec
Traceback (most recent call last):
  File "/home/libsbml/development/sf_libsbml_experimental/examples/python/addingEvidenceCodes_2.py", line 43, in <module>
    from libsbml import *
  File "/home/libsbml/development/libsbml-build-scripts/autobuild-option-tests/BUILD/ubuntu-1604-exp-ninja-base-packages-xml2-check-cpp_ns-examples-python/src/bindings/python/libsbml.py", line 35, in <module>
    _libsbml = swig_import_helper()
  File "/home/libsbml/development/libsbml-build-scripts/autobuild-option-tests/BUILD/ubuntu-1604-exp-ninja-base-packages-xml2-check-cpp_ns-examples-python/src/bindings/python/libsbml.py", line 27, in swig_import_helper
    import _libsbml
ImportError: No module named _libsbml

        Start  45: test_python_addModelHistory
 45/131 Test  #45: test_python_addModelHistory ...................***Failed    0.08 sec
Traceback (most recent call last):
  File "/home/libsbml/development/sf_libsbml_experimental/examples/python/addModelHistory.py", line 43, in <module>
    from libsbml import *
  File "/home/libsbml/development/libsbml-build-scripts/autobuild-option-tests/BUILD/ubuntu-1604-exp-ninja-base-packages-xml2-check-cpp_ns-examples-python/src/bindings/python/libsbml.py", line 35, in <module>
    _libsbml = swig_import_helper()
  File "/home/libsbml/development/libsbml-build-scripts/autobuild-option-tests/BUILD/ubuntu-1604-exp-ninja-base-packages-xml2-check-cpp_ns-examples-python/src/bindings/python/libsbml.py", line 27, in swig_import_helper
    import _libsbml
ImportError: No module named _libsbml

        Start  46: test_python_append_to_note
 46/131 Test  #46: test_python_append_to_note ....................***Failed    0.06 sec
Traceback (most recent call last):
  File "/home/libsbml/development/sf_libsbml_experimental/examples/python/append_to_note.py", line 49, in <module>
    import libsbml
  File "/home/libsbml/development/libsbml-build-scripts/autobuild-option-tests/BUILD/ubuntu-1604-exp-ninja-base-packages-xml2-check-cpp_ns-examples-python/src/bindings/python/libsbml.py", line 35, in <module>
    _libsbml = swig_import_helper()
  File "/home/libsbml/development/libsbml-build-scripts/autobuild-option-tests/BUILD/ubuntu-1604-exp-ninja-base-packages-xml2-check-cpp_ns-examples-python/src/bindings/python/libsbml.py", line 27, in swig_import_helper
    import _libsbml
ImportError: No module named _libsbml

        Start  47: test_python_appendAnnotation
 47/131 Test  #47: test_python_appendAnnotation ..................***Failed    0.06 sec
Traceback (most recent call last):
  File "/home/libsbml/development/sf_libsbml_experimental/examples/python/appendAnnotation.py", line 43, in <module>
    from libsbml import *
  File "/home/libsbml/development/libsbml-build-scripts/autobuild-option-tests/BUILD/ubuntu-1604-exp-ninja-base-packages-xml2-check-cpp_ns-examples-python/src/bindings/python/libsbml.py", line 35, in <module>
    _libsbml = swig_import_helper()
  File "/home/libsbml/development/libsbml-build-scripts/autobuild-option-tests/BUILD/ubuntu-1604-exp-ninja-base-packages-xml2-check-cpp_ns-examples-python/src/bindings/python/libsbml.py", line 27, in swig_import_helper
    import _libsbml
ImportError: No module named _libsbml

        Start  48: test_python_convertSBML
 48/131 Test  #48: test_python_convertSBML .......................***Failed    0.08 sec
Traceback (most recent call last):
  File "/home/libsbml/development/sf_libsbml_experimental/examples/python/convertSBML.py", line 47, in <module>
    from libsbml import *
  File "/home/libsbml/development/libsbml-build-scripts/autobuild-option-tests/BUILD/ubuntu-1604-exp-ninja-base-packages-xml2-check-cpp_ns-examples-python/src/bindings/python/libsbml.py", line 35, in <module>
    _libsbml = swig_import_helper()
  File "/home/libsbml/development/libsbml-build-scripts/autobuild-option-tests/BUILD/ubuntu-1604-exp-ninja-base-packages-xml2-check-cpp_ns-examples-python/src/bindings/python/libsbml.py", line 27, in swig_import_helper
    import _libsbml
ImportError: No module named _libsbml

        Start  49: test_python_createExampleSBML
 49/131 Test  #49: test_python_createExampleSBML .................***Failed    0.06 sec
Traceback (most recent call last):
  File "/home/libsbml/development/sf_libsbml_experimental/examples/python/createExampleSBML.py", line 47, in <module>
    from libsbml import *
  File "/home/libsbml/development/libsbml-build-scripts/autobuild-option-tests/BUILD/ubuntu-1604-exp-ninja-base-packages-xml2-check-cpp_ns-examples-python/src/bindings/python/libsbml.py", line 35, in <module>
    _libsbml = swig_import_helper()
  File "/home/libsbml/development/libsbml-build-scripts/autobuild-option-tests/BUILD/ubuntu-1604-exp-ninja-base-packages-xml2-check-cpp_ns-examples-python/src/bindings/python/libsbml.py", line 27, in swig_import_helper
    import _libsbml
ImportError: No module named _libsbml

        Start  50: test_python_createSimpleModel
 50/131 Test  #50: test_python_createSimpleModel .................***Failed    0.07 sec
Traceback (most recent call last):
  File "/home/libsbml/development/sf_libsbml_experimental/examples/python/createSimpleModel.py", line 43, in <module>
    from libsbml import *
  File "/home/libsbml/development/libsbml-build-scripts/autobuild-option-tests/BUILD/ubuntu-1604-exp-ninja-base-packages-xml2-check-cpp_ns-examples-python/src/bindings/python/libsbml.py", line 35, in <module>
    _libsbml = swig_import_helper()
  File "/home/libsbml/development/libsbml-build-scripts/autobuild-option-tests/BUILD/ubuntu-1604-exp-ninja-base-packages-xml2-check-cpp_ns-examples-python/src/bindings/python/libsbml.py", line 27, in swig_import_helper
    import _libsbml
ImportError: No module named _libsbml

        Start  51: test_python_echoSBML
 51/131 Test  #51: test_python_echoSBML ..........................***Failed    0.06 sec
Traceback (most recent call last):
  File "/home/libsbml/development/sf_libsbml_experimental/examples/python/echoSBML.py", line 46, in <module>
    import libsbml
  File "/home/libsbml/development/libsbml-build-scripts/autobuild-option-tests/BUILD/ubuntu-1604-exp-ninja-base-packages-xml2-check-cpp_ns-examples-python/src/bindings/python/libsbml.py", line 35, in <module>
    _libsbml = swig_import_helper()
  File "/home/libsbml/development/libsbml-build-scripts/autobuild-option-tests/BUILD/ubuntu-1604-exp-ninja-base-packages-xml2-check-cpp_ns-examples-python/src/bindings/python/libsbml.py", line 27, in swig_import_helper
    import _libsbml
ImportError: No module named _libsbml

        Start  52: test_python_evaluateCustomMath
 52/131 Test  #52: test_python_evaluateCustomMath ................***Failed    0.06 sec
Traceback (most recent call last):
  File "/home/libsbml/development/sf_libsbml_experimental/examples/python/evaluateCustomMath.py", line 44, in <module>
    import libsbml
  File "/home/libsbml/development/libsbml-build-scripts/autobuild-option-tests/BUILD/ubuntu-1604-exp-ninja-base-packages-xml2-check-cpp_ns-examples-python/src/bindings/python/libsbml.py", line 35, in <module>
    _libsbml = swig_import_helper()
  File "/home/libsbml/development/libsbml-build-scripts/autobuild-option-tests/BUILD/ubuntu-1604-exp-ninja-base-packages-xml2-check-cpp_ns-examples-python/src/bindings/python/libsbml.py", line 27, in swig_import_helper
    import _libsbml
ImportError: No module named _libsbml

        Start  53: test_python_getAllElementsWithNotes
 53/131 Test  #53: test_python_getAllElementsWithNotes ...........***Failed    0.06 sec
Traceback (most recent call last):
  File "/home/libsbml/development/sf_libsbml_experimental/examples/python/getAllElementsWithNotes.py", line 50, in <module>
    import libsbml
  File "/home/libsbml/development/libsbml-build-scripts/autobuild-option-tests/BUILD/ubuntu-1604-exp-ninja-base-packages-xml2-check-cpp_ns-examples-python/src/bindings/python/libsbml.py", line 35, in <module>
    _libsbml = swig_import_helper()
  File "/home/libsbml/development/libsbml-build-scripts/autobuild-option-tests/BUILD/ubuntu-1604-exp-ninja-base-packages-xml2-check-cpp_ns-examples-python/src/bindings/python/libsbml.py", line 27, in swig_import_helper
    import _libsbml
ImportError: No module named _libsbml

        Start  54: test_python_inlineInitialAssignments
 54/131 Test  #54: test_python_inlineInitialAssignments ..........***Failed    0.06 sec
Traceback (most recent call last):
  File "/home/libsbml/development/sf_libsbml_experimental/examples/python/inlineInitialAssignments.py", line 44, in <module>
    import libsbml
  File "/home/libsbml/development/libsbml-build-scripts/autobuild-option-tests/BUILD/ubuntu-1604-exp-ninja-base-packages-xml2-check-cpp_ns-examples-python/src/bindings/python/libsbml.py", line 35, in <module>
    _libsbml = swig_import_helper()
  File "/home/libsbml/development/libsbml-build-scripts/autobuild-option-tests/BUILD/ubuntu-1604-exp-ninja-base-packages-xml2-check-cpp_ns-examples-python/src/bindings/python/libsbml.py", line 27, in swig_import_helper
    import _libsbml
ImportError: No module named _libsbml

        Start  55: test_python_printAnnotation
 55/131 Test  #55: test_python_printAnnotation ...................***Failed    0.06 sec
Traceback (most recent call last):
  File "/home/libsbml/development/sf_libsbml_experimental/examples/python/printAnnotation.py", line 45, in <module>
    from libsbml import *
  File "/home/libsbml/development/libsbml-build-scripts/autobuild-option-tests/BUILD/ubuntu-1604-exp-ninja-base-packages-xml2-check-cpp_ns-examples-python/src/bindings/python/libsbml.py", line 35, in <module>
    _libsbml = swig_import_helper()
  File "/home/libsbml/development/libsbml-build-scripts/autobuild-option-tests/BUILD/ubuntu-1604-exp-ninja-base-packages-xml2-check-cpp_ns-examples-python/src/bindings/python/libsbml.py", line 27, in swig_import_helper
    import _libsbml
ImportError: No module named _libsbml

        Start  56: test_python_printMath
 56/131 Test  #56: test_python_printMath .........................***Failed    0.06 sec
Traceback (most recent call last):
  File "/home/libsbml/development/sf_libsbml_experimental/examples/python/printMath.py", line 47, in <module>
    from libsbml import *
  File "/home/libsbml/development/libsbml-build-scripts/autobuild-option-tests/BUILD/ubuntu-1604-exp-ninja-base-packages-xml2-check-cpp_ns-examples-python/src/bindings/python/libsbml.py", line 35, in <module>
    _libsbml = swig_import_helper()
  File "/home/libsbml/development/libsbml-build-scripts/autobuild-option-tests/BUILD/ubuntu-1604-exp-ninja-base-packages-xml2-check-cpp_ns-examples-python/src/bindings/python/libsbml.py", line 27, in swig_import_helper
    import _libsbml
ImportError: No module named _libsbml

        Start  57: test_python_printRegisteredPackages
 57/131 Test  #57: test_python_printRegisteredPackages ...........***Failed    0.06 sec
Traceback (most recent call last):
  File "/home/libsbml/development/sf_libsbml_experimental/examples/python/printRegisteredPackages.py", line 44, in <module>
    from libsbml import *
  File "/home/libsbml/development/libsbml-build-scripts/autobuild-option-tests/BUILD/ubuntu-1604-exp-ninja-base-packages-xml2-check-cpp_ns-examples-python/src/bindings/python/libsbml.py", line 35, in <module>
    _libsbml = swig_import_helper()
  File "/home/libsbml/development/libsbml-build-scripts/autobuild-option-tests/BUILD/ubuntu-1604-exp-ninja-base-packages-xml2-check-cpp_ns-examples-python/src/bindings/python/libsbml.py", line 27, in swig_import_helper
    import _libsbml
ImportError: No module named _libsbml

        Start  58: test_python_printSBML
 58/131 Test  #58: test_python_printSBML .........................***Failed    0.06 sec
Traceback (most recent call last):
  File "/home/libsbml/development/sf_libsbml_experimental/examples/python/printSBML.py", line 46, in <module>
    from libsbml import *
  File "/home/libsbml/development/libsbml-build-scripts/autobuild-option-tests/BUILD/ubuntu-1604-exp-ninja-base-packages-xml2-check-cpp_ns-examples-python/src/bindings/python/libsbml.py", line 35, in <module>
    _libsbml = swig_import_helper()
  File "/home/libsbml/development/libsbml-build-scripts/autobuild-option-tests/BUILD/ubuntu-1604-exp-ninja-base-packages-xml2-check-cpp_ns-examples-python/src/bindings/python/libsbml.py", line 27, in swig_import_helper
    import _libsbml
ImportError: No module named _libsbml

        Start  59: test_python_printsupported
 59/131 Test  #59: test_python_printsupported ....................***Failed    0.06 sec
Traceback (most recent call last):
  File "/home/libsbml/development/sf_libsbml_experimental/examples/python/printsupported.py", line 46, in <module>
    from libsbml import *
  File "/home/libsbml/development/libsbml-build-scripts/autobuild-option-tests/BUILD/ubuntu-1604-exp-ninja-base-packages-xml2-check-cpp_ns-examples-python/src/bindings/python/libsbml.py", line 35, in <module>
    _libsbml = swig_import_helper()
  File "/home/libsbml/development/libsbml-build-scripts/autobuild-option-tests/BUILD/ubuntu-1604-exp-ninja-base-packages-xml2-check-cpp_ns-examples-python/src/bindings/python/libsbml.py", line 27, in swig_import_helper
    import _libsbml
ImportError: No module named _libsbml

        Start  60: test_python_printUnits
 60/131 Test  #60: test_python_printUnits ........................***Failed    0.06 sec
Traceback (most recent call last):
  File "/home/libsbml/development/sf_libsbml_experimental/examples/python/printUnits.py", line 46, in <module>
    from libsbml import *
  File "/home/libsbml/development/libsbml-build-scripts/autobuild-option-tests/BUILD/ubuntu-1604-exp-ninja-base-packages-xml2-check-cpp_ns-examples-python/src/bindings/python/libsbml.py", line 35, in <module>
    _libsbml = swig_import_helper()
  File "/home/libsbml/development/libsbml-build-scripts/autobuild-option-tests/BUILD/ubuntu-1604-exp-ninja-base-packages-xml2-check-cpp_ns-examples-python/src/bindings/python/libsbml.py", line 27, in swig_import_helper
    import _libsbml
ImportError: No module named _libsbml

        Start  61: test_python_promoteParameters
 61/131 Test  #61: test_python_promoteParameters .................***Failed    0.06 sec
Traceback (most recent call last):
  File "/home/libsbml/development/sf_libsbml_experimental/examples/python/promoteParameters.py", line 43, in <module>
    import libsbml
  File "/home/libsbml/development/libsbml-build-scripts/autobuild-option-tests/BUILD/ubuntu-1604-exp-ninja-base-packages-xml2-check-cpp_ns-examples-python/src/bindings/python/libsbml.py", line 35, in <module>
    _libsbml = swig_import_helper()
  File "/home/libsbml/development/libsbml-build-scripts/autobuild-option-tests/BUILD/ubuntu-1604-exp-ninja-base-packages-xml2-check-cpp_ns-examples-python/src/bindings/python/libsbml.py", line 27, in swig_import_helper
    import _libsbml
ImportError: No module named _libsbml

        Start  62: test_python_readSBML
 62/131 Test  #62: test_python_readSBML ..........................***Failed    0.07 sec
Traceback (most recent call last):
  File "/home/libsbml/development/sf_libsbml_experimental/examples/python/readSBML.py", line 46, in <module>
    from libsbml import *
  File "/home/libsbml/development/libsbml-build-scripts/autobuild-option-tests/BUILD/ubuntu-1604-exp-ninja-base-packages-xml2-check-cpp_ns-examples-python/src/bindings/python/libsbml.py", line 35, in <module>
    _libsbml = swig_import_helper()
  File "/home/libsbml/development/libsbml-build-scripts/autobuild-option-tests/BUILD/ubuntu-1604-exp-ninja-base-packages-xml2-check-cpp_ns-examples-python/src/bindings/python/libsbml.py", line 27, in swig_import_helper
    import _libsbml
ImportError: No module named _libsbml

        Start  63: test_python_replaceOneFD
 63/131 Test  #63: test_python_replaceOneFD ......................***Failed    0.06 sec
Traceback (most recent call last):
  File "/home/libsbml/development/sf_libsbml_experimental/examples/python/replaceOneFD.py", line 44, in <module>
    import libsbml
  File "/home/libsbml/development/libsbml-build-scripts/autobuild-option-tests/BUILD/ubuntu-1604-exp-ninja-base-packages-xml2-check-cpp_ns-examples-python/src/bindings/python/libsbml.py", line 35, in <module>
    _libsbml = swig_import_helper()
  File "/home/libsbml/development/libsbml-build-scripts/autobuild-option-tests/BUILD/ubuntu-1604-exp-ninja-base-packages-xml2-check-cpp_ns-examples-python/src/bindings/python/libsbml.py", line 27, in swig_import_helper
    import _libsbml
ImportError: No module named _libsbml

        Start  64: test_python_setIdFromNames
 64/131 Test  #64: test_python_setIdFromNames ....................***Failed    0.06 sec
Traceback (most recent call last):
  File "/home/libsbml/development/sf_libsbml_experimental/examples/python/setIdFromNames.py", line 50, in <module>
    import libsbml
  File "/home/libsbml/development/libsbml-build-scripts/autobuild-option-tests/BUILD/ubuntu-1604-exp-ninja-base-packages-xml2-check-cpp_ns-examples-python/src/bindings/python/libsbml.py", line 35, in <module>
    _libsbml = swig_import_helper()
  File "/home/libsbml/development/libsbml-build-scripts/autobuild-option-tests/BUILD/ubuntu-1604-exp-ninja-base-packages-xml2-check-cpp_ns-examples-python/src/bindings/python/libsbml.py", line 27, in swig_import_helper
    import _libsbml
ImportError: No module named _libsbml

        Start  65: test_python_unsetAnnotation
 65/131 Test  #65: test_python_unsetAnnotation ...................***Failed    0.06 sec
Traceback (most recent call last):
  File "/home/libsbml/development/sf_libsbml_experimental/examples/python/unsetAnnotation.py", line 46, in <module>
    from libsbml import *
  File "/home/libsbml/development/libsbml-build-scripts/autobuild-option-tests/BUILD/ubuntu-1604-exp-ninja-base-packages-xml2-check-cpp_ns-examples-python/src/bindings/python/libsbml.py", line 35, in <module>
    _libsbml = swig_import_helper()
  File "/home/libsbml/development/libsbml-build-scripts/autobuild-option-tests/BUILD/ubuntu-1604-exp-ninja-base-packages-xml2-check-cpp_ns-examples-python/src/bindings/python/libsbml.py", line 27, in swig_import_helper
    import _libsbml
ImportError: No module named _libsbml

        Start  66: test_python_unsetNotes
 66/131 Test  #66: test_python_unsetNotes ........................***Failed    0.06 sec
Traceback (most recent call last):
  File "/home/libsbml/development/sf_libsbml_experimental/examples/python/unsetNotes.py", line 45, in <module>
    from libsbml import *
  File "/home/libsbml/development/libsbml-build-scripts/autobuild-option-tests/BUILD/ubuntu-1604-exp-ninja-base-packages-xml2-check-cpp_ns-examples-python/src/bindings/python/libsbml.py", line 35, in <module>
    _libsbml = swig_import_helper()
  File "/home/libsbml/development/libsbml-build-scripts/autobuild-option-tests/BUILD/ubuntu-1604-exp-ninja-base-packages-xml2-check-cpp_ns-examples-python/src/bindings/python/libsbml.py", line 27, in swig_import_helper
    import _libsbml
ImportError: No module named _libsbml

        Start  67: test_python_validateSBML
 67/131 Test  #67: test_python_validateSBML ......................***Failed    0.06 sec
Traceback (most recent call last):
  File "/home/libsbml/development/sf_libsbml_experimental/examples/python/validateSBML.py", line 46, in <module>
    import libsbml
  File "/home/libsbml/development/libsbml-build-scripts/autobuild-option-tests/BUILD/ubuntu-1604-exp-ninja-base-packages-xml2-check-cpp_ns-examples-python/src/bindings/python/libsbml.py", line 35, in <module>
    _libsbml = swig_import_helper()
  File "/home/libsbml/development/libsbml-build-scripts/autobuild-option-tests/BUILD/ubuntu-1604-exp-ninja-base-packages-xml2-check-cpp_ns-examples-python/src/bindings/python/libsbml.py", line 27, in swig_import_helper
    import _libsbml
ImportError: No module named _libsbml

        Start  68: test_python_stringInput
 68/131 Test  #68: test_python_stringInput .......................***Failed    0.06 sec
Traceback (most recent call last):
  File "/home/libsbml/development/sf_libsbml_experimental/examples/python/stringInput.py", line 44, in <module>
    import libsbml
  File "/home/libsbml/development/libsbml-build-scripts/autobuild-option-tests/BUILD/ubuntu-1604-exp-ninja-base-packages-xml2-check-cpp_ns-examples-python/src/bindings/python/libsbml.py", line 35, in <module>
    _libsbml = swig_import_helper()
  File "/home/libsbml/development/libsbml-build-scripts/autobuild-option-tests/BUILD/ubuntu-1604-exp-ninja-base-packages-xml2-check-cpp_ns-examples-python/src/bindings/python/libsbml.py", line 27, in swig_import_helper
    import _libsbml
ImportError: No module named _libsbml

        Start  69: test_python_stripPackage
 69/131 Test  #69: test_python_stripPackage ......................***Failed    0.06 sec
Traceback (most recent call last):
  File "/home/libsbml/development/sf_libsbml_experimental/examples/python/stripPackage.py", line 43, in <module>
    import libsbml
  File "/home/libsbml/development/libsbml-build-scripts/autobuild-option-tests/BUILD/ubuntu-1604-exp-ninja-base-packages-xml2-check-cpp_ns-examples-python/src/bindings/python/libsbml.py", line 35, in <module>
    _libsbml = swig_import_helper()
  File "/home/libsbml/development/libsbml-build-scripts/autobuild-option-tests/BUILD/ubuntu-1604-exp-ninja-base-packages-xml2-check-cpp_ns-examples-python/src/bindings/python/libsbml.py", line 27, in swig_import_helper
    import _libsbml
ImportError: No module named _libsbml

        Start  70: test_python_fbc_fbc_example1
 70/131 Test  #70: test_python_fbc_fbc_example1 ..................***Failed    0.08 sec
Traceback (most recent call last):
  File "/home/libsbml/development/sf_libsbml_experimental/examples/python/fbc/fbc_example1.py", line 41, in <module>
    from libsbml import *
  File "/home/libsbml/development/libsbml-build-scripts/autobuild-option-tests/BUILD/ubuntu-1604-exp-ninja-base-packages-xml2-check-cpp_ns-examples-python/src/bindings/python/libsbml.py", line 35, in <module>
    _libsbml = swig_import_helper()
  File "/home/libsbml/development/libsbml-build-scripts/autobuild-option-tests/BUILD/ubuntu-1604-exp-ninja-base-packages-xml2-check-cpp_ns-examples-python/src/bindings/python/libsbml.py", line 27, in swig_import_helper
    import _libsbml
ImportError: No module named _libsbml

        Start  71: test_python_groups_groups_example1
 71/131 Test  #71: test_python_groups_groups_example1 ............***Failed    0.06 sec
Traceback (most recent call last):
  File "/home/libsbml/development/sf_libsbml_experimental/examples/python/groups/groups_example1.py", line 15, in <module>
    from libsbml import *
  File "/home/libsbml/development/libsbml-build-scripts/autobuild-option-tests/BUILD/ubuntu-1604-exp-ninja-base-packages-xml2-check-cpp_ns-examples-python/src/bindings/python/libsbml.py", line 35, in <module>
    _libsbml = swig_import_helper()
  File "/home/libsbml/development/libsbml-build-scripts/autobuild-option-tests/BUILD/ubuntu-1604-exp-ninja-base-packages-xml2-check-cpp_ns-examples-python/src/bindings/python/libsbml.py", line 27, in swig_import_helper
    import _libsbml
ImportError: No module named _libsbml

        Start  72: test_python_layout_example1_L3
 72/131 Test  #72: test_python_layout_example1_L3 ................***Failed    0.07 sec
Traceback (most recent call last):
  File "/home/libsbml/development/sf_libsbml_experimental/examples/python/layout/example1-L3.py", line 51, in <module>
    from libsbml import *
  File "/home/libsbml/development/libsbml-build-scripts/autobuild-option-tests/BUILD/ubuntu-1604-exp-ninja-base-packages-xml2-check-cpp_ns-examples-python/src/bindings/python/libsbml.py", line 35, in <module>
    _libsbml = swig_import_helper()
  File "/home/libsbml/development/libsbml-build-scripts/autobuild-option-tests/BUILD/ubuntu-1604-exp-ninja-base-packages-xml2-check-cpp_ns-examples-python/src/bindings/python/libsbml.py", line 27, in swig_import_helper
    import _libsbml
ImportError: No module named _libsbml

        Start  73: test_python_layout_example1
 73/131 Test  #73: test_python_layout_example1 ...................***Failed    0.06 sec
Traceback (most recent call last):
  File "/home/libsbml/development/sf_libsbml_experimental/examples/python/layout/example1.py", line 49, in <module>
    from libsbml import *
  File "/home/libsbml/development/libsbml-build-scripts/autobuild-option-tests/BUILD/ubuntu-1604-exp-ninja-base-packages-xml2-check-cpp_ns-examples-python/src/bindings/python/libsbml.py", line 35, in <module>
    _libsbml = swig_import_helper()
  File "/home/libsbml/development/libsbml-build-scripts/autobuild-option-tests/BUILD/ubuntu-1604-exp-ninja-base-packages-xml2-check-cpp_ns-examples-python/src/bindings/python/libsbml.py", line 27, in swig_import_helper
    import _libsbml
ImportError: No module named _libsbml

        Start  74: test_python_multi_multi_example1
 74/131 Test  #74: test_python_multi_multi_example1 ..............***Failed    0.06 sec
Traceback (most recent call last):
  File "/home/libsbml/development/sf_libsbml_experimental/examples/python/multi/multi_example1.py", line 30, in <module>
    from libsbml import * 
  File "/home/libsbml/development/libsbml-build-scripts/autobuild-option-tests/BUILD/ubuntu-1604-exp-ninja-base-packages-xml2-check-cpp_ns-examples-python/src/bindings/python/libsbml.py", line 35, in <module>
    _libsbml = swig_import_helper()
  File "/home/libsbml/development/libsbml-build-scripts/autobuild-option-tests/BUILD/ubuntu-1604-exp-ninja-base-packages-xml2-check-cpp_ns-examples-python/src/bindings/python/libsbml.py", line 27, in swig_import_helper
    import _libsbml
ImportError: No module named _libsbml

        Start  75: test_python_multi_multi_example2
 75/131 Test  #75: test_python_multi_multi_example2 ..............***Failed    0.06 sec
Traceback (most recent call last):
  File "/home/libsbml/development/sf_libsbml_experimental/examples/python/multi/multi_example2.py", line 30, in <module>
    from libsbml import * 
  File "/home/libsbml/development/libsbml-build-scripts/autobuild-option-tests/BUILD/ubuntu-1604-exp-ninja-base-packages-xml2-check-cpp_ns-examples-python/src/bindings/python/libsbml.py", line 35, in <module>
    _libsbml = swig_import_helper()
  File "/home/libsbml/development/libsbml-build-scripts/autobuild-option-tests/BUILD/ubuntu-1604-exp-ninja-base-packages-xml2-check-cpp_ns-examples-python/src/bindings/python/libsbml.py", line 27, in swig_import_helper
    import _libsbml
ImportError: No module named _libsbml

        Start  76: test_python_multi_multi_example3
 76/131 Test  #76: test_python_multi_multi_example3 ..............***Failed    0.07 sec
Traceback (most recent call last):
  File "/home/libsbml/development/sf_libsbml_experimental/examples/python/multi/multi_example3.py", line 30, in <module>
    from libsbml import * 
  File "/home/libsbml/development/libsbml-build-scripts/autobuild-option-tests/BUILD/ubuntu-1604-exp-ninja-base-packages-xml2-check-cpp_ns-examples-python/src/bindings/python/libsbml.py", line 35, in <module>
    _libsbml = swig_import_helper()
  File "/home/libsbml/development/libsbml-build-scripts/autobuild-option-tests/BUILD/ubuntu-1604-exp-ninja-base-packages-xml2-check-cpp_ns-examples-python/src/bindings/python/libsbml.py", line 27, in swig_import_helper
    import _libsbml
ImportError: No module named _libsbml

        Start  77: test_python_multi_printMulti
 77/131 Test  #77: test_python_multi_printMulti ..................***Failed    0.06 sec
Traceback (most recent call last):
  File "/home/libsbml/development/sf_libsbml_experimental/examples/python/multi/printMulti.py", line 30, in <module>
    from libsbml import * 
  File "/home/libsbml/development/libsbml-build-scripts/autobuild-option-tests/BUILD/ubuntu-1604-exp-ninja-base-packages-xml2-check-cpp_ns-examples-python/src/bindings/python/libsbml.py", line 35, in <module>
    _libsbml = swig_import_helper()
  File "/home/libsbml/development/libsbml-build-scripts/autobuild-option-tests/BUILD/ubuntu-1604-exp-ninja-base-packages-xml2-check-cpp_ns-examples-python/src/bindings/python/libsbml.py", line 27, in swig_import_helper
    import _libsbml
ImportError: No module named _libsbml

        Start  78: test_python_qual_qual_example1
 78/131 Test  #78: test_python_qual_qual_example1 ................***Failed    0.06 sec
Traceback (most recent call last):
  File "/home/libsbml/development/sf_libsbml_experimental/examples/python/qual/qual_example1.py", line 43, in <module>
    import libsbml
  File "/home/libsbml/development/libsbml-build-scripts/autobuild-option-tests/BUILD/ubuntu-1604-exp-ninja-base-packages-xml2-check-cpp_ns-examples-python/src/bindings/python/libsbml.py", line 35, in <module>
    _libsbml = swig_import_helper()
  File "/home/libsbml/development/libsbml-build-scripts/autobuild-option-tests/BUILD/ubuntu-1604-exp-ninja-base-packages-xml2-check-cpp_ns-examples-python/src/bindings/python/libsbml.py", line 27, in swig_import_helper
    import _libsbml
ImportError: No module named _libsbml

        Start  79: test_c_addCVTerms
 79/131 Test  #79: test_c_addCVTerms .............................   Passed    0.18 sec
        Start  80: test_c_addingEvidenceCodes_1
 80/131 Test  #80: test_c_addingEvidenceCodes_1 ..................   Passed    0.33 sec
        Start  81: test_c_addingEvidenceCodes_2
 81/131 Test  #81: test_c_addingEvidenceCodes_2 ..................   Passed    0.23 sec
        Start  82: test_c_addModelHistory
 82/131 Test  #82: test_c_addModelHistory ........................   Passed    0.21 sec
        Start  83: test_c_appendAnnotation
 83/131 Test  #83: test_c_appendAnnotation .......................   Passed    0.19 sec
        Start  84: test_c_convertSBML
 84/131 Test  #84: test_c_convertSBML ............................   Passed    0.27 sec
        Start  85: test_c_createExampleSBML
 85/131 Test  #85: test_c_createExampleSBML ......................   Passed    0.23 sec
        Start  86: test_c_drawMath
 86/131 Test  #86: test_c_drawMath ...............................   Passed    0.21 sec
        Start  87: test_c_echoSBML
 87/131 Test  #87: test_c_echoSBML ...............................   Passed    0.23 sec
        Start  88: test_c_printAnnotation
 88/131 Test  #88: test_c_printAnnotation ........................   Passed    0.24 sec
        Start  89: test_c_printMath
 89/131 Test  #89: test_c_printMath ..............................   Passed    0.17 sec
        Start  90: test_c_printNotes
 90/131 Test  #90: test_c_printNotes .............................   Passed    0.18 sec
        Start  91: test_c_printRegisteredPackages
 91/131 Test  #91: test_c_printRegisteredPackages ................   Passed    0.15 sec
        Start  92: test_c_printSBML
 92/131 Test  #92: test_c_printSBML ..............................   Passed    0.25 sec
        Start  93: test_c_printSupported
 93/131 Test  #93: test_c_printSupported .........................   Passed    0.17 sec
        Start  94: test_c_printUnits
 94/131 Test  #94: test_c_printUnits .............................   Passed    0.17 sec
        Start  95: test_c_promoteParameters
 95/131 Test  #95: test_c_promoteParameters ......................   Passed    0.17 sec
        Start  96: test_c_readSBML
 96/131 Test  #96: test_c_readSBML ...............................   Passed    0.20 sec
        Start  97: test_c_stripPackage
 97/131 Test  #97: test_c_stripPackage ...........................   Passed    0.20 sec
        Start  98: test_c_unsetAnnotation
 98/131 Test  #98: test_c_unsetAnnotation ........................   Passed    0.17 sec
        Start  99: test_c_unsetNotes
 99/131 Test  #99: test_c_unsetNotes .............................   Passed    0.24 sec
        Start 100: test_c_validateSBML
100/131 Test #100: test_c_validateSBML ...........................   Passed    0.25 sec
        Start 101: test_cxx_addCVTerms
101/131 Test #101: test_cxx_addCVTerms ...........................   Passed    0.16 sec
        Start 102: test_cxx_addCustomValidator
102/131 Test #102: test_cxx_addCustomValidator ...................   Passed    0.19 sec
        Start 103: test_cxx_addingEvidenceCodes_1
103/131 Test #103: test_cxx_addingEvidenceCodes_1 ................   Passed    0.16 sec
        Start 104: test_cxx_addingEvidenceCodes_2
104/131 Test #104: test_cxx_addingEvidenceCodes_2 ................   Passed    0.17 sec
        Start 105: test_cxx_addModelHistory
105/131 Test #105: test_cxx_addModelHistory ......................   Passed    0.16 sec
        Start 106: test_cxx_appendAnnotation
106/131 Test #106: test_cxx_appendAnnotation .....................   Passed    0.20 sec
        Start 107: test_cxx_callExternalValidator
107/131 Test #107: test_cxx_callExternalValidator ................   Passed    0.18 sec
        Start 108: test_cxx_convertSBML
108/131 Test #108: test_cxx_convertSBML ..........................   Passed    0.21 sec
        Start 109: test_cxx_convertToL1V1
109/131 Test #109: test_cxx_convertToL1V1 ........................   Passed    0.16 sec
        Start 110: test_cxx_createExampleSBML
110/131 Test #110: test_cxx_createExampleSBML ....................   Passed    0.22 sec
        Start 111: test_cxx_echoSBML
111/131 Test #111: test_cxx_echoSBML .............................   Passed    0.15 sec
        Start 112: test_cxx_inferUnits
112/131 Test #112: test_cxx_inferUnits ...........................   Passed    0.20 sec
        Start 113: test_cxx_inlineFunctionDefintions
113/131 Test #113: test_cxx_inlineFunctionDefintions .............   Passed    0.19 sec
        Start 114: test_cxx_convertReactions
114/131 Test #114: test_cxx_convertReactions .....................   Passed    0.17 sec
        Start 115: test_cxx_getAllElementsWithNotes
115/131 Test #115: test_cxx_getAllElementsWithNotes ..............   Passed    0.17 sec
        Start 116: test_cxx_printAnnotation
116/131 Test #116: test_cxx_printAnnotation ......................   Passed    0.15 sec
        Start 117: test_cxx_printMath
117/131 Test #117: test_cxx_printMath ............................   Passed    0.14 sec
        Start 118: test_cxx_printNotes
118/131 Test #118: test_cxx_printNotes ...........................   Passed    0.13 sec
        Start 119: test_cxx_printSBML
119/131 Test #119: test_cxx_printSBML ............................   Passed    0.20 sec
        Start 120: test_cxx_printRegisteredPackages
120/131 Test #120: test_cxx_printRegisteredPackages ..............   Passed    0.17 sec
        Start 121: test_cxx_printSupported
121/131 Test #121: test_cxx_printSupported .......................   Passed    0.17 sec
        Start 122: test_cxx_printUnits
122/131 Test #122: test_cxx_printUnits ...........................   Passed    0.19 sec
        Start 123: test_cxx_promoteParameters
123/131 Test #123: test_cxx_promoteParameters ....................   Passed    0.18 sec
        Start 124: test_cxx_readSBML
124/131 Test #124: test_cxx_readSBML .............................   Passed    0.18 sec
        Start 125: test_cxx_renameSId
125/131 Test #125: test_cxx_renameSId ............................   Passed    0.23 sec
        Start 126: test_cxx_setIdFromNames
126/131 Test #126: test_cxx_setIdFromNames .......................   Passed    0.16 sec
        Start 127: test_cxx_setNamesFromIds
127/131 Test #127: test_cxx_setNamesFromIds ......................   Passed    0.24 sec
        Start 128: test_cxx_stripPackage
128/131 Test #128: test_cxx_stripPackage .........................   Passed    0.21 sec
        Start 129: test_cxx_unsetAnnotation
129/131 Test #129: test_cxx_unsetAnnotation ......................   Passed    0.18 sec
        Start 130: test_cxx_unsetNotes
130/131 Test #130: test_cxx_unsetNotes ...........................   Passed    0.22 sec
        Start 131: test_cxx_validateSBML
131/131 Test #131: test_cxx_validateSBML .........................   Passed    0.21 sec

70% tests passed, 39 tests failed out of 131

Total Test time (real) =  41.26 sec

The following tests FAILED:
	 40 - test_python_binding (Failed)
	 41 - test_python_printversion (Failed)
	 42 - test_python_addCVTerms (Failed)
	 43 - test_python_addingEvidenceCodes_1 (Failed)
	 44 - test_python_addingEvidenceCodes_2 (Failed)
	 45 - test_python_addModelHistory (Failed)
	 46 - test_python_append_to_note (Failed)
	 47 - test_python_appendAnnotation (Failed)
	 48 - test_python_convertSBML (Failed)
	 49 - test_python_createExampleSBML (Failed)
	 50 - test_python_createSimpleModel (Failed)
	 51 - test_python_echoSBML (Failed)
	 52 - test_python_evaluateCustomMath (Failed)
	 53 - test_python_getAllElementsWithNotes (Failed)
	 54 - test_python_inlineInitialAssignments (Failed)
	 55 - test_python_printAnnotation (Failed)
	 56 - test_python_printMath (Failed)
	 57 - test_python_printRegisteredPackages (Failed)
	 58 - test_python_printSBML (Failed)
	 59 - test_python_printsupported (Failed)
	 60 - test_python_printUnits (Failed)
	 61 - test_python_promoteParameters (Failed)
	 62 - test_python_readSBML (Failed)
	 63 - test_python_replaceOneFD (Failed)
	 64 - test_python_setIdFromNames (Failed)
	 65 - test_python_unsetAnnotation (Failed)
	 66 - test_python_unsetNotes (Failed)
	 67 - test_python_validateSBML (Failed)
	 68 - test_python_stringInput (Failed)
	 69 - test_python_stripPackage (Failed)
	 70 - test_python_fbc_fbc_example1 (Failed)
	 71 - test_python_groups_groups_example1 (Failed)
	 72 - test_python_layout_example1_L3 (Failed)
	 73 - test_python_layout_example1 (Failed)
	 74 - test_python_multi_multi_example1 (Failed)
	 75 - test_python_multi_multi_example2 (Failed)
	 76 - test_python_multi_multi_example3 (Failed)
	 77 - test_python_multi_printMulti (Failed)
	 78 - test_python_qual_qual_example1 (Failed)
[ERROR_MESSAGE] 
Errors while running CTest

