[HANDLER_OUTPUT] 
Test project /home/libsbml/development/libsbml-build-scripts/autobuild-option-tests/BUILD/ubuntu-1604-exp-ninja-base-packages-xml2-check-cpp_ns-examples-r

      Start  1: test_sbml_package_multi_run
 1/93 Test  #1: test_sbml_package_multi_run ...................   Passed    0.20 sec
      Start  2: test_multi_validator_run
 2/93 Test  #2: test_multi_validator_run ......................   Passed    0.22 sec
      Start  3: test_extension_package_dyn_run
 3/93 Test  #3: test_extension_package_dyn_run ................   Passed    0.16 sec
      Start  4: test_sbml_package_render_run
 4/93 Test  #4: test_sbml_package_render_run ..................   Passed    0.85 sec
      Start  5: test_render_validator_run
 5/93 Test  #5: test_render_validator_run .....................   Passed    0.23 sec
      Start  6: test_extension_package_qual_run
 6/93 Test  #6: test_extension_package_qual_run ...............   Passed    0.15 sec
      Start  7: test_sbml_package_qual_run
 7/93 Test  #7: test_sbml_package_qual_run ....................   Passed    0.20 sec
      Start  8: test_qual_validator_run
 8/93 Test  #8: test_qual_validator_run .......................   Passed    0.25 sec
      Start  9: test_comp_extensions_run
 9/93 Test  #9: test_comp_extensions_run ......................   Passed    0.38 sec
      Start 10: test_comp_sbase_run
10/93 Test #10: test_comp_sbase_run ...........................   Passed    0.28 sec
      Start 11: test_comp_util_run
11/93 Test #11: test_comp_util_run ............................   Passed    3.18 sec
      Start 12: test_comp_validator_run
12/93 Test #12: test_comp_validator_run .......................   Passed    0.58 sec
      Start 13: test_extension_package_arrays_run
13/93 Test #13: test_extension_package_arrays_run .............   Passed    0.24 sec
      Start 14: test_arrays_util_run
14/93 Test #14: test_arrays_util_run ..........................   Passed    0.22 sec
      Start 15: test_sbml_package_req_run
15/93 Test #15: test_sbml_package_req_run .....................   Passed    0.17 sec
      Start 16: test_extension_package_groups_run
16/93 Test #16: test_extension_package_groups_run .............   Passed    0.19 sec
      Start 17: test_groups_validator_run
17/93 Test #17: test_groups_validator_run .....................   Passed    0.17 sec
      Start 18: test_sbml_package_fbc_run
18/93 Test #18: test_sbml_package_fbc_run .....................   Passed    0.32 sec
      Start 19: test_fbc_validator_run
19/93 Test #19: test_fbc_validator_run ........................   Passed    0.36 sec
      Start 20: test_l3v2extendedmath_validator_run
20/93 Test #20: test_l3v2extendedmath_validator_run ...........   Passed    0.11 sec
      Start 21: test_extension_package_l3v2extendedmath_run
21/93 Test #21: test_extension_package_l3v2extendedmath_run ...   Passed    0.16 sec
      Start 22: test_extension_package_distrib_run
22/93 Test #22: test_extension_package_distrib_run ............   Passed    0.24 sec
      Start 23: test_sbml_package_distrib_run
23/93 Test #23: test_sbml_package_distrib_run .................   Passed    0.20 sec
      Start 24: test_distrib_util_run
24/93 Test #24: test_distrib_util_run .........................   Passed    0.20 sec
      Start 25: test_distrib_validator_run
25/93 Test #25: test_distrib_validator_run ....................   Passed    0.10 sec
      Start 26: test_sbml_package_layout_run
26/93 Test #26: test_sbml_package_layout_run ..................   Passed    0.59 sec
      Start 27: test_layout_validator_run
27/93 Test #27: test_layout_validator_run .....................   Passed    0.64 sec
      Start 28: test_sbml_package_spatial_run
28/93 Test #28: test_sbml_package_spatial_run .................   Passed    0.41 sec
      Start 29: test_sbml_objects_package_spatial
29/93 Test #29: test_sbml_objects_package_spatial .............   Passed    0.21 sec
      Start 30: test_spatial_validator_run
30/93 Test #30: test_spatial_validator_run ....................   Passed    0.34 sec
      Start 31: test_sbml_annotation_run
31/93 Test #31: test_sbml_annotation_run ......................   Passed    0.53 sec
      Start 32: test_sbml_conversion_run
32/93 Test #32: test_sbml_conversion_run ......................   Passed    0.75 sec
      Start 33: test_sbml_extension_run
33/93 Test #33: test_sbml_extension_run .......................   Passed    0.16 sec
      Start 34: test_sbml_math_run
34/93 Test #34: test_sbml_math_run ............................   Passed    0.23 sec
      Start 35: test_sbml_sbml_run
35/93 Test #35: test_sbml_sbml_run ............................   Passed    2.64 sec
      Start 36: test_sbml_units_run
36/93 Test #36: test_sbml_units_run ...........................   Passed    0.96 sec
      Start 37: test_sbml_util_run
37/93 Test #37: test_sbml_util_run ............................   Passed    0.04 sec
      Start 38: test_sbml_validator_run
38/93 Test #38: test_sbml_validator_run .......................   Passed    4.23 sec
      Start 39: test_sbml_xml_run
39/93 Test #39: test_sbml_xml_run .............................   Passed    0.26 sec
      Start 40: test_r_binding
40/93 Test #40: test_r_binding ................................***Failed  Required regular expression not found.Regex=[TRUE
]  0.22 sec
Error in library(libSBML) : there is no package called ‘libSBML’
Execution halted

      Start 41: test_c_addCVTerms
41/93 Test #41: test_c_addCVTerms .............................   Passed    0.14 sec
      Start 42: test_c_addingEvidenceCodes_1
42/93 Test #42: test_c_addingEvidenceCodes_1 ..................   Passed    0.09 sec
      Start 43: test_c_addingEvidenceCodes_2
43/93 Test #43: test_c_addingEvidenceCodes_2 ..................   Passed    0.11 sec
      Start 44: test_c_addModelHistory
44/93 Test #44: test_c_addModelHistory ........................   Passed    0.11 sec
      Start 45: test_c_appendAnnotation
45/93 Test #45: test_c_appendAnnotation .......................   Passed    0.12 sec
      Start 46: test_c_convertSBML
46/93 Test #46: test_c_convertSBML ............................   Passed    0.15 sec
      Start 47: test_c_createExampleSBML
47/93 Test #47: test_c_createExampleSBML ......................   Passed    0.19 sec
      Start 48: test_c_drawMath
48/93 Test #48: test_c_drawMath ...............................   Passed    0.17 sec
      Start 49: test_c_echoSBML
49/93 Test #49: test_c_echoSBML ...............................   Passed    0.08 sec
      Start 50: test_c_printAnnotation
50/93 Test #50: test_c_printAnnotation ........................   Passed    0.10 sec
      Start 51: test_c_printMath
51/93 Test #51: test_c_printMath ..............................   Passed    0.13 sec
      Start 52: test_c_printNotes
52/93 Test #52: test_c_printNotes .............................   Passed    0.10 sec
      Start 53: test_c_printRegisteredPackages
53/93 Test #53: test_c_printRegisteredPackages ................   Passed    0.10 sec
      Start 54: test_c_printSBML
54/93 Test #54: test_c_printSBML ..............................   Passed    0.10 sec
      Start 55: test_c_printSupported
55/93 Test #55: test_c_printSupported .........................   Passed    0.06 sec
      Start 56: test_c_printUnits
56/93 Test #56: test_c_printUnits .............................   Passed    0.13 sec
      Start 57: test_c_promoteParameters
57/93 Test #57: test_c_promoteParameters ......................   Passed    0.11 sec
      Start 58: test_c_readSBML
58/93 Test #58: test_c_readSBML ...............................   Passed    0.11 sec
      Start 59: test_c_stripPackage
59/93 Test #59: test_c_stripPackage ...........................   Passed    0.12 sec
      Start 60: test_c_unsetAnnotation
60/93 Test #60: test_c_unsetAnnotation ........................   Passed    0.14 sec
      Start 61: test_c_unsetNotes
61/93 Test #61: test_c_unsetNotes .............................   Passed    0.11 sec
      Start 62: test_c_validateSBML
62/93 Test #62: test_c_validateSBML ...........................   Passed    0.12 sec
      Start 63: test_cxx_addCVTerms
63/93 Test #63: test_cxx_addCVTerms ...........................   Passed    0.11 sec
      Start 64: test_cxx_addCustomValidator
64/93 Test #64: test_cxx_addCustomValidator ...................   Passed    0.13 sec
      Start 65: test_cxx_addingEvidenceCodes_1
65/93 Test #65: test_cxx_addingEvidenceCodes_1 ................   Passed    0.13 sec
      Start 66: test_cxx_addingEvidenceCodes_2
66/93 Test #66: test_cxx_addingEvidenceCodes_2 ................   Passed    0.12 sec
      Start 67: test_cxx_addModelHistory
67/93 Test #67: test_cxx_addModelHistory ......................   Passed    0.12 sec
      Start 68: test_cxx_appendAnnotation
68/93 Test #68: test_cxx_appendAnnotation .....................   Passed    0.13 sec
      Start 69: test_cxx_callExternalValidator
69/93 Test #69: test_cxx_callExternalValidator ................   Passed    0.13 sec
      Start 70: test_cxx_convertSBML
70/93 Test #70: test_cxx_convertSBML ..........................   Passed    0.17 sec
      Start 71: test_cxx_convertToL1V1
71/93 Test #71: test_cxx_convertToL1V1 ........................   Passed    0.14 sec
      Start 72: test_cxx_createExampleSBML
72/93 Test #72: test_cxx_createExampleSBML ....................   Passed    0.16 sec
      Start 73: test_cxx_echoSBML
73/93 Test #73: test_cxx_echoSBML .............................   Passed    0.17 sec
      Start 74: test_cxx_inferUnits
74/93 Test #74: test_cxx_inferUnits ...........................   Passed    0.25 sec
      Start 75: test_cxx_inlineFunctionDefintions
75/93 Test #75: test_cxx_inlineFunctionDefintions .............   Passed    0.12 sec
      Start 76: test_cxx_convertReactions
76/93 Test #76: test_cxx_convertReactions .....................   Passed    0.14 sec
      Start 77: test_cxx_getAllElementsWithNotes
77/93 Test #77: test_cxx_getAllElementsWithNotes ..............   Passed    0.13 sec
      Start 78: test_cxx_printAnnotation
78/93 Test #78: test_cxx_printAnnotation ......................   Passed    0.13 sec
      Start 79: test_cxx_printMath
79/93 Test #79: test_cxx_printMath ............................   Passed    0.16 sec
      Start 80: test_cxx_printNotes
80/93 Test #80: test_cxx_printNotes ...........................   Passed    0.13 sec
      Start 81: test_cxx_printSBML
81/93 Test #81: test_cxx_printSBML ............................   Passed    0.14 sec
      Start 82: test_cxx_printRegisteredPackages
82/93 Test #82: test_cxx_printRegisteredPackages ..............   Passed    0.09 sec
      Start 83: test_cxx_printSupported
83/93 Test #83: test_cxx_printSupported .......................   Passed    0.11 sec
      Start 84: test_cxx_printUnits
84/93 Test #84: test_cxx_printUnits ...........................   Passed    0.12 sec
      Start 85: test_cxx_promoteParameters
85/93 Test #85: test_cxx_promoteParameters ....................   Passed    0.14 sec
      Start 86: test_cxx_readSBML
86/93 Test #86: test_cxx_readSBML .............................   Passed    0.15 sec
      Start 87: test_cxx_renameSId
87/93 Test #87: test_cxx_renameSId ............................   Passed    0.15 sec
      Start 88: test_cxx_setIdFromNames
88/93 Test #88: test_cxx_setIdFromNames .......................   Passed    0.13 sec
      Start 89: test_cxx_setNamesFromIds
89/93 Test #89: test_cxx_setNamesFromIds ......................   Passed    0.14 sec
      Start 90: test_cxx_stripPackage
90/93 Test #90: test_cxx_stripPackage .........................   Passed    0.13 sec
      Start 91: test_cxx_unsetAnnotation
91/93 Test #91: test_cxx_unsetAnnotation ......................   Passed    0.11 sec
      Start 92: test_cxx_unsetNotes
92/93 Test #92: test_cxx_unsetNotes ...........................   Passed    0.15 sec
      Start 93: test_cxx_validateSBML
93/93 Test #93: test_cxx_validateSBML .........................   Passed    0.17 sec

99% tests passed, 1 tests failed out of 93

Total Test time (real) =  28.82 sec

The following tests FAILED:
	 40 - test_r_binding (Failed)
[ERROR_MESSAGE] 
Errors while running CTest

