[HANDLER_OUTPUT] 
Test project /home/libsbml/development/libsbml-build-scripts/autobuild-option-tests/BUILD/ubuntu-1604-ninja-base-packages-xml2-check-strict-r

      Start  1: test_sbml_package_multi_run
Could not find executable /home/libsbml/development/libsbml-build-scripts/autobuild-option-tests/BUILD/ubuntu-1604-ninja-base-packages-xml2-check-strict-r/src/sbml/packages/multi/extension/test/test_sbml_package_multi
Looked in the following places:
/home/libsbml/development/libsbml-build-scripts/autobuild-option-tests/BUILD/ubuntu-1604-ninja-base-packages-xml2-check-strict-r/src/sbml/packages/multi/extension/test/test_sbml_package_multi
/home/libsbml/development/libsbml-build-scripts/autobuild-option-tests/BUILD/ubuntu-1604-ninja-base-packages-xml2-check-strict-r/src/sbml/packages/multi/extension/test/test_sbml_package_multi
/home/libsbml/development/libsbml-build-scripts/autobuild-option-tests/BUILD/ubuntu-1604-ninja-base-packages-xml2-check-strict-r/src/sbml/packages/multi/extension/test/Release/test_sbml_package_multi
/home/libsbml/development/libsbml-build-scripts/autobuild-option-tests/BUILD/ubuntu-1604-ninja-base-packages-xml2-check-strict-r/src/sbml/packages/multi/extension/test/Release/test_sbml_package_multi
/home/libsbml/development/libsbml-build-scripts/autobuild-option-tests/BUILD/ubuntu-1604-ninja-base-packages-xml2-check-strict-r/src/sbml/packages/multi/extension/test/Debug/test_sbml_package_multi
/home/libsbml/development/libsbml-build-scripts/autobuild-option-tests/BUILD/ubuntu-1604-ninja-base-packages-xml2-check-strict-r/src/sbml/packages/multi/extension/test/Debug/test_sbml_package_multi
/home/libsbml/development/libsbml-build-scripts/autobuild-option-tests/BUILD/ubuntu-1604-ninja-base-packages-xml2-check-strict-r/src/sbml/packages/multi/extension/test/MinSizeRel/test_sbml_package_multi
/home/libsbml/development/libsbml-build-scripts/autobuild-option-tests/BUILD/ubuntu-1604-ninja-base-packages-xml2-check-strict-r/src/sbml/packages/multi/extension/test/MinSizeRel/test_sbml_package_multi
/home/libsbml/development/libsbml-build-scripts/autobuild-option-tests/BUILD/ubuntu-1604-ninja-base-packages-xml2-check-strict-r/src/sbml/packages/multi/extension/test/RelWithDebInfo/test_sbml_package_multi
/home/libsbml/development/libsbml-build-scripts/autobuild-option-tests/BUILD/ubuntu-1604-ninja-base-packages-xml2-check-strict-r/src/sbml/packages/multi/extension/test/RelWithDebInfo/test_sbml_package_multi
/home/libsbml/development/libsbml-build-scripts/autobuild-option-tests/BUILD/ubuntu-1604-ninja-base-packages-xml2-check-strict-r/src/sbml/packages/multi/extension/test/Deployment/test_sbml_package_multi
/home/libsbml/development/libsbml-build-scripts/autobuild-option-tests/BUILD/ubuntu-1604-ninja-base-packages-xml2-check-strict-r/src/sbml/packages/multi/extension/test/Deployment/test_sbml_package_multi
/home/libsbml/development/libsbml-build-scripts/autobuild-option-tests/BUILD/ubuntu-1604-ninja-base-packages-xml2-check-strict-r/src/sbml/packages/multi/extension/test/Development/test_sbml_package_multi
/home/libsbml/development/libsbml-build-scripts/autobuild-option-tests/BUILD/ubuntu-1604-ninja-base-packages-xml2-check-strict-r/src/sbml/packages/multi/extension/test/Development/test_sbml_package_multi
home/libsbml/development/libsbml-build-scripts/autobuild-option-tests/BUILD/ubuntu-1604-ninja-base-packages-xml2-check-strict-r/src/sbml/packages/multi/extension/test/test_sbml_package_multi
home/libsbml/development/libsbml-build-scripts/autobuild-option-tests/BUILD/ubuntu-1604-ninja-base-packages-xml2-check-strict-r/src/sbml/packages/multi/extension/test/test_sbml_package_multi
home/libsbml/development/libsbml-build-scripts/autobuild-option-tests/BUILD/ubuntu-1604-ninja-base-packages-xml2-check-strict-r/src/sbml/packages/multi/extension/test/Release/test_sbml_package_multi
home/libsbml/development/libsbml-build-scripts/autobuild-option-tests/BUILD/ubuntu-1604-ninja-base-packages-xml2-check-strict-r/src/sbml/packages/multi/extension/test/Release/test_sbml_package_multi
home/libsbml/development/libsbml-build-scripts/autobuild-option-tests/BUILD/ubuntu-1604-ninja-base-packages-xml2-check-strict-r/src/sbml/packages/multi/extension/test/Debug/test_sbml_package_multi
home/libsbml/development/libsbml-build-scripts/autobuild-option-tests/BUILD/ubuntu-1604-ninja-base-packages-xml2-check-strict-r/src/sbml/packages/multi/extension/test/Debug/test_sbml_package_multi
home/libsbml/development/libsbml-build-scripts/autobuild-option-tests/BUILD/ubuntu-1604-ninja-base-packages-xml2-check-strict-r/src/sbml/packages/multi/extension/test/MinSizeRel/test_sbml_package_multi
home/libsbml/development/libsbml-build-scripts/autobuild-option-tests/BUILD/ubuntu-1604-ninja-base-packages-xml2-check-strict-r/src/sbml/packages/multi/extension/test/MinSizeRel/test_sbml_package_multi
home/libsbml/development/libsbml-build-scripts/autobuild-option-tests/BUILD/ubuntu-1604-ninja-base-packages-xml2-check-strict-r/src/sbml/packages/multi/extension/test/RelWithDebInfo/test_sbml_package_multi
home/libsbml/development/libsbml-build-scripts/autobuild-option-tests/BUILD/ubuntu-1604-ninja-base-packages-xml2-check-strict-r/src/sbml/packages/multi/extension/test/RelWithDebInfo/test_sbml_package_multi
home/libsbml/development/libsbml-build-scripts/autobuild-option-tests/BUILD/ubuntu-1604-ninja-base-packages-xml2-check-strict-r/src/sbml/packages/multi/extension/test/Deployment/test_sbml_package_multi
home/libsbml/development/libsbml-build-scripts/autobuild-option-tests/BUILD/ubuntu-1604-ninja-base-packages-xml2-check-strict-r/src/sbml/packages/multi/extension/test/Deployment/test_sbml_package_multi
home/libsbml/development/libsbml-build-scripts/autobuild-option-tests/BUILD/ubuntu-1604-ninja-base-packages-xml2-check-strict-r/src/sbml/packages/multi/extension/test/Development/test_sbml_package_multi
home/libsbml/development/libsbml-build-scripts/autobuild-option-tests/BUILD/ubuntu-1604-ninja-base-packages-xml2-check-strict-r/src/sbml/packages/multi/extension/test/Development/test_sbml_package_multi
[ERROR_MESSAGE] 
Unable to find executable: /home/libsbml/development/libsbml-build-scripts/autobuild-option-tests/BUILD/ubuntu-1604-ninja-base-packages-xml2-check-strict-r/src/sbml/packages/multi/extension/test/test_sbml_package_multi

[HANDLER_OUTPUT] 
 1/
29 Test  #1: test_sbml_package_multi_run ...................***Not Run   0.00 sec
      Start  2: test_multi_validator_run
Could not find executable /home/libsbml/development/libsbml-build-scripts/autobuild-option-tests/BUILD/ubuntu-1604-ninja-base-packages-xml2-check-strict-r/src/sbml/packages/multi/validator/test/test_multi_validator
Looked in the following places:
/home/libsbml/development/libsbml-build-scripts/autobuild-option-tests/BUILD/ubuntu-1604-ninja-base-packages-xml2-check-strict-r/src/sbml/packages/multi/validator/test/test_multi_validator
/home/libsbml/development/libsbml-build-scripts/autobuild-option-tests/BUILD/ubuntu-1604-ninja-base-packages-xml2-check-strict-r/src/sbml/packages/multi/validator/test/test_multi_validator
/home/libsbml/development/libsbml-build-scripts/autobuild-option-tests/BUILD/ubuntu-1604-ninja-base-packages-xml2-check-strict-r/src/sbml/packages/multi/validator/test/Release/test_multi_validator
/home/libsbml/development/libsbml-build-scripts/autobuild-option-tests/BUILD/ubuntu-1604-ninja-base-packages-xml2-check-strict-r/src/sbml/packages/multi/validator/test/Release/test_multi_validator
/home/libsbml/development/libsbml-build-scripts/autobuild-option-tests/BUILD/ubuntu-1604-ninja-base-packages-xml2-check-strict-r/src/sbml/packages/multi/validator/test/Debug/test_multi_validator
/home/libsbml/development/libsbml-build-scripts/autobuild-option-tests/BUILD/ubuntu-1604-ninja-base-packages-xml2-check-strict-r/src/sbml/packages/multi/validator/test/Debug/test_multi_validator
/home/libsbml/development/libsbml-build-scripts/autobuild-option-tests/BUILD/ubuntu-1604-ninja-base-packages-xml2-check-strict-r/src/sbml/packages/multi/validator/test/MinSizeRel/test_multi_validator
/home/libsbml/development/libsbml-build-scripts/autobuild-option-tests/BUILD/ubuntu-1604-ninja-base-packages-xml2-check-strict-r/src/sbml/packages/multi/validator/test/MinSizeRel/test_multi_validator
/home/libsbml/development/libsbml-build-scripts/autobuild-option-tests/BUILD/ubuntu-1604-ninja-base-packages-xml2-check-strict-r/src/sbml/packages/multi/validator/test/RelWithDebInfo/test_multi_validator
/home/libsbml/development/libsbml-build-scripts/autobuild-option-tests/BUILD/ubuntu-1604-ninja-base-packages-xml2-check-strict-r/src/sbml/packages/multi/validator/test/RelWithDebInfo/test_multi_validator
/home/libsbml/development/libsbml-build-scripts/autobuild-option-tests/BUILD/ubuntu-1604-ninja-base-packages-xml2-check-strict-r/src/sbml/packages/multi/validator/test/Deployment/test_multi_validator
/home/libsbml/development/libsbml-build-scripts/autobuild-option-tests/BUILD/ubuntu-1604-ninja-base-packages-xml2-check-strict-r/src/sbml/packages/multi/validator/test/Deployment/test_multi_validator
/home/libsbml/development/libsbml-build-scripts/autobuild-option-tests/BUILD/ubuntu-1604-ninja-base-packages-xml2-check-strict-r/src/sbml/packages/multi/validator/test/Development/test_multi_validator
/home/libsbml/development/libsbml-build-scripts/autobuild-option-tests/BUILD/ubuntu-1604-ninja-base-packages-xml2-check-strict-r/src/sbml/packages/multi/validator/test/Development/test_multi_validator
home/libsbml/development/libsbml-build-scripts/autobuild-option-tests/BUILD/ubuntu-1604-ninja-base-packages-xml2-check-strict-r/src/sbml/packages/multi/validator/test/test_multi_validator
home/libsbml/development/libsbml-build-scripts/autobuild-option-tests/BUILD/ubuntu-1604-ninja-base-packages-xml2-check-strict-r/src/sbml/packages/multi/validator/test/test_multi_validator
home/libsbml/development/libsbml-build-scripts/autobuild-option-tests/BUILD/ubuntu-1604-ninja-base-packages-xml2-check-strict-r/src/sbml/packages/multi/validator/test/Release/test_multi_validator
home/libsbml/development/libsbml-build-scripts/autobuild-option-tests/BUILD/ubuntu-1604-ninja-base-packages-xml2-check-strict-r/src/sbml/packages/multi/validator/test/Release/test_multi_validator
home/libsbml/development/libsbml-build-scripts/autobuild-option-tests/BUILD/ubuntu-1604-ninja-base-packages-xml2-check-strict-r/src/sbml/packages/multi/validator/test/Debug/test_multi_validator
home/libsbml/development/libsbml-build-scripts/autobuild-option-tests/BUILD/ubuntu-1604-ninja-base-packages-xml2-check-strict-r/src/sbml/packages/multi/validator/test/Debug/test_multi_validator
home/libsbml/development/libsbml-build-scripts/autobuild-option-tests/BUILD/ubuntu-1604-ninja-base-packages-xml2-check-strict-r/src/sbml/packages/multi/validator/test/MinSizeRel/test_multi_validator
home/libsbml/development/libsbml-build-scripts/autobuild-option-tests/BUILD/ubuntu-1604-ninja-base-packages-xml2-check-strict-r/src/sbml/packages/multi/validator/test/MinSizeRel/test_multi_validator
home/libsbml/development/libsbml-build-scripts/autobuild-option-tests/BUILD/ubuntu-1604-ninja-base-packages-xml2-check-strict-r/src/sbml/packages/multi/validator/test/RelWithDebInfo/test_multi_validator
home/libsbml/development/libsbml-build-scripts/autobuild-option-tests/BUILD/ubuntu-1604-ninja-base-packages-xml2-check-strict-r/src/sbml/packages/multi/validator/test/RelWithDebInfo/test_multi_validator
home/libsbml/development/libsbml-build-scripts/autobuild-option-tests/BUILD/ubuntu-1604-ninja-base-packages-xml2-check-strict-r/src/sbml/packages/multi/validator/test/Deployment/test_multi_validator
home/libsbml/development/libsbml-build-scripts/autobuild-option-tests/BUILD/ubuntu-1604-ninja-base-packages-xml2-check-strict-r/src/sbml/packages/multi/validator/test/Deployment/test_multi_validator
home/libsbml/development/libsbml-build-scripts/autobuild-option-tests/BUILD/ubuntu-1604-ninja-base-packages-xml2-check-strict-r/src/sbml/packages/multi/validator/test/Development/test_multi_validator
home/libsbml/development/libsbml-build-scripts/autobuild-option-tests/BUILD/ubuntu-1604-ninja-base-packages-xml2-check-strict-r/src/sbml/packages/multi/validator/test/Development/test_multi_validator
[ERROR_MESSAGE] 
Unable to find executable: /home/libsbml/development/libsbml-build-scripts/autobuild-option-tests/BUILD/ubuntu-1604-ninja-base-packages-xml2-check-strict-r/src/sbml/packages/multi/validator/test/test_multi_validator

[HANDLER_OUTPUT] 
 2/
29 Test  #2: test_multi_validator_run ......................***Not Run   0.00 sec
      Start  3: test_sbml_package_render_run
Could not find executable /home/libsbml/development/libsbml-build-scripts/autobuild-option-tests/BUILD/ubuntu-1604-ninja-base-packages-xml2-check-strict-r/src/sbml/packages/render/sbml/test/test_sbml_package_render
Looked in the following places:
/home/libsbml/development/libsbml-build-scripts/autobuild-option-tests/BUILD/ubuntu-1604-ninja-base-packages-xml2-check-strict-r/src/sbml/packages/render/sbml/test/test_sbml_package_render
/home/libsbml/development/libsbml-build-scripts/autobuild-option-tests/BUILD/ubuntu-1604-ninja-base-packages-xml2-check-strict-r/src/sbml/packages/render/sbml/test/test_sbml_package_render
/home/libsbml/development/libsbml-build-scripts/autobuild-option-tests/BUILD/ubuntu-1604-ninja-base-packages-xml2-check-strict-r/src/sbml/packages/render/sbml/test/Release/test_sbml_package_render
/home/libsbml/development/libsbml-build-scripts/autobuild-option-tests/BUILD/ubuntu-1604-ninja-base-packages-xml2-check-strict-r/src/sbml/packages/render/sbml/test/Release/test_sbml_package_render
/home/libsbml/development/libsbml-build-scripts/autobuild-option-tests/BUILD/ubuntu-1604-ninja-base-packages-xml2-check-strict-r/src/sbml/packages/render/sbml/test/Debug/test_sbml_package_render
/home/libsbml/development/libsbml-build-scripts/autobuild-option-tests/BUILD/ubuntu-1604-ninja-base-packages-xml2-check-strict-r/src/sbml/packages/render/sbml/test/Debug/test_sbml_package_render
/home/libsbml/development/libsbml-build-scripts/autobuild-option-tests/BUILD/ubuntu-1604-ninja-base-packages-xml2-check-strict-r/src/sbml/packages/render/sbml/test/MinSizeRel/test_sbml_package_render
/home/libsbml/development/libsbml-build-scripts/autobuild-option-tests/BUILD/ubuntu-1604-ninja-base-packages-xml2-check-strict-r/src/sbml/packages/render/sbml/test/MinSizeRel/test_sbml_package_render
/home/libsbml/development/libsbml-build-scripts/autobuild-option-tests/BUILD/ubuntu-1604-ninja-base-packages-xml2-check-strict-r/src/sbml/packages/render/sbml/test/RelWithDebInfo/test_sbml_package_render
/home/libsbml/development/libsbml-build-scripts/autobuild-option-tests/BUILD/ubuntu-1604-ninja-base-packages-xml2-check-strict-r/src/sbml/packages/render/sbml/test/RelWithDebInfo/test_sbml_package_render
/home/libsbml/development/libsbml-build-scripts/autobuild-option-tests/BUILD/ubuntu-1604-ninja-base-packages-xml2-check-strict-r/src/sbml/packages/render/sbml/test/Deployment/test_sbml_package_render
/home/libsbml/development/libsbml-build-scripts/autobuild-option-tests/BUILD/ubuntu-1604-ninja-base-packages-xml2-check-strict-r/src/sbml/packages/render/sbml/test/Deployment/test_sbml_package_render
/home/libsbml/development/libsbml-build-scripts/autobuild-option-tests/BUILD/ubuntu-1604-ninja-base-packages-xml2-check-strict-r/src/sbml/packages/render/sbml/test/Development/test_sbml_package_render
/home/libsbml/development/libsbml-build-scripts/autobuild-option-tests/BUILD/ubuntu-1604-ninja-base-packages-xml2-check-strict-r/src/sbml/packages/render/sbml/test/Development/test_sbml_package_render
home/libsbml/development/libsbml-build-scripts/autobuild-option-tests/BUILD/ubuntu-1604-ninja-base-packages-xml2-check-strict-r/src/sbml/packages/render/sbml/test/test_sbml_package_render
home/libsbml/development/libsbml-build-scripts/autobuild-option-tests/BUILD/ubuntu-1604-ninja-base-packages-xml2-check-strict-r/src/sbml/packages/render/sbml/test/test_sbml_package_render
home/libsbml/development/libsbml-build-scripts/autobuild-option-tests/BUILD/ubuntu-1604-ninja-base-packages-xml2-check-strict-r/src/sbml/packages/render/sbml/test/Release/test_sbml_package_render
home/libsbml/development/libsbml-build-scripts/autobuild-option-tests/BUILD/ubuntu-1604-ninja-base-packages-xml2-check-strict-r/src/sbml/packages/render/sbml/test/Release/test_sbml_package_render
home/libsbml/development/libsbml-build-scripts/autobuild-option-tests/BUILD/ubuntu-1604-ninja-base-packages-xml2-check-strict-r/src/sbml/packages/render/sbml/test/Debug/test_sbml_package_render
home/libsbml/development/libsbml-build-scripts/autobuild-option-tests/BUILD/ubuntu-1604-ninja-base-packages-xml2-check-strict-r/src/sbml/packages/render/sbml/test/Debug/test_sbml_package_render
home/libsbml/development/libsbml-build-scripts/autobuild-option-tests/BUILD/ubuntu-1604-ninja-base-packages-xml2-check-strict-r/src/sbml/packages/render/sbml/test/MinSizeRel/test_sbml_package_render
home/libsbml/development/libsbml-build-scripts/autobuild-option-tests/BUILD/ubuntu-1604-ninja-base-packages-xml2-check-strict-r/src/sbml/packages/render/sbml/test/MinSizeRel/test_sbml_package_render
home/libsbml/development/libsbml-build-scripts/autobuild-option-tests/BUILD/ubuntu-1604-ninja-base-packages-xml2-check-strict-r/src/sbml/packages/render/sbml/test/RelWithDebInfo/test_sbml_package_render
home/libsbml/development/libsbml-build-scripts/autobuild-option-tests/BUILD/ubuntu-1604-ninja-base-packages-xml2-check-strict-r/src/sbml/packages/render/sbml/test/RelWithDebInfo/test_sbml_package_render
home/libsbml/development/libsbml-build-scripts/autobuild-option-tests/BUILD/ubuntu-1604-ninja-base-packages-xml2-check-strict-r/src/sbml/packages/render/sbml/test/Deployment/test_sbml_package_render
home/libsbml/development/libsbml-build-scripts/autobuild-option-tests/BUILD/ubuntu-1604-ninja-base-packages-xml2-check-strict-r/src/sbml/packages/render/sbml/test/Deployment/test_sbml_package_render
home/libsbml/development/libsbml-build-scripts/autobuild-option-tests/BUILD/ubuntu-1604-ninja-base-packages-xml2-check-strict-r/src/sbml/packages/render/sbml/test/Development/test_sbml_package_render
home/libsbml/development/libsbml-build-scripts/autobuild-option-tests/BUILD/ubuntu-1604-ninja-base-packages-xml2-check-strict-r/src/sbml/packages/render/sbml/test/Development/test_sbml_package_render
[ERROR_MESSAGE] 
Unable to find executable: /home/libsbml/development/libsbml-build-scripts/autobuild-option-tests/BUILD/ubuntu-1604-ninja-base-packages-xml2-check-strict-r/src/sbml/packages/render/sbml/test/test_sbml_package_render

[HANDLER_OUTPUT] 
 3/
29 Test  #3: test_sbml_package_render_run ..................***Not Run   0.00 sec
      Start  4: test_render_validator_run
Could not find executable /home/libsbml/development/libsbml-build-scripts/autobuild-option-tests/BUILD/ubuntu-1604-ninja-base-packages-xml2-check-strict-r/src/sbml/packages/render/validator/test/test_render_validator
Looked in the following places:
/home/libsbml/development/libsbml-build-scripts/autobuild-option-tests/BUILD/ubuntu-1604-ninja-base-packages-xml2-check-strict-r/src/sbml/packages/render/validator/test/test_render_validator
/home/libsbml/development/libsbml-build-scripts/autobuild-option-tests/BUILD/ubuntu-1604-ninja-base-packages-xml2-check-strict-r/src/sbml/packages/render/validator/test/test_render_validator
/home/libsbml/development/libsbml-build-scripts/autobuild-option-tests/BUILD/ubuntu-1604-ninja-base-packages-xml2-check-strict-r/src/sbml/packages/render/validator/test/Release/test_render_validator
/home/libsbml/development/libsbml-build-scripts/autobuild-option-tests/BUILD/ubuntu-1604-ninja-base-packages-xml2-check-strict-r/src/sbml/packages/render/validator/test/Release/test_render_validator
/home/libsbml/development/libsbml-build-scripts/autobuild-option-tests/BUILD/ubuntu-1604-ninja-base-packages-xml2-check-strict-r/src/sbml/packages/render/validator/test/Debug/test_render_validator
/home/libsbml/development/libsbml-build-scripts/autobuild-option-tests/BUILD/ubuntu-1604-ninja-base-packages-xml2-check-strict-r/src/sbml/packages/render/validator/test/Debug/test_render_validator
/home/libsbml/development/libsbml-build-scripts/autobuild-option-tests/BUILD/ubuntu-1604-ninja-base-packages-xml2-check-strict-r/src/sbml/packages/render/validator/test/MinSizeRel/test_render_validator
/home/libsbml/development/libsbml-build-scripts/autobuild-option-tests/BUILD/ubuntu-1604-ninja-base-packages-xml2-check-strict-r/src/sbml/packages/render/validator/test/MinSizeRel/test_render_validator
/home/libsbml/development/libsbml-build-scripts/autobuild-option-tests/BUILD/ubuntu-1604-ninja-base-packages-xml2-check-strict-r/src/sbml/packages/render/validator/test/RelWithDebInfo/test_render_validator
/home/libsbml/development/libsbml-build-scripts/autobuild-option-tests/BUILD/ubuntu-1604-ninja-base-packages-xml2-check-strict-r/src/sbml/packages/render/validator/test/RelWithDebInfo/test_render_validator
/home/libsbml/development/libsbml-build-scripts/autobuild-option-tests/BUILD/ubuntu-1604-ninja-base-packages-xml2-check-strict-r/src/sbml/packages/render/validator/test/Deployment/test_render_validator
/home/libsbml/development/libsbml-build-scripts/autobuild-option-tests/BUILD/ubuntu-1604-ninja-base-packages-xml2-check-strict-r/src/sbml/packages/render/validator/test/Deployment/test_render_validator
/home/libsbml/development/libsbml-build-scripts/autobuild-option-tests/BUILD/ubuntu-1604-ninja-base-packages-xml2-check-strict-r/src/sbml/packages/render/validator/test/Development/test_render_validator
/home/libsbml/development/libsbml-build-scripts/autobuild-option-tests/BUILD/ubuntu-1604-ninja-base-packages-xml2-check-strict-r/src/sbml/packages/render/validator/test/Development/test_render_validator
home/libsbml/development/libsbml-build-scripts/autobuild-option-tests/BUILD/ubuntu-1604-ninja-base-packages-xml2-check-strict-r/src/sbml/packages/render/validator/test/test_render_validator
home/libsbml/development/libsbml-build-scripts/autobuild-option-tests/BUILD/ubuntu-1604-ninja-base-packages-xml2-check-strict-r/src/sbml/packages/render/validator/test/test_render_validator
home/libsbml/development/libsbml-build-scripts/autobuild-option-tests/BUILD/ubuntu-1604-ninja-base-packages-xml2-check-strict-r/src/sbml/packages/render/validator/test/Release/test_render_validator
home/libsbml/development/libsbml-build-scripts/autobuild-option-tests/BUILD/ubuntu-1604-ninja-base-packages-xml2-check-strict-r/src/sbml/packages/render/validator/test/Release/test_render_validator
home/libsbml/development/libsbml-build-scripts/autobuild-option-tests/BUILD/ubuntu-1604-ninja-base-packages-xml2-check-strict-r/src/sbml/packages/render/validator/test/Debug/test_render_validator
home/libsbml/development/libsbml-build-scripts/autobuild-option-tests/BUILD/ubuntu-1604-ninja-base-packages-xml2-check-strict-r/src/sbml/packages/render/validator/test/Debug/test_render_validator
home/libsbml/development/libsbml-build-scripts/autobuild-option-tests/BUILD/ubuntu-1604-ninja-base-packages-xml2-check-strict-r/src/sbml/packages/render/validator/test/MinSizeRel/test_render_validator
home/libsbml/development/libsbml-build-scripts/autobuild-option-tests/BUILD/ubuntu-1604-ninja-base-packages-xml2-check-strict-r/src/sbml/packages/render/validator/test/MinSizeRel/test_render_validator
home/libsbml/development/libsbml-build-scripts/autobuild-option-tests/BUILD/ubuntu-1604-ninja-base-packages-xml2-check-strict-r/src/sbml/packages/render/validator/test/RelWithDebInfo/test_render_validator
home/libsbml/development/libsbml-build-scripts/autobuild-option-tests/BUILD/ubuntu-1604-ninja-base-packages-xml2-check-strict-r/src/sbml/packages/render/validator/test/RelWithDebInfo/test_render_validator
home/libsbml/development/libsbml-build-scripts/autobuild-option-tests/BUILD/ubuntu-1604-ninja-base-packages-xml2-check-strict-r/src/sbml/packages/render/validator/test/Deployment/test_render_validator
home/libsbml/development/libsbml-build-scripts/autobuild-option-tests/BUILD/ubuntu-1604-ninja-base-packages-xml2-check-strict-r/src/sbml/packages/render/validator/test/Deployment/test_render_validator
home/libsbml/development/libsbml-build-scripts/autobuild-option-tests/BUILD/ubuntu-1604-ninja-base-packages-xml2-check-strict-r/src/sbml/packages/render/validator/test/Development/test_render_validator
home/libsbml/development/libsbml-build-scripts/autobuild-option-tests/BUILD/ubuntu-1604-ninja-base-packages-xml2-check-strict-r/src/sbml/packages/render/validator/test/Development/test_render_validator
[ERROR_MESSAGE] 
Unable to find executable: /home/libsbml/development/libsbml-build-scripts/autobuild-option-tests/BUILD/ubuntu-1604-ninja-base-packages-xml2-check-strict-r/src/sbml/packages/render/validator/test/test_render_validator

[HANDLER_OUTPUT] 
 4/
29 Test  #4: test_render_validator_run .....................***Not Run   0.00 sec
      Start  5: test_extension_package_qual_run
Could not find executable /home/libsbml/development/libsbml-build-scripts/autobuild-option-tests/BUILD/ubuntu-1604-ninja-base-packages-xml2-check-strict-r/src/sbml/packages/qual/extension/test/test_extension_package_qual
Looked in the following places:
/home/libsbml/development/libsbml-build-scripts/autobuild-option-tests/BUILD/ubuntu-1604-ninja-base-packages-xml2-check-strict-r/src/sbml/packages/qual/extension/test/test_extension_package_qual
/home/libsbml/development/libsbml-build-scripts/autobuild-option-tests/BUILD/ubuntu-1604-ninja-base-packages-xml2-check-strict-r/src/sbml/packages/qual/extension/test/test_extension_package_qual
/home/libsbml/development/libsbml-build-scripts/autobuild-option-tests/BUILD/ubuntu-1604-ninja-base-packages-xml2-check-strict-r/src/sbml/packages/qual/extension/test/Release/test_extension_package_qual
/home/libsbml/development/libsbml-build-scripts/autobuild-option-tests/BUILD/ubuntu-1604-ninja-base-packages-xml2-check-strict-r/src/sbml/packages/qual/extension/test/Release/test_extension_package_qual
/home/libsbml/development/libsbml-build-scripts/autobuild-option-tests/BUILD/ubuntu-1604-ninja-base-packages-xml2-check-strict-r/src/sbml/packages/qual/extension/test/Debug/test_extension_package_qual
/home/libsbml/development/libsbml-build-scripts/autobuild-option-tests/BUILD/ubuntu-1604-ninja-base-packages-xml2-check-strict-r/src/sbml/packages/qual/extension/test/Debug/test_extension_package_qual
/home/libsbml/development/libsbml-build-scripts/autobuild-option-tests/BUILD/ubuntu-1604-ninja-base-packages-xml2-check-strict-r/src/sbml/packages/qual/extension/test/MinSizeRel/test_extension_package_qual
/home/libsbml/development/libsbml-build-scripts/autobuild-option-tests/BUILD/ubuntu-1604-ninja-base-packages-xml2-check-strict-r/src/sbml/packages/qual/extension/test/MinSizeRel/test_extension_package_qual
/home/libsbml/development/libsbml-build-scripts/autobuild-option-tests/BUILD/ubuntu-1604-ninja-base-packages-xml2-check-strict-r/src/sbml/packages/qual/extension/test/RelWithDebInfo/test_extension_package_qual
/home/libsbml/development/libsbml-build-scripts/autobuild-option-tests/BUILD/ubuntu-1604-ninja-base-packages-xml2-check-strict-r/src/sbml/packages/qual/extension/test/RelWithDebInfo/test_extension_package_qual
/home/libsbml/development/libsbml-build-scripts/autobuild-option-tests/BUILD/ubuntu-1604-ninja-base-packages-xml2-check-strict-r/src/sbml/packages/qual/extension/test/Deployment/test_extension_package_qual
/home/libsbml/development/libsbml-build-scripts/autobuild-option-tests/BUILD/ubuntu-1604-ninja-base-packages-xml2-check-strict-r/src/sbml/packages/qual/extension/test/Deployment/test_extension_package_qual
/home/libsbml/development/libsbml-build-scripts/autobuild-option-tests/BUILD/ubuntu-1604-ninja-base-packages-xml2-check-strict-r/src/sbml/packages/qual/extension/test/Development/test_extension_package_qual
/home/libsbml/development/libsbml-build-scripts/autobuild-option-tests/BUILD/ubuntu-1604-ninja-base-packages-xml2-check-strict-r/src/sbml/packages/qual/extension/test/Development/test_extension_package_qual
home/libsbml/development/libsbml-build-scripts/autobuild-option-tests/BUILD/ubuntu-1604-ninja-base-packages-xml2-check-strict-r/src/sbml/packages/qual/extension/test/test_extension_package_qual
home/libsbml/development/libsbml-build-scripts/autobuild-option-tests/BUILD/ubuntu-1604-ninja-base-packages-xml2-check-strict-r/src/sbml/packages/qual/extension/test/test_extension_package_qual
home/libsbml/development/libsbml-build-scripts/autobuild-option-tests/BUILD/ubuntu-1604-ninja-base-packages-xml2-check-strict-r/src/sbml/packages/qual/extension/test/Release/test_extension_package_qual
home/libsbml/development/libsbml-build-scripts/autobuild-option-tests/BUILD/ubuntu-1604-ninja-base-packages-xml2-check-strict-r/src/sbml/packages/qual/extension/test/Release/test_extension_package_qual
home/libsbml/development/libsbml-build-scripts/autobuild-option-tests/BUILD/ubuntu-1604-ninja-base-packages-xml2-check-strict-r/src/sbml/packages/qual/extension/test/Debug/test_extension_package_qual
home/libsbml/development/libsbml-build-scripts/autobuild-option-tests/BUILD/ubuntu-1604-ninja-base-packages-xml2-check-strict-r/src/sbml/packages/qual/extension/test/Debug/test_extension_package_qual
home/libsbml/development/libsbml-build-scripts/autobuild-option-tests/BUILD/ubuntu-1604-ninja-base-packages-xml2-check-strict-r/src/sbml/packages/qual/extension/test/MinSizeRel/test_extension_package_qual
home/libsbml/development/libsbml-build-scripts/autobuild-option-tests/BUILD/ubuntu-1604-ninja-base-packages-xml2-check-strict-r/src/sbml/packages/qual/extension/test/MinSizeRel/test_extension_package_qual
home/libsbml/development/libsbml-build-scripts/autobuild-option-tests/BUILD/ubuntu-1604-ninja-base-packages-xml2-check-strict-r/src/sbml/packages/qual/extension/test/RelWithDebInfo/test_extension_package_qual
home/libsbml/development/libsbml-build-scripts/autobuild-option-tests/BUILD/ubuntu-1604-ninja-base-packages-xml2-check-strict-r/src/sbml/packages/qual/extension/test/RelWithDebInfo/test_extension_package_qual
home/libsbml/development/libsbml-build-scripts/autobuild-option-tests/BUILD/ubuntu-1604-ninja-base-packages-xml2-check-strict-r/src/sbml/packages/qual/extension/test/Deployment/test_extension_package_qual
home/libsbml/development/libsbml-build-scripts/autobuild-option-tests/BUILD/ubuntu-1604-ninja-base-packages-xml2-check-strict-r/src/sbml/packages/qual/extension/test/Deployment/test_extension_package_qual
home/libsbml/development/libsbml-build-scripts/autobuild-option-tests/BUILD/ubuntu-1604-ninja-base-packages-xml2-check-strict-r/src/sbml/packages/qual/extension/test/Development/test_extension_package_qual
home/libsbml/development/libsbml-build-scripts/autobuild-option-tests/BUILD/ubuntu-1604-ninja-base-packages-xml2-check-strict-r/src/sbml/packages/qual/extension/test/Development/test_extension_package_qual
[ERROR_MESSAGE] 
Unable to find executable: /home/libsbml/development/libsbml-build-scripts/autobuild-option-tests/BUILD/ubuntu-1604-ninja-base-packages-xml2-check-strict-r/src/sbml/packages/qual/extension/test/test_extension_package_qual

[HANDLER_OUTPUT] 
 5/
29 Test  #5: test_extension_package_qual_run ...............***Not Run   0.00 sec
      Start  6: test_sbml_package_qual_run
Could not find executable /home/libsbml/development/libsbml-build-scripts/autobuild-option-tests/BUILD/ubuntu-1604-ninja-base-packages-xml2-check-strict-r/src/sbml/packages/qual/sbml/test/test_sbml_package_qual
Looked in the following places:
/home/libsbml/development/libsbml-build-scripts/autobuild-option-tests/BUILD/ubuntu-1604-ninja-base-packages-xml2-check-strict-r/src/sbml/packages/qual/sbml/test/test_sbml_package_qual
/home/libsbml/development/libsbml-build-scripts/autobuild-option-tests/BUILD/ubuntu-1604-ninja-base-packages-xml2-check-strict-r/src/sbml/packages/qual/sbml/test/test_sbml_package_qual
/home/libsbml/development/libsbml-build-scripts/autobuild-option-tests/BUILD/ubuntu-1604-ninja-base-packages-xml2-check-strict-r/src/sbml/packages/qual/sbml/test/Release/test_sbml_package_qual
/home/libsbml/development/libsbml-build-scripts/autobuild-option-tests/BUILD/ubuntu-1604-ninja-base-packages-xml2-check-strict-r/src/sbml/packages/qual/sbml/test/Release/test_sbml_package_qual
/home/libsbml/development/libsbml-build-scripts/autobuild-option-tests/BUILD/ubuntu-1604-ninja-base-packages-xml2-check-strict-r/src/sbml/packages/qual/sbml/test/Debug/test_sbml_package_qual
/home/libsbml/development/libsbml-build-scripts/autobuild-option-tests/BUILD/ubuntu-1604-ninja-base-packages-xml2-check-strict-r/src/sbml/packages/qual/sbml/test/Debug/test_sbml_package_qual
/home/libsbml/development/libsbml-build-scripts/autobuild-option-tests/BUILD/ubuntu-1604-ninja-base-packages-xml2-check-strict-r/src/sbml/packages/qual/sbml/test/MinSizeRel/test_sbml_package_qual
/home/libsbml/development/libsbml-build-scripts/autobuild-option-tests/BUILD/ubuntu-1604-ninja-base-packages-xml2-check-strict-r/src/sbml/packages/qual/sbml/test/MinSizeRel/test_sbml_package_qual
/home/libsbml/development/libsbml-build-scripts/autobuild-option-tests/BUILD/ubuntu-1604-ninja-base-packages-xml2-check-strict-r/src/sbml/packages/qual/sbml/test/RelWithDebInfo/test_sbml_package_qual
/home/libsbml/development/libsbml-build-scripts/autobuild-option-tests/BUILD/ubuntu-1604-ninja-base-packages-xml2-check-strict-r/src/sbml/packages/qual/sbml/test/RelWithDebInfo/test_sbml_package_qual
/home/libsbml/development/libsbml-build-scripts/autobuild-option-tests/BUILD/ubuntu-1604-ninja-base-packages-xml2-check-strict-r/src/sbml/packages/qual/sbml/test/Deployment/test_sbml_package_qual
/home/libsbml/development/libsbml-build-scripts/autobuild-option-tests/BUILD/ubuntu-1604-ninja-base-packages-xml2-check-strict-r/src/sbml/packages/qual/sbml/test/Deployment/test_sbml_package_qual
/home/libsbml/development/libsbml-build-scripts/autobuild-option-tests/BUILD/ubuntu-1604-ninja-base-packages-xml2-check-strict-r/src/sbml/packages/qual/sbml/test/Development/test_sbml_package_qual
/home/libsbml/development/libsbml-build-scripts/autobuild-option-tests/BUILD/ubuntu-1604-ninja-base-packages-xml2-check-strict-r/src/sbml/packages/qual/sbml/test/Development/test_sbml_package_qual
home/libsbml/development/libsbml-build-scripts/autobuild-option-tests/BUILD/ubuntu-1604-ninja-base-packages-xml2-check-strict-r/src/sbml/packages/qual/sbml/test/test_sbml_package_qual
home/libsbml/development/libsbml-build-scripts/autobuild-option-tests/BUILD/ubuntu-1604-ninja-base-packages-xml2-check-strict-r/src/sbml/packages/qual/sbml/test/test_sbml_package_qual
home/libsbml/development/libsbml-build-scripts/autobuild-option-tests/BUILD/ubuntu-1604-ninja-base-packages-xml2-check-strict-r/src/sbml/packages/qual/sbml/test/Release/test_sbml_package_qual
home/libsbml/development/libsbml-build-scripts/autobuild-option-tests/BUILD/ubuntu-1604-ninja-base-packages-xml2-check-strict-r/src/sbml/packages/qual/sbml/test/Release/test_sbml_package_qual
home/libsbml/development/libsbml-build-scripts/autobuild-option-tests/BUILD/ubuntu-1604-ninja-base-packages-xml2-check-strict-r/src/sbml/packages/qual/sbml/test/Debug/test_sbml_package_qual
home/libsbml/development/libsbml-build-scripts/autobuild-option-tests/BUILD/ubuntu-1604-ninja-base-packages-xml2-check-strict-r/src/sbml/packages/qual/sbml/test/Debug/test_sbml_package_qual
home/libsbml/development/libsbml-build-scripts/autobuild-option-tests/BUILD/ubuntu-1604-ninja-base-packages-xml2-check-strict-r/src/sbml/packages/qual/sbml/test/MinSizeRel/test_sbml_package_qual
home/libsbml/development/libsbml-build-scripts/autobuild-option-tests/BUILD/ubuntu-1604-ninja-base-packages-xml2-check-strict-r/src/sbml/packages/qual/sbml/test/MinSizeRel/test_sbml_package_qual
home/libsbml/development/libsbml-build-scripts/autobuild-option-tests/BUILD/ubuntu-1604-ninja-base-packages-xml2-check-strict-r/src/sbml/packages/qual/sbml/test/RelWithDebInfo/test_sbml_package_qual
home/libsbml/development/libsbml-build-scripts/autobuild-option-tests/BUILD/ubuntu-1604-ninja-base-packages-xml2-check-strict-r/src/sbml/packages/qual/sbml/test/RelWithDebInfo/test_sbml_package_qual
home/libsbml/development/libsbml-build-scripts/autobuild-option-tests/BUILD/ubuntu-1604-ninja-base-packages-xml2-check-strict-r/src/sbml/packages/qual/sbml/test/Deployment/test_sbml_package_qual
home/libsbml/development/libsbml-build-scripts/autobuild-option-tests/BUILD/ubuntu-1604-ninja-base-packages-xml2-check-strict-r/src/sbml/packages/qual/sbml/test/Deployment/test_sbml_package_qual
home/libsbml/development/libsbml-build-scripts/autobuild-option-tests/BUILD/ubuntu-1604-ninja-base-packages-xml2-check-strict-r/src/sbml/packages/qual/sbml/test/Development/test_sbml_package_qual
home/libsbml/development/libsbml-build-scripts/autobuild-option-tests/BUILD/ubuntu-1604-ninja-base-packages-xml2-check-strict-r/src/sbml/packages/qual/sbml/test/Development/test_sbml_package_qual
[ERROR_MESSAGE] 
Unable to find executable: /home/libsbml/development/libsbml-build-scripts/autobuild-option-tests/BUILD/ubuntu-1604-ninja-base-packages-xml2-check-strict-r/src/sbml/packages/qual/sbml/test/test_sbml_package_qual

[HANDLER_OUTPUT] 
 6/
29 Test  #6: test_sbml_package_qual_run ....................***Not Run   0.00 sec
      Start  7: test_qual_validator_run
Could not find executable /home/libsbml/development/libsbml-build-scripts/autobuild-option-tests/BUILD/ubuntu-1604-ninja-base-packages-xml2-check-strict-r/src/sbml/packages/qual/validator/test/test_qual_validator
Looked in the following places:
/home/libsbml/development/libsbml-build-scripts/autobuild-option-tests/BUILD/ubuntu-1604-ninja-base-packages-xml2-check-strict-r/src/sbml/packages/qual/validator/test/test_qual_validator
/home/libsbml/development/libsbml-build-scripts/autobuild-option-tests/BUILD/ubuntu-1604-ninja-base-packages-xml2-check-strict-r/src/sbml/packages/qual/validator/test/test_qual_validator
/home/libsbml/development/libsbml-build-scripts/autobuild-option-tests/BUILD/ubuntu-1604-ninja-base-packages-xml2-check-strict-r/src/sbml/packages/qual/validator/test/Release/test_qual_validator
/home/libsbml/development/libsbml-build-scripts/autobuild-option-tests/BUILD/ubuntu-1604-ninja-base-packages-xml2-check-strict-r/src/sbml/packages/qual/validator/test/Release/test_qual_validator
/home/libsbml/development/libsbml-build-scripts/autobuild-option-tests/BUILD/ubuntu-1604-ninja-base-packages-xml2-check-strict-r/src/sbml/packages/qual/validator/test/Debug/test_qual_validator
/home/libsbml/development/libsbml-build-scripts/autobuild-option-tests/BUILD/ubuntu-1604-ninja-base-packages-xml2-check-strict-r/src/sbml/packages/qual/validator/test/Debug/test_qual_validator
/home/libsbml/development/libsbml-build-scripts/autobuild-option-tests/BUILD/ubuntu-1604-ninja-base-packages-xml2-check-strict-r/src/sbml/packages/qual/validator/test/MinSizeRel/test_qual_validator
/home/libsbml/development/libsbml-build-scripts/autobuild-option-tests/BUILD/ubuntu-1604-ninja-base-packages-xml2-check-strict-r/src/sbml/packages/qual/validator/test/MinSizeRel/test_qual_validator
/home/libsbml/development/libsbml-build-scripts/autobuild-option-tests/BUILD/ubuntu-1604-ninja-base-packages-xml2-check-strict-r/src/sbml/packages/qual/validator/test/RelWithDebInfo/test_qual_validator
/home/libsbml/development/libsbml-build-scripts/autobuild-option-tests/BUILD/ubuntu-1604-ninja-base-packages-xml2-check-strict-r/src/sbml/packages/qual/validator/test/RelWithDebInfo/test_qual_validator
/home/libsbml/development/libsbml-build-scripts/autobuild-option-tests/BUILD/ubuntu-1604-ninja-base-packages-xml2-check-strict-r/src/sbml/packages/qual/validator/test/Deployment/test_qual_validator
/home/libsbml/development/libsbml-build-scripts/autobuild-option-tests/BUILD/ubuntu-1604-ninja-base-packages-xml2-check-strict-r/src/sbml/packages/qual/validator/test/Deployment/test_qual_validator
/home/libsbml/development/libsbml-build-scripts/autobuild-option-tests/BUILD/ubuntu-1604-ninja-base-packages-xml2-check-strict-r/src/sbml/packages/qual/validator/test/Development/test_qual_validator
/home/libsbml/development/libsbml-build-scripts/autobuild-option-tests/BUILD/ubuntu-1604-ninja-base-packages-xml2-check-strict-r/src/sbml/packages/qual/validator/test/Development/test_qual_validator
home/libsbml/development/libsbml-build-scripts/autobuild-option-tests/BUILD/ubuntu-1604-ninja-base-packages-xml2-check-strict-r/src/sbml/packages/qual/validator/test/test_qual_validator
home/libsbml/development/libsbml-build-scripts/autobuild-option-tests/BUILD/ubuntu-1604-ninja-base-packages-xml2-check-strict-r/src/sbml/packages/qual/validator/test/test_qual_validator
home/libsbml/development/libsbml-build-scripts/autobuild-option-tests/BUILD/ubuntu-1604-ninja-base-packages-xml2-check-strict-r/src/sbml/packages/qual/validator/test/Release/test_qual_validator
home/libsbml/development/libsbml-build-scripts/autobuild-option-tests/BUILD/ubuntu-1604-ninja-base-packages-xml2-check-strict-r/src/sbml/packages/qual/validator/test/Release/test_qual_validator
home/libsbml/development/libsbml-build-scripts/autobuild-option-tests/BUILD/ubuntu-1604-ninja-base-packages-xml2-check-strict-r/src/sbml/packages/qual/validator/test/Debug/test_qual_validator
home/libsbml/development/libsbml-build-scripts/autobuild-option-tests/BUILD/ubuntu-1604-ninja-base-packages-xml2-check-strict-r/src/sbml/packages/qual/validator/test/Debug/test_qual_validator
home/libsbml/development/libsbml-build-scripts/autobuild-option-tests/BUILD/ubuntu-1604-ninja-base-packages-xml2-check-strict-r/src/sbml/packages/qual/validator/test/MinSizeRel/test_qual_validator
home/libsbml/development/libsbml-build-scripts/autobuild-option-tests/BUILD/ubuntu-1604-ninja-base-packages-xml2-check-strict-r/src/sbml/packages/qual/validator/test/MinSizeRel/test_qual_validator
home/libsbml/development/libsbml-build-scripts/autobuild-option-tests/BUILD/ubuntu-1604-ninja-base-packages-xml2-check-strict-r/src/sbml/packages/qual/validator/test/RelWithDebInfo/test_qual_validator
home/libsbml/development/libsbml-build-scripts/autobuild-option-tests/BUILD/ubuntu-1604-ninja-base-packages-xml2-check-strict-r/src/sbml/packages/qual/validator/test/RelWithDebInfo/test_qual_validator
home/libsbml/development/libsbml-build-scripts/autobuild-option-tests/BUILD/ubuntu-1604-ninja-base-packages-xml2-check-strict-r/src/sbml/packages/qual/validator/test/Deployment/test_qual_validator
home/libsbml/development/libsbml-build-scripts/autobuild-option-tests/BUILD/ubuntu-1604-ninja-base-packages-xml2-check-strict-r/src/sbml/packages/qual/validator/test/Deployment/test_qual_validator
home/libsbml/development/libsbml-build-scripts/autobuild-option-tests/BUILD/ubuntu-1604-ninja-base-packages-xml2-check-strict-r/src/sbml/packages/qual/validator/test/Development/test_qual_validator
home/libsbml/development/libsbml-build-scripts/autobuild-option-tests/BUILD/ubuntu-1604-ninja-base-packages-xml2-check-strict-r/src/sbml/packages/qual/validator/test/Development/test_qual_validator
[ERROR_MESSAGE] 
Unable to find executable: /home/libsbml/development/libsbml-build-scripts/autobuild-option-tests/BUILD/ubuntu-1604-ninja-base-packages-xml2-check-strict-r/src/sbml/packages/qual/validator/test/test_qual_validator

[HANDLER_OUTPUT] 
 7/
29 Test  #7: test_qual_validator_run .......................***Not Run   0.00 sec
      Start  8: test_comp_extensions_run
Could not find executable /home/libsbml/development/libsbml-build-scripts/autobuild-option-tests/BUILD/ubuntu-1604-ninja-base-packages-xml2-check-strict-r/src/sbml/packages/comp/extension/test/test_comp_extensions
Looked in the following places:
/home/libsbml/development/libsbml-build-scripts/autobuild-option-tests/BUILD/ubuntu-1604-ninja-base-packages-xml2-check-strict-r/src/sbml/packages/comp/extension/test/test_comp_extensions
/home/libsbml/development/libsbml-build-scripts/autobuild-option-tests/BUILD/ubuntu-1604-ninja-base-packages-xml2-check-strict-r/src/sbml/packages/comp/extension/test/test_comp_extensions
/home/libsbml/development/libsbml-build-scripts/autobuild-option-tests/BUILD/ubuntu-1604-ninja-base-packages-xml2-check-strict-r/src/sbml/packages/comp/extension/test/Release/test_comp_extensions
/home/libsbml/development/libsbml-build-scripts/autobuild-option-tests/BUILD/ubuntu-1604-ninja-base-packages-xml2-check-strict-r/src/sbml/packages/comp/extension/test/Release/test_comp_extensions
/home/libsbml/development/libsbml-build-scripts/autobuild-option-tests/BUILD/ubuntu-1604-ninja-base-packages-xml2-check-strict-r/src/sbml/packages/comp/extension/test/Debug/test_comp_extensions
/home/libsbml/development/libsbml-build-scripts/autobuild-option-tests/BUILD/ubuntu-1604-ninja-base-packages-xml2-check-strict-r/src/sbml/packages/comp/extension/test/Debug/test_comp_extensions
/home/libsbml/development/libsbml-build-scripts/autobuild-option-tests/BUILD/ubuntu-1604-ninja-base-packages-xml2-check-strict-r/src/sbml/packages/comp/extension/test/MinSizeRel/test_comp_extensions
/home/libsbml/development/libsbml-build-scripts/autobuild-option-tests/BUILD/ubuntu-1604-ninja-base-packages-xml2-check-strict-r/src/sbml/packages/comp/extension/test/MinSizeRel/test_comp_extensions
/home/libsbml/development/libsbml-build-scripts/autobuild-option-tests/BUILD/ubuntu-1604-ninja-base-packages-xml2-check-strict-r/src/sbml/packages/comp/extension/test/RelWithDebInfo/test_comp_extensions
/home/libsbml/development/libsbml-build-scripts/autobuild-option-tests/BUILD/ubuntu-1604-ninja-base-packages-xml2-check-strict-r/src/sbml/packages/comp/extension/test/RelWithDebInfo/test_comp_extensions
/home/libsbml/development/libsbml-build-scripts/autobuild-option-tests/BUILD/ubuntu-1604-ninja-base-packages-xml2-check-strict-r/src/sbml/packages/comp/extension/test/Deployment/test_comp_extensions
/home/libsbml/development/libsbml-build-scripts/autobuild-option-tests/BUILD/ubuntu-1604-ninja-base-packages-xml2-check-strict-r/src/sbml/packages/comp/extension/test/Deployment/test_comp_extensions
/home/libsbml/development/libsbml-build-scripts/autobuild-option-tests/BUILD/ubuntu-1604-ninja-base-packages-xml2-check-strict-r/src/sbml/packages/comp/extension/test/Development/test_comp_extensions
/home/libsbml/development/libsbml-build-scripts/autobuild-option-tests/BUILD/ubuntu-1604-ninja-base-packages-xml2-check-strict-r/src/sbml/packages/comp/extension/test/Development/test_comp_extensions
home/libsbml/development/libsbml-build-scripts/autobuild-option-tests/BUILD/ubuntu-1604-ninja-base-packages-xml2-check-strict-r/src/sbml/packages/comp/extension/test/test_comp_extensions
home/libsbml/development/libsbml-build-scripts/autobuild-option-tests/BUILD/ubuntu-1604-ninja-base-packages-xml2-check-strict-r/src/sbml/packages/comp/extension/test/test_comp_extensions
home/libsbml/development/libsbml-build-scripts/autobuild-option-tests/BUILD/ubuntu-1604-ninja-base-packages-xml2-check-strict-r/src/sbml/packages/comp/extension/test/Release/test_comp_extensions
home/libsbml/development/libsbml-build-scripts/autobuild-option-tests/BUILD/ubuntu-1604-ninja-base-packages-xml2-check-strict-r/src/sbml/packages/comp/extension/test/Release/test_comp_extensions
home/libsbml/development/libsbml-build-scripts/autobuild-option-tests/BUILD/ubuntu-1604-ninja-base-packages-xml2-check-strict-r/src/sbml/packages/comp/extension/test/Debug/test_comp_extensions
home/libsbml/development/libsbml-build-scripts/autobuild-option-tests/BUILD/ubuntu-1604-ninja-base-packages-xml2-check-strict-r/src/sbml/packages/comp/extension/test/Debug/test_comp_extensions
home/libsbml/development/libsbml-build-scripts/autobuild-option-tests/BUILD/ubuntu-1604-ninja-base-packages-xml2-check-strict-r/src/sbml/packages/comp/extension/test/MinSizeRel/test_comp_extensions
home/libsbml/development/libsbml-build-scripts/autobuild-option-tests/BUILD/ubuntu-1604-ninja-base-packages-xml2-check-strict-r/src/sbml/packages/comp/extension/test/MinSizeRel/test_comp_extensions
home/libsbml/development/libsbml-build-scripts/autobuild-option-tests/BUILD/ubuntu-1604-ninja-base-packages-xml2-check-strict-r/src/sbml/packages/comp/extension/test/RelWithDebInfo/test_comp_extensions
home/libsbml/development/libsbml-build-scripts/autobuild-option-tests/BUILD/ubuntu-1604-ninja-base-packages-xml2-check-strict-r/src/sbml/packages/comp/extension/test/RelWithDebInfo/test_comp_extensions
home/libsbml/development/libsbml-build-scripts/autobuild-option-tests/BUILD/ubuntu-1604-ninja-base-packages-xml2-check-strict-r/src/sbml/packages/comp/extension/test/Deployment/test_comp_extensions
home/libsbml/development/libsbml-build-scripts/autobuild-option-tests/BUILD/ubuntu-1604-ninja-base-packages-xml2-check-strict-r/src/sbml/packages/comp/extension/test/Deployment/test_comp_extensions
home/libsbml/development/libsbml-build-scripts/autobuild-option-tests/BUILD/ubuntu-1604-ninja-base-packages-xml2-check-strict-r/src/sbml/packages/comp/extension/test/Development/test_comp_extensions
home/libsbml/development/libsbml-build-scripts/autobuild-option-tests/BUILD/ubuntu-1604-ninja-base-packages-xml2-check-strict-r/src/sbml/packages/comp/extension/test/Development/test_comp_extensions
[ERROR_MESSAGE] 
Unable to find executable: /home/libsbml/development/libsbml-build-scripts/autobuild-option-tests/BUILD/ubuntu-1604-ninja-base-packages-xml2-check-strict-r/src/sbml/packages/comp/extension/test/test_comp_extensions

[HANDLER_OUTPUT] 
 8/
29 Test  #8: test_comp_extensions_run ......................***Not Run   0.00 sec
      Start  9: test_comp_sbase_run
Could not find executable /home/libsbml/development/libsbml-build-scripts/autobuild-option-tests/BUILD/ubuntu-1604-ninja-base-packages-xml2-check-strict-r/src/sbml/packages/comp/sbml/test/test_comp_sbase
Looked in the following places:
/home/libsbml/development/libsbml-build-scripts/autobuild-option-tests/BUILD/ubuntu-1604-ninja-base-packages-xml2-check-strict-r/src/sbml/packages/comp/sbml/test/test_comp_sbase
/home/libsbml/development/libsbml-build-scripts/autobuild-option-tests/BUILD/ubuntu-1604-ninja-base-packages-xml2-check-strict-r/src/sbml/packages/comp/sbml/test/test_comp_sbase
/home/libsbml/development/libsbml-build-scripts/autobuild-option-tests/BUILD/ubuntu-1604-ninja-base-packages-xml2-check-strict-r/src/sbml/packages/comp/sbml/test/Release/test_comp_sbase
/home/libsbml/development/libsbml-build-scripts/autobuild-option-tests/BUILD/ubuntu-1604-ninja-base-packages-xml2-check-strict-r/src/sbml/packages/comp/sbml/test/Release/test_comp_sbase
/home/libsbml/development/libsbml-build-scripts/autobuild-option-tests/BUILD/ubuntu-1604-ninja-base-packages-xml2-check-strict-r/src/sbml/packages/comp/sbml/test/Debug/test_comp_sbase
/home/libsbml/development/libsbml-build-scripts/autobuild-option-tests/BUILD/ubuntu-1604-ninja-base-packages-xml2-check-strict-r/src/sbml/packages/comp/sbml/test/Debug/test_comp_sbase
/home/libsbml/development/libsbml-build-scripts/autobuild-option-tests/BUILD/ubuntu-1604-ninja-base-packages-xml2-check-strict-r/src/sbml/packages/comp/sbml/test/MinSizeRel/test_comp_sbase
/home/libsbml/development/libsbml-build-scripts/autobuild-option-tests/BUILD/ubuntu-1604-ninja-base-packages-xml2-check-strict-r/src/sbml/packages/comp/sbml/test/MinSizeRel/test_comp_sbase
/home/libsbml/development/libsbml-build-scripts/autobuild-option-tests/BUILD/ubuntu-1604-ninja-base-packages-xml2-check-strict-r/src/sbml/packages/comp/sbml/test/RelWithDebInfo/test_comp_sbase
/home/libsbml/development/libsbml-build-scripts/autobuild-option-tests/BUILD/ubuntu-1604-ninja-base-packages-xml2-check-strict-r/src/sbml/packages/comp/sbml/test/RelWithDebInfo/test_comp_sbase
/home/libsbml/development/libsbml-build-scripts/autobuild-option-tests/BUILD/ubuntu-1604-ninja-base-packages-xml2-check-strict-r/src/sbml/packages/comp/sbml/test/Deployment/test_comp_sbase
/home/libsbml/development/libsbml-build-scripts/autobuild-option-tests/BUILD/ubuntu-1604-ninja-base-packages-xml2-check-strict-r/src/sbml/packages/comp/sbml/test/Deployment/test_comp_sbase
/home/libsbml/development/libsbml-build-scripts/autobuild-option-tests/BUILD/ubuntu-1604-ninja-base-packages-xml2-check-strict-r/src/sbml/packages/comp/sbml/test/Development/test_comp_sbase
/home/libsbml/development/libsbml-build-scripts/autobuild-option-tests/BUILD/ubuntu-1604-ninja-base-packages-xml2-check-strict-r/src/sbml/packages/comp/sbml/test/Development/test_comp_sbase
home/libsbml/development/libsbml-build-scripts/autobuild-option-tests/BUILD/ubuntu-1604-ninja-base-packages-xml2-check-strict-r/src/sbml/packages/comp/sbml/test/test_comp_sbase
home/libsbml/development/libsbml-build-scripts/autobuild-option-tests/BUILD/ubuntu-1604-ninja-base-packages-xml2-check-strict-r/src/sbml/packages/comp/sbml/test/test_comp_sbase
home/libsbml/development/libsbml-build-scripts/autobuild-option-tests/BUILD/ubuntu-1604-ninja-base-packages-xml2-check-strict-r/src/sbml/packages/comp/sbml/test/Release/test_comp_sbase
home/libsbml/development/libsbml-build-scripts/autobuild-option-tests/BUILD/ubuntu-1604-ninja-base-packages-xml2-check-strict-r/src/sbml/packages/comp/sbml/test/Release/test_comp_sbase
home/libsbml/development/libsbml-build-scripts/autobuild-option-tests/BUILD/ubuntu-1604-ninja-base-packages-xml2-check-strict-r/src/sbml/packages/comp/sbml/test/Debug/test_comp_sbase
home/libsbml/development/libsbml-build-scripts/autobuild-option-tests/BUILD/ubuntu-1604-ninja-base-packages-xml2-check-strict-r/src/sbml/packages/comp/sbml/test/Debug/test_comp_sbase
home/libsbml/development/libsbml-build-scripts/autobuild-option-tests/BUILD/ubuntu-1604-ninja-base-packages-xml2-check-strict-r/src/sbml/packages/comp/sbml/test/MinSizeRel/test_comp_sbase
home/libsbml/development/libsbml-build-scripts/autobuild-option-tests/BUILD/ubuntu-1604-ninja-base-packages-xml2-check-strict-r/src/sbml/packages/comp/sbml/test/MinSizeRel/test_comp_sbase
home/libsbml/development/libsbml-build-scripts/autobuild-option-tests/BUILD/ubuntu-1604-ninja-base-packages-xml2-check-strict-r/src/sbml/packages/comp/sbml/test/RelWithDebInfo/test_comp_sbase
home/libsbml/development/libsbml-build-scripts/autobuild-option-tests/BUILD/ubuntu-1604-ninja-base-packages-xml2-check-strict-r/src/sbml/packages/comp/sbml/test/RelWithDebInfo/test_comp_sbase
home/libsbml/development/libsbml-build-scripts/autobuild-option-tests/BUILD/ubuntu-1604-ninja-base-packages-xml2-check-strict-r/src/sbml/packages/comp/sbml/test/Deployment/test_comp_sbase
home/libsbml/development/libsbml-build-scripts/autobuild-option-tests/BUILD/ubuntu-1604-ninja-base-packages-xml2-check-strict-r/src/sbml/packages/comp/sbml/test/Deployment/test_comp_sbase
home/libsbml/development/libsbml-build-scripts/autobuild-option-tests/BUILD/ubuntu-1604-ninja-base-packages-xml2-check-strict-r/src/sbml/packages/comp/sbml/test/Development/test_comp_sbase
home/libsbml/development/libsbml-build-scripts/autobuild-option-tests/BUILD/ubuntu-1604-ninja-base-packages-xml2-check-strict-r/src/sbml/packages/comp/sbml/test/Development/test_comp_sbase
[ERROR_MESSAGE] 
Unable to find executable: /home/libsbml/development/libsbml-build-scripts/autobuild-option-tests/BUILD/ubuntu-1604-ninja-base-packages-xml2-check-strict-r/src/sbml/packages/comp/sbml/test/test_comp_sbase

[HANDLER_OUTPUT] 
 9/
29 Test  #9: test_comp_sbase_run ...........................***Not Run   0.00 sec
      Start 10: test_comp_util_run
Could not find executable /home/libsbml/development/libsbml-build-scripts/autobuild-option-tests/BUILD/ubuntu-1604-ninja-base-packages-xml2-check-strict-r/src/sbml/packages/comp/util/test/test_comp_util
Looked in the following places:
/home/libsbml/development/libsbml-build-scripts/autobuild-option-tests/BUILD/ubuntu-1604-ninja-base-packages-xml2-check-strict-r/src/sbml/packages/comp/util/test/test_comp_util
/home/libsbml/development/libsbml-build-scripts/autobuild-option-tests/BUILD/ubuntu-1604-ninja-base-packages-xml2-check-strict-r/src/sbml/packages/comp/util/test/test_comp_util
/home/libsbml/development/libsbml-build-scripts/autobuild-option-tests/BUILD/ubuntu-1604-ninja-base-packages-xml2-check-strict-r/src/sbml/packages/comp/util/test/Release/test_comp_util
/home/libsbml/development/libsbml-build-scripts/autobuild-option-tests/BUILD/ubuntu-1604-ninja-base-packages-xml2-check-strict-r/src/sbml/packages/comp/util/test/Release/test_comp_util
/home/libsbml/development/libsbml-build-scripts/autobuild-option-tests/BUILD/ubuntu-1604-ninja-base-packages-xml2-check-strict-r/src/sbml/packages/comp/util/test/Debug/test_comp_util
/home/libsbml/development/libsbml-build-scripts/autobuild-option-tests/BUILD/ubuntu-1604-ninja-base-packages-xml2-check-strict-r/src/sbml/packages/comp/util/test/Debug/test_comp_util
/home/libsbml/development/libsbml-build-scripts/autobuild-option-tests/BUILD/ubuntu-1604-ninja-base-packages-xml2-check-strict-r/src/sbml/packages/comp/util/test/MinSizeRel/test_comp_util
/home/libsbml/development/libsbml-build-scripts/autobuild-option-tests/BUILD/ubuntu-1604-ninja-base-packages-xml2-check-strict-r/src/sbml/packages/comp/util/test/MinSizeRel/test_comp_util
/home/libsbml/development/libsbml-build-scripts/autobuild-option-tests/BUILD/ubuntu-1604-ninja-base-packages-xml2-check-strict-r/src/sbml/packages/comp/util/test/RelWithDebInfo/test_comp_util
/home/libsbml/development/libsbml-build-scripts/autobuild-option-tests/BUILD/ubuntu-1604-ninja-base-packages-xml2-check-strict-r/src/sbml/packages/comp/util/test/RelWithDebInfo/test_comp_util
/home/libsbml/development/libsbml-build-scripts/autobuild-option-tests/BUILD/ubuntu-1604-ninja-base-packages-xml2-check-strict-r/src/sbml/packages/comp/util/test/Deployment/test_comp_util
/home/libsbml/development/libsbml-build-scripts/autobuild-option-tests/BUILD/ubuntu-1604-ninja-base-packages-xml2-check-strict-r/src/sbml/packages/comp/util/test/Deployment/test_comp_util
/home/libsbml/development/libsbml-build-scripts/autobuild-option-tests/BUILD/ubuntu-1604-ninja-base-packages-xml2-check-strict-r/src/sbml/packages/comp/util/test/Development/test_comp_util
/home/libsbml/development/libsbml-build-scripts/autobuild-option-tests/BUILD/ubuntu-1604-ninja-base-packages-xml2-check-strict-r/src/sbml/packages/comp/util/test/Development/test_comp_util
home/libsbml/development/libsbml-build-scripts/autobuild-option-tests/BUILD/ubuntu-1604-ninja-base-packages-xml2-check-strict-r/src/sbml/packages/comp/util/test/test_comp_util
home/libsbml/development/libsbml-build-scripts/autobuild-option-tests/BUILD/ubuntu-1604-ninja-base-packages-xml2-check-strict-r/src/sbml/packages/comp/util/test/test_comp_util
home/libsbml/development/libsbml-build-scripts/autobuild-option-tests/BUILD/ubuntu-1604-ninja-base-packages-xml2-check-strict-r/src/sbml/packages/comp/util/test/Release/test_comp_util
home/libsbml/development/libsbml-build-scripts/autobuild-option-tests/BUILD/ubuntu-1604-ninja-base-packages-xml2-check-strict-r/src/sbml/packages/comp/util/test/Release/test_comp_util
home/libsbml/development/libsbml-build-scripts/autobuild-option-tests/BUILD/ubuntu-1604-ninja-base-packages-xml2-check-strict-r/src/sbml/packages/comp/util/test/Debug/test_comp_util
home/libsbml/development/libsbml-build-scripts/autobuild-option-tests/BUILD/ubuntu-1604-ninja-base-packages-xml2-check-strict-r/src/sbml/packages/comp/util/test/Debug/test_comp_util
home/libsbml/development/libsbml-build-scripts/autobuild-option-tests/BUILD/ubuntu-1604-ninja-base-packages-xml2-check-strict-r/src/sbml/packages/comp/util/test/MinSizeRel/test_comp_util
home/libsbml/development/libsbml-build-scripts/autobuild-option-tests/BUILD/ubuntu-1604-ninja-base-packages-xml2-check-strict-r/src/sbml/packages/comp/util/test/MinSizeRel/test_comp_util
home/libsbml/development/libsbml-build-scripts/autobuild-option-tests/BUILD/ubuntu-1604-ninja-base-packages-xml2-check-strict-r/src/sbml/packages/comp/util/test/RelWithDebInfo/test_comp_util
home/libsbml/development/libsbml-build-scripts/autobuild-option-tests/BUILD/ubuntu-1604-ninja-base-packages-xml2-check-strict-r/src/sbml/packages/comp/util/test/RelWithDebInfo/test_comp_util
home/libsbml/development/libsbml-build-scripts/autobuild-option-tests/BUILD/ubuntu-1604-ninja-base-packages-xml2-check-strict-r/src/sbml/packages/comp/util/test/Deployment/test_comp_util
home/libsbml/development/libsbml-build-scripts/autobuild-option-tests/BUILD/ubuntu-1604-ninja-base-packages-xml2-check-strict-r/src/sbml/packages/comp/util/test/Deployment/test_comp_util
home/libsbml/development/libsbml-build-scripts/autobuild-option-tests/BUILD/ubuntu-1604-ninja-base-packages-xml2-check-strict-r/src/sbml/packages/comp/util/test/Development/test_comp_util
home/libsbml/development/libsbml-build-scripts/autobuild-option-tests/BUILD/ubuntu-1604-ninja-base-packages-xml2-check-strict-r/src/sbml/packages/comp/util/test/Development/test_comp_util
[ERROR_MESSAGE] 
Unable to find executable: /home/libsbml/development/libsbml-build-scripts/autobuild-option-tests/BUILD/ubuntu-1604-ninja-base-packages-xml2-check-strict-r/src/sbml/packages/comp/util/test/test_comp_util

[HANDLER_OUTPUT] 
10/
29 Test #10: test_comp_util_run ............................***Not Run   0.00 sec
      Start 11: test_comp_validator_run
Could not find executable /home/libsbml/development/libsbml-build-scripts/autobuild-option-tests/BUILD/ubuntu-1604-ninja-base-packages-xml2-check-strict-r/src/sbml/packages/comp/validator/test/test_comp_validator
Looked in the following places:
/home/libsbml/development/libsbml-build-scripts/autobuild-option-tests/BUILD/ubuntu-1604-ninja-base-packages-xml2-check-strict-r/src/sbml/packages/comp/validator/test/test_comp_validator
/home/libsbml/development/libsbml-build-scripts/autobuild-option-tests/BUILD/ubuntu-1604-ninja-base-packages-xml2-check-strict-r/src/sbml/packages/comp/validator/test/test_comp_validator
/home/libsbml/development/libsbml-build-scripts/autobuild-option-tests/BUILD/ubuntu-1604-ninja-base-packages-xml2-check-strict-r/src/sbml/packages/comp/validator/test/Release/test_comp_validator
/home/libsbml/development/libsbml-build-scripts/autobuild-option-tests/BUILD/ubuntu-1604-ninja-base-packages-xml2-check-strict-r/src/sbml/packages/comp/validator/test/Release/test_comp_validator
/home/libsbml/development/libsbml-build-scripts/autobuild-option-tests/BUILD/ubuntu-1604-ninja-base-packages-xml2-check-strict-r/src/sbml/packages/comp/validator/test/Debug/test_comp_validator
/home/libsbml/development/libsbml-build-scripts/autobuild-option-tests/BUILD/ubuntu-1604-ninja-base-packages-xml2-check-strict-r/src/sbml/packages/comp/validator/test/Debug/test_comp_validator
/home/libsbml/development/libsbml-build-scripts/autobuild-option-tests/BUILD/ubuntu-1604-ninja-base-packages-xml2-check-strict-r/src/sbml/packages/comp/validator/test/MinSizeRel/test_comp_validator
/home/libsbml/development/libsbml-build-scripts/autobuild-option-tests/BUILD/ubuntu-1604-ninja-base-packages-xml2-check-strict-r/src/sbml/packages/comp/validator/test/MinSizeRel/test_comp_validator
/home/libsbml/development/libsbml-build-scripts/autobuild-option-tests/BUILD/ubuntu-1604-ninja-base-packages-xml2-check-strict-r/src/sbml/packages/comp/validator/test/RelWithDebInfo/test_comp_validator
/home/libsbml/development/libsbml-build-scripts/autobuild-option-tests/BUILD/ubuntu-1604-ninja-base-packages-xml2-check-strict-r/src/sbml/packages/comp/validator/test/RelWithDebInfo/test_comp_validator
/home/libsbml/development/libsbml-build-scripts/autobuild-option-tests/BUILD/ubuntu-1604-ninja-base-packages-xml2-check-strict-r/src/sbml/packages/comp/validator/test/Deployment/test_comp_validator
/home/libsbml/development/libsbml-build-scripts/autobuild-option-tests/BUILD/ubuntu-1604-ninja-base-packages-xml2-check-strict-r/src/sbml/packages/comp/validator/test/Deployment/test_comp_validator
/home/libsbml/development/libsbml-build-scripts/autobuild-option-tests/BUILD/ubuntu-1604-ninja-base-packages-xml2-check-strict-r/src/sbml/packages/comp/validator/test/Development/test_comp_validator
/home/libsbml/development/libsbml-build-scripts/autobuild-option-tests/BUILD/ubuntu-1604-ninja-base-packages-xml2-check-strict-r/src/sbml/packages/comp/validator/test/Development/test_comp_validator
home/libsbml/development/libsbml-build-scripts/autobuild-option-tests/BUILD/ubuntu-1604-ninja-base-packages-xml2-check-strict-r/src/sbml/packages/comp/validator/test/test_comp_validator
home/libsbml/development/libsbml-build-scripts/autobuild-option-tests/BUILD/ubuntu-1604-ninja-base-packages-xml2-check-strict-r/src/sbml/packages/comp/validator/test/test_comp_validator
home/libsbml/development/libsbml-build-scripts/autobuild-option-tests/BUILD/ubuntu-1604-ninja-base-packages-xml2-check-strict-r/src/sbml/packages/comp/validator/test/Release/test_comp_validator
home/libsbml/development/libsbml-build-scripts/autobuild-option-tests/BUILD/ubuntu-1604-ninja-base-packages-xml2-check-strict-r/src/sbml/packages/comp/validator/test/Release/test_comp_validator
home/libsbml/development/libsbml-build-scripts/autobuild-option-tests/BUILD/ubuntu-1604-ninja-base-packages-xml2-check-strict-r/src/sbml/packages/comp/validator/test/Debug/test_comp_validator
home/libsbml/development/libsbml-build-scripts/autobuild-option-tests/BUILD/ubuntu-1604-ninja-base-packages-xml2-check-strict-r/src/sbml/packages/comp/validator/test/Debug/test_comp_validator
home/libsbml/development/libsbml-build-scripts/autobuild-option-tests/BUILD/ubuntu-1604-ninja-base-packages-xml2-check-strict-r/src/sbml/packages/comp/validator/test/MinSizeRel/test_comp_validator
home/libsbml/development/libsbml-build-scripts/autobuild-option-tests/BUILD/ubuntu-1604-ninja-base-packages-xml2-check-strict-r/src/sbml/packages/comp/validator/test/MinSizeRel/test_comp_validator
home/libsbml/development/libsbml-build-scripts/autobuild-option-tests/BUILD/ubuntu-1604-ninja-base-packages-xml2-check-strict-r/src/sbml/packages/comp/validator/test/RelWithDebInfo/test_comp_validator
home/libsbml/development/libsbml-build-scripts/autobuild-option-tests/BUILD/ubuntu-1604-ninja-base-packages-xml2-check-strict-r/src/sbml/packages/comp/validator/test/RelWithDebInfo/test_comp_validator
home/libsbml/development/libsbml-build-scripts/autobuild-option-tests/BUILD/ubuntu-1604-ninja-base-packages-xml2-check-strict-r/src/sbml/packages/comp/validator/test/Deployment/test_comp_validator
home/libsbml/development/libsbml-build-scripts/autobuild-option-tests/BUILD/ubuntu-1604-ninja-base-packages-xml2-check-strict-r/src/sbml/packages/comp/validator/test/Deployment/test_comp_validator
home/libsbml/development/libsbml-build-scripts/autobuild-option-tests/BUILD/ubuntu-1604-ninja-base-packages-xml2-check-strict-r/src/sbml/packages/comp/validator/test/Development/test_comp_validator
home/libsbml/development/libsbml-build-scripts/autobuild-option-tests/BUILD/ubuntu-1604-ninja-base-packages-xml2-check-strict-r/src/sbml/packages/comp/validator/test/Development/test_comp_validator
[ERROR_MESSAGE] 
Unable to find executable: /home/libsbml/development/libsbml-build-scripts/autobuild-option-tests/BUILD/ubuntu-1604-ninja-base-packages-xml2-check-strict-r/src/sbml/packages/comp/validator/test/test_comp_validator

[HANDLER_OUTPUT] 
11/
29 Test #11: test_comp_validator_run .......................***Not Run   0.00 sec
      Start 12: test_extension_package_groups_run
Could not find executable /home/libsbml/development/libsbml-build-scripts/autobuild-option-tests/BUILD/ubuntu-1604-ninja-base-packages-xml2-check-strict-r/src/sbml/packages/groups/extension/test/test_extension_package_groups
Looked in the following places:
/home/libsbml/development/libsbml-build-scripts/autobuild-option-tests/BUILD/ubuntu-1604-ninja-base-packages-xml2-check-strict-r/src/sbml/packages/groups/extension/test/test_extension_package_groups
/home/libsbml/development/libsbml-build-scripts/autobuild-option-tests/BUILD/ubuntu-1604-ninja-base-packages-xml2-check-strict-r/src/sbml/packages/groups/extension/test/test_extension_package_groups
/home/libsbml/development/libsbml-build-scripts/autobuild-option-tests/BUILD/ubuntu-1604-ninja-base-packages-xml2-check-strict-r/src/sbml/packages/groups/extension/test/Release/test_extension_package_groups
/home/libsbml/development/libsbml-build-scripts/autobuild-option-tests/BUILD/ubuntu-1604-ninja-base-packages-xml2-check-strict-r/src/sbml/packages/groups/extension/test/Release/test_extension_package_groups
/home/libsbml/development/libsbml-build-scripts/autobuild-option-tests/BUILD/ubuntu-1604-ninja-base-packages-xml2-check-strict-r/src/sbml/packages/groups/extension/test/Debug/test_extension_package_groups
/home/libsbml/development/libsbml-build-scripts/autobuild-option-tests/BUILD/ubuntu-1604-ninja-base-packages-xml2-check-strict-r/src/sbml/packages/groups/extension/test/Debug/test_extension_package_groups
/home/libsbml/development/libsbml-build-scripts/autobuild-option-tests/BUILD/ubuntu-1604-ninja-base-packages-xml2-check-strict-r/src/sbml/packages/groups/extension/test/MinSizeRel/test_extension_package_groups
/home/libsbml/development/libsbml-build-scripts/autobuild-option-tests/BUILD/ubuntu-1604-ninja-base-packages-xml2-check-strict-r/src/sbml/packages/groups/extension/test/MinSizeRel/test_extension_package_groups
/home/libsbml/development/libsbml-build-scripts/autobuild-option-tests/BUILD/ubuntu-1604-ninja-base-packages-xml2-check-strict-r/src/sbml/packages/groups/extension/test/RelWithDebInfo/test_extension_package_groups
/home/libsbml/development/libsbml-build-scripts/autobuild-option-tests/BUILD/ubuntu-1604-ninja-base-packages-xml2-check-strict-r/src/sbml/packages/groups/extension/test/RelWithDebInfo/test_extension_package_groups
/home/libsbml/development/libsbml-build-scripts/autobuild-option-tests/BUILD/ubuntu-1604-ninja-base-packages-xml2-check-strict-r/src/sbml/packages/groups/extension/test/Deployment/test_extension_package_groups
/home/libsbml/development/libsbml-build-scripts/autobuild-option-tests/BUILD/ubuntu-1604-ninja-base-packages-xml2-check-strict-r/src/sbml/packages/groups/extension/test/Deployment/test_extension_package_groups
/home/libsbml/development/libsbml-build-scripts/autobuild-option-tests/BUILD/ubuntu-1604-ninja-base-packages-xml2-check-strict-r/src/sbml/packages/groups/extension/test/Development/test_extension_package_groups
/home/libsbml/development/libsbml-build-scripts/autobuild-option-tests/BUILD/ubuntu-1604-ninja-base-packages-xml2-check-strict-r/src/sbml/packages/groups/extension/test/Development/test_extension_package_groups
home/libsbml/development/libsbml-build-scripts/autobuild-option-tests/BUILD/ubuntu-1604-ninja-base-packages-xml2-check-strict-r/src/sbml/packages/groups/extension/test/test_extension_package_groups
home/libsbml/development/libsbml-build-scripts/autobuild-option-tests/BUILD/ubuntu-1604-ninja-base-packages-xml2-check-strict-r/src/sbml/packages/groups/extension/test/test_extension_package_groups
home/libsbml/development/libsbml-build-scripts/autobuild-option-tests/BUILD/ubuntu-1604-ninja-base-packages-xml2-check-strict-r/src/sbml/packages/groups/extension/test/Release/test_extension_package_groups
home/libsbml/development/libsbml-build-scripts/autobuild-option-tests/BUILD/ubuntu-1604-ninja-base-packages-xml2-check-strict-r/src/sbml/packages/groups/extension/test/Release/test_extension_package_groups
home/libsbml/development/libsbml-build-scripts/autobuild-option-tests/BUILD/ubuntu-1604-ninja-base-packages-xml2-check-strict-r/src/sbml/packages/groups/extension/test/Debug/test_extension_package_groups
home/libsbml/development/libsbml-build-scripts/autobuild-option-tests/BUILD/ubuntu-1604-ninja-base-packages-xml2-check-strict-r/src/sbml/packages/groups/extension/test/Debug/test_extension_package_groups
home/libsbml/development/libsbml-build-scripts/autobuild-option-tests/BUILD/ubuntu-1604-ninja-base-packages-xml2-check-strict-r/src/sbml/packages/groups/extension/test/MinSizeRel/test_extension_package_groups
home/libsbml/development/libsbml-build-scripts/autobuild-option-tests/BUILD/ubuntu-1604-ninja-base-packages-xml2-check-strict-r/src/sbml/packages/groups/extension/test/MinSizeRel/test_extension_package_groups
home/libsbml/development/libsbml-build-scripts/autobuild-option-tests/BUILD/ubuntu-1604-ninja-base-packages-xml2-check-strict-r/src/sbml/packages/groups/extension/test/RelWithDebInfo/test_extension_package_groups
home/libsbml/development/libsbml-build-scripts/autobuild-option-tests/BUILD/ubuntu-1604-ninja-base-packages-xml2-check-strict-r/src/sbml/packages/groups/extension/test/RelWithDebInfo/test_extension_package_groups
home/libsbml/development/libsbml-build-scripts/autobuild-option-tests/BUILD/ubuntu-1604-ninja-base-packages-xml2-check-strict-r/src/sbml/packages/groups/extension/test/Deployment/test_extension_package_groups
home/libsbml/development/libsbml-build-scripts/autobuild-option-tests/BUILD/ubuntu-1604-ninja-base-packages-xml2-check-strict-r/src/sbml/packages/groups/extension/test/Deployment/test_extension_package_groups
home/libsbml/development/libsbml-build-scripts/autobuild-option-tests/BUILD/ubuntu-1604-ninja-base-packages-xml2-check-strict-r/src/sbml/packages/groups/extension/test/Development/test_extension_package_groups
home/libsbml/development/libsbml-build-scripts/autobuild-option-tests/BUILD/ubuntu-1604-ninja-base-packages-xml2-check-strict-r/src/sbml/packages/groups/extension/test/Development/test_extension_package_groups
[ERROR_MESSAGE] 
Unable to find executable: /home/libsbml/development/libsbml-build-scripts/autobuild-option-tests/BUILD/ubuntu-1604-ninja-base-packages-xml2-check-strict-r/src/sbml/packages/groups/extension/test/test_extension_package_groups

[HANDLER_OUTPUT] 
12/
29 Test #12: test_extension_package_groups_run .............***Not Run   0.00 sec
      Start 13: test_groups_validator_run
Could not find executable /home/libsbml/development/libsbml-build-scripts/autobuild-option-tests/BUILD/ubuntu-1604-ninja-base-packages-xml2-check-strict-r/src/sbml/packages/groups/validator/test/test_groups_validator
Looked in the following places:
/home/libsbml/development/libsbml-build-scripts/autobuild-option-tests/BUILD/ubuntu-1604-ninja-base-packages-xml2-check-strict-r/src/sbml/packages/groups/validator/test/test_groups_validator
/home/libsbml/development/libsbml-build-scripts/autobuild-option-tests/BUILD/ubuntu-1604-ninja-base-packages-xml2-check-strict-r/src/sbml/packages/groups/validator/test/test_groups_validator
/home/libsbml/development/libsbml-build-scripts/autobuild-option-tests/BUILD/ubuntu-1604-ninja-base-packages-xml2-check-strict-r/src/sbml/packages/groups/validator/test/Release/test_groups_validator
/home/libsbml/development/libsbml-build-scripts/autobuild-option-tests/BUILD/ubuntu-1604-ninja-base-packages-xml2-check-strict-r/src/sbml/packages/groups/validator/test/Release/test_groups_validator
/home/libsbml/development/libsbml-build-scripts/autobuild-option-tests/BUILD/ubuntu-1604-ninja-base-packages-xml2-check-strict-r/src/sbml/packages/groups/validator/test/Debug/test_groups_validator
/home/libsbml/development/libsbml-build-scripts/autobuild-option-tests/BUILD/ubuntu-1604-ninja-base-packages-xml2-check-strict-r/src/sbml/packages/groups/validator/test/Debug/test_groups_validator
/home/libsbml/development/libsbml-build-scripts/autobuild-option-tests/BUILD/ubuntu-1604-ninja-base-packages-xml2-check-strict-r/src/sbml/packages/groups/validator/test/MinSizeRel/test_groups_validator
/home/libsbml/development/libsbml-build-scripts/autobuild-option-tests/BUILD/ubuntu-1604-ninja-base-packages-xml2-check-strict-r/src/sbml/packages/groups/validator/test/MinSizeRel/test_groups_validator
/home/libsbml/development/libsbml-build-scripts/autobuild-option-tests/BUILD/ubuntu-1604-ninja-base-packages-xml2-check-strict-r/src/sbml/packages/groups/validator/test/RelWithDebInfo/test_groups_validator
/home/libsbml/development/libsbml-build-scripts/autobuild-option-tests/BUILD/ubuntu-1604-ninja-base-packages-xml2-check-strict-r/src/sbml/packages/groups/validator/test/RelWithDebInfo/test_groups_validator
/home/libsbml/development/libsbml-build-scripts/autobuild-option-tests/BUILD/ubuntu-1604-ninja-base-packages-xml2-check-strict-r/src/sbml/packages/groups/validator/test/Deployment/test_groups_validator
/home/libsbml/development/libsbml-build-scripts/autobuild-option-tests/BUILD/ubuntu-1604-ninja-base-packages-xml2-check-strict-r/src/sbml/packages/groups/validator/test/Deployment/test_groups_validator
/home/libsbml/development/libsbml-build-scripts/autobuild-option-tests/BUILD/ubuntu-1604-ninja-base-packages-xml2-check-strict-r/src/sbml/packages/groups/validator/test/Development/test_groups_validator
/home/libsbml/development/libsbml-build-scripts/autobuild-option-tests/BUILD/ubuntu-1604-ninja-base-packages-xml2-check-strict-r/src/sbml/packages/groups/validator/test/Development/test_groups_validator
home/libsbml/development/libsbml-build-scripts/autobuild-option-tests/BUILD/ubuntu-1604-ninja-base-packages-xml2-check-strict-r/src/sbml/packages/groups/validator/test/test_groups_validator
home/libsbml/development/libsbml-build-scripts/autobuild-option-tests/BUILD/ubuntu-1604-ninja-base-packages-xml2-check-strict-r/src/sbml/packages/groups/validator/test/test_groups_validator
home/libsbml/development/libsbml-build-scripts/autobuild-option-tests/BUILD/ubuntu-1604-ninja-base-packages-xml2-check-strict-r/src/sbml/packages/groups/validator/test/Release/test_groups_validator
home/libsbml/development/libsbml-build-scripts/autobuild-option-tests/BUILD/ubuntu-1604-ninja-base-packages-xml2-check-strict-r/src/sbml/packages/groups/validator/test/Release/test_groups_validator
home/libsbml/development/libsbml-build-scripts/autobuild-option-tests/BUILD/ubuntu-1604-ninja-base-packages-xml2-check-strict-r/src/sbml/packages/groups/validator/test/Debug/test_groups_validator
home/libsbml/development/libsbml-build-scripts/autobuild-option-tests/BUILD/ubuntu-1604-ninja-base-packages-xml2-check-strict-r/src/sbml/packages/groups/validator/test/Debug/test_groups_validator
home/libsbml/development/libsbml-build-scripts/autobuild-option-tests/BUILD/ubuntu-1604-ninja-base-packages-xml2-check-strict-r/src/sbml/packages/groups/validator/test/MinSizeRel/test_groups_validator
home/libsbml/development/libsbml-build-scripts/autobuild-option-tests/BUILD/ubuntu-1604-ninja-base-packages-xml2-check-strict-r/src/sbml/packages/groups/validator/test/MinSizeRel/test_groups_validator
home/libsbml/development/libsbml-build-scripts/autobuild-option-tests/BUILD/ubuntu-1604-ninja-base-packages-xml2-check-strict-r/src/sbml/packages/groups/validator/test/RelWithDebInfo/test_groups_validator
home/libsbml/development/libsbml-build-scripts/autobuild-option-tests/BUILD/ubuntu-1604-ninja-base-packages-xml2-check-strict-r/src/sbml/packages/groups/validator/test/RelWithDebInfo/test_groups_validator
home/libsbml/development/libsbml-build-scripts/autobuild-option-tests/BUILD/ubuntu-1604-ninja-base-packages-xml2-check-strict-r/src/sbml/packages/groups/validator/test/Deployment/test_groups_validator
home/libsbml/development/libsbml-build-scripts/autobuild-option-tests/BUILD/ubuntu-1604-ninja-base-packages-xml2-check-strict-r/src/sbml/packages/groups/validator/test/Deployment/test_groups_validator
home/libsbml/development/libsbml-build-scripts/autobuild-option-tests/BUILD/ubuntu-1604-ninja-base-packages-xml2-check-strict-r/src/sbml/packages/groups/validator/test/Development/test_groups_validator
home/libsbml/development/libsbml-build-scripts/autobuild-option-tests/BUILD/ubuntu-1604-ninja-base-packages-xml2-check-strict-r/src/sbml/packages/groups/validator/test/Development/test_groups_validator
[ERROR_MESSAGE] 
Unable to find executable: /home/libsbml/development/libsbml-build-scripts/autobuild-option-tests/BUILD/ubuntu-1604-ninja-base-packages-xml2-check-strict-r/src/sbml/packages/groups/validator/test/test_groups_validator

[HANDLER_OUTPUT] 
13/
29 Test #13: test_groups_validator_run .....................***Not Run   0.00 sec
      Start 14: test_sbml_package_fbc_run
Could not find executable /home/libsbml/development/libsbml-build-scripts/autobuild-option-tests/BUILD/ubuntu-1604-ninja-base-packages-xml2-check-strict-r/src/sbml/packages/fbc/extension/test/test_sbml_package_fbc
Looked in the following places:
/home/libsbml/development/libsbml-build-scripts/autobuild-option-tests/BUILD/ubuntu-1604-ninja-base-packages-xml2-check-strict-r/src/sbml/packages/fbc/extension/test/test_sbml_package_fbc
/home/libsbml/development/libsbml-build-scripts/autobuild-option-tests/BUILD/ubuntu-1604-ninja-base-packages-xml2-check-strict-r/src/sbml/packages/fbc/extension/test/test_sbml_package_fbc
/home/libsbml/development/libsbml-build-scripts/autobuild-option-tests/BUILD/ubuntu-1604-ninja-base-packages-xml2-check-strict-r/src/sbml/packages/fbc/extension/test/Release/test_sbml_package_fbc
/home/libsbml/development/libsbml-build-scripts/autobuild-option-tests/BUILD/ubuntu-1604-ninja-base-packages-xml2-check-strict-r/src/sbml/packages/fbc/extension/test/Release/test_sbml_package_fbc
/home/libsbml/development/libsbml-build-scripts/autobuild-option-tests/BUILD/ubuntu-1604-ninja-base-packages-xml2-check-strict-r/src/sbml/packages/fbc/extension/test/Debug/test_sbml_package_fbc
/home/libsbml/development/libsbml-build-scripts/autobuild-option-tests/BUILD/ubuntu-1604-ninja-base-packages-xml2-check-strict-r/src/sbml/packages/fbc/extension/test/Debug/test_sbml_package_fbc
/home/libsbml/development/libsbml-build-scripts/autobuild-option-tests/BUILD/ubuntu-1604-ninja-base-packages-xml2-check-strict-r/src/sbml/packages/fbc/extension/test/MinSizeRel/test_sbml_package_fbc
/home/libsbml/development/libsbml-build-scripts/autobuild-option-tests/BUILD/ubuntu-1604-ninja-base-packages-xml2-check-strict-r/src/sbml/packages/fbc/extension/test/MinSizeRel/test_sbml_package_fbc
/home/libsbml/development/libsbml-build-scripts/autobuild-option-tests/BUILD/ubuntu-1604-ninja-base-packages-xml2-check-strict-r/src/sbml/packages/fbc/extension/test/RelWithDebInfo/test_sbml_package_fbc
/home/libsbml/development/libsbml-build-scripts/autobuild-option-tests/BUILD/ubuntu-1604-ninja-base-packages-xml2-check-strict-r/src/sbml/packages/fbc/extension/test/RelWithDebInfo/test_sbml_package_fbc
/home/libsbml/development/libsbml-build-scripts/autobuild-option-tests/BUILD/ubuntu-1604-ninja-base-packages-xml2-check-strict-r/src/sbml/packages/fbc/extension/test/Deployment/test_sbml_package_fbc
/home/libsbml/development/libsbml-build-scripts/autobuild-option-tests/BUILD/ubuntu-1604-ninja-base-packages-xml2-check-strict-r/src/sbml/packages/fbc/extension/test/Deployment/test_sbml_package_fbc
/home/libsbml/development/libsbml-build-scripts/autobuild-option-tests/BUILD/ubuntu-1604-ninja-base-packages-xml2-check-strict-r/src/sbml/packages/fbc/extension/test/Development/test_sbml_package_fbc
/home/libsbml/development/libsbml-build-scripts/autobuild-option-tests/BUILD/ubuntu-1604-ninja-base-packages-xml2-check-strict-r/src/sbml/packages/fbc/extension/test/Development/test_sbml_package_fbc
home/libsbml/development/libsbml-build-scripts/autobuild-option-tests/BUILD/ubuntu-1604-ninja-base-packages-xml2-check-strict-r/src/sbml/packages/fbc/extension/test/test_sbml_package_fbc
home/libsbml/development/libsbml-build-scripts/autobuild-option-tests/BUILD/ubuntu-1604-ninja-base-packages-xml2-check-strict-r/src/sbml/packages/fbc/extension/test/test_sbml_package_fbc
home/libsbml/development/libsbml-build-scripts/autobuild-option-tests/BUILD/ubuntu-1604-ninja-base-packages-xml2-check-strict-r/src/sbml/packages/fbc/extension/test/Release/test_sbml_package_fbc
home/libsbml/development/libsbml-build-scripts/autobuild-option-tests/BUILD/ubuntu-1604-ninja-base-packages-xml2-check-strict-r/src/sbml/packages/fbc/extension/test/Release/test_sbml_package_fbc
home/libsbml/development/libsbml-build-scripts/autobuild-option-tests/BUILD/ubuntu-1604-ninja-base-packages-xml2-check-strict-r/src/sbml/packages/fbc/extension/test/Debug/test_sbml_package_fbc
home/libsbml/development/libsbml-build-scripts/autobuild-option-tests/BUILD/ubuntu-1604-ninja-base-packages-xml2-check-strict-r/src/sbml/packages/fbc/extension/test/Debug/test_sbml_package_fbc
home/libsbml/development/libsbml-build-scripts/autobuild-option-tests/BUILD/ubuntu-1604-ninja-base-packages-xml2-check-strict-r/src/sbml/packages/fbc/extension/test/MinSizeRel/test_sbml_package_fbc
home/libsbml/development/libsbml-build-scripts/autobuild-option-tests/BUILD/ubuntu-1604-ninja-base-packages-xml2-check-strict-r/src/sbml/packages/fbc/extension/test/MinSizeRel/test_sbml_package_fbc
home/libsbml/development/libsbml-build-scripts/autobuild-option-tests/BUILD/ubuntu-1604-ninja-base-packages-xml2-check-strict-r/src/sbml/packages/fbc/extension/test/RelWithDebInfo/test_sbml_package_fbc
home/libsbml/development/libsbml-build-scripts/autobuild-option-tests/BUILD/ubuntu-1604-ninja-base-packages-xml2-check-strict-r/src/sbml/packages/fbc/extension/test/RelWithDebInfo/test_sbml_package_fbc
home/libsbml/development/libsbml-build-scripts/autobuild-option-tests/BUILD/ubuntu-1604-ninja-base-packages-xml2-check-strict-r/src/sbml/packages/fbc/extension/test/Deployment/test_sbml_package_fbc
home/libsbml/development/libsbml-build-scripts/autobuild-option-tests/BUILD/ubuntu-1604-ninja-base-packages-xml2-check-strict-r/src/sbml/packages/fbc/extension/test/Deployment/test_sbml_package_fbc
home/libsbml/development/libsbml-build-scripts/autobuild-option-tests/BUILD/ubuntu-1604-ninja-base-packages-xml2-check-strict-r/src/sbml/packages/fbc/extension/test/Development/test_sbml_package_fbc
home/libsbml/development/libsbml-build-scripts/autobuild-option-tests/BUILD/ubuntu-1604-ninja-base-packages-xml2-check-strict-r/src/sbml/packages/fbc/extension/test/Development/test_sbml_package_fbc
[ERROR_MESSAGE] 
Unable to find executable: /home/libsbml/development/libsbml-build-scripts/autobuild-option-tests/BUILD/ubuntu-1604-ninja-base-packages-xml2-check-strict-r/src/sbml/packages/fbc/extension/test/test_sbml_package_fbc

[HANDLER_OUTPUT] 
14/
29 Test #14: test_sbml_package_fbc_run .....................***Not Run   0.00 sec
      Start 15: test_fbc_validator_run
Could not find executable /home/libsbml/development/libsbml-build-scripts/autobuild-option-tests/BUILD/ubuntu-1604-ninja-base-packages-xml2-check-strict-r/src/sbml/packages/fbc/validator/test/test_fbc_validator
Looked in the following places:
/home/libsbml/development/libsbml-build-scripts/autobuild-option-tests/BUILD/ubuntu-1604-ninja-base-packages-xml2-check-strict-r/src/sbml/packages/fbc/validator/test/test_fbc_validator
/home/libsbml/development/libsbml-build-scripts/autobuild-option-tests/BUILD/ubuntu-1604-ninja-base-packages-xml2-check-strict-r/src/sbml/packages/fbc/validator/test/test_fbc_validator
/home/libsbml/development/libsbml-build-scripts/autobuild-option-tests/BUILD/ubuntu-1604-ninja-base-packages-xml2-check-strict-r/src/sbml/packages/fbc/validator/test/Release/test_fbc_validator
/home/libsbml/development/libsbml-build-scripts/autobuild-option-tests/BUILD/ubuntu-1604-ninja-base-packages-xml2-check-strict-r/src/sbml/packages/fbc/validator/test/Release/test_fbc_validator
/home/libsbml/development/libsbml-build-scripts/autobuild-option-tests/BUILD/ubuntu-1604-ninja-base-packages-xml2-check-strict-r/src/sbml/packages/fbc/validator/test/Debug/test_fbc_validator
/home/libsbml/development/libsbml-build-scripts/autobuild-option-tests/BUILD/ubuntu-1604-ninja-base-packages-xml2-check-strict-r/src/sbml/packages/fbc/validator/test/Debug/test_fbc_validator
/home/libsbml/development/libsbml-build-scripts/autobuild-option-tests/BUILD/ubuntu-1604-ninja-base-packages-xml2-check-strict-r/src/sbml/packages/fbc/validator/test/MinSizeRel/test_fbc_validator
/home/libsbml/development/libsbml-build-scripts/autobuild-option-tests/BUILD/ubuntu-1604-ninja-base-packages-xml2-check-strict-r/src/sbml/packages/fbc/validator/test/MinSizeRel/test_fbc_validator
/home/libsbml/development/libsbml-build-scripts/autobuild-option-tests/BUILD/ubuntu-1604-ninja-base-packages-xml2-check-strict-r/src/sbml/packages/fbc/validator/test/RelWithDebInfo/test_fbc_validator
/home/libsbml/development/libsbml-build-scripts/autobuild-option-tests/BUILD/ubuntu-1604-ninja-base-packages-xml2-check-strict-r/src/sbml/packages/fbc/validator/test/RelWithDebInfo/test_fbc_validator
/home/libsbml/development/libsbml-build-scripts/autobuild-option-tests/BUILD/ubuntu-1604-ninja-base-packages-xml2-check-strict-r/src/sbml/packages/fbc/validator/test/Deployment/test_fbc_validator
/home/libsbml/development/libsbml-build-scripts/autobuild-option-tests/BUILD/ubuntu-1604-ninja-base-packages-xml2-check-strict-r/src/sbml/packages/fbc/validator/test/Deployment/test_fbc_validator
/home/libsbml/development/libsbml-build-scripts/autobuild-option-tests/BUILD/ubuntu-1604-ninja-base-packages-xml2-check-strict-r/src/sbml/packages/fbc/validator/test/Development/test_fbc_validator
/home/libsbml/development/libsbml-build-scripts/autobuild-option-tests/BUILD/ubuntu-1604-ninja-base-packages-xml2-check-strict-r/src/sbml/packages/fbc/validator/test/Development/test_fbc_validator
home/libsbml/development/libsbml-build-scripts/autobuild-option-tests/BUILD/ubuntu-1604-ninja-base-packages-xml2-check-strict-r/src/sbml/packages/fbc/validator/test/test_fbc_validator
home/libsbml/development/libsbml-build-scripts/autobuild-option-tests/BUILD/ubuntu-1604-ninja-base-packages-xml2-check-strict-r/src/sbml/packages/fbc/validator/test/test_fbc_validator
home/libsbml/development/libsbml-build-scripts/autobuild-option-tests/BUILD/ubuntu-1604-ninja-base-packages-xml2-check-strict-r/src/sbml/packages/fbc/validator/test/Release/test_fbc_validator
home/libsbml/development/libsbml-build-scripts/autobuild-option-tests/BUILD/ubuntu-1604-ninja-base-packages-xml2-check-strict-r/src/sbml/packages/fbc/validator/test/Release/test_fbc_validator
home/libsbml/development/libsbml-build-scripts/autobuild-option-tests/BUILD/ubuntu-1604-ninja-base-packages-xml2-check-strict-r/src/sbml/packages/fbc/validator/test/Debug/test_fbc_validator
home/libsbml/development/libsbml-build-scripts/autobuild-option-tests/BUILD/ubuntu-1604-ninja-base-packages-xml2-check-strict-r/src/sbml/packages/fbc/validator/test/Debug/test_fbc_validator
home/libsbml/development/libsbml-build-scripts/autobuild-option-tests/BUILD/ubuntu-1604-ninja-base-packages-xml2-check-strict-r/src/sbml/packages/fbc/validator/test/MinSizeRel/test_fbc_validator
home/libsbml/development/libsbml-build-scripts/autobuild-option-tests/BUILD/ubuntu-1604-ninja-base-packages-xml2-check-strict-r/src/sbml/packages/fbc/validator/test/MinSizeRel/test_fbc_validator
home/libsbml/development/libsbml-build-scripts/autobuild-option-tests/BUILD/ubuntu-1604-ninja-base-packages-xml2-check-strict-r/src/sbml/packages/fbc/validator/test/RelWithDebInfo/test_fbc_validator
home/libsbml/development/libsbml-build-scripts/autobuild-option-tests/BUILD/ubuntu-1604-ninja-base-packages-xml2-check-strict-r/src/sbml/packages/fbc/validator/test/RelWithDebInfo/test_fbc_validator
home/libsbml/development/libsbml-build-scripts/autobuild-option-tests/BUILD/ubuntu-1604-ninja-base-packages-xml2-check-strict-r/src/sbml/packages/fbc/validator/test/Deployment/test_fbc_validator
home/libsbml/development/libsbml-build-scripts/autobuild-option-tests/BUILD/ubuntu-1604-ninja-base-packages-xml2-check-strict-r/src/sbml/packages/fbc/validator/test/Deployment/test_fbc_validator
home/libsbml/development/libsbml-build-scripts/autobuild-option-tests/BUILD/ubuntu-1604-ninja-base-packages-xml2-check-strict-r/src/sbml/packages/fbc/validator/test/Development/test_fbc_validator
home/libsbml/development/libsbml-build-scripts/autobuild-option-tests/BUILD/ubuntu-1604-ninja-base-packages-xml2-check-strict-r/src/sbml/packages/fbc/validator/test/Development/test_fbc_validator
[ERROR_MESSAGE] 
Unable to find executable: /home/libsbml/development/libsbml-build-scripts/autobuild-option-tests/BUILD/ubuntu-1604-ninja-base-packages-xml2-check-strict-r/src/sbml/packages/fbc/validator/test/test_fbc_validator

[HANDLER_OUTPUT] 
15/
29 Test #15: test_fbc_validator_run ........................***Not Run   0.00 sec
      Start 16: test_l3v2extendedmath_validator_run
Could not find executable /home/libsbml/development/libsbml-build-scripts/autobuild-option-tests/BUILD/ubuntu-1604-ninja-base-packages-xml2-check-strict-r/src/sbml/packages/l3v2extendedmath/validator/test/test_l3v2extendedmath_validator
Looked in the following places:
/home/libsbml/development/libsbml-build-scripts/autobuild-option-tests/BUILD/ubuntu-1604-ninja-base-packages-xml2-check-strict-r/src/sbml/packages/l3v2extendedmath/validator/test/test_l3v2extendedmath_validator
/home/libsbml/development/libsbml-build-scripts/autobuild-option-tests/BUILD/ubuntu-1604-ninja-base-packages-xml2-check-strict-r/src/sbml/packages/l3v2extendedmath/validator/test/test_l3v2extendedmath_validator
/home/libsbml/development/libsbml-build-scripts/autobuild-option-tests/BUILD/ubuntu-1604-ninja-base-packages-xml2-check-strict-r/src/sbml/packages/l3v2extendedmath/validator/test/Release/test_l3v2extendedmath_validator
/home/libsbml/development/libsbml-build-scripts/autobuild-option-tests/BUILD/ubuntu-1604-ninja-base-packages-xml2-check-strict-r/src/sbml/packages/l3v2extendedmath/validator/test/Release/test_l3v2extendedmath_validator
/home/libsbml/development/libsbml-build-scripts/autobuild-option-tests/BUILD/ubuntu-1604-ninja-base-packages-xml2-check-strict-r/src/sbml/packages/l3v2extendedmath/validator/test/Debug/test_l3v2extendedmath_validator
/home/libsbml/development/libsbml-build-scripts/autobuild-option-tests/BUILD/ubuntu-1604-ninja-base-packages-xml2-check-strict-r/src/sbml/packages/l3v2extendedmath/validator/test/Debug/test_l3v2extendedmath_validator
/home/libsbml/development/libsbml-build-scripts/autobuild-option-tests/BUILD/ubuntu-1604-ninja-base-packages-xml2-check-strict-r/src/sbml/packages/l3v2extendedmath/validator/test/MinSizeRel/test_l3v2extendedmath_validator
/home/libsbml/development/libsbml-build-scripts/autobuild-option-tests/BUILD/ubuntu-1604-ninja-base-packages-xml2-check-strict-r/src/sbml/packages/l3v2extendedmath/validator/test/MinSizeRel/test_l3v2extendedmath_validator
/home/libsbml/development/libsbml-build-scripts/autobuild-option-tests/BUILD/ubuntu-1604-ninja-base-packages-xml2-check-strict-r/src/sbml/packages/l3v2extendedmath/validator/test/RelWithDebInfo/test_l3v2extendedmath_validator
/home/libsbml/development/libsbml-build-scripts/autobuild-option-tests/BUILD/ubuntu-1604-ninja-base-packages-xml2-check-strict-r/src/sbml/packages/l3v2extendedmath/validator/test/RelWithDebInfo/test_l3v2extendedmath_validator
/home/libsbml/development/libsbml-build-scripts/autobuild-option-tests/BUILD/ubuntu-1604-ninja-base-packages-xml2-check-strict-r/src/sbml/packages/l3v2extendedmath/validator/test/Deployment/test_l3v2extendedmath_validator
/home/libsbml/development/libsbml-build-scripts/autobuild-option-tests/BUILD/ubuntu-1604-ninja-base-packages-xml2-check-strict-r/src/sbml/packages/l3v2extendedmath/validator/test/Deployment/test_l3v2extendedmath_validator
/home/libsbml/development/libsbml-build-scripts/autobuild-option-tests/BUILD/ubuntu-1604-ninja-base-packages-xml2-check-strict-r/src/sbml/packages/l3v2extendedmath/validator/test/Development/test_l3v2extendedmath_validator
/home/libsbml/development/libsbml-build-scripts/autobuild-option-tests/BUILD/ubuntu-1604-ninja-base-packages-xml2-check-strict-r/src/sbml/packages/l3v2extendedmath/validator/test/Development/test_l3v2extendedmath_validator
home/libsbml/development/libsbml-build-scripts/autobuild-option-tests/BUILD/ubuntu-1604-ninja-base-packages-xml2-check-strict-r/src/sbml/packages/l3v2extendedmath/validator/test/test_l3v2extendedmath_validator
home/libsbml/development/libsbml-build-scripts/autobuild-option-tests/BUILD/ubuntu-1604-ninja-base-packages-xml2-check-strict-r/src/sbml/packages/l3v2extendedmath/validator/test/test_l3v2extendedmath_validator
home/libsbml/development/libsbml-build-scripts/autobuild-option-tests/BUILD/ubuntu-1604-ninja-base-packages-xml2-check-strict-r/src/sbml/packages/l3v2extendedmath/validator/test/Release/test_l3v2extendedmath_validator
home/libsbml/development/libsbml-build-scripts/autobuild-option-tests/BUILD/ubuntu-1604-ninja-base-packages-xml2-check-strict-r/src/sbml/packages/l3v2extendedmath/validator/test/Release/test_l3v2extendedmath_validator
home/libsbml/development/libsbml-build-scripts/autobuild-option-tests/BUILD/ubuntu-1604-ninja-base-packages-xml2-check-strict-r/src/sbml/packages/l3v2extendedmath/validator/test/Debug/test_l3v2extendedmath_validator
home/libsbml/development/libsbml-build-scripts/autobuild-option-tests/BUILD/ubuntu-1604-ninja-base-packages-xml2-check-strict-r/src/sbml/packages/l3v2extendedmath/validator/test/Debug/test_l3v2extendedmath_validator
home/libsbml/development/libsbml-build-scripts/autobuild-option-tests/BUILD/ubuntu-1604-ninja-base-packages-xml2-check-strict-r/src/sbml/packages/l3v2extendedmath/validator/test/MinSizeRel/test_l3v2extendedmath_validator
home/libsbml/development/libsbml-build-scripts/autobuild-option-tests/BUILD/ubuntu-1604-ninja-base-packages-xml2-check-strict-r/src/sbml/packages/l3v2extendedmath/validator/test/MinSizeRel/test_l3v2extendedmath_validator
home/libsbml/development/libsbml-build-scripts/autobuild-option-tests/BUILD/ubuntu-1604-ninja-base-packages-xml2-check-strict-r/src/sbml/packages/l3v2extendedmath/validator/test/RelWithDebInfo/test_l3v2extendedmath_validator
home/libsbml/development/libsbml-build-scripts/autobuild-option-tests/BUILD/ubuntu-1604-ninja-base-packages-xml2-check-strict-r/src/sbml/packages/l3v2extendedmath/validator/test/RelWithDebInfo/test_l3v2extendedmath_validator
home/libsbml/development/libsbml-build-scripts/autobuild-option-tests/BUILD/ubuntu-1604-ninja-base-packages-xml2-check-strict-r/src/sbml/packages/l3v2extendedmath/validator/test/Deployment/test_l3v2extendedmath_validator
home/libsbml/development/libsbml-build-scripts/autobuild-option-tests/BUILD/ubuntu-1604-ninja-base-packages-xml2-check-strict-r/src/sbml/packages/l3v2extendedmath/validator/test/Deployment/test_l3v2extendedmath_validator
home/libsbml/development/libsbml-build-scripts/autobuild-option-tests/BUILD/ubuntu-1604-ninja-base-packages-xml2-check-strict-r/src/sbml/packages/l3v2extendedmath/validator/test/Development/test_l3v2extendedmath_validator
home/libsbml/development/libsbml-build-scripts/autobuild-option-tests/BUILD/ubuntu-1604-ninja-base-packages-xml2-check-strict-r/src/sbml/packages/l3v2extendedmath/validator/test/Development/test_l3v2extendedmath_validator
[ERROR_MESSAGE] 
Unable to find executable: /home/libsbml/development/libsbml-build-scripts/autobuild-option-tests/BUILD/ubuntu-1604-ninja-base-packages-xml2-check-strict-r/src/sbml/packages/l3v2extendedmath/validator/test/test_l3v2extendedmath_validator

[HANDLER_OUTPUT] 
16/
29 Test #16: test_l3v2extendedmath_validator_run ...........***Not Run   0.00 sec
      Start 17: test_extension_package_l3v2extendedmath_run
Could not find executable /home/libsbml/development/libsbml-build-scripts/autobuild-option-tests/BUILD/ubuntu-1604-ninja-base-packages-xml2-check-strict-r/src/sbml/packages/l3v2extendedmath/extension/test/test_extension_package_l3v2extendedmath
Looked in the following places:
/home/libsbml/development/libsbml-build-scripts/autobuild-option-tests/BUILD/ubuntu-1604-ninja-base-packages-xml2-check-strict-r/src/sbml/packages/l3v2extendedmath/extension/test/test_extension_package_l3v2extendedmath
/home/libsbml/development/libsbml-build-scripts/autobuild-option-tests/BUILD/ubuntu-1604-ninja-base-packages-xml2-check-strict-r/src/sbml/packages/l3v2extendedmath/extension/test/test_extension_package_l3v2extendedmath
/home/libsbml/development/libsbml-build-scripts/autobuild-option-tests/BUILD/ubuntu-1604-ninja-base-packages-xml2-check-strict-r/src/sbml/packages/l3v2extendedmath/extension/test/Release/test_extension_package_l3v2extendedmath
/home/libsbml/development/libsbml-build-scripts/autobuild-option-tests/BUILD/ubuntu-1604-ninja-base-packages-xml2-check-strict-r/src/sbml/packages/l3v2extendedmath/extension/test/Release/test_extension_package_l3v2extendedmath
/home/libsbml/development/libsbml-build-scripts/autobuild-option-tests/BUILD/ubuntu-1604-ninja-base-packages-xml2-check-strict-r/src/sbml/packages/l3v2extendedmath/extension/test/Debug/test_extension_package_l3v2extendedmath
/home/libsbml/development/libsbml-build-scripts/autobuild-option-tests/BUILD/ubuntu-1604-ninja-base-packages-xml2-check-strict-r/src/sbml/packages/l3v2extendedmath/extension/test/Debug/test_extension_package_l3v2extendedmath
/home/libsbml/development/libsbml-build-scripts/autobuild-option-tests/BUILD/ubuntu-1604-ninja-base-packages-xml2-check-strict-r/src/sbml/packages/l3v2extendedmath/extension/test/MinSizeRel/test_extension_package_l3v2extendedmath
/home/libsbml/development/libsbml-build-scripts/autobuild-option-tests/BUILD/ubuntu-1604-ninja-base-packages-xml2-check-strict-r/src/sbml/packages/l3v2extendedmath/extension/test/MinSizeRel/test_extension_package_l3v2extendedmath
/home/libsbml/development/libsbml-build-scripts/autobuild-option-tests/BUILD/ubuntu-1604-ninja-base-packages-xml2-check-strict-r/src/sbml/packages/l3v2extendedmath/extension/test/RelWithDebInfo/test_extension_package_l3v2extendedmath
/home/libsbml/development/libsbml-build-scripts/autobuild-option-tests/BUILD/ubuntu-1604-ninja-base-packages-xml2-check-strict-r/src/sbml/packages/l3v2extendedmath/extension/test/RelWithDebInfo/test_extension_package_l3v2extendedmath
/home/libsbml/development/libsbml-build-scripts/autobuild-option-tests/BUILD/ubuntu-1604-ninja-base-packages-xml2-check-strict-r/src/sbml/packages/l3v2extendedmath/extension/test/Deployment/test_extension_package_l3v2extendedmath
/home/libsbml/development/libsbml-build-scripts/autobuild-option-tests/BUILD/ubuntu-1604-ninja-base-packages-xml2-check-strict-r/src/sbml/packages/l3v2extendedmath/extension/test/Deployment/test_extension_package_l3v2extendedmath
/home/libsbml/development/libsbml-build-scripts/autobuild-option-tests/BUILD/ubuntu-1604-ninja-base-packages-xml2-check-strict-r/src/sbml/packages/l3v2extendedmath/extension/test/Development/test_extension_package_l3v2extendedmath
/home/libsbml/development/libsbml-build-scripts/autobuild-option-tests/BUILD/ubuntu-1604-ninja-base-packages-xml2-check-strict-r/src/sbml/packages/l3v2extendedmath/extension/test/Development/test_extension_package_l3v2extendedmath
home/libsbml/development/libsbml-build-scripts/autobuild-option-tests/BUILD/ubuntu-1604-ninja-base-packages-xml2-check-strict-r/src/sbml/packages/l3v2extendedmath/extension/test/test_extension_package_l3v2extendedmath
home/libsbml/development/libsbml-build-scripts/autobuild-option-tests/BUILD/ubuntu-1604-ninja-base-packages-xml2-check-strict-r/src/sbml/packages/l3v2extendedmath/extension/test/test_extension_package_l3v2extendedmath
home/libsbml/development/libsbml-build-scripts/autobuild-option-tests/BUILD/ubuntu-1604-ninja-base-packages-xml2-check-strict-r/src/sbml/packages/l3v2extendedmath/extension/test/Release/test_extension_package_l3v2extendedmath
home/libsbml/development/libsbml-build-scripts/autobuild-option-tests/BUILD/ubuntu-1604-ninja-base-packages-xml2-check-strict-r/src/sbml/packages/l3v2extendedmath/extension/test/Release/test_extension_package_l3v2extendedmath
home/libsbml/development/libsbml-build-scripts/autobuild-option-tests/BUILD/ubuntu-1604-ninja-base-packages-xml2-check-strict-r/src/sbml/packages/l3v2extendedmath/extension/test/Debug/test_extension_package_l3v2extendedmath
home/libsbml/development/libsbml-build-scripts/autobuild-option-tests/BUILD/ubuntu-1604-ninja-base-packages-xml2-check-strict-r/src/sbml/packages/l3v2extendedmath/extension/test/Debug/test_extension_package_l3v2extendedmath
home/libsbml/development/libsbml-build-scripts/autobuild-option-tests/BUILD/ubuntu-1604-ninja-base-packages-xml2-check-strict-r/src/sbml/packages/l3v2extendedmath/extension/test/MinSizeRel/test_extension_package_l3v2extendedmath
home/libsbml/development/libsbml-build-scripts/autobuild-option-tests/BUILD/ubuntu-1604-ninja-base-packages-xml2-check-strict-r/src/sbml/packages/l3v2extendedmath/extension/test/MinSizeRel/test_extension_package_l3v2extendedmath
home/libsbml/development/libsbml-build-scripts/autobuild-option-tests/BUILD/ubuntu-1604-ninja-base-packages-xml2-check-strict-r/src/sbml/packages/l3v2extendedmath/extension/test/RelWithDebInfo/test_extension_package_l3v2extendedmath
home/libsbml/development/libsbml-build-scripts/autobuild-option-tests/BUILD/ubuntu-1604-ninja-base-packages-xml2-check-strict-r/src/sbml/packages/l3v2extendedmath/extension/test/RelWithDebInfo/test_extension_package_l3v2extendedmath
home/libsbml/development/libsbml-build-scripts/autobuild-option-tests/BUILD/ubuntu-1604-ninja-base-packages-xml2-check-strict-r/src/sbml/packages/l3v2extendedmath/extension/test/Deployment/test_extension_package_l3v2extendedmath
home/libsbml/development/libsbml-build-scripts/autobuild-option-tests/BUILD/ubuntu-1604-ninja-base-packages-xml2-check-strict-r/src/sbml/packages/l3v2extendedmath/extension/test/Deployment/test_extension_package_l3v2extendedmath
home/libsbml/development/libsbml-build-scripts/autobuild-option-tests/BUILD/ubuntu-1604-ninja-base-packages-xml2-check-strict-r/src/sbml/packages/l3v2extendedmath/extension/test/Development/test_extension_package_l3v2extendedmath
home/libsbml/development/libsbml-build-scripts/autobuild-option-tests/BUILD/ubuntu-1604-ninja-base-packages-xml2-check-strict-r/src/sbml/packages/l3v2extendedmath/extension/test/Development/test_extension_package_l3v2extendedmath
[ERROR_MESSAGE] 
Unable to find executable: /home/libsbml/development/libsbml-build-scripts/autobuild-option-tests/BUILD/ubuntu-1604-ninja-base-packages-xml2-check-strict-r/src/sbml/packages/l3v2extendedmath/extension/test/test_extension_package_l3v2extendedmath

[HANDLER_OUTPUT] 
17/
29 Test #17: test_extension_package_l3v2extendedmath_run ...***Not Run   0.00 sec
      Start 18: test_sbml_package_layout_run
Could not find executable /home/libsbml/development/libsbml-build-scripts/autobuild-option-tests/BUILD/ubuntu-1604-ninja-base-packages-xml2-check-strict-r/src/sbml/packages/layout/sbml/test/test_sbml_package_layout
Looked in the following places:
/home/libsbml/development/libsbml-build-scripts/autobuild-option-tests/BUILD/ubuntu-1604-ninja-base-packages-xml2-check-strict-r/src/sbml/packages/layout/sbml/test/test_sbml_package_layout
/home/libsbml/development/libsbml-build-scripts/autobuild-option-tests/BUILD/ubuntu-1604-ninja-base-packages-xml2-check-strict-r/src/sbml/packages/layout/sbml/test/test_sbml_package_layout
/home/libsbml/development/libsbml-build-scripts/autobuild-option-tests/BUILD/ubuntu-1604-ninja-base-packages-xml2-check-strict-r/src/sbml/packages/layout/sbml/test/Release/test_sbml_package_layout
/home/libsbml/development/libsbml-build-scripts/autobuild-option-tests/BUILD/ubuntu-1604-ninja-base-packages-xml2-check-strict-r/src/sbml/packages/layout/sbml/test/Release/test_sbml_package_layout
/home/libsbml/development/libsbml-build-scripts/autobuild-option-tests/BUILD/ubuntu-1604-ninja-base-packages-xml2-check-strict-r/src/sbml/packages/layout/sbml/test/Debug/test_sbml_package_layout
/home/libsbml/development/libsbml-build-scripts/autobuild-option-tests/BUILD/ubuntu-1604-ninja-base-packages-xml2-check-strict-r/src/sbml/packages/layout/sbml/test/Debug/test_sbml_package_layout
/home/libsbml/development/libsbml-build-scripts/autobuild-option-tests/BUILD/ubuntu-1604-ninja-base-packages-xml2-check-strict-r/src/sbml/packages/layout/sbml/test/MinSizeRel/test_sbml_package_layout
/home/libsbml/development/libsbml-build-scripts/autobuild-option-tests/BUILD/ubuntu-1604-ninja-base-packages-xml2-check-strict-r/src/sbml/packages/layout/sbml/test/MinSizeRel/test_sbml_package_layout
/home/libsbml/development/libsbml-build-scripts/autobuild-option-tests/BUILD/ubuntu-1604-ninja-base-packages-xml2-check-strict-r/src/sbml/packages/layout/sbml/test/RelWithDebInfo/test_sbml_package_layout
/home/libsbml/development/libsbml-build-scripts/autobuild-option-tests/BUILD/ubuntu-1604-ninja-base-packages-xml2-check-strict-r/src/sbml/packages/layout/sbml/test/RelWithDebInfo/test_sbml_package_layout
/home/libsbml/development/libsbml-build-scripts/autobuild-option-tests/BUILD/ubuntu-1604-ninja-base-packages-xml2-check-strict-r/src/sbml/packages/layout/sbml/test/Deployment/test_sbml_package_layout
/home/libsbml/development/libsbml-build-scripts/autobuild-option-tests/BUILD/ubuntu-1604-ninja-base-packages-xml2-check-strict-r/src/sbml/packages/layout/sbml/test/Deployment/test_sbml_package_layout
/home/libsbml/development/libsbml-build-scripts/autobuild-option-tests/BUILD/ubuntu-1604-ninja-base-packages-xml2-check-strict-r/src/sbml/packages/layout/sbml/test/Development/test_sbml_package_layout
/home/libsbml/development/libsbml-build-scripts/autobuild-option-tests/BUILD/ubuntu-1604-ninja-base-packages-xml2-check-strict-r/src/sbml/packages/layout/sbml/test/Development/test_sbml_package_layout
home/libsbml/development/libsbml-build-scripts/autobuild-option-tests/BUILD/ubuntu-1604-ninja-base-packages-xml2-check-strict-r/src/sbml/packages/layout/sbml/test/test_sbml_package_layout
home/libsbml/development/libsbml-build-scripts/autobuild-option-tests/BUILD/ubuntu-1604-ninja-base-packages-xml2-check-strict-r/src/sbml/packages/layout/sbml/test/test_sbml_package_layout
home/libsbml/development/libsbml-build-scripts/autobuild-option-tests/BUILD/ubuntu-1604-ninja-base-packages-xml2-check-strict-r/src/sbml/packages/layout/sbml/test/Release/test_sbml_package_layout
home/libsbml/development/libsbml-build-scripts/autobuild-option-tests/BUILD/ubuntu-1604-ninja-base-packages-xml2-check-strict-r/src/sbml/packages/layout/sbml/test/Release/test_sbml_package_layout
home/libsbml/development/libsbml-build-scripts/autobuild-option-tests/BUILD/ubuntu-1604-ninja-base-packages-xml2-check-strict-r/src/sbml/packages/layout/sbml/test/Debug/test_sbml_package_layout
home/libsbml/development/libsbml-build-scripts/autobuild-option-tests/BUILD/ubuntu-1604-ninja-base-packages-xml2-check-strict-r/src/sbml/packages/layout/sbml/test/Debug/test_sbml_package_layout
home/libsbml/development/libsbml-build-scripts/autobuild-option-tests/BUILD/ubuntu-1604-ninja-base-packages-xml2-check-strict-r/src/sbml/packages/layout/sbml/test/MinSizeRel/test_sbml_package_layout
home/libsbml/development/libsbml-build-scripts/autobuild-option-tests/BUILD/ubuntu-1604-ninja-base-packages-xml2-check-strict-r/src/sbml/packages/layout/sbml/test/MinSizeRel/test_sbml_package_layout
home/libsbml/development/libsbml-build-scripts/autobuild-option-tests/BUILD/ubuntu-1604-ninja-base-packages-xml2-check-strict-r/src/sbml/packages/layout/sbml/test/RelWithDebInfo/test_sbml_package_layout
home/libsbml/development/libsbml-build-scripts/autobuild-option-tests/BUILD/ubuntu-1604-ninja-base-packages-xml2-check-strict-r/src/sbml/packages/layout/sbml/test/RelWithDebInfo/test_sbml_package_layout
home/libsbml/development/libsbml-build-scripts/autobuild-option-tests/BUILD/ubuntu-1604-ninja-base-packages-xml2-check-strict-r/src/sbml/packages/layout/sbml/test/Deployment/test_sbml_package_layout
home/libsbml/development/libsbml-build-scripts/autobuild-option-tests/BUILD/ubuntu-1604-ninja-base-packages-xml2-check-strict-r/src/sbml/packages/layout/sbml/test/Deployment/test_sbml_package_layout
home/libsbml/development/libsbml-build-scripts/autobuild-option-tests/BUILD/ubuntu-1604-ninja-base-packages-xml2-check-strict-r/src/sbml/packages/layout/sbml/test/Development/test_sbml_package_layout
home/libsbml/development/libsbml-build-scripts/autobuild-option-tests/BUILD/ubuntu-1604-ninja-base-packages-xml2-check-strict-r/src/sbml/packages/layout/sbml/test/Development/test_sbml_package_layout
[ERROR_MESSAGE] 
Unable to find executable: /home/libsbml/development/libsbml-build-scripts/autobuild-option-tests/BUILD/ubuntu-1604-ninja-base-packages-xml2-check-strict-r/src/sbml/packages/layout/sbml/test/test_sbml_package_layout

[HANDLER_OUTPUT] 
18/
29 Test #18: test_sbml_package_layout_run ..................***Not Run   0.00 sec
      Start 19: test_layout_validator_run
Could not find executable /home/libsbml/development/libsbml-build-scripts/autobuild-option-tests/BUILD/ubuntu-1604-ninja-base-packages-xml2-check-strict-r/src/sbml/packages/layout/validator/test/test_layout_validator
Looked in the following places:
/home/libsbml/development/libsbml-build-scripts/autobuild-option-tests/BUILD/ubuntu-1604-ninja-base-packages-xml2-check-strict-r/src/sbml/packages/layout/validator/test/test_layout_validator
/home/libsbml/development/libsbml-build-scripts/autobuild-option-tests/BUILD/ubuntu-1604-ninja-base-packages-xml2-check-strict-r/src/sbml/packages/layout/validator/test/test_layout_validator
/home/libsbml/development/libsbml-build-scripts/autobuild-option-tests/BUILD/ubuntu-1604-ninja-base-packages-xml2-check-strict-r/src/sbml/packages/layout/validator/test/Release/test_layout_validator
/home/libsbml/development/libsbml-build-scripts/autobuild-option-tests/BUILD/ubuntu-1604-ninja-base-packages-xml2-check-strict-r/src/sbml/packages/layout/validator/test/Release/test_layout_validator
/home/libsbml/development/libsbml-build-scripts/autobuild-option-tests/BUILD/ubuntu-1604-ninja-base-packages-xml2-check-strict-r/src/sbml/packages/layout/validator/test/Debug/test_layout_validator
/home/libsbml/development/libsbml-build-scripts/autobuild-option-tests/BUILD/ubuntu-1604-ninja-base-packages-xml2-check-strict-r/src/sbml/packages/layout/validator/test/Debug/test_layout_validator
/home/libsbml/development/libsbml-build-scripts/autobuild-option-tests/BUILD/ubuntu-1604-ninja-base-packages-xml2-check-strict-r/src/sbml/packages/layout/validator/test/MinSizeRel/test_layout_validator
/home/libsbml/development/libsbml-build-scripts/autobuild-option-tests/BUILD/ubuntu-1604-ninja-base-packages-xml2-check-strict-r/src/sbml/packages/layout/validator/test/MinSizeRel/test_layout_validator
/home/libsbml/development/libsbml-build-scripts/autobuild-option-tests/BUILD/ubuntu-1604-ninja-base-packages-xml2-check-strict-r/src/sbml/packages/layout/validator/test/RelWithDebInfo/test_layout_validator
/home/libsbml/development/libsbml-build-scripts/autobuild-option-tests/BUILD/ubuntu-1604-ninja-base-packages-xml2-check-strict-r/src/sbml/packages/layout/validator/test/RelWithDebInfo/test_layout_validator
/home/libsbml/development/libsbml-build-scripts/autobuild-option-tests/BUILD/ubuntu-1604-ninja-base-packages-xml2-check-strict-r/src/sbml/packages/layout/validator/test/Deployment/test_layout_validator
/home/libsbml/development/libsbml-build-scripts/autobuild-option-tests/BUILD/ubuntu-1604-ninja-base-packages-xml2-check-strict-r/src/sbml/packages/layout/validator/test/Deployment/test_layout_validator
/home/libsbml/development/libsbml-build-scripts/autobuild-option-tests/BUILD/ubuntu-1604-ninja-base-packages-xml2-check-strict-r/src/sbml/packages/layout/validator/test/Development/test_layout_validator
/home/libsbml/development/libsbml-build-scripts/autobuild-option-tests/BUILD/ubuntu-1604-ninja-base-packages-xml2-check-strict-r/src/sbml/packages/layout/validator/test/Development/test_layout_validator
home/libsbml/development/libsbml-build-scripts/autobuild-option-tests/BUILD/ubuntu-1604-ninja-base-packages-xml2-check-strict-r/src/sbml/packages/layout/validator/test/test_layout_validator
home/libsbml/development/libsbml-build-scripts/autobuild-option-tests/BUILD/ubuntu-1604-ninja-base-packages-xml2-check-strict-r/src/sbml/packages/layout/validator/test/test_layout_validator
home/libsbml/development/libsbml-build-scripts/autobuild-option-tests/BUILD/ubuntu-1604-ninja-base-packages-xml2-check-strict-r/src/sbml/packages/layout/validator/test/Release/test_layout_validator
home/libsbml/development/libsbml-build-scripts/autobuild-option-tests/BUILD/ubuntu-1604-ninja-base-packages-xml2-check-strict-r/src/sbml/packages/layout/validator/test/Release/test_layout_validator
home/libsbml/development/libsbml-build-scripts/autobuild-option-tests/BUILD/ubuntu-1604-ninja-base-packages-xml2-check-strict-r/src/sbml/packages/layout/validator/test/Debug/test_layout_validator
home/libsbml/development/libsbml-build-scripts/autobuild-option-tests/BUILD/ubuntu-1604-ninja-base-packages-xml2-check-strict-r/src/sbml/packages/layout/validator/test/Debug/test_layout_validator
home/libsbml/development/libsbml-build-scripts/autobuild-option-tests/BUILD/ubuntu-1604-ninja-base-packages-xml2-check-strict-r/src/sbml/packages/layout/validator/test/MinSizeRel/test_layout_validator
home/libsbml/development/libsbml-build-scripts/autobuild-option-tests/BUILD/ubuntu-1604-ninja-base-packages-xml2-check-strict-r/src/sbml/packages/layout/validator/test/MinSizeRel/test_layout_validator
home/libsbml/development/libsbml-build-scripts/autobuild-option-tests/BUILD/ubuntu-1604-ninja-base-packages-xml2-check-strict-r/src/sbml/packages/layout/validator/test/RelWithDebInfo/test_layout_validator
home/libsbml/development/libsbml-build-scripts/autobuild-option-tests/BUILD/ubuntu-1604-ninja-base-packages-xml2-check-strict-r/src/sbml/packages/layout/validator/test/RelWithDebInfo/test_layout_validator
home/libsbml/development/libsbml-build-scripts/autobuild-option-tests/BUILD/ubuntu-1604-ninja-base-packages-xml2-check-strict-r/src/sbml/packages/layout/validator/test/Deployment/test_layout_validator
home/libsbml/development/libsbml-build-scripts/autobuild-option-tests/BUILD/ubuntu-1604-ninja-base-packages-xml2-check-strict-r/src/sbml/packages/layout/validator/test/Deployment/test_layout_validator
home/libsbml/development/libsbml-build-scripts/autobuild-option-tests/BUILD/ubuntu-1604-ninja-base-packages-xml2-check-strict-r/src/sbml/packages/layout/validator/test/Development/test_layout_validator
home/libsbml/development/libsbml-build-scripts/autobuild-option-tests/BUILD/ubuntu-1604-ninja-base-packages-xml2-check-strict-r/src/sbml/packages/layout/validator/test/Development/test_layout_validator
[ERROR_MESSAGE] 
Unable to find executable: /home/libsbml/development/libsbml-build-scripts/autobuild-option-tests/BUILD/ubuntu-1604-ninja-base-packages-xml2-check-strict-r/src/sbml/packages/layout/validator/test/test_layout_validator

[HANDLER_OUTPUT] 
19/
29 Test #19: test_layout_validator_run .....................***Not Run   0.00 sec
      Start 20: test_sbml_annotation_run
Could not find executable /home/libsbml/development/libsbml-build-scripts/autobuild-option-tests/BUILD/ubuntu-1604-ninja-base-packages-xml2-check-strict-r/src/sbml/annotation/test/test_sbml_annotation
Looked in the following places:
/home/libsbml/development/libsbml-build-scripts/autobuild-option-tests/BUILD/ubuntu-1604-ninja-base-packages-xml2-check-strict-r/src/sbml/annotation/test/test_sbml_annotation
/home/libsbml/development/libsbml-build-scripts/autobuild-option-tests/BUILD/ubuntu-1604-ninja-base-packages-xml2-check-strict-r/src/sbml/annotation/test/test_sbml_annotation
/home/libsbml/development/libsbml-build-scripts/autobuild-option-tests/BUILD/ubuntu-1604-ninja-base-packages-xml2-check-strict-r/src/sbml/annotation/test/Release/test_sbml_annotation
/home/libsbml/development/libsbml-build-scripts/autobuild-option-tests/BUILD/ubuntu-1604-ninja-base-packages-xml2-check-strict-r/src/sbml/annotation/test/Release/test_sbml_annotation
/home/libsbml/development/libsbml-build-scripts/autobuild-option-tests/BUILD/ubuntu-1604-ninja-base-packages-xml2-check-strict-r/src/sbml/annotation/test/Debug/test_sbml_annotation
/home/libsbml/development/libsbml-build-scripts/autobuild-option-tests/BUILD/ubuntu-1604-ninja-base-packages-xml2-check-strict-r/src/sbml/annotation/test/Debug/test_sbml_annotation
/home/libsbml/development/libsbml-build-scripts/autobuild-option-tests/BUILD/ubuntu-1604-ninja-base-packages-xml2-check-strict-r/src/sbml/annotation/test/MinSizeRel/test_sbml_annotation
/home/libsbml/development/libsbml-build-scripts/autobuild-option-tests/BUILD/ubuntu-1604-ninja-base-packages-xml2-check-strict-r/src/sbml/annotation/test/MinSizeRel/test_sbml_annotation
/home/libsbml/development/libsbml-build-scripts/autobuild-option-tests/BUILD/ubuntu-1604-ninja-base-packages-xml2-check-strict-r/src/sbml/annotation/test/RelWithDebInfo/test_sbml_annotation
/home/libsbml/development/libsbml-build-scripts/autobuild-option-tests/BUILD/ubuntu-1604-ninja-base-packages-xml2-check-strict-r/src/sbml/annotation/test/RelWithDebInfo/test_sbml_annotation
/home/libsbml/development/libsbml-build-scripts/autobuild-option-tests/BUILD/ubuntu-1604-ninja-base-packages-xml2-check-strict-r/src/sbml/annotation/test/Deployment/test_sbml_annotation
/home/libsbml/development/libsbml-build-scripts/autobuild-option-tests/BUILD/ubuntu-1604-ninja-base-packages-xml2-check-strict-r/src/sbml/annotation/test/Deployment/test_sbml_annotation
/home/libsbml/development/libsbml-build-scripts/autobuild-option-tests/BUILD/ubuntu-1604-ninja-base-packages-xml2-check-strict-r/src/sbml/annotation/test/Development/test_sbml_annotation
/home/libsbml/development/libsbml-build-scripts/autobuild-option-tests/BUILD/ubuntu-1604-ninja-base-packages-xml2-check-strict-r/src/sbml/annotation/test/Development/test_sbml_annotation
home/libsbml/development/libsbml-build-scripts/autobuild-option-tests/BUILD/ubuntu-1604-ninja-base-packages-xml2-check-strict-r/src/sbml/annotation/test/test_sbml_annotation
home/libsbml/development/libsbml-build-scripts/autobuild-option-tests/BUILD/ubuntu-1604-ninja-base-packages-xml2-check-strict-r/src/sbml/annotation/test/test_sbml_annotation
home/libsbml/development/libsbml-build-scripts/autobuild-option-tests/BUILD/ubuntu-1604-ninja-base-packages-xml2-check-strict-r/src/sbml/annotation/test/Release/test_sbml_annotation
home/libsbml/development/libsbml-build-scripts/autobuild-option-tests/BUILD/ubuntu-1604-ninja-base-packages-xml2-check-strict-r/src/sbml/annotation/test/Release/test_sbml_annotation
home/libsbml/development/libsbml-build-scripts/autobuild-option-tests/BUILD/ubuntu-1604-ninja-base-packages-xml2-check-strict-r/src/sbml/annotation/test/Debug/test_sbml_annotation
home/libsbml/development/libsbml-build-scripts/autobuild-option-tests/BUILD/ubuntu-1604-ninja-base-packages-xml2-check-strict-r/src/sbml/annotation/test/Debug/test_sbml_annotation
home/libsbml/development/libsbml-build-scripts/autobuild-option-tests/BUILD/ubuntu-1604-ninja-base-packages-xml2-check-strict-r/src/sbml/annotation/test/MinSizeRel/test_sbml_annotation
home/libsbml/development/libsbml-build-scripts/autobuild-option-tests/BUILD/ubuntu-1604-ninja-base-packages-xml2-check-strict-r/src/sbml/annotation/test/MinSizeRel/test_sbml_annotation
home/libsbml/development/libsbml-build-scripts/autobuild-option-tests/BUILD/ubuntu-1604-ninja-base-packages-xml2-check-strict-r/src/sbml/annotation/test/RelWithDebInfo/test_sbml_annotation
home/libsbml/development/libsbml-build-scripts/autobuild-option-tests/BUILD/ubuntu-1604-ninja-base-packages-xml2-check-strict-r/src/sbml/annotation/test/RelWithDebInfo/test_sbml_annotation
home/libsbml/development/libsbml-build-scripts/autobuild-option-tests/BUILD/ubuntu-1604-ninja-base-packages-xml2-check-strict-r/src/sbml/annotation/test/Deployment/test_sbml_annotation
home/libsbml/development/libsbml-build-scripts/autobuild-option-tests/BUILD/ubuntu-1604-ninja-base-packages-xml2-check-strict-r/src/sbml/annotation/test/Deployment/test_sbml_annotation
home/libsbml/development/libsbml-build-scripts/autobuild-option-tests/BUILD/ubuntu-1604-ninja-base-packages-xml2-check-strict-r/src/sbml/annotation/test/Development/test_sbml_annotation
home/libsbml/development/libsbml-build-scripts/autobuild-option-tests/BUILD/ubuntu-1604-ninja-base-packages-xml2-check-strict-r/src/sbml/annotation/test/Development/test_sbml_annotation
[ERROR_MESSAGE] 
Unable to find executable: /home/libsbml/development/libsbml-build-scripts/autobuild-option-tests/BUILD/ubuntu-1604-ninja-base-packages-xml2-check-strict-r/src/sbml/annotation/test/test_sbml_annotation

[HANDLER_OUTPUT] 
20/
29 Test #20: test_sbml_annotation_run ......................***Not Run   0.00 sec
      Start 21: test_sbml_conversion_run
Could not find executable /home/libsbml/development/libsbml-build-scripts/autobuild-option-tests/BUILD/ubuntu-1604-ninja-base-packages-xml2-check-strict-r/src/sbml/conversion/test/test_sbml_conversion
Looked in the following places:
/home/libsbml/development/libsbml-build-scripts/autobuild-option-tests/BUILD/ubuntu-1604-ninja-base-packages-xml2-check-strict-r/src/sbml/conversion/test/test_sbml_conversion
/home/libsbml/development/libsbml-build-scripts/autobuild-option-tests/BUILD/ubuntu-1604-ninja-base-packages-xml2-check-strict-r/src/sbml/conversion/test/test_sbml_conversion
/home/libsbml/development/libsbml-build-scripts/autobuild-option-tests/BUILD/ubuntu-1604-ninja-base-packages-xml2-check-strict-r/src/sbml/conversion/test/Release/test_sbml_conversion
/home/libsbml/development/libsbml-build-scripts/autobuild-option-tests/BUILD/ubuntu-1604-ninja-base-packages-xml2-check-strict-r/src/sbml/conversion/test/Release/test_sbml_conversion
/home/libsbml/development/libsbml-build-scripts/autobuild-option-tests/BUILD/ubuntu-1604-ninja-base-packages-xml2-check-strict-r/src/sbml/conversion/test/Debug/test_sbml_conversion
/home/libsbml/development/libsbml-build-scripts/autobuild-option-tests/BUILD/ubuntu-1604-ninja-base-packages-xml2-check-strict-r/src/sbml/conversion/test/Debug/test_sbml_conversion
/home/libsbml/development/libsbml-build-scripts/autobuild-option-tests/BUILD/ubuntu-1604-ninja-base-packages-xml2-check-strict-r/src/sbml/conversion/test/MinSizeRel/test_sbml_conversion
/home/libsbml/development/libsbml-build-scripts/autobuild-option-tests/BUILD/ubuntu-1604-ninja-base-packages-xml2-check-strict-r/src/sbml/conversion/test/MinSizeRel/test_sbml_conversion
/home/libsbml/development/libsbml-build-scripts/autobuild-option-tests/BUILD/ubuntu-1604-ninja-base-packages-xml2-check-strict-r/src/sbml/conversion/test/RelWithDebInfo/test_sbml_conversion
/home/libsbml/development/libsbml-build-scripts/autobuild-option-tests/BUILD/ubuntu-1604-ninja-base-packages-xml2-check-strict-r/src/sbml/conversion/test/RelWithDebInfo/test_sbml_conversion
/home/libsbml/development/libsbml-build-scripts/autobuild-option-tests/BUILD/ubuntu-1604-ninja-base-packages-xml2-check-strict-r/src/sbml/conversion/test/Deployment/test_sbml_conversion
/home/libsbml/development/libsbml-build-scripts/autobuild-option-tests/BUILD/ubuntu-1604-ninja-base-packages-xml2-check-strict-r/src/sbml/conversion/test/Deployment/test_sbml_conversion
/home/libsbml/development/libsbml-build-scripts/autobuild-option-tests/BUILD/ubuntu-1604-ninja-base-packages-xml2-check-strict-r/src/sbml/conversion/test/Development/test_sbml_conversion
/home/libsbml/development/libsbml-build-scripts/autobuild-option-tests/BUILD/ubuntu-1604-ninja-base-packages-xml2-check-strict-r/src/sbml/conversion/test/Development/test_sbml_conversion
home/libsbml/development/libsbml-build-scripts/autobuild-option-tests/BUILD/ubuntu-1604-ninja-base-packages-xml2-check-strict-r/src/sbml/conversion/test/test_sbml_conversion
home/libsbml/development/libsbml-build-scripts/autobuild-option-tests/BUILD/ubuntu-1604-ninja-base-packages-xml2-check-strict-r/src/sbml/conversion/test/test_sbml_conversion
home/libsbml/development/libsbml-build-scripts/autobuild-option-tests/BUILD/ubuntu-1604-ninja-base-packages-xml2-check-strict-r/src/sbml/conversion/test/Release/test_sbml_conversion
home/libsbml/development/libsbml-build-scripts/autobuild-option-tests/BUILD/ubuntu-1604-ninja-base-packages-xml2-check-strict-r/src/sbml/conversion/test/Release/test_sbml_conversion
home/libsbml/development/libsbml-build-scripts/autobuild-option-tests/BUILD/ubuntu-1604-ninja-base-packages-xml2-check-strict-r/src/sbml/conversion/test/Debug/test_sbml_conversion
home/libsbml/development/libsbml-build-scripts/autobuild-option-tests/BUILD/ubuntu-1604-ninja-base-packages-xml2-check-strict-r/src/sbml/conversion/test/Debug/test_sbml_conversion
home/libsbml/development/libsbml-build-scripts/autobuild-option-tests/BUILD/ubuntu-1604-ninja-base-packages-xml2-check-strict-r/src/sbml/conversion/test/MinSizeRel/test_sbml_conversion
home/libsbml/development/libsbml-build-scripts/autobuild-option-tests/BUILD/ubuntu-1604-ninja-base-packages-xml2-check-strict-r/src/sbml/conversion/test/MinSizeRel/test_sbml_conversion
home/libsbml/development/libsbml-build-scripts/autobuild-option-tests/BUILD/ubuntu-1604-ninja-base-packages-xml2-check-strict-r/src/sbml/conversion/test/RelWithDebInfo/test_sbml_conversion
home/libsbml/development/libsbml-build-scripts/autobuild-option-tests/BUILD/ubuntu-1604-ninja-base-packages-xml2-check-strict-r/src/sbml/conversion/test/RelWithDebInfo/test_sbml_conversion
home/libsbml/development/libsbml-build-scripts/autobuild-option-tests/BUILD/ubuntu-1604-ninja-base-packages-xml2-check-strict-r/src/sbml/conversion/test/Deployment/test_sbml_conversion
home/libsbml/development/libsbml-build-scripts/autobuild-option-tests/BUILD/ubuntu-1604-ninja-base-packages-xml2-check-strict-r/src/sbml/conversion/test/Deployment/test_sbml_conversion
home/libsbml/development/libsbml-build-scripts/autobuild-option-tests/BUILD/ubuntu-1604-ninja-base-packages-xml2-check-strict-r/src/sbml/conversion/test/Development/test_sbml_conversion
home/libsbml/development/libsbml-build-scripts/autobuild-option-tests/BUILD/ubuntu-1604-ninja-base-packages-xml2-check-strict-r/src/sbml/conversion/test/Development/test_sbml_conversion
[ERROR_MESSAGE] 
Unable to find executable: /home/libsbml/development/libsbml-build-scripts/autobuild-option-tests/BUILD/ubuntu-1604-ninja-base-packages-xml2-check-strict-r/src/sbml/conversion/test/test_sbml_conversion

[HANDLER_OUTPUT] 
21/
29 Test #21: test_sbml_conversion_run ......................***Not Run   0.00 sec
      Start 22: test_sbml_extension_run
Could not find executable /home/libsbml/development/libsbml-build-scripts/autobuild-option-tests/BUILD/ubuntu-1604-ninja-base-packages-xml2-check-strict-r/src/sbml/extension/test/test_sbml_extension
Looked in the following places:
/home/libsbml/development/libsbml-build-scripts/autobuild-option-tests/BUILD/ubuntu-1604-ninja-base-packages-xml2-check-strict-r/src/sbml/extension/test/test_sbml_extension
/home/libsbml/development/libsbml-build-scripts/autobuild-option-tests/BUILD/ubuntu-1604-ninja-base-packages-xml2-check-strict-r/src/sbml/extension/test/test_sbml_extension
/home/libsbml/development/libsbml-build-scripts/autobuild-option-tests/BUILD/ubuntu-1604-ninja-base-packages-xml2-check-strict-r/src/sbml/extension/test/Release/test_sbml_extension
/home/libsbml/development/libsbml-build-scripts/autobuild-option-tests/BUILD/ubuntu-1604-ninja-base-packages-xml2-check-strict-r/src/sbml/extension/test/Release/test_sbml_extension
/home/libsbml/development/libsbml-build-scripts/autobuild-option-tests/BUILD/ubuntu-1604-ninja-base-packages-xml2-check-strict-r/src/sbml/extension/test/Debug/test_sbml_extension
/home/libsbml/development/libsbml-build-scripts/autobuild-option-tests/BUILD/ubuntu-1604-ninja-base-packages-xml2-check-strict-r/src/sbml/extension/test/Debug/test_sbml_extension
/home/libsbml/development/libsbml-build-scripts/autobuild-option-tests/BUILD/ubuntu-1604-ninja-base-packages-xml2-check-strict-r/src/sbml/extension/test/MinSizeRel/test_sbml_extension
/home/libsbml/development/libsbml-build-scripts/autobuild-option-tests/BUILD/ubuntu-1604-ninja-base-packages-xml2-check-strict-r/src/sbml/extension/test/MinSizeRel/test_sbml_extension
/home/libsbml/development/libsbml-build-scripts/autobuild-option-tests/BUILD/ubuntu-1604-ninja-base-packages-xml2-check-strict-r/src/sbml/extension/test/RelWithDebInfo/test_sbml_extension
/home/libsbml/development/libsbml-build-scripts/autobuild-option-tests/BUILD/ubuntu-1604-ninja-base-packages-xml2-check-strict-r/src/sbml/extension/test/RelWithDebInfo/test_sbml_extension
/home/libsbml/development/libsbml-build-scripts/autobuild-option-tests/BUILD/ubuntu-1604-ninja-base-packages-xml2-check-strict-r/src/sbml/extension/test/Deployment/test_sbml_extension
/home/libsbml/development/libsbml-build-scripts/autobuild-option-tests/BUILD/ubuntu-1604-ninja-base-packages-xml2-check-strict-r/src/sbml/extension/test/Deployment/test_sbml_extension
/home/libsbml/development/libsbml-build-scripts/autobuild-option-tests/BUILD/ubuntu-1604-ninja-base-packages-xml2-check-strict-r/src/sbml/extension/test/Development/test_sbml_extension
/home/libsbml/development/libsbml-build-scripts/autobuild-option-tests/BUILD/ubuntu-1604-ninja-base-packages-xml2-check-strict-r/src/sbml/extension/test/Development/test_sbml_extension
home/libsbml/development/libsbml-build-scripts/autobuild-option-tests/BUILD/ubuntu-1604-ninja-base-packages-xml2-check-strict-r/src/sbml/extension/test/test_sbml_extension
home/libsbml/development/libsbml-build-scripts/autobuild-option-tests/BUILD/ubuntu-1604-ninja-base-packages-xml2-check-strict-r/src/sbml/extension/test/test_sbml_extension
home/libsbml/development/libsbml-build-scripts/autobuild-option-tests/BUILD/ubuntu-1604-ninja-base-packages-xml2-check-strict-r/src/sbml/extension/test/Release/test_sbml_extension
home/libsbml/development/libsbml-build-scripts/autobuild-option-tests/BUILD/ubuntu-1604-ninja-base-packages-xml2-check-strict-r/src/sbml/extension/test/Release/test_sbml_extension
home/libsbml/development/libsbml-build-scripts/autobuild-option-tests/BUILD/ubuntu-1604-ninja-base-packages-xml2-check-strict-r/src/sbml/extension/test/Debug/test_sbml_extension
home/libsbml/development/libsbml-build-scripts/autobuild-option-tests/BUILD/ubuntu-1604-ninja-base-packages-xml2-check-strict-r/src/sbml/extension/test/Debug/test_sbml_extension
home/libsbml/development/libsbml-build-scripts/autobuild-option-tests/BUILD/ubuntu-1604-ninja-base-packages-xml2-check-strict-r/src/sbml/extension/test/MinSizeRel/test_sbml_extension
home/libsbml/development/libsbml-build-scripts/autobuild-option-tests/BUILD/ubuntu-1604-ninja-base-packages-xml2-check-strict-r/src/sbml/extension/test/MinSizeRel/test_sbml_extension
home/libsbml/development/libsbml-build-scripts/autobuild-option-tests/BUILD/ubuntu-1604-ninja-base-packages-xml2-check-strict-r/src/sbml/extension/test/RelWithDebInfo/test_sbml_extension
home/libsbml/development/libsbml-build-scripts/autobuild-option-tests/BUILD/ubuntu-1604-ninja-base-packages-xml2-check-strict-r/src/sbml/extension/test/RelWithDebInfo/test_sbml_extension
home/libsbml/development/libsbml-build-scripts/autobuild-option-tests/BUILD/ubuntu-1604-ninja-base-packages-xml2-check-strict-r/src/sbml/extension/test/Deployment/test_sbml_extension
home/libsbml/development/libsbml-build-scripts/autobuild-option-tests/BUILD/ubuntu-1604-ninja-base-packages-xml2-check-strict-r/src/sbml/extension/test/Deployment/test_sbml_extension
home/libsbml/development/libsbml-build-scripts/autobuild-option-tests/BUILD/ubuntu-1604-ninja-base-packages-xml2-check-strict-r/src/sbml/extension/test/Development/test_sbml_extension
home/libsbml/development/libsbml-build-scripts/autobuild-option-tests/BUILD/ubuntu-1604-ninja-base-packages-xml2-check-strict-r/src/sbml/extension/test/Development/test_sbml_extension
[ERROR_MESSAGE] 
Unable to find executable: /home/libsbml/development/libsbml-build-scripts/autobuild-option-tests/BUILD/ubuntu-1604-ninja-base-packages-xml2-check-strict-r/src/sbml/extension/test/test_sbml_extension

[HANDLER_OUTPUT] 
22/
29 Test #22: test_sbml_extension_run .......................***Not Run   0.00 sec
      Start 23: test_sbml_math_run
Could not find executable /home/libsbml/development/libsbml-build-scripts/autobuild-option-tests/BUILD/ubuntu-1604-ninja-base-packages-xml2-check-strict-r/src/sbml/math/test/test_sbml_math
Looked in the following places:
/home/libsbml/development/libsbml-build-scripts/autobuild-option-tests/BUILD/ubuntu-1604-ninja-base-packages-xml2-check-strict-r/src/sbml/math/test/test_sbml_math
/home/libsbml/development/libsbml-build-scripts/autobuild-option-tests/BUILD/ubuntu-1604-ninja-base-packages-xml2-check-strict-r/src/sbml/math/test/test_sbml_math
/home/libsbml/development/libsbml-build-scripts/autobuild-option-tests/BUILD/ubuntu-1604-ninja-base-packages-xml2-check-strict-r/src/sbml/math/test/Release/test_sbml_math
/home/libsbml/development/libsbml-build-scripts/autobuild-option-tests/BUILD/ubuntu-1604-ninja-base-packages-xml2-check-strict-r/src/sbml/math/test/Release/test_sbml_math
/home/libsbml/development/libsbml-build-scripts/autobuild-option-tests/BUILD/ubuntu-1604-ninja-base-packages-xml2-check-strict-r/src/sbml/math/test/Debug/test_sbml_math
/home/libsbml/development/libsbml-build-scripts/autobuild-option-tests/BUILD/ubuntu-1604-ninja-base-packages-xml2-check-strict-r/src/sbml/math/test/Debug/test_sbml_math
/home/libsbml/development/libsbml-build-scripts/autobuild-option-tests/BUILD/ubuntu-1604-ninja-base-packages-xml2-check-strict-r/src/sbml/math/test/MinSizeRel/test_sbml_math
/home/libsbml/development/libsbml-build-scripts/autobuild-option-tests/BUILD/ubuntu-1604-ninja-base-packages-xml2-check-strict-r/src/sbml/math/test/MinSizeRel/test_sbml_math
/home/libsbml/development/libsbml-build-scripts/autobuild-option-tests/BUILD/ubuntu-1604-ninja-base-packages-xml2-check-strict-r/src/sbml/math/test/RelWithDebInfo/test_sbml_math
/home/libsbml/development/libsbml-build-scripts/autobuild-option-tests/BUILD/ubuntu-1604-ninja-base-packages-xml2-check-strict-r/src/sbml/math/test/RelWithDebInfo/test_sbml_math
/home/libsbml/development/libsbml-build-scripts/autobuild-option-tests/BUILD/ubuntu-1604-ninja-base-packages-xml2-check-strict-r/src/sbml/math/test/Deployment/test_sbml_math
/home/libsbml/development/libsbml-build-scripts/autobuild-option-tests/BUILD/ubuntu-1604-ninja-base-packages-xml2-check-strict-r/src/sbml/math/test/Deployment/test_sbml_math
/home/libsbml/development/libsbml-build-scripts/autobuild-option-tests/BUILD/ubuntu-1604-ninja-base-packages-xml2-check-strict-r/src/sbml/math/test/Development/test_sbml_math
/home/libsbml/development/libsbml-build-scripts/autobuild-option-tests/BUILD/ubuntu-1604-ninja-base-packages-xml2-check-strict-r/src/sbml/math/test/Development/test_sbml_math
home/libsbml/development/libsbml-build-scripts/autobuild-option-tests/BUILD/ubuntu-1604-ninja-base-packages-xml2-check-strict-r/src/sbml/math/test/test_sbml_math
home/libsbml/development/libsbml-build-scripts/autobuild-option-tests/BUILD/ubuntu-1604-ninja-base-packages-xml2-check-strict-r/src/sbml/math/test/test_sbml_math
home/libsbml/development/libsbml-build-scripts/autobuild-option-tests/BUILD/ubuntu-1604-ninja-base-packages-xml2-check-strict-r/src/sbml/math/test/Release/test_sbml_math
home/libsbml/development/libsbml-build-scripts/autobuild-option-tests/BUILD/ubuntu-1604-ninja-base-packages-xml2-check-strict-r/src/sbml/math/test/Release/test_sbml_math
home/libsbml/development/libsbml-build-scripts/autobuild-option-tests/BUILD/ubuntu-1604-ninja-base-packages-xml2-check-strict-r/src/sbml/math/test/Debug/test_sbml_math
home/libsbml/development/libsbml-build-scripts/autobuild-option-tests/BUILD/ubuntu-1604-ninja-base-packages-xml2-check-strict-r/src/sbml/math/test/Debug/test_sbml_math
home/libsbml/development/libsbml-build-scripts/autobuild-option-tests/BUILD/ubuntu-1604-ninja-base-packages-xml2-check-strict-r/src/sbml/math/test/MinSizeRel/test_sbml_math
home/libsbml/development/libsbml-build-scripts/autobuild-option-tests/BUILD/ubuntu-1604-ninja-base-packages-xml2-check-strict-r/src/sbml/math/test/MinSizeRel/test_sbml_math
home/libsbml/development/libsbml-build-scripts/autobuild-option-tests/BUILD/ubuntu-1604-ninja-base-packages-xml2-check-strict-r/src/sbml/math/test/RelWithDebInfo/test_sbml_math
home/libsbml/development/libsbml-build-scripts/autobuild-option-tests/BUILD/ubuntu-1604-ninja-base-packages-xml2-check-strict-r/src/sbml/math/test/RelWithDebInfo/test_sbml_math
home/libsbml/development/libsbml-build-scripts/autobuild-option-tests/BUILD/ubuntu-1604-ninja-base-packages-xml2-check-strict-r/src/sbml/math/test/Deployment/test_sbml_math
home/libsbml/development/libsbml-build-scripts/autobuild-option-tests/BUILD/ubuntu-1604-ninja-base-packages-xml2-check-strict-r/src/sbml/math/test/Deployment/test_sbml_math
home/libsbml/development/libsbml-build-scripts/autobuild-option-tests/BUILD/ubuntu-1604-ninja-base-packages-xml2-check-strict-r/src/sbml/math/test/Development/test_sbml_math
home/libsbml/development/libsbml-build-scripts/autobuild-option-tests/BUILD/ubuntu-1604-ninja-base-packages-xml2-check-strict-r/src/sbml/math/test/Development/test_sbml_math
[ERROR_MESSAGE] 
Unable to find executable: /home/libsbml/development/libsbml-build-scripts/autobuild-option-tests/BUILD/ubuntu-1604-ninja-base-packages-xml2-check-strict-r/src/sbml/math/test/test_sbml_math

[HANDLER_OUTPUT] 
23/
29 Test #23: test_sbml_math_run ............................***Not Run   0.00 sec
      Start 24: test_sbml_sbml_run
Could not find executable /home/libsbml/development/libsbml-build-scripts/autobuild-option-tests/BUILD/ubuntu-1604-ninja-base-packages-xml2-check-strict-r/src/sbml/test/test_sbml_sbml
Looked in the following places:
/home/libsbml/development/libsbml-build-scripts/autobuild-option-tests/BUILD/ubuntu-1604-ninja-base-packages-xml2-check-strict-r/src/sbml/test/test_sbml_sbml
/home/libsbml/development/libsbml-build-scripts/autobuild-option-tests/BUILD/ubuntu-1604-ninja-base-packages-xml2-check-strict-r/src/sbml/test/test_sbml_sbml
/home/libsbml/development/libsbml-build-scripts/autobuild-option-tests/BUILD/ubuntu-1604-ninja-base-packages-xml2-check-strict-r/src/sbml/test/Release/test_sbml_sbml
/home/libsbml/development/libsbml-build-scripts/autobuild-option-tests/BUILD/ubuntu-1604-ninja-base-packages-xml2-check-strict-r/src/sbml/test/Release/test_sbml_sbml
/home/libsbml/development/libsbml-build-scripts/autobuild-option-tests/BUILD/ubuntu-1604-ninja-base-packages-xml2-check-strict-r/src/sbml/test/Debug/test_sbml_sbml
/home/libsbml/development/libsbml-build-scripts/autobuild-option-tests/BUILD/ubuntu-1604-ninja-base-packages-xml2-check-strict-r/src/sbml/test/Debug/test_sbml_sbml
/home/libsbml/development/libsbml-build-scripts/autobuild-option-tests/BUILD/ubuntu-1604-ninja-base-packages-xml2-check-strict-r/src/sbml/test/MinSizeRel/test_sbml_sbml
/home/libsbml/development/libsbml-build-scripts/autobuild-option-tests/BUILD/ubuntu-1604-ninja-base-packages-xml2-check-strict-r/src/sbml/test/MinSizeRel/test_sbml_sbml
/home/libsbml/development/libsbml-build-scripts/autobuild-option-tests/BUILD/ubuntu-1604-ninja-base-packages-xml2-check-strict-r/src/sbml/test/RelWithDebInfo/test_sbml_sbml
/home/libsbml/development/libsbml-build-scripts/autobuild-option-tests/BUILD/ubuntu-1604-ninja-base-packages-xml2-check-strict-r/src/sbml/test/RelWithDebInfo/test_sbml_sbml
/home/libsbml/development/libsbml-build-scripts/autobuild-option-tests/BUILD/ubuntu-1604-ninja-base-packages-xml2-check-strict-r/src/sbml/test/Deployment/test_sbml_sbml
/home/libsbml/development/libsbml-build-scripts/autobuild-option-tests/BUILD/ubuntu-1604-ninja-base-packages-xml2-check-strict-r/src/sbml/test/Deployment/test_sbml_sbml
/home/libsbml/development/libsbml-build-scripts/autobuild-option-tests/BUILD/ubuntu-1604-ninja-base-packages-xml2-check-strict-r/src/sbml/test/Development/test_sbml_sbml
/home/libsbml/development/libsbml-build-scripts/autobuild-option-tests/BUILD/ubuntu-1604-ninja-base-packages-xml2-check-strict-r/src/sbml/test/Development/test_sbml_sbml
home/libsbml/development/libsbml-build-scripts/autobuild-option-tests/BUILD/ubuntu-1604-ninja-base-packages-xml2-check-strict-r/src/sbml/test/test_sbml_sbml
home/libsbml/development/libsbml-build-scripts/autobuild-option-tests/BUILD/ubuntu-1604-ninja-base-packages-xml2-check-strict-r/src/sbml/test/test_sbml_sbml
home/libsbml/development/libsbml-build-scripts/autobuild-option-tests/BUILD/ubuntu-1604-ninja-base-packages-xml2-check-strict-r/src/sbml/test/Release/test_sbml_sbml
home/libsbml/development/libsbml-build-scripts/autobuild-option-tests/BUILD/ubuntu-1604-ninja-base-packages-xml2-check-strict-r/src/sbml/test/Release/test_sbml_sbml
home/libsbml/development/libsbml-build-scripts/autobuild-option-tests/BUILD/ubuntu-1604-ninja-base-packages-xml2-check-strict-r/src/sbml/test/Debug/test_sbml_sbml
home/libsbml/development/libsbml-build-scripts/autobuild-option-tests/BUILD/ubuntu-1604-ninja-base-packages-xml2-check-strict-r/src/sbml/test/Debug/test_sbml_sbml
home/libsbml/development/libsbml-build-scripts/autobuild-option-tests/BUILD/ubuntu-1604-ninja-base-packages-xml2-check-strict-r/src/sbml/test/MinSizeRel/test_sbml_sbml
home/libsbml/development/libsbml-build-scripts/autobuild-option-tests/BUILD/ubuntu-1604-ninja-base-packages-xml2-check-strict-r/src/sbml/test/MinSizeRel/test_sbml_sbml
home/libsbml/development/libsbml-build-scripts/autobuild-option-tests/BUILD/ubuntu-1604-ninja-base-packages-xml2-check-strict-r/src/sbml/test/RelWithDebInfo/test_sbml_sbml
home/libsbml/development/libsbml-build-scripts/autobuild-option-tests/BUILD/ubuntu-1604-ninja-base-packages-xml2-check-strict-r/src/sbml/test/RelWithDebInfo/test_sbml_sbml
home/libsbml/development/libsbml-build-scripts/autobuild-option-tests/BUILD/ubuntu-1604-ninja-base-packages-xml2-check-strict-r/src/sbml/test/Deployment/test_sbml_sbml
home/libsbml/development/libsbml-build-scripts/autobuild-option-tests/BUILD/ubuntu-1604-ninja-base-packages-xml2-check-strict-r/src/sbml/test/Deployment/test_sbml_sbml
home/libsbml/development/libsbml-build-scripts/autobuild-option-tests/BUILD/ubuntu-1604-ninja-base-packages-xml2-check-strict-r/src/sbml/test/Development/test_sbml_sbml
home/libsbml/development/libsbml-build-scripts/autobuild-option-tests/BUILD/ubuntu-1604-ninja-base-packages-xml2-check-strict-r/src/sbml/test/Development/test_sbml_sbml
[ERROR_MESSAGE] 
Unable to find executable: /home/libsbml/development/libsbml-build-scripts/autobuild-option-tests/BUILD/ubuntu-1604-ninja-base-packages-xml2-check-strict-r/src/sbml/test/test_sbml_sbml

[HANDLER_OUTPUT] 
24/
29 Test #24: test_sbml_sbml_run ............................***Not Run   0.00 sec
      Start 25: test_sbml_units_run
Could not find executable /home/libsbml/development/libsbml-build-scripts/autobuild-option-tests/BUILD/ubuntu-1604-ninja-base-packages-xml2-check-strict-r/src/sbml/units/test/test_sbml_units
Looked in the following places:
/home/libsbml/development/libsbml-build-scripts/autobuild-option-tests/BUILD/ubuntu-1604-ninja-base-packages-xml2-check-strict-r/src/sbml/units/test/test_sbml_units
/home/libsbml/development/libsbml-build-scripts/autobuild-option-tests/BUILD/ubuntu-1604-ninja-base-packages-xml2-check-strict-r/src/sbml/units/test/test_sbml_units
/home/libsbml/development/libsbml-build-scripts/autobuild-option-tests/BUILD/ubuntu-1604-ninja-base-packages-xml2-check-strict-r/src/sbml/units/test/Release/test_sbml_units
/home/libsbml/development/libsbml-build-scripts/autobuild-option-tests/BUILD/ubuntu-1604-ninja-base-packages-xml2-check-strict-r/src/sbml/units/test/Release/test_sbml_units
/home/libsbml/development/libsbml-build-scripts/autobuild-option-tests/BUILD/ubuntu-1604-ninja-base-packages-xml2-check-strict-r/src/sbml/units/test/Debug/test_sbml_units
/home/libsbml/development/libsbml-build-scripts/autobuild-option-tests/BUILD/ubuntu-1604-ninja-base-packages-xml2-check-strict-r/src/sbml/units/test/Debug/test_sbml_units
/home/libsbml/development/libsbml-build-scripts/autobuild-option-tests/BUILD/ubuntu-1604-ninja-base-packages-xml2-check-strict-r/src/sbml/units/test/MinSizeRel/test_sbml_units
/home/libsbml/development/libsbml-build-scripts/autobuild-option-tests/BUILD/ubuntu-1604-ninja-base-packages-xml2-check-strict-r/src/sbml/units/test/MinSizeRel/test_sbml_units
/home/libsbml/development/libsbml-build-scripts/autobuild-option-tests/BUILD/ubuntu-1604-ninja-base-packages-xml2-check-strict-r/src/sbml/units/test/RelWithDebInfo/test_sbml_units
/home/libsbml/development/libsbml-build-scripts/autobuild-option-tests/BUILD/ubuntu-1604-ninja-base-packages-xml2-check-strict-r/src/sbml/units/test/RelWithDebInfo/test_sbml_units
/home/libsbml/development/libsbml-build-scripts/autobuild-option-tests/BUILD/ubuntu-1604-ninja-base-packages-xml2-check-strict-r/src/sbml/units/test/Deployment/test_sbml_units
/home/libsbml/development/libsbml-build-scripts/autobuild-option-tests/BUILD/ubuntu-1604-ninja-base-packages-xml2-check-strict-r/src/sbml/units/test/Deployment/test_sbml_units
/home/libsbml/development/libsbml-build-scripts/autobuild-option-tests/BUILD/ubuntu-1604-ninja-base-packages-xml2-check-strict-r/src/sbml/units/test/Development/test_sbml_units
/home/libsbml/development/libsbml-build-scripts/autobuild-option-tests/BUILD/ubuntu-1604-ninja-base-packages-xml2-check-strict-r/src/sbml/units/test/Development/test_sbml_units
home/libsbml/development/libsbml-build-scripts/autobuild-option-tests/BUILD/ubuntu-1604-ninja-base-packages-xml2-check-strict-r/src/sbml/units/test/test_sbml_units
home/libsbml/development/libsbml-build-scripts/autobuild-option-tests/BUILD/ubuntu-1604-ninja-base-packages-xml2-check-strict-r/src/sbml/units/test/test_sbml_units
home/libsbml/development/libsbml-build-scripts/autobuild-option-tests/BUILD/ubuntu-1604-ninja-base-packages-xml2-check-strict-r/src/sbml/units/test/Release/test_sbml_units
home/libsbml/development/libsbml-build-scripts/autobuild-option-tests/BUILD/ubuntu-1604-ninja-base-packages-xml2-check-strict-r/src/sbml/units/test/Release/test_sbml_units
home/libsbml/development/libsbml-build-scripts/autobuild-option-tests/BUILD/ubuntu-1604-ninja-base-packages-xml2-check-strict-r/src/sbml/units/test/Debug/test_sbml_units
home/libsbml/development/libsbml-build-scripts/autobuild-option-tests/BUILD/ubuntu-1604-ninja-base-packages-xml2-check-strict-r/src/sbml/units/test/Debug/test_sbml_units
home/libsbml/development/libsbml-build-scripts/autobuild-option-tests/BUILD/ubuntu-1604-ninja-base-packages-xml2-check-strict-r/src/sbml/units/test/MinSizeRel/test_sbml_units
home/libsbml/development/libsbml-build-scripts/autobuild-option-tests/BUILD/ubuntu-1604-ninja-base-packages-xml2-check-strict-r/src/sbml/units/test/MinSizeRel/test_sbml_units
home/libsbml/development/libsbml-build-scripts/autobuild-option-tests/BUILD/ubuntu-1604-ninja-base-packages-xml2-check-strict-r/src/sbml/units/test/RelWithDebInfo/test_sbml_units
home/libsbml/development/libsbml-build-scripts/autobuild-option-tests/BUILD/ubuntu-1604-ninja-base-packages-xml2-check-strict-r/src/sbml/units/test/RelWithDebInfo/test_sbml_units
home/libsbml/development/libsbml-build-scripts/autobuild-option-tests/BUILD/ubuntu-1604-ninja-base-packages-xml2-check-strict-r/src/sbml/units/test/Deployment/test_sbml_units
home/libsbml/development/libsbml-build-scripts/autobuild-option-tests/BUILD/ubuntu-1604-ninja-base-packages-xml2-check-strict-r/src/sbml/units/test/Deployment/test_sbml_units
home/libsbml/development/libsbml-build-scripts/autobuild-option-tests/BUILD/ubuntu-1604-ninja-base-packages-xml2-check-strict-r/src/sbml/units/test/Development/test_sbml_units
home/libsbml/development/libsbml-build-scripts/autobuild-option-tests/BUILD/ubuntu-1604-ninja-base-packages-xml2-check-strict-r/src/sbml/units/test/Development/test_sbml_units
[ERROR_MESSAGE] 
Unable to find executable: /home/libsbml/development/libsbml-build-scripts/autobuild-option-tests/BUILD/ubuntu-1604-ninja-base-packages-xml2-check-strict-r/src/sbml/units/test/test_sbml_units

[HANDLER_OUTPUT] 
25/
29 Test #25: test_sbml_units_run ...........................***Not Run   0.00 sec
      Start 26: test_sbml_util_run
Could not find executable /home/libsbml/development/libsbml-build-scripts/autobuild-option-tests/BUILD/ubuntu-1604-ninja-base-packages-xml2-check-strict-r/src/sbml/util/test/test_sbml_util
Looked in the following places:
/home/libsbml/development/libsbml-build-scripts/autobuild-option-tests/BUILD/ubuntu-1604-ninja-base-packages-xml2-check-strict-r/src/sbml/util/test/test_sbml_util
/home/libsbml/development/libsbml-build-scripts/autobuild-option-tests/BUILD/ubuntu-1604-ninja-base-packages-xml2-check-strict-r/src/sbml/util/test/test_sbml_util
/home/libsbml/development/libsbml-build-scripts/autobuild-option-tests/BUILD/ubuntu-1604-ninja-base-packages-xml2-check-strict-r/src/sbml/util/test/Release/test_sbml_util
/home/libsbml/development/libsbml-build-scripts/autobuild-option-tests/BUILD/ubuntu-1604-ninja-base-packages-xml2-check-strict-r/src/sbml/util/test/Release/test_sbml_util
/home/libsbml/development/libsbml-build-scripts/autobuild-option-tests/BUILD/ubuntu-1604-ninja-base-packages-xml2-check-strict-r/src/sbml/util/test/Debug/test_sbml_util
/home/libsbml/development/libsbml-build-scripts/autobuild-option-tests/BUILD/ubuntu-1604-ninja-base-packages-xml2-check-strict-r/src/sbml/util/test/Debug/test_sbml_util
/home/libsbml/development/libsbml-build-scripts/autobuild-option-tests/BUILD/ubuntu-1604-ninja-base-packages-xml2-check-strict-r/src/sbml/util/test/MinSizeRel/test_sbml_util
/home/libsbml/development/libsbml-build-scripts/autobuild-option-tests/BUILD/ubuntu-1604-ninja-base-packages-xml2-check-strict-r/src/sbml/util/test/MinSizeRel/test_sbml_util
/home/libsbml/development/libsbml-build-scripts/autobuild-option-tests/BUILD/ubuntu-1604-ninja-base-packages-xml2-check-strict-r/src/sbml/util/test/RelWithDebInfo/test_sbml_util
/home/libsbml/development/libsbml-build-scripts/autobuild-option-tests/BUILD/ubuntu-1604-ninja-base-packages-xml2-check-strict-r/src/sbml/util/test/RelWithDebInfo/test_sbml_util
/home/libsbml/development/libsbml-build-scripts/autobuild-option-tests/BUILD/ubuntu-1604-ninja-base-packages-xml2-check-strict-r/src/sbml/util/test/Deployment/test_sbml_util
/home/libsbml/development/libsbml-build-scripts/autobuild-option-tests/BUILD/ubuntu-1604-ninja-base-packages-xml2-check-strict-r/src/sbml/util/test/Deployment/test_sbml_util
/home/libsbml/development/libsbml-build-scripts/autobuild-option-tests/BUILD/ubuntu-1604-ninja-base-packages-xml2-check-strict-r/src/sbml/util/test/Development/test_sbml_util
/home/libsbml/development/libsbml-build-scripts/autobuild-option-tests/BUILD/ubuntu-1604-ninja-base-packages-xml2-check-strict-r/src/sbml/util/test/Development/test_sbml_util
home/libsbml/development/libsbml-build-scripts/autobuild-option-tests/BUILD/ubuntu-1604-ninja-base-packages-xml2-check-strict-r/src/sbml/util/test/test_sbml_util
home/libsbml/development/libsbml-build-scripts/autobuild-option-tests/BUILD/ubuntu-1604-ninja-base-packages-xml2-check-strict-r/src/sbml/util/test/test_sbml_util
home/libsbml/development/libsbml-build-scripts/autobuild-option-tests/BUILD/ubuntu-1604-ninja-base-packages-xml2-check-strict-r/src/sbml/util/test/Release/test_sbml_util
home/libsbml/development/libsbml-build-scripts/autobuild-option-tests/BUILD/ubuntu-1604-ninja-base-packages-xml2-check-strict-r/src/sbml/util/test/Release/test_sbml_util
home/libsbml/development/libsbml-build-scripts/autobuild-option-tests/BUILD/ubuntu-1604-ninja-base-packages-xml2-check-strict-r/src/sbml/util/test/Debug/test_sbml_util
home/libsbml/development/libsbml-build-scripts/autobuild-option-tests/BUILD/ubuntu-1604-ninja-base-packages-xml2-check-strict-r/src/sbml/util/test/Debug/test_sbml_util
home/libsbml/development/libsbml-build-scripts/autobuild-option-tests/BUILD/ubuntu-1604-ninja-base-packages-xml2-check-strict-r/src/sbml/util/test/MinSizeRel/test_sbml_util
home/libsbml/development/libsbml-build-scripts/autobuild-option-tests/BUILD/ubuntu-1604-ninja-base-packages-xml2-check-strict-r/src/sbml/util/test/MinSizeRel/test_sbml_util
home/libsbml/development/libsbml-build-scripts/autobuild-option-tests/BUILD/ubuntu-1604-ninja-base-packages-xml2-check-strict-r/src/sbml/util/test/RelWithDebInfo/test_sbml_util
home/libsbml/development/libsbml-build-scripts/autobuild-option-tests/BUILD/ubuntu-1604-ninja-base-packages-xml2-check-strict-r/src/sbml/util/test/RelWithDebInfo/test_sbml_util
home/libsbml/development/libsbml-build-scripts/autobuild-option-tests/BUILD/ubuntu-1604-ninja-base-packages-xml2-check-strict-r/src/sbml/util/test/Deployment/test_sbml_util
home/libsbml/development/libsbml-build-scripts/autobuild-option-tests/BUILD/ubuntu-1604-ninja-base-packages-xml2-check-strict-r/src/sbml/util/test/Deployment/test_sbml_util
home/libsbml/development/libsbml-build-scripts/autobuild-option-tests/BUILD/ubuntu-1604-ninja-base-packages-xml2-check-strict-r/src/sbml/util/test/Development/test_sbml_util
home/libsbml/development/libsbml-build-scripts/autobuild-option-tests/BUILD/ubuntu-1604-ninja-base-packages-xml2-check-strict-r/src/sbml/util/test/Development/test_sbml_util
[ERROR_MESSAGE] 
Unable to find executable: /home/libsbml/development/libsbml-build-scripts/autobuild-option-tests/BUILD/ubuntu-1604-ninja-base-packages-xml2-check-strict-r/src/sbml/util/test/test_sbml_util

[HANDLER_OUTPUT] 
26/
29 Test #26: test_sbml_util_run ............................***Not Run   0.00 sec
      Start 27: test_sbml_validator_run
Could not find executable /home/libsbml/development/libsbml-build-scripts/autobuild-option-tests/BUILD/ubuntu-1604-ninja-base-packages-xml2-check-strict-r/src/sbml/validator/test/test_sbml_validator
Looked in the following places:
/home/libsbml/development/libsbml-build-scripts/autobuild-option-tests/BUILD/ubuntu-1604-ninja-base-packages-xml2-check-strict-r/src/sbml/validator/test/test_sbml_validator
/home/libsbml/development/libsbml-build-scripts/autobuild-option-tests/BUILD/ubuntu-1604-ninja-base-packages-xml2-check-strict-r/src/sbml/validator/test/test_sbml_validator
/home/libsbml/development/libsbml-build-scripts/autobuild-option-tests/BUILD/ubuntu-1604-ninja-base-packages-xml2-check-strict-r/src/sbml/validator/test/Release/test_sbml_validator
/home/libsbml/development/libsbml-build-scripts/autobuild-option-tests/BUILD/ubuntu-1604-ninja-base-packages-xml2-check-strict-r/src/sbml/validator/test/Release/test_sbml_validator
/home/libsbml/development/libsbml-build-scripts/autobuild-option-tests/BUILD/ubuntu-1604-ninja-base-packages-xml2-check-strict-r/src/sbml/validator/test/Debug/test_sbml_validator
/home/libsbml/development/libsbml-build-scripts/autobuild-option-tests/BUILD/ubuntu-1604-ninja-base-packages-xml2-check-strict-r/src/sbml/validator/test/Debug/test_sbml_validator
/home/libsbml/development/libsbml-build-scripts/autobuild-option-tests/BUILD/ubuntu-1604-ninja-base-packages-xml2-check-strict-r/src/sbml/validator/test/MinSizeRel/test_sbml_validator
/home/libsbml/development/libsbml-build-scripts/autobuild-option-tests/BUILD/ubuntu-1604-ninja-base-packages-xml2-check-strict-r/src/sbml/validator/test/MinSizeRel/test_sbml_validator
/home/libsbml/development/libsbml-build-scripts/autobuild-option-tests/BUILD/ubuntu-1604-ninja-base-packages-xml2-check-strict-r/src/sbml/validator/test/RelWithDebInfo/test_sbml_validator
/home/libsbml/development/libsbml-build-scripts/autobuild-option-tests/BUILD/ubuntu-1604-ninja-base-packages-xml2-check-strict-r/src/sbml/validator/test/RelWithDebInfo/test_sbml_validator
/home/libsbml/development/libsbml-build-scripts/autobuild-option-tests/BUILD/ubuntu-1604-ninja-base-packages-xml2-check-strict-r/src/sbml/validator/test/Deployment/test_sbml_validator
/home/libsbml/development/libsbml-build-scripts/autobuild-option-tests/BUILD/ubuntu-1604-ninja-base-packages-xml2-check-strict-r/src/sbml/validator/test/Deployment/test_sbml_validator
/home/libsbml/development/libsbml-build-scripts/autobuild-option-tests/BUILD/ubuntu-1604-ninja-base-packages-xml2-check-strict-r/src/sbml/validator/test/Development/test_sbml_validator
/home/libsbml/development/libsbml-build-scripts/autobuild-option-tests/BUILD/ubuntu-1604-ninja-base-packages-xml2-check-strict-r/src/sbml/validator/test/Development/test_sbml_validator
home/libsbml/development/libsbml-build-scripts/autobuild-option-tests/BUILD/ubuntu-1604-ninja-base-packages-xml2-check-strict-r/src/sbml/validator/test/test_sbml_validator
home/libsbml/development/libsbml-build-scripts/autobuild-option-tests/BUILD/ubuntu-1604-ninja-base-packages-xml2-check-strict-r/src/sbml/validator/test/test_sbml_validator
home/libsbml/development/libsbml-build-scripts/autobuild-option-tests/BUILD/ubuntu-1604-ninja-base-packages-xml2-check-strict-r/src/sbml/validator/test/Release/test_sbml_validator
home/libsbml/development/libsbml-build-scripts/autobuild-option-tests/BUILD/ubuntu-1604-ninja-base-packages-xml2-check-strict-r/src/sbml/validator/test/Release/test_sbml_validator
home/libsbml/development/libsbml-build-scripts/autobuild-option-tests/BUILD/ubuntu-1604-ninja-base-packages-xml2-check-strict-r/src/sbml/validator/test/Debug/test_sbml_validator
home/libsbml/development/libsbml-build-scripts/autobuild-option-tests/BUILD/ubuntu-1604-ninja-base-packages-xml2-check-strict-r/src/sbml/validator/test/Debug/test_sbml_validator
home/libsbml/development/libsbml-build-scripts/autobuild-option-tests/BUILD/ubuntu-1604-ninja-base-packages-xml2-check-strict-r/src/sbml/validator/test/MinSizeRel/test_sbml_validator
home/libsbml/development/libsbml-build-scripts/autobuild-option-tests/BUILD/ubuntu-1604-ninja-base-packages-xml2-check-strict-r/src/sbml/validator/test/MinSizeRel/test_sbml_validator
home/libsbml/development/libsbml-build-scripts/autobuild-option-tests/BUILD/ubuntu-1604-ninja-base-packages-xml2-check-strict-r/src/sbml/validator/test/RelWithDebInfo/test_sbml_validator
home/libsbml/development/libsbml-build-scripts/autobuild-option-tests/BUILD/ubuntu-1604-ninja-base-packages-xml2-check-strict-r/src/sbml/validator/test/RelWithDebInfo/test_sbml_validator
home/libsbml/development/libsbml-build-scripts/autobuild-option-tests/BUILD/ubuntu-1604-ninja-base-packages-xml2-check-strict-r/src/sbml/validator/test/Deployment/test_sbml_validator
home/libsbml/development/libsbml-build-scripts/autobuild-option-tests/BUILD/ubuntu-1604-ninja-base-packages-xml2-check-strict-r/src/sbml/validator/test/Deployment/test_sbml_validator
home/libsbml/development/libsbml-build-scripts/autobuild-option-tests/BUILD/ubuntu-1604-ninja-base-packages-xml2-check-strict-r/src/sbml/validator/test/Development/test_sbml_validator
home/libsbml/development/libsbml-build-scripts/autobuild-option-tests/BUILD/ubuntu-1604-ninja-base-packages-xml2-check-strict-r/src/sbml/validator/test/Development/test_sbml_validator
[ERROR_MESSAGE] 
Unable to find executable: /home/libsbml/development/libsbml-build-scripts/autobuild-option-tests/BUILD/ubuntu-1604-ninja-base-packages-xml2-check-strict-r/src/sbml/validator/test/test_sbml_validator

[HANDLER_OUTPUT] 
27/
29 Test #27: test_sbml_validator_run .......................***Not Run   0.00 sec
      Start 28: test_sbml_xml_run
Could not find executable /home/libsbml/development/libsbml-build-scripts/autobuild-option-tests/BUILD/ubuntu-1604-ninja-base-packages-xml2-check-strict-r/src/sbml/xml/test/test_sbml_xml
Looked in the following places:
/home/libsbml/development/libsbml-build-scripts/autobuild-option-tests/BUILD/ubuntu-1604-ninja-base-packages-xml2-check-strict-r/src/sbml/xml/test/test_sbml_xml
/home/libsbml/development/libsbml-build-scripts/autobuild-option-tests/BUILD/ubuntu-1604-ninja-base-packages-xml2-check-strict-r/src/sbml/xml/test/test_sbml_xml
/home/libsbml/development/libsbml-build-scripts/autobuild-option-tests/BUILD/ubuntu-1604-ninja-base-packages-xml2-check-strict-r/src/sbml/xml/test/Release/test_sbml_xml
/home/libsbml/development/libsbml-build-scripts/autobuild-option-tests/BUILD/ubuntu-1604-ninja-base-packages-xml2-check-strict-r/src/sbml/xml/test/Release/test_sbml_xml
/home/libsbml/development/libsbml-build-scripts/autobuild-option-tests/BUILD/ubuntu-1604-ninja-base-packages-xml2-check-strict-r/src/sbml/xml/test/Debug/test_sbml_xml
/home/libsbml/development/libsbml-build-scripts/autobuild-option-tests/BUILD/ubuntu-1604-ninja-base-packages-xml2-check-strict-r/src/sbml/xml/test/Debug/test_sbml_xml
/home/libsbml/development/libsbml-build-scripts/autobuild-option-tests/BUILD/ubuntu-1604-ninja-base-packages-xml2-check-strict-r/src/sbml/xml/test/MinSizeRel/test_sbml_xml
/home/libsbml/development/libsbml-build-scripts/autobuild-option-tests/BUILD/ubuntu-1604-ninja-base-packages-xml2-check-strict-r/src/sbml/xml/test/MinSizeRel/test_sbml_xml
/home/libsbml/development/libsbml-build-scripts/autobuild-option-tests/BUILD/ubuntu-1604-ninja-base-packages-xml2-check-strict-r/src/sbml/xml/test/RelWithDebInfo/test_sbml_xml
/home/libsbml/development/libsbml-build-scripts/autobuild-option-tests/BUILD/ubuntu-1604-ninja-base-packages-xml2-check-strict-r/src/sbml/xml/test/RelWithDebInfo/test_sbml_xml
/home/libsbml/development/libsbml-build-scripts/autobuild-option-tests/BUILD/ubuntu-1604-ninja-base-packages-xml2-check-strict-r/src/sbml/xml/test/Deployment/test_sbml_xml
/home/libsbml/development/libsbml-build-scripts/autobuild-option-tests/BUILD/ubuntu-1604-ninja-base-packages-xml2-check-strict-r/src/sbml/xml/test/Deployment/test_sbml_xml
/home/libsbml/development/libsbml-build-scripts/autobuild-option-tests/BUILD/ubuntu-1604-ninja-base-packages-xml2-check-strict-r/src/sbml/xml/test/Development/test_sbml_xml
/home/libsbml/development/libsbml-build-scripts/autobuild-option-tests/BUILD/ubuntu-1604-ninja-base-packages-xml2-check-strict-r/src/sbml/xml/test/Development/test_sbml_xml
home/libsbml/development/libsbml-build-scripts/autobuild-option-tests/BUILD/ubuntu-1604-ninja-base-packages-xml2-check-strict-r/src/sbml/xml/test/test_sbml_xml
home/libsbml/development/libsbml-build-scripts/autobuild-option-tests/BUILD/ubuntu-1604-ninja-base-packages-xml2-check-strict-r/src/sbml/xml/test/test_sbml_xml
home/libsbml/development/libsbml-build-scripts/autobuild-option-tests/BUILD/ubuntu-1604-ninja-base-packages-xml2-check-strict-r/src/sbml/xml/test/Release/test_sbml_xml
home/libsbml/development/libsbml-build-scripts/autobuild-option-tests/BUILD/ubuntu-1604-ninja-base-packages-xml2-check-strict-r/src/sbml/xml/test/Release/test_sbml_xml
home/libsbml/development/libsbml-build-scripts/autobuild-option-tests/BUILD/ubuntu-1604-ninja-base-packages-xml2-check-strict-r/src/sbml/xml/test/Debug/test_sbml_xml
home/libsbml/development/libsbml-build-scripts/autobuild-option-tests/BUILD/ubuntu-1604-ninja-base-packages-xml2-check-strict-r/src/sbml/xml/test/Debug/test_sbml_xml
home/libsbml/development/libsbml-build-scripts/autobuild-option-tests/BUILD/ubuntu-1604-ninja-base-packages-xml2-check-strict-r/src/sbml/xml/test/MinSizeRel/test_sbml_xml
home/libsbml/development/libsbml-build-scripts/autobuild-option-tests/BUILD/ubuntu-1604-ninja-base-packages-xml2-check-strict-r/src/sbml/xml/test/MinSizeRel/test_sbml_xml
home/libsbml/development/libsbml-build-scripts/autobuild-option-tests/BUILD/ubuntu-1604-ninja-base-packages-xml2-check-strict-r/src/sbml/xml/test/RelWithDebInfo/test_sbml_xml
home/libsbml/development/libsbml-build-scripts/autobuild-option-tests/BUILD/ubuntu-1604-ninja-base-packages-xml2-check-strict-r/src/sbml/xml/test/RelWithDebInfo/test_sbml_xml
home/libsbml/development/libsbml-build-scripts/autobuild-option-tests/BUILD/ubuntu-1604-ninja-base-packages-xml2-check-strict-r/src/sbml/xml/test/Deployment/test_sbml_xml
home/libsbml/development/libsbml-build-scripts/autobuild-option-tests/BUILD/ubuntu-1604-ninja-base-packages-xml2-check-strict-r/src/sbml/xml/test/Deployment/test_sbml_xml
home/libsbml/development/libsbml-build-scripts/autobuild-option-tests/BUILD/ubuntu-1604-ninja-base-packages-xml2-check-strict-r/src/sbml/xml/test/Development/test_sbml_xml
home/libsbml/development/libsbml-build-scripts/autobuild-option-tests/BUILD/ubuntu-1604-ninja-base-packages-xml2-check-strict-r/src/sbml/xml/test/Development/test_sbml_xml
[ERROR_MESSAGE] 
Unable to find executable: /home/libsbml/development/libsbml-build-scripts/autobuild-option-tests/BUILD/ubuntu-1604-ninja-base-packages-xml2-check-strict-r/src/sbml/xml/test/test_sbml_xml

[HANDLER_OUTPUT] 
28/
29 Test #28: test_sbml_xml_run .............................***Not Run   0.00 sec
      Start 29: test_r_binding
29/29 Test #29: test_r_binding ................................***Failed  Required regular expression not found.Regex=[TRUE
]  0.22 sec
Error in library(libSBML) : there is no package called ‘libSBML’
Execution halted


0% tests passed, 29 tests failed out of 29

Total Test time (real) =   0.41 sec

The following tests FAILED:
	  1 - test_sbml_package_multi_run (Not Run)
	  2 - test_multi_validator_run (Not Run)
	  3 - test_sbml_package_render_run (Not Run)
	  4 - test_render_validator_run (Not Run)
	  5 - test_extension_package_qual_run (Not Run)
	  6 - test_sbml_package_qual_run (Not Run)
	  7 - test_qual_validator_run (Not Run)
	  8 - test_comp_extensions_run (Not Run)
	  9 - test_comp_sbase_run (Not Run)
	 10 - test_comp_util_run (Not Run)
	 11 - test_comp_validator_run (Not Run)
	 12 - test_extension_package_groups_run (Not Run)
	 13 - test_groups_validator_run (Not Run)
	 14 - test_sbml_package_fbc_run (Not Run)
	 15 - test_fbc_validator_run (Not Run)
	 16 - test_l3v2extendedmath_validator_run (Not Run)
	 17 - test_extension_package_l3v2extendedmath_run (Not Run)
	 18 - test_sbml_package_layout_run (Not Run)
	 19 - test_layout_validator_run (Not Run)
	 20 - test_sbml_annotation_run (Not Run)
	 21 - test_sbml_conversion_run (Not Run)
	 22 - test_sbml_extension_run (Not Run)
	 23 - test_sbml_math_run (Not Run)
	 24 - test_sbml_sbml_run (Not Run)
	 25 - test_sbml_units_run (Not Run)
	 26 - test_sbml_util_run (Not Run)
	 27 - test_sbml_validator_run (Not Run)
	 28 - test_sbml_xml_run (Not Run)
	 29 - test_r_binding (Failed)
[ERROR_MESSAGE] 
Errors while running CTest

