[HANDLER_OUTPUT] 
Test project /home/libsbml/development/libsbml-build-scripts/autobuild-option-tests/BUILD/ubuntu-1604-ninja-base-packages-xml2-check-cpp_ns-csharp

      Start  1: test_comp_extensions_run
 1/30 Test  #1: test_comp_extensions_run ......................   Passed    0.39 sec
      Start  2: test_comp_sbase_run
 2/30 Test  #2: test_comp_sbase_run ...........................   Passed    0.27 sec
      Start  3: test_comp_util_run
 3/30 Test  #3: test_comp_util_run ............................   Passed    2.95 sec
      Start  4: test_comp_validator_run
 4/30 Test  #4: test_comp_validator_run .......................   Passed    0.54 sec
      Start  5: test_extension_package_qual_run
 5/30 Test  #5: test_extension_package_qual_run ...............   Passed    0.13 sec
      Start  6: test_sbml_package_qual_run
 6/30 Test  #6: test_sbml_package_qual_run ....................   Passed    0.15 sec
      Start  7: test_qual_validator_run
 7/30 Test  #7: test_qual_validator_run .......................   Passed    0.24 sec
      Start  8: test_sbml_package_render_run
 8/30 Test  #8: test_sbml_package_render_run ..................   Passed    0.75 sec
      Start  9: test_render_validator_run
 9/30 Test  #9: test_render_validator_run .....................   Passed    0.18 sec
      Start 10: test_sbml_package_multi_run
10/30 Test #10: test_sbml_package_multi_run ...................   Passed    0.18 sec
      Start 11: test_multi_validator_run
11/30 Test #11: test_multi_validator_run ......................   Passed    0.19 sec
      Start 12: test_sbml_package_fbc_run
12/30 Test #12: test_sbml_package_fbc_run .....................   Passed    0.23 sec
      Start 13: test_fbc_validator_run
13/30 Test #13: test_fbc_validator_run ........................   Passed    0.66 sec
      Start 14: test_l3v2extendedmath_validator_run
14/30 Test #14: test_l3v2extendedmath_validator_run ...........   Passed    0.13 sec
      Start 15: test_extension_package_l3v2extendedmath_run
15/30 Test #15: test_extension_package_l3v2extendedmath_run ...   Passed    0.13 sec
      Start 16: test_sbml_package_layout_run
16/30 Test #16: test_sbml_package_layout_run ..................   Passed    0.58 sec
      Start 17: test_layout_validator_run
17/30 Test #17: test_layout_validator_run .....................   Passed    0.63 sec
      Start 18: test_extension_package_groups_run
18/30 Test #18: test_extension_package_groups_run .............   Passed    0.17 sec
      Start 19: test_groups_validator_run
19/30 Test #19: test_groups_validator_run .....................   Passed    0.17 sec
      Start 20: test_sbml_annotation_run
20/30 Test #20: test_sbml_annotation_run ......................   Passed    0.50 sec
      Start 21: test_sbml_conversion_run
21/30 Test #21: test_sbml_conversion_run ......................   Passed    0.64 sec
      Start 22: test_sbml_extension_run
22/30 Test #22: test_sbml_extension_run .......................   Passed    0.18 sec
      Start 23: test_sbml_math_run
23/30 Test #23: test_sbml_math_run ............................   Passed    0.82 sec
      Start 24: test_sbml_sbml_run
24/30 Test #24: test_sbml_sbml_run ............................   Passed    2.50 sec
      Start 25: test_sbml_units_run
25/30 Test #25: test_sbml_units_run ...........................   Passed    0.87 sec
      Start 26: test_sbml_util_run
26/30 Test #26: test_sbml_util_run ............................   Passed    0.04 sec
      Start 27: test_sbml_validator_run
27/30 Test #27: test_sbml_validator_run .......................   Passed    4.17 sec
      Start 28: test_sbml_xml_run
28/30 Test #28: test_sbml_xml_run .............................   Passed    0.24 sec
      Start 29: test_csharp_bindings
29/30 Test #29: test_csharp_bindings ..........................   Passed    0.48 sec
      Start 30: test_csharp_bindings_full
30/30 Test #30: test_csharp_bindings_full .....................***Failed  Required regular expression not found.Regex=[failures 0
]  1.19 sec
LibSBML C# Testrunner
=====================
Running the tests with: 
	Data Directory:   /home/libsbml/development/sf_libsbml/src/sbml/test/test-data

...................................................<!-- Created by foo version bar on 2019-03-20 20:20 with libSBML version 5.17.3. -->
......................................................................................................................................................................................................................................................................................................................E....................................................................................................................................................................................................................................................................................................................................................................................................................................................................................................................................................................................................................................................................................................................................................................................................................................................................................................................................................................................................................................................................................................................................................................................................................................................................................................................................................................................................................................................................................................................................................................................................................................................

Total Number of Tests 1830, failures 1


Error in 'test_consistency_checks': 
====================
Exception of type 'LibSBMLCSTest.sbml.TestConsistencyChecks+AssertionError' was thrown.
  at LibSBMLCSTest.sbml.TestConsistencyChecks.assertTrue (Boolean condition) <0x40371190 + 0x00047> in <filename unknown>:0 
  at LibSBMLCSTest.sbml.TestConsistencyChecks.test_consistency_checks () <0x40370b70 + 0x003e7> in <filename unknown>:0 
  at (wrapper managed-to-native) System.Reflection.MonoMethod:InternalInvoke (System.Reflection.MonoMethod,object,object[],System.Exception&)
  at System.Reflection.MonoMethod.Invoke (System.Object obj, BindingFlags invokeAttr, System.Reflection.Binder binder, System.Object[] parameters, System.Globalization.CultureInfo culture) <0x7f92499309e0 + 0x000a1> in <filename unknown>:0 




97% tests passed, 1 tests failed out of 30

Total Test time (real) =  20.42 sec

The following tests FAILED:
	 30 - test_csharp_bindings_full (Failed)
[ERROR_MESSAGE] 
Errors while running CTest

