[HANDLER_OUTPUT] 
Test project /home/libsbml/development/libsbml-build-scripts/autobuild-option-tests/BUILD/ubuntu-1604-ninja-base-packages-xml2-check-examples-java

        Start   1: test_comp_extensions_run
  1/106 Test   #1: test_comp_extensions_run ......................   Passed    0.44 sec
        Start   2: test_comp_sbase_run
  2/106 Test   #2: test_comp_sbase_run ...........................   Passed    0.34 sec
        Start   3: test_comp_util_run
  3/106 Test   #3: test_comp_util_run ............................   Passed    3.01 sec
        Start   4: test_comp_validator_run
  4/106 Test   #4: test_comp_validator_run .......................   Passed    0.56 sec
        Start   5: test_extension_package_qual_run
  5/106 Test   #5: test_extension_package_qual_run ...............   Passed    0.20 sec
        Start   6: test_sbml_package_qual_run
  6/106 Test   #6: test_sbml_package_qual_run ....................   Passed    0.23 sec
        Start   7: test_qual_validator_run
  7/106 Test   #7: test_qual_validator_run .......................   Passed    0.27 sec
        Start   8: test_sbml_package_render_run
  8/106 Test   #8: test_sbml_package_render_run ..................   Passed    0.84 sec
        Start   9: test_render_validator_run
  9/106 Test   #9: test_render_validator_run .....................   Passed    0.25 sec
        Start  10: test_sbml_package_multi_run
 10/106 Test  #10: test_sbml_package_multi_run ...................   Passed    0.22 sec
        Start  11: test_multi_validator_run
 11/106 Test  #11: test_multi_validator_run ......................   Passed    0.26 sec
        Start  12: test_sbml_package_fbc_run
 12/106 Test  #12: test_sbml_package_fbc_run .....................   Passed    0.32 sec
        Start  13: test_fbc_validator_run
 13/106 Test  #13: test_fbc_validator_run ........................   Passed    0.36 sec
        Start  14: test_l3v2extendedmath_validator_run
 14/106 Test  #14: test_l3v2extendedmath_validator_run ...........   Passed    0.15 sec
        Start  15: test_extension_package_l3v2extendedmath_run
 15/106 Test  #15: test_extension_package_l3v2extendedmath_run ...   Passed    0.19 sec
        Start  16: test_sbml_package_layout_run
 16/106 Test  #16: test_sbml_package_layout_run ..................   Passed    0.60 sec
        Start  17: test_layout_validator_run
 17/106 Test  #17: test_layout_validator_run .....................   Passed    0.62 sec
        Start  18: test_extension_package_groups_run
 18/106 Test  #18: test_extension_package_groups_run .............   Passed    0.20 sec
        Start  19: test_groups_validator_run
 19/106 Test  #19: test_groups_validator_run .....................   Passed    0.16 sec
        Start  20: test_sbml_annotation_run
 20/106 Test  #20: test_sbml_annotation_run ......................   Passed    0.62 sec
        Start  21: test_sbml_conversion_run
 21/106 Test  #21: test_sbml_conversion_run ......................   Passed    0.61 sec
        Start  22: test_sbml_extension_run
 22/106 Test  #22: test_sbml_extension_run .......................   Passed    0.19 sec
        Start  23: test_sbml_math_run
 23/106 Test  #23: test_sbml_math_run ............................   Passed    1.01 sec
        Start  24: test_sbml_sbml_run
 24/106 Test  #24: test_sbml_sbml_run ............................   Passed    2.79 sec
        Start  25: test_sbml_units_run
 25/106 Test  #25: test_sbml_units_run ...........................   Passed    0.96 sec
        Start  26: test_sbml_util_run
 26/106 Test  #26: test_sbml_util_run ............................   Passed    0.05 sec
        Start  27: test_sbml_validator_run
 27/106 Test  #27: test_sbml_validator_run .......................   Passed    4.21 sec
        Start  28: test_sbml_xml_run
 28/106 Test  #28: test_sbml_xml_run .............................   Passed    0.35 sec
        Start  29: test_java_binding
 29/106 Test  #29: test_java_binding .............................***Failed  Error regular expression found in output. Regex=[Error]  1.29 sec
................................................................................................................................................................................................................................................................................................................................................................................................................................................................................................................................................................................................F
java.lang.AssertionError
	at org.sbml.libsbml.test.sbml.TestConsistencyChecks.assertTrue(TestConsistencyChecks.java:48)
	at org.sbml.libsbml.test.sbml.TestConsistencyChecks.test_consistency_checks(TestConsistencyChecks.java:155)
	at sun.reflect.NativeMethodAccessorImpl.invoke0(Native Method)
	at sun.reflect.NativeMethodAccessorImpl.invoke(NativeMethodAccessorImpl.java:62)
	at sun.reflect.DelegatingMethodAccessorImpl.invoke(DelegatingMethodAccessorImpl.java:43)
	at java.lang.reflect.Method.invoke(Method.java:498)
	at AutoTestRunner.test(AutoTestRunner.java:168)
	at AutoTestRunner.main(AutoTestRunner.java:237)
...............................................................................................................................................................................................................................................................................................................................................................................................................................................

        Start  30: test_java_printversion
 30/106 Test  #30: test_java_printversion ........................   Passed    0.16 sec
        Start  31: test_c_addCVTerms
 31/106 Test  #31: test_c_addCVTerms .............................   Passed    0.15 sec
        Start  32: test_c_addingEvidenceCodes_1
 32/106 Test  #32: test_c_addingEvidenceCodes_1 ..................   Passed    0.16 sec
        Start  33: test_c_addingEvidenceCodes_2
 33/106 Test  #33: test_c_addingEvidenceCodes_2 ..................   Passed    0.14 sec
        Start  34: test_c_addModelHistory
 34/106 Test  #34: test_c_addModelHistory ........................   Passed    0.10 sec
        Start  35: test_c_appendAnnotation
 35/106 Test  #35: test_c_appendAnnotation .......................   Passed    0.15 sec
        Start  36: test_c_convertSBML
 36/106 Test  #36: test_c_convertSBML ............................   Passed    0.18 sec
        Start  37: test_c_createExampleSBML
 37/106 Test  #37: test_c_createExampleSBML ......................   Passed    0.16 sec
        Start  38: test_c_drawMath
 38/106 Test  #38: test_c_drawMath ...............................   Passed    0.16 sec
        Start  39: test_c_echoSBML
 39/106 Test  #39: test_c_echoSBML ...............................   Passed    0.16 sec
        Start  40: test_c_printAnnotation
 40/106 Test  #40: test_c_printAnnotation ........................   Passed    0.15 sec
        Start  41: test_c_printMath
 41/106 Test  #41: test_c_printMath ..............................   Passed    0.17 sec
        Start  42: test_c_printNotes
 42/106 Test  #42: test_c_printNotes .............................   Passed    0.12 sec
        Start  43: test_c_printRegisteredPackages
 43/106 Test  #43: test_c_printRegisteredPackages ................   Passed    0.10 sec
        Start  44: test_c_printSBML
 44/106 Test  #44: test_c_printSBML ..............................   Passed    0.14 sec
        Start  45: test_c_printSupported
 45/106 Test  #45: test_c_printSupported .........................   Passed    0.11 sec
        Start  46: test_c_printUnits
 46/106 Test  #46: test_c_printUnits .............................   Passed    0.12 sec
        Start  47: test_c_promoteParameters
 47/106 Test  #47: test_c_promoteParameters ......................   Passed    0.16 sec
        Start  48: test_c_readSBML
 48/106 Test  #48: test_c_readSBML ...............................   Passed    0.11 sec
        Start  49: test_c_stripPackage
 49/106 Test  #49: test_c_stripPackage ...........................   Passed    0.15 sec
        Start  50: test_c_unsetAnnotation
 50/106 Test  #50: test_c_unsetAnnotation ........................   Passed    0.15 sec
        Start  51: test_c_unsetNotes
 51/106 Test  #51: test_c_unsetNotes .............................   Passed    0.13 sec
        Start  52: test_c_validateSBML
 52/106 Test  #52: test_c_validateSBML ...........................   Passed    0.15 sec
        Start  53: test_cxx_addCVTerms
 53/106 Test  #53: test_cxx_addCVTerms ...........................   Passed    0.17 sec
        Start  54: test_cxx_addCustomValidator
 54/106 Test  #54: test_cxx_addCustomValidator ...................   Passed    0.14 sec
        Start  55: test_cxx_addingEvidenceCodes_1
 55/106 Test  #55: test_cxx_addingEvidenceCodes_1 ................   Passed    0.15 sec
        Start  56: test_cxx_addingEvidenceCodes_2
 56/106 Test  #56: test_cxx_addingEvidenceCodes_2 ................   Passed    0.14 sec
        Start  57: test_cxx_addModelHistory
 57/106 Test  #57: test_cxx_addModelHistory ......................   Passed    0.16 sec
        Start  58: test_cxx_appendAnnotation
 58/106 Test  #58: test_cxx_appendAnnotation .....................   Passed    0.14 sec
        Start  59: test_cxx_callExternalValidator
 59/106 Test  #59: test_cxx_callExternalValidator ................   Passed    0.17 sec
        Start  60: test_cxx_convertSBML
 60/106 Test  #60: test_cxx_convertSBML ..........................   Passed    0.16 sec
        Start  61: test_cxx_convertToL1V1
 61/106 Test  #61: test_cxx_convertToL1V1 ........................   Passed    0.15 sec
        Start  62: test_cxx_createExampleSBML
 62/106 Test  #62: test_cxx_createExampleSBML ....................   Passed    0.18 sec
        Start  63: test_cxx_echoSBML
 63/106 Test  #63: test_cxx_echoSBML .............................   Passed    0.15 sec
        Start  64: test_cxx_inferUnits
 64/106 Test  #64: test_cxx_inferUnits ...........................   Passed    0.14 sec
        Start  65: test_cxx_inlineFunctionDefintions
 65/106 Test  #65: test_cxx_inlineFunctionDefintions .............   Passed    0.12 sec
        Start  66: test_cxx_convertReactions
 66/106 Test  #66: test_cxx_convertReactions .....................   Passed    0.14 sec
        Start  67: test_cxx_getAllElementsWithNotes
 67/106 Test  #67: test_cxx_getAllElementsWithNotes ..............   Passed    0.17 sec
        Start  68: test_cxx_printAnnotation
 68/106 Test  #68: test_cxx_printAnnotation ......................   Passed    0.12 sec
        Start  69: test_cxx_printMath
 69/106 Test  #69: test_cxx_printMath ............................   Passed    0.11 sec
        Start  70: test_cxx_printNotes
 70/106 Test  #70: test_cxx_printNotes ...........................   Passed    0.14 sec
        Start  71: test_cxx_printSBML
 71/106 Test  #71: test_cxx_printSBML ............................   Passed    0.15 sec
        Start  72: test_cxx_printRegisteredPackages
 72/106 Test  #72: test_cxx_printRegisteredPackages ..............   Passed    0.11 sec
        Start  73: test_cxx_printSupported
 73/106 Test  #73: test_cxx_printSupported .......................   Passed    0.14 sec
        Start  74: test_cxx_printUnits
 74/106 Test  #74: test_cxx_printUnits ...........................   Passed    0.15 sec
        Start  75: test_cxx_promoteParameters
 75/106 Test  #75: test_cxx_promoteParameters ....................   Passed    0.14 sec
        Start  76: test_cxx_readSBML
 76/106 Test  #76: test_cxx_readSBML .............................   Passed    0.12 sec
        Start  77: test_cxx_renameSId
 77/106 Test  #77: test_cxx_renameSId ............................   Passed    0.14 sec
        Start  78: test_cxx_setIdFromNames
 78/106 Test  #78: test_cxx_setIdFromNames .......................   Passed    0.14 sec
        Start  79: test_cxx_setNamesFromIds
 79/106 Test  #79: test_cxx_setNamesFromIds ......................   Passed    0.13 sec
        Start  80: test_cxx_stripPackage
 80/106 Test  #80: test_cxx_stripPackage .........................   Passed    0.15 sec
        Start  81: test_cxx_unsetAnnotation
 81/106 Test  #81: test_cxx_unsetAnnotation ......................   Passed    0.13 sec
        Start  82: test_cxx_unsetNotes
 82/106 Test  #82: test_cxx_unsetNotes ...........................   Passed    0.13 sec
        Start  83: test_cxx_validateSBML
 83/106 Test  #83: test_cxx_validateSBML .........................   Passed    0.13 sec
        Start  84: test_java_addCVTerms
 84/106 Test  #84: test_java_addCVTerms ..........................   Passed    0.17 sec
        Start  85: test_java_addingEvidenceCodes_1
 85/106 Test  #85: test_java_addingEvidenceCodes_1 ...............   Passed    0.16 sec
        Start  86: test_java_addingEvidenceCodes_2
 86/106 Test  #86: test_java_addingEvidenceCodes_2 ...............   Passed    0.17 sec
        Start  87: test_java_addModelHistory
 87/106 Test  #87: test_java_addModelHistory .....................   Passed    0.16 sec
        Start  88: test_java_appendAnnotation
 88/106 Test  #88: test_java_appendAnnotation ....................   Passed    0.16 sec
        Start  89: test_java_createExampleSBML
 89/106 Test  #89: test_java_createExampleSBML ...................   Passed    0.19 sec
        Start  90: test_java_echoSBML
 90/106 Test  #90: test_java_echoSBML ............................   Passed    0.17 sec
        Start  91: test_java_evaluateCustomMath
 91/106 Test  #91: test_java_evaluateCustomMath ..................   Passed    0.17 sec
        Start  92: test_java_getAllElementsWithNotes
 92/106 Test  #92: test_java_getAllElementsWithNotes .............   Passed    0.16 sec
        Start  93: test_java_inlineInitialAssignments
 93/106 Test  #93: test_java_inlineInitialAssignments ............   Passed    0.16 sec
        Start  94: test_java_printAnnotation
 94/106 Test  #94: test_java_printAnnotation .....................   Passed    0.17 sec
        Start  95: test_java_printMath
 95/106 Test  #95: test_java_printMath ...........................   Passed    0.16 sec
        Start  96: test_java_printNotes
 96/106 Test  #96: test_java_printNotes ..........................   Passed    0.16 sec
        Start  97: test_java_printRegisteredPackages
 97/106 Test  #97: test_java_printRegisteredPackages .............   Passed    0.16 sec
        Start  98: test_java_printSBML
 98/106 Test  #98: test_java_printSBML ...........................   Passed    0.17 sec
        Start  99: test_java_printsupported
 99/106 Test  #99: test_java_printsupported ......................   Passed    0.16 sec
        Start 100: test_java_printUnits
100/106 Test #100: test_java_printUnits ..........................   Passed    0.18 sec
        Start 101: test_java_promoteParameters
101/106 Test #101: test_java_promoteParameters ...................   Passed    0.17 sec
        Start 102: test_java_readSBML
102/106 Test #102: test_java_readSBML ............................   Passed    0.16 sec
        Start 103: test_java_replaceOneFD
103/106 Test #103: test_java_replaceOneFD ........................   Passed    0.16 sec
        Start 104: test_java_setIdFromNames
104/106 Test #104: test_java_setIdFromNames ......................   Passed    0.17 sec
        Start 105: test_java_stripPackage
105/106 Test #105: test_java_stripPackage ........................   Passed    0.19 sec
        Start 106: test_java_unsetAnnotation
106/106 Test #106: test_java_unsetAnnotation .....................   Passed    0.16 sec

99% tests passed, 1 tests failed out of 106

Total Test time (real) =  33.20 sec

The following tests FAILED:
	 29 - test_java_binding (Failed)
[ERROR_MESSAGE] 
Errors while running CTest

