[HANDLER_OUTPUT] 
Test project /home/libsbml/development/libsbml-build-scripts/autobuild-option-tests/BUILD/ubuntu-1604-ninja-base-packages-xml2-check-examples-strict-csharp

        Start   1: test_comp_extensions_run
  1/109 Test   #1: test_comp_extensions_run ......................   Passed    0.46 sec
        Start   2: test_comp_sbase_run
  2/109 Test   #2: test_comp_sbase_run ...........................   Passed    0.27 sec
        Start   3: test_comp_util_run
  3/109 Test   #3: test_comp_util_run ............................   Passed    2.96 sec
        Start   4: test_comp_validator_run
  4/109 Test   #4: test_comp_validator_run .......................   Passed    0.51 sec
        Start   5: test_extension_package_qual_run
  5/109 Test   #5: test_extension_package_qual_run ...............   Passed    0.11 sec
        Start   6: test_sbml_package_qual_run
  6/109 Test   #6: test_sbml_package_qual_run ....................   Passed    0.18 sec
        Start   7: test_qual_validator_run
  7/109 Test   #7: test_qual_validator_run .......................   Passed    0.17 sec
        Start   8: test_sbml_package_render_run
  8/109 Test   #8: test_sbml_package_render_run ..................   Passed    0.79 sec
        Start   9: test_render_validator_run
  9/109 Test   #9: test_render_validator_run .....................   Passed    0.18 sec
        Start  10: test_sbml_package_multi_run
 10/109 Test  #10: test_sbml_package_multi_run ...................   Passed    0.17 sec
        Start  11: test_multi_validator_run
 11/109 Test  #11: test_multi_validator_run ......................   Passed    0.19 sec
        Start  12: test_sbml_package_fbc_run
 12/109 Test  #12: test_sbml_package_fbc_run .....................   Passed    0.23 sec
        Start  13: test_fbc_validator_run
 13/109 Test  #13: test_fbc_validator_run ........................   Passed    0.31 sec
        Start  14: test_l3v2extendedmath_validator_run
 14/109 Test  #14: test_l3v2extendedmath_validator_run ...........   Passed    0.08 sec
        Start  15: test_extension_package_l3v2extendedmath_run
 15/109 Test  #15: test_extension_package_l3v2extendedmath_run ...   Passed    0.13 sec
        Start  16: test_sbml_package_layout_run
 16/109 Test  #16: test_sbml_package_layout_run ..................   Passed    0.53 sec
        Start  17: test_layout_validator_run
 17/109 Test  #17: test_layout_validator_run .....................   Passed    0.60 sec
        Start  18: test_extension_package_groups_run
 18/109 Test  #18: test_extension_package_groups_run .............   Passed    0.19 sec
        Start  19: test_groups_validator_run
 19/109 Test  #19: test_groups_validator_run .....................   Passed    0.14 sec
        Start  20: test_sbml_annotation_run
 20/109 Test  #20: test_sbml_annotation_run ......................   Passed    0.50 sec
        Start  21: test_sbml_conversion_run
 21/109 Test  #21: test_sbml_conversion_run ......................   Passed    0.56 sec
        Start  22: test_sbml_extension_run
 22/109 Test  #22: test_sbml_extension_run .......................   Passed    0.16 sec
        Start  23: test_sbml_math_run
 23/109 Test  #23: test_sbml_math_run ............................   Passed    0.87 sec
        Start  24: test_sbml_sbml_run
 24/109 Test  #24: test_sbml_sbml_run ............................   Passed    2.55 sec
        Start  25: test_sbml_units_run
 25/109 Test  #25: test_sbml_units_run ...........................   Passed    0.90 sec
        Start  26: test_sbml_util_run
 26/109 Test  #26: test_sbml_util_run ............................   Passed    0.04 sec
        Start  27: test_sbml_validator_run
 27/109 Test  #27: test_sbml_validator_run .......................   Passed    4.25 sec
        Start  28: test_sbml_xml_run
 28/109 Test  #28: test_sbml_xml_run .............................   Passed    0.22 sec
        Start  29: test_csharp_bindings
 29/109 Test  #29: test_csharp_bindings ..........................   Passed    0.55 sec
        Start  30: test_csharp_bindings_full
 30/109 Test  #30: test_csharp_bindings_full .....................***Failed  Required regular expression not found.Regex=[failures 0
]  1.26 sec
LibSBML C# Testrunner
=====================
Running the tests with: 
	Data Directory:   /home/libsbml/development/sf_libsbml/src/sbml/test/test-data

...................................................<!-- Created by foo version bar on 2019-03-20 20:22 with libSBML version 5.17.3. -->
......................................................................................................................................................................................................................................................................................................................E....................................................................................................................................................................................................................................................................................................................................................................................................................................................................................................................................................................................................................................................................................................................................................................................................................................................................................................................................................................................................................................................................................................................................................................................................................................................................................................................................................................................................................................................................................................................................................................................................................................................

Total Number of Tests 1830, failures 1


Error in 'test_consistency_checks': 
====================
Exception of type 'LibSBMLCSTest.sbml.TestConsistencyChecks+AssertionError' was thrown.
  at LibSBMLCSTest.sbml.TestConsistencyChecks.assertTrue (Boolean condition) <0x40502190 + 0x00047> in <filename unknown>:0 
  at LibSBMLCSTest.sbml.TestConsistencyChecks.test_consistency_checks () <0x40501b70 + 0x003e7> in <filename unknown>:0 
  at (wrapper managed-to-native) System.Reflection.MonoMethod:InternalInvoke (System.Reflection.MonoMethod,object,object[],System.Exception&)
  at System.Reflection.MonoMethod.Invoke (System.Object obj, BindingFlags invokeAttr, System.Reflection.Binder binder, System.Object[] parameters, System.Globalization.CultureInfo culture) <0x7f961e5ab9e0 + 0x000a1> in <filename unknown>:0 



        Start  31: test_c_addCVTerms
 31/109 Test  #31: test_c_addCVTerms .............................   Passed    0.07 sec
        Start  32: test_c_addingEvidenceCodes_1
 32/109 Test  #32: test_c_addingEvidenceCodes_1 ..................   Passed    0.10 sec
        Start  33: test_c_addingEvidenceCodes_2
 33/109 Test  #33: test_c_addingEvidenceCodes_2 ..................   Passed    0.10 sec
        Start  34: test_c_addModelHistory
 34/109 Test  #34: test_c_addModelHistory ........................   Passed    0.07 sec
        Start  35: test_c_appendAnnotation
 35/109 Test  #35: test_c_appendAnnotation .......................   Passed    0.08 sec
        Start  36: test_c_convertSBML
 36/109 Test  #36: test_c_convertSBML ............................   Passed    0.09 sec
        Start  37: test_c_createExampleSBML
 37/109 Test  #37: test_c_createExampleSBML ......................   Passed    0.11 sec
        Start  38: test_c_drawMath
 38/109 Test  #38: test_c_drawMath ...............................   Passed    0.09 sec
        Start  39: test_c_echoSBML
 39/109 Test  #39: test_c_echoSBML ...............................   Passed    0.06 sec
        Start  40: test_c_printAnnotation
 40/109 Test  #40: test_c_printAnnotation ........................   Passed    0.09 sec
        Start  41: test_c_printMath
 41/109 Test  #41: test_c_printMath ..............................   Passed    0.10 sec
        Start  42: test_c_printNotes
 42/109 Test  #42: test_c_printNotes .............................   Passed    0.05 sec
        Start  43: test_c_printRegisteredPackages
 43/109 Test  #43: test_c_printRegisteredPackages ................   Passed    0.05 sec
        Start  44: test_c_printSBML
 44/109 Test  #44: test_c_printSBML ..............................   Passed    0.07 sec
        Start  45: test_c_printSupported
 45/109 Test  #45: test_c_printSupported .........................   Passed    0.05 sec
        Start  46: test_c_printUnits
 46/109 Test  #46: test_c_printUnits .............................   Passed    0.08 sec
        Start  47: test_c_promoteParameters
 47/109 Test  #47: test_c_promoteParameters ......................   Passed    0.10 sec
        Start  48: test_c_readSBML
 48/109 Test  #48: test_c_readSBML ...............................   Passed    0.07 sec
        Start  49: test_c_stripPackage
 49/109 Test  #49: test_c_stripPackage ...........................   Passed    0.08 sec
        Start  50: test_c_unsetAnnotation
 50/109 Test  #50: test_c_unsetAnnotation ........................   Passed    0.10 sec
        Start  51: test_c_unsetNotes
 51/109 Test  #51: test_c_unsetNotes .............................   Passed    0.11 sec
        Start  52: test_c_validateSBML
 52/109 Test  #52: test_c_validateSBML ...........................   Passed    0.08 sec
        Start  53: test_cxx_addCVTerms
 53/109 Test  #53: test_cxx_addCVTerms ...........................   Passed    0.08 sec
        Start  54: test_cxx_addCustomValidator
 54/109 Test  #54: test_cxx_addCustomValidator ...................   Passed    0.09 sec
        Start  55: test_cxx_addingEvidenceCodes_1
 55/109 Test  #55: test_cxx_addingEvidenceCodes_1 ................   Passed    0.06 sec
        Start  56: test_cxx_addingEvidenceCodes_2
 56/109 Test  #56: test_cxx_addingEvidenceCodes_2 ................   Passed    0.08 sec
        Start  57: test_cxx_addModelHistory
 57/109 Test  #57: test_cxx_addModelHistory ......................   Passed    0.09 sec
        Start  58: test_cxx_appendAnnotation
 58/109 Test  #58: test_cxx_appendAnnotation .....................   Passed    0.09 sec
        Start  59: test_cxx_callExternalValidator
 59/109 Test  #59: test_cxx_callExternalValidator ................   Passed    0.08 sec
        Start  60: test_cxx_convertSBML
 60/109 Test  #60: test_cxx_convertSBML ..........................   Passed    0.11 sec
        Start  61: test_cxx_convertToL1V1
 61/109 Test  #61: test_cxx_convertToL1V1 ........................   Passed    0.11 sec
        Start  62: test_cxx_createExampleSBML
 62/109 Test  #62: test_cxx_createExampleSBML ....................   Passed    0.14 sec
        Start  63: test_cxx_echoSBML
 63/109 Test  #63: test_cxx_echoSBML .............................   Passed    0.07 sec
        Start  64: test_cxx_inferUnits
 64/109 Test  #64: test_cxx_inferUnits ...........................   Passed    0.08 sec
        Start  65: test_cxx_inlineFunctionDefintions
 65/109 Test  #65: test_cxx_inlineFunctionDefintions .............   Passed    0.07 sec
        Start  66: test_cxx_convertReactions
 66/109 Test  #66: test_cxx_convertReactions .....................   Passed    0.09 sec
        Start  67: test_cxx_getAllElementsWithNotes
 67/109 Test  #67: test_cxx_getAllElementsWithNotes ..............   Passed    0.08 sec
        Start  68: test_cxx_printAnnotation
 68/109 Test  #68: test_cxx_printAnnotation ......................   Passed    0.09 sec
        Start  69: test_cxx_printMath
 69/109 Test  #69: test_cxx_printMath ............................   Passed    0.08 sec
        Start  70: test_cxx_printNotes
 70/109 Test  #70: test_cxx_printNotes ...........................   Passed    0.10 sec
        Start  71: test_cxx_printSBML
 71/109 Test  #71: test_cxx_printSBML ............................   Passed    0.07 sec
        Start  72: test_cxx_printRegisteredPackages
 72/109 Test  #72: test_cxx_printRegisteredPackages ..............   Passed    0.05 sec
        Start  73: test_cxx_printSupported
 73/109 Test  #73: test_cxx_printSupported .......................   Passed    0.04 sec
        Start  74: test_cxx_printUnits
 74/109 Test  #74: test_cxx_printUnits ...........................   Passed    0.11 sec
        Start  75: test_cxx_promoteParameters
 75/109 Test  #75: test_cxx_promoteParameters ....................   Passed    0.09 sec
        Start  76: test_cxx_readSBML
 76/109 Test  #76: test_cxx_readSBML .............................   Passed    0.07 sec
        Start  77: test_cxx_renameSId
 77/109 Test  #77: test_cxx_renameSId ............................   Passed    0.11 sec
        Start  78: test_cxx_setIdFromNames
 78/109 Test  #78: test_cxx_setIdFromNames .......................   Passed    0.07 sec
        Start  79: test_cxx_setNamesFromIds
 79/109 Test  #79: test_cxx_setNamesFromIds ......................   Passed    0.08 sec
        Start  80: test_cxx_stripPackage
 80/109 Test  #80: test_cxx_stripPackage .........................   Passed    0.07 sec
        Start  81: test_cxx_unsetAnnotation
 81/109 Test  #81: test_cxx_unsetAnnotation ......................   Passed    0.11 sec
        Start  82: test_cxx_unsetNotes
 82/109 Test  #82: test_cxx_unsetNotes ...........................   Passed    0.08 sec
        Start  83: test_cxx_validateSBML
 83/109 Test  #83: test_cxx_validateSBML .........................   Passed    0.06 sec
        Start  84: test_cs_addCVTerms
 84/109 Test  #84: test_cs_addCVTerms ............................   Passed    0.08 sec
        Start  85: test_cs_addingEvidenceCodes_1
 85/109 Test  #85: test_cs_addingEvidenceCodes_1 .................   Passed    0.04 sec
        Start  86: test_cs_addingEvidenceCodes_2
 86/109 Test  #86: test_cs_addingEvidenceCodes_2 .................   Passed    0.04 sec
        Start  87: test_cs_addModelHistory
 87/109 Test  #87: test_cs_addModelHistory .......................   Passed    0.04 sec
        Start  88: test_cs_appendAnnotation
 88/109 Test  #88: test_cs_appendAnnotation ......................   Passed    0.04 sec
        Start  89: test_cs_convertSBML
 89/109 Test  #89: test_cs_convertSBML ...........................   Passed    0.05 sec
        Start  90: test_cs_createExampleSBML
 90/109 Test  #90: test_cs_createExampleSBML .....................   Passed    0.07 sec
        Start  91: test_cs_echoSBML
 91/109 Test  #91: test_cs_echoSBML ..............................   Passed    0.04 sec
        Start  92: test_cs_GetAllElementsWithNotes
 92/109 Test  #92: test_cs_GetAllElementsWithNotes ...............   Passed    0.05 sec
        Start  93: test_cs_printAnnotation
 93/109 Test  #93: test_cs_printAnnotation .......................   Passed    0.05 sec
        Start  94: test_cs_printMath
 94/109 Test  #94: test_cs_printMath .............................   Passed    0.04 sec
        Start  95: test_cs_printNotes
 95/109 Test  #95: test_cs_printNotes ............................   Passed    0.05 sec
        Start  96: test_cs_printRegisteredPackages
 96/109 Test  #96: test_cs_printRegisteredPackages ...............   Passed    0.03 sec
        Start  97: test_cs_printSBML
 97/109 Test  #97: test_cs_printSBML .............................   Passed    0.04 sec
        Start  98: test_cs_printsupported
 98/109 Test  #98: test_cs_printsupported ........................   Passed    0.05 sec
        Start  99: test_cs_printUnits
 99/109 Test  #99: test_cs_printUnits ............................   Passed    0.05 sec
        Start 100: test_cs_promoteParameters
100/109 Test #100: test_cs_promoteParameters .....................   Passed    0.04 sec
        Start 101: test_cs_readSBML
101/109 Test #101: test_cs_readSBML ..............................   Passed    0.04 sec
        Start 102: test_cs_stripPackage
102/109 Test #102: test_cs_stripPackage ..........................   Passed    0.05 sec
        Start 103: test_cs_SetIdFromNames
103/109 Test #103: test_cs_SetIdFromNames ........................   Passed    0.05 sec
        Start 104: test_cs_unsetAnnotation
104/109 Test #104: test_cs_unsetAnnotation .......................   Passed    0.04 sec
        Start 105: test_cs_unsetNotes
105/109 Test #105: test_cs_unsetNotes ............................   Passed    0.04 sec
        Start 106: test_cs_validateSBML
106/109 Test #106: test_cs_validateSBML ..........................   Passed    0.04 sec
        Start 107: test_cs_evaluateCustomMath
107/109 Test #107: test_cs_evaluateCustomMath ....................   Passed    0.04 sec
        Start 108: test_cs_inlineInitialAssignments
108/109 Test #108: test_cs_inlineInitialAssignments ..............   Passed    0.05 sec
        Start 109: test_cs_replaceOneFD
109/109 Test #109: test_cs_replaceOneFD ..........................   Passed    0.04 sec

99% tests passed, 1 tests failed out of 109

Total Test time (real) =  25.86 sec

The following tests FAILED:
	 30 - test_csharp_bindings_full (Failed)
[ERROR_MESSAGE] 
Errors while running CTest

