[HANDLER_OUTPUT] 
Test project /home/libsbml/development/libsbml-build-scripts/autobuild-option-tests/BUILD/ubuntu-1604-ninja-base-xml2-check-cpp_ns-examples-strict-csharp

      Start  1: test_l3v2extendedmath_validator_run
 1/89 Test  #1: test_l3v2extendedmath_validator_run ...........   Passed    0.11 sec
      Start  2: test_extension_package_l3v2extendedmath_run
 2/89 Test  #2: test_extension_package_l3v2extendedmath_run ...   Passed    0.08 sec
      Start  3: test_sbml_annotation_run
 3/89 Test  #3: test_sbml_annotation_run ......................   Passed    0.40 sec
      Start  4: test_sbml_conversion_run
 4/89 Test  #4: test_sbml_conversion_run ......................   Passed    0.48 sec
      Start  5: test_sbml_extension_run
 5/89 Test  #5: test_sbml_extension_run .......................   Passed    0.08 sec
      Start  6: test_sbml_math_run
 6/89 Test  #6: test_sbml_math_run ............................   Passed    0.69 sec
      Start  7: test_sbml_sbml_run
 7/89 Test  #7: test_sbml_sbml_run ............................   Passed    2.41 sec
      Start  8: test_sbml_units_run
 8/89 Test  #8: test_sbml_units_run ...........................   Passed    0.75 sec
      Start  9: test_sbml_util_run
 9/89 Test  #9: test_sbml_util_run ............................   Passed    0.04 sec
      Start 10: test_sbml_validator_run
10/89 Test #10: test_sbml_validator_run .......................   Passed    3.61 sec
      Start 11: test_sbml_xml_run
11/89 Test #11: test_sbml_xml_run .............................   Passed    0.19 sec
      Start 12: test_csharp_bindings
12/89 Test #12: test_csharp_bindings ..........................   Passed    0.36 sec
      Start 13: test_csharp_bindings_full
13/89 Test #13: test_csharp_bindings_full .....................***Failed  Required regular expression not found.Regex=[failures 0
]  1.12 sec
LibSBML C# Testrunner
=====================
Running the tests with: 
	Data Directory:   /home/libsbml/development/sf_libsbml/src/sbml/test/test-data

...................................................<!-- Created by foo version bar on 2019-03-20 20:28 with libSBML version 5.17.3. -->
......................................................................................................................................................................................................................................................................................................................E....................................................................................................................................................................................................................................................................................................................................................................................................................................................................................................................................................................................................................................................................................................................................................................................................................................................................................................................................................................................................................................................................................................................................................................................................................................................................................................................................................................................................................................................................................................................................................................................................................................................

Total Number of Tests 1830, failures 1


Error in 'test_consistency_checks': 
====================
Exception of type 'LibSBMLCSTest.sbml.TestConsistencyChecks+AssertionError' was thrown.
  at LibSBMLCSTest.sbml.TestConsistencyChecks.assertTrue (Boolean condition) <0x41060190 + 0x00047> in <filename unknown>:0 
  at LibSBMLCSTest.sbml.TestConsistencyChecks.test_consistency_checks () <0x4105fb70 + 0x003e7> in <filename unknown>:0 
  at (wrapper managed-to-native) System.Reflection.MonoMethod:InternalInvoke (System.Reflection.MonoMethod,object,object[],System.Exception&)
  at System.Reflection.MonoMethod.Invoke (System.Object obj, BindingFlags invokeAttr, System.Reflection.Binder binder, System.Object[] parameters, System.Globalization.CultureInfo culture) <0x7f99db5ab9e0 + 0x000a1> in <filename unknown>:0 



      Start 14: test_c_addCVTerms
14/89 Test #14: test_c_addCVTerms .............................   Passed    0.07 sec
      Start 15: test_c_addingEvidenceCodes_1
15/89 Test #15: test_c_addingEvidenceCodes_1 ..................   Passed    0.09 sec
      Start 16: test_c_addingEvidenceCodes_2
16/89 Test #16: test_c_addingEvidenceCodes_2 ..................   Passed    0.10 sec
      Start 17: test_c_addModelHistory
17/89 Test #17: test_c_addModelHistory ........................   Passed    0.08 sec
      Start 18: test_c_appendAnnotation
18/89 Test #18: test_c_appendAnnotation .......................   Passed    0.06 sec
      Start 19: test_c_convertSBML
19/89 Test #19: test_c_convertSBML ............................   Passed    0.09 sec
      Start 20: test_c_createExampleSBML
20/89 Test #20: test_c_createExampleSBML ......................   Passed    0.10 sec
      Start 21: test_c_drawMath
21/89 Test #21: test_c_drawMath ...............................   Passed    0.07 sec
      Start 22: test_c_echoSBML
22/89 Test #22: test_c_echoSBML ...............................   Passed    0.08 sec
      Start 23: test_c_printAnnotation
23/89 Test #23: test_c_printAnnotation ........................   Passed    0.08 sec
      Start 24: test_c_printMath
24/89 Test #24: test_c_printMath ..............................   Passed    0.06 sec
      Start 25: test_c_printNotes
25/89 Test #25: test_c_printNotes .............................   Passed    0.10 sec
      Start 26: test_c_printRegisteredPackages
26/89 Test #26: test_c_printRegisteredPackages ................   Passed    0.04 sec
      Start 27: test_c_printSBML
27/89 Test #27: test_c_printSBML ..............................   Passed    0.10 sec
      Start 28: test_c_printSupported
28/89 Test #28: test_c_printSupported .........................   Passed    0.04 sec
      Start 29: test_c_printUnits
29/89 Test #29: test_c_printUnits .............................   Passed    0.07 sec
      Start 30: test_c_promoteParameters
30/89 Test #30: test_c_promoteParameters ......................   Passed    0.08 sec
      Start 31: test_c_readSBML
31/89 Test #31: test_c_readSBML ...............................   Passed    0.08 sec
      Start 32: test_c_unsetAnnotation
32/89 Test #32: test_c_unsetAnnotation ........................   Passed    0.07 sec
      Start 33: test_c_unsetNotes
33/89 Test #33: test_c_unsetNotes .............................   Passed    0.06 sec
      Start 34: test_c_validateSBML
34/89 Test #34: test_c_validateSBML ...........................   Passed    0.07 sec
      Start 35: test_cxx_addCVTerms
35/89 Test #35: test_cxx_addCVTerms ...........................   Passed    0.11 sec
      Start 36: test_cxx_addCustomValidator
36/89 Test #36: test_cxx_addCustomValidator ...................   Passed    0.07 sec
      Start 37: test_cxx_addingEvidenceCodes_1
37/89 Test #37: test_cxx_addingEvidenceCodes_1 ................   Passed    0.07 sec
      Start 38: test_cxx_addingEvidenceCodes_2
38/89 Test #38: test_cxx_addingEvidenceCodes_2 ................   Passed    0.06 sec
      Start 39: test_cxx_addModelHistory
39/89 Test #39: test_cxx_addModelHistory ......................   Passed    0.08 sec
      Start 40: test_cxx_appendAnnotation
40/89 Test #40: test_cxx_appendAnnotation .....................   Passed    0.06 sec
      Start 41: test_cxx_callExternalValidator
41/89 Test #41: test_cxx_callExternalValidator ................   Passed    0.07 sec
      Start 42: test_cxx_convertSBML
42/89 Test #42: test_cxx_convertSBML ..........................   Passed    0.08 sec
      Start 43: test_cxx_convertToL1V1
43/89 Test #43: test_cxx_convertToL1V1 ........................   Passed    0.07 sec
      Start 44: test_cxx_createExampleSBML
44/89 Test #44: test_cxx_createExampleSBML ....................   Passed    0.09 sec
      Start 45: test_cxx_echoSBML
45/89 Test #45: test_cxx_echoSBML .............................   Passed    0.08 sec
      Start 46: test_cxx_inferUnits
46/89 Test #46: test_cxx_inferUnits ...........................   Passed    0.07 sec
      Start 47: test_cxx_inlineFunctionDefintions
47/89 Test #47: test_cxx_inlineFunctionDefintions .............   Passed    0.05 sec
      Start 48: test_cxx_convertReactions
48/89 Test #48: test_cxx_convertReactions .....................   Passed    0.05 sec
      Start 49: test_cxx_getAllElementsWithNotes
49/89 Test #49: test_cxx_getAllElementsWithNotes ..............   Passed    0.05 sec
      Start 50: test_cxx_printAnnotation
50/89 Test #50: test_cxx_printAnnotation ......................   Passed    0.07 sec
      Start 51: test_cxx_printMath
51/89 Test #51: test_cxx_printMath ............................   Passed    0.08 sec
      Start 52: test_cxx_printNotes
52/89 Test #52: test_cxx_printNotes ...........................   Passed    0.06 sec
      Start 53: test_cxx_printSBML
53/89 Test #53: test_cxx_printSBML ............................   Passed    0.08 sec
      Start 54: test_cxx_printRegisteredPackages
54/89 Test #54: test_cxx_printRegisteredPackages ..............   Passed    0.04 sec
      Start 55: test_cxx_printSupported
55/89 Test #55: test_cxx_printSupported .......................   Passed    0.02 sec
      Start 56: test_cxx_printUnits
56/89 Test #56: test_cxx_printUnits ...........................   Passed    0.06 sec
      Start 57: test_cxx_promoteParameters
57/89 Test #57: test_cxx_promoteParameters ....................   Passed    0.06 sec
      Start 58: test_cxx_readSBML
58/89 Test #58: test_cxx_readSBML .............................   Passed    0.08 sec
      Start 59: test_cxx_renameSId
59/89 Test #59: test_cxx_renameSId ............................   Passed    0.04 sec
      Start 60: test_cxx_setIdFromNames
60/89 Test #60: test_cxx_setIdFromNames .......................   Passed    0.06 sec
      Start 61: test_cxx_setNamesFromIds
61/89 Test #61: test_cxx_setNamesFromIds ......................   Passed    0.06 sec
      Start 62: test_cxx_unsetAnnotation
62/89 Test #62: test_cxx_unsetAnnotation ......................   Passed    0.06 sec
      Start 63: test_cxx_unsetNotes
63/89 Test #63: test_cxx_unsetNotes ...........................   Passed    0.07 sec
      Start 64: test_cxx_validateSBML
64/89 Test #64: test_cxx_validateSBML .........................   Passed    0.08 sec
      Start 65: test_cs_addCVTerms
65/89 Test #65: test_cs_addCVTerms ............................   Passed    0.06 sec
      Start 66: test_cs_addingEvidenceCodes_1
66/89 Test #66: test_cs_addingEvidenceCodes_1 .................   Passed    0.05 sec
      Start 67: test_cs_addingEvidenceCodes_2
67/89 Test #67: test_cs_addingEvidenceCodes_2 .................   Passed    0.04 sec
      Start 68: test_cs_addModelHistory
68/89 Test #68: test_cs_addModelHistory .......................   Passed    0.04 sec
      Start 69: test_cs_appendAnnotation
69/89 Test #69: test_cs_appendAnnotation ......................   Passed    0.03 sec
      Start 70: test_cs_convertSBML
70/89 Test #70: test_cs_convertSBML ...........................   Passed    0.04 sec
      Start 71: test_cs_createExampleSBML
71/89 Test #71: test_cs_createExampleSBML .....................   Passed    0.07 sec
      Start 72: test_cs_echoSBML
72/89 Test #72: test_cs_echoSBML ..............................   Passed    0.03 sec
      Start 73: test_cs_GetAllElementsWithNotes
73/89 Test #73: test_cs_GetAllElementsWithNotes ...............   Passed    0.07 sec
      Start 74: test_cs_printAnnotation
74/89 Test #74: test_cs_printAnnotation .......................   Passed    0.04 sec
      Start 75: test_cs_printMath
75/89 Test #75: test_cs_printMath .............................   Passed    0.04 sec
      Start 76: test_cs_printNotes
76/89 Test #76: test_cs_printNotes ............................   Passed    0.04 sec
      Start 77: test_cs_printRegisteredPackages
77/89 Test #77: test_cs_printRegisteredPackages ...............   Passed    0.03 sec
      Start 78: test_cs_printSBML
78/89 Test #78: test_cs_printSBML .............................   Passed    0.03 sec
      Start 79: test_cs_printsupported
79/89 Test #79: test_cs_printsupported ........................   Passed    0.03 sec
      Start 80: test_cs_printUnits
80/89 Test #80: test_cs_printUnits ............................   Passed    0.05 sec
      Start 81: test_cs_promoteParameters
81/89 Test #81: test_cs_promoteParameters .....................   Passed    0.03 sec
      Start 82: test_cs_readSBML
82/89 Test #82: test_cs_readSBML ..............................   Passed    0.04 sec
      Start 83: test_cs_SetIdFromNames
83/89 Test #83: test_cs_SetIdFromNames ........................   Passed    0.04 sec
      Start 84: test_cs_unsetAnnotation
84/89 Test #84: test_cs_unsetAnnotation .......................   Passed    0.04 sec
      Start 85: test_cs_unsetNotes
85/89 Test #85: test_cs_unsetNotes ............................   Passed    0.04 sec
      Start 86: test_cs_validateSBML
86/89 Test #86: test_cs_validateSBML ..........................   Passed    0.06 sec
      Start 87: test_cs_evaluateCustomMath
87/89 Test #87: test_cs_evaluateCustomMath ....................   Passed    0.03 sec
      Start 88: test_cs_inlineInitialAssignments
88/89 Test #88: test_cs_inlineInitialAssignments ..............   Passed    0.04 sec
      Start 89: test_cs_replaceOneFD
89/89 Test #89: test_cs_replaceOneFD ..........................   Passed    0.04 sec

99% tests passed, 1 tests failed out of 89

Total Test time (real) =  15.06 sec

The following tests FAILED:
	 13 - test_csharp_bindings_full (Failed)
[ERROR_MESSAGE] 
Errors while running CTest

