Starting Tests: Thu 11/29/2018  8:09:09.04 
UpdateCTestConfiguration  from :C:/Development/libsbml-32-packages/DartConfiguration.tcl
Parse Config file:C:/Development/libsbml-32-packages/DartConfiguration.tcl
UpdateCTestConfiguration  from :C:/Development/libsbml-32-packages/DartConfiguration.tcl
Parse Config file:C:/Development/libsbml-32-packages/DartConfiguration.tcl
Test project C:/Development/libsbml-32-packages
Constructing a list of tests
Done constructing a list of tests
Updating test list for fixtures
Added 0 tests to meet fixture requirements
Checking test dependency graph...
Checking test dependency graph end
test 1
        Start   1: test_extension_package_arrays_run

1: Test command: C:\Development\libsbml-32-packages\src\sbml\packages\arrays\extension\test\Release\test_extension_package_arrays.exe
1: Environment variables: 
1:  srcdir=C:/Development/libsbml-with-packages/src/sbml/packages/arrays/extension/test
1: Test timeout computed to be: 3000
1: Running suite(s): ArraysExtension
1:  WriteArraysExtension
1:  ReadArraysExtension
1:  ReadMathML
1:  WriteMathMLFromAST
1:  ArrayInfixParsing
1:  ArrayInfixWriting
1:  ArrayInfixToMathML
1: 100%: Checks: 68, Failures: 0, Errors: 0
  1/186 Test   #1: test_extension_package_arrays_run .............   Passed    1.88 sec
test 2
        Start   2: test_arrays_util_run

2: Test command: C:\Development\libsbml-32-packages\src\sbml\packages\arrays\util\test\Release\test_arrays_util.exe
2: Environment variables: 
2:  srcdir=C:/Development/libsbml-with-packages/src/sbml/packages/arrays/util/test
2: Test timeout computed to be: 3000
2: Running suite(s): SBMLArraysFlatteningConverter
2: 100%: Checks: 19, Failures: 0, Errors: 0
  2/186 Test   #2: test_arrays_util_run ..........................   Passed    1.97 sec
test 3
        Start   3: test_comp_extensions_run

3: Test command: C:\Development\libsbml-32-packages\src\sbml\packages\comp\extension\test\Release\test_comp_extensions.exe
3: Environment variables: 
3:  srcdir=C:/Development/libsbml-with-packages/src/sbml/packages/comp/extension/test
3: Test timeout computed to be: 3000
3: Running suite(s): SBMLCompExtensionObjects
3:  TestMultipleNamespaces
3:  SBMLCompCheckConsistency
3: 100%: Checks: 14, Failures: 0, Errors: 0
  3/186 Test   #3: test_comp_extensions_run ......................   Passed    2.14 sec
test 4
        Start   4: test_comp_sbase_run

4: Test command: C:\Development\libsbml-32-packages\src\sbml\packages\comp\sbml\test\Release\test_comp_sbase.exe
4: Environment variables: 
4:  srcdir=C:/Development/libsbml-with-packages/src/sbml/packages/comp/sbml/test
4: Test timeout computed to be: 3000
4: Running suite(s): SBMLCompSBaseObjects
4:  SBMLCompIdNamspace
4:  SBMLCompSBaseObjects
4:  comp_deletion
4:  comp_externalModelDefinition
4:  comp_modelDefinition
4:  comp_port
4:  comp_replacedBy
4:  comp_replacedElement
4:  comp_sBaseRef
4:  comp_submodel
4: 100%: Checks: 94, Failures: 0, Errors: 0
  4/186 Test   #4: test_comp_sbase_run ...........................   Passed    2.09 sec
test 5
        Start   5: test_comp_util_run

5: Test command: C:\Development\libsbml-32-packages\src\sbml\packages\comp\util\test\Release\test_comp_util.exe
5: Environment variables: 
5:  srcdir=C:/Development/libsbml-with-packages/src/sbml/packages/comp/util/test
5: Test timeout computed to be: 3000
5: Running suite(s): SBMLCompURIResolvers
5:  SBMLCompLevelVersionConversion
5:  SBMLCompFlatteningUnknownPackageRefs
5:  SBMLCompFlatteningErrorMessages
5:  SBMLCompFlatteningConverter
5:  ExternalModelResolving
5:  SBMLCompFlatteningNewFlags
5:  SBMLCompFlatteningConverterStripPackage
5: 100%: Checks: 356, Failures: 0, Errors: 0
  5/186 Test   #5: test_comp_util_run ............................   Passed    8.51 sec
test 6
        Start   6: test_comp_validator_run

6: Test command: C:\Development\libsbml-32-packages\src\sbml\packages\comp\validator\test\Release\test_comp_validator.exe "C:/Development/libsbml-with-packages/src/sbml/packages/comp/validator/test"
6: Environment variables: 
6:  srcdir=C:/Development/libsbml-with-packages/src/sbml/packages/comp/validator/test
6: Test timeout computed to be: 3000
6: 
6: Validator testrunner
6: ====================
6: using test data from           : C:/Development/libsbml-with-packages/src/sbml/packages/comp/validator/test/test-data
6: 
6: Testing General XML Consistency Constraints (20000 - 29999).
6: 100%: Checks: 280, Failures: 0
6: Testing Id Consistency Constraints (10300 - 10399).
6: 100%: Checks: 14, Failures: 0
6: Testing Unit Consistency Constraints (10500 - 10599).
6: 100%: Checks: 22, Failures: 0
  6/186 Test   #6: test_comp_validator_run .......................   Passed    4.71 sec
test 7
        Start   7: test_extension_package_distrib_run

7: Test command: C:\Development\libsbml-32-packages\src\sbml\packages\distrib\extension\test\Release\test_extension_package_distrib.exe
7: Environment variables: 
7:  srcdir=C:/Development/libsbml-with-packages/src/sbml/packages/distrib/extension/test
7: Test timeout computed to be: 3000
7: Running suite(s): DistribExtension
7:  ReadMathML
7:  WriteMathMLFromAST
7: 100%: Checks: 32, Failures: 0, Errors: 0
  7/186 Test   #7: test_extension_package_distrib_run ............   Passed    1.86 sec
test 8
        Start   8: test_sbml_package_distrib_run

8: Test command: C:\Development\libsbml-32-packages\src\sbml\packages\distrib\sbml\test\Release\test_sbml_package_distrib.exe
8: Environment variables: 
8:  srcdir=C:/Development/libsbml-with-packages/src/sbml/packages/distrib/sbml/test
8: Test timeout computed to be: 3000
8: Running suite(s): TestUncertBound
8:  TestExternalParameters
8:  TestUncertStats
8:  TestIdName
8: 100%: Checks: 17, Failures: 0, Errors: 0
  8/186 Test   #8: test_sbml_package_distrib_run .................   Passed    1.80 sec
test 9
        Start   9: test_distrib_util_run

9: Test command: C:\Development\libsbml-32-packages\src\sbml\packages\distrib\util\test\Release\test_distrib_util.exe
9: Environment variables: 
9:  srcdir=C:/Development/libsbml-with-packages/src/sbml/packages/distrib/util/test
9: Test timeout computed to be: 3000
9: Running suite(s): SBMLDistribAnnotationConverter
9: 91%: Checks: 24, Failures: 2, Errors: 0
9: C:\Development\libsbml-with-packages\src\sbml\packages\distrib\util\test\TestDistribAnnotationConverter.cpp:798:F:SBMLDistribAnnotationConverter:test_distrib_annotation_converter_laplace:0: Assertion 'flatModel == newModel' failed
9: C:\Development\libsbml-with-packages\src\sbml\packages\distrib\util\test\TestDistribAnnotationConverter.cpp:836:F:SBMLDistribAnnotationConverter:test_distrib_annotation_converter_cauchy:0: Assertion 'flatModel == newModel' failed
  9/186 Test   #9: test_distrib_util_run .........................***Failed    2.21 sec
test 10
        Start  10: test_distrib_validator_run

10: Test command: C:\Development\libsbml-32-packages\src\sbml\packages\distrib\validator\test\Release\test_distrib_validator.exe "C:/Development/libsbml-with-packages/src/sbml/packages/distrib/validator/test"
10: Environment variables: 
10:  srcdir=C:/Development/libsbml-with-packages/src/sbml/packages/distrib/validator/test
10: Test timeout computed to be: 3000
10: 
10: Validator testrunner
10: ====================
10: using test data from           : C:/Development/libsbml-with-packages/src/sbml/packages/distrib/validator/test/test-data
10: 
10: Testing General XML Consistency Constraints (20000 - 29999).
10: 100%: Checks: 5, Failures: 0
10: Testing Id Consistency Constraints (10300 - 10399).
10: 100%: Checks: 19, Failures: 0
 10/186 Test  #10: test_distrib_validator_run ....................   Passed    1.14 sec
test 11
        Start  11: test_extension_package_dyn_run

11: Test command: C:\Development\libsbml-32-packages\src\sbml\packages\dyn\extension\test\Release\test_extension_package_dyn.exe
11: Environment variables: 
11:  srcdir=C:/Development/libsbml-with-packages/src/sbml/packages/dyn/extension/test
11: Test timeout computed to be: 3000
11: Running suite(s): DynExtension
11:  WriteDynExtension
11:  ReadDynExtension
11: 100%: Checks: 15, Failures: 0, Errors: 0
 11/186 Test  #11: test_extension_package_dyn_run ................   Passed    1.43 sec
test 12
        Start  12: test_sbml_package_fbc_run

12: Test command: C:\Development\libsbml-32-packages\src\sbml\packages\fbc\extension\test\Release\test_sbml_package_fbc.exe
12: Environment variables: 
12:  srcdir=C:/Development/libsbml-with-packages/src/sbml/packages/fbc/extension/test
12: Test timeout computed to be: 3000
12: Running suite(s): FbcExtension
12:  WriteFbcExtension
12:  ReadFbcExtension
12:  FbcAssociation
12: 100%: Checks: 36, Failures: 0, Errors: 0
 12/186 Test  #12: test_sbml_package_fbc_run .....................   Passed    1.98 sec
test 13
        Start  13: test_fbc_validator_run

13: Test command: C:\Development\libsbml-32-packages\src\sbml\packages\fbc\validator\test\Release\test_fbc_validator.exe "C:/Development/libsbml-with-packages/src/sbml/packages/fbc/validator/test"
13: Environment variables: 
13:  srcdir=C:/Development/libsbml-with-packages/src/sbml/packages/fbc/validator/test
13: Test timeout computed to be: 3000
13: 
13: Validator testrunner
13: ====================
13: using test data from           : C:/Development/libsbml-with-packages/src/sbml/packages/fbc/validator/test/test-data
13: 
13: Testing General XML Consistency Constraints (20000 - 29999).
13: 100%: Checks: 170, Failures: 0
13: Testing Id Consistency Constraints (10300 - 10399).
13: 100%: Checks: 11, Failures: 0
 13/186 Test  #13: test_fbc_validator_run ........................   Passed    3.88 sec
test 14
        Start  14: test_extension_package_groups_run

14: Test command: C:\Development\libsbml-32-packages\src\sbml\packages\groups\extension\test\Release\test_extension_package_groups.exe
14: Environment variables: 
14:  srcdir=C:/Development/libsbml-with-packages/src/sbml/packages/groups/extension/test
14: Test timeout computed to be: 3000
14: Running suite(s): GroupsExtension
14:  WriteGroupsExtension
14:  ReadGroupsExtension
14:  GroupsModelPlugin
14: 100%: Checks: 25, Failures: 0, Errors: 0
 14/186 Test  #14: test_extension_package_groups_run .............   Passed    1.82 sec
test 15
        Start  15: test_groups_validator_run

15: Test command: C:\Development\libsbml-32-packages\src\sbml\packages\groups\validator\test\Release\test_groups_validator.exe "C:/Development/libsbml-with-packages/src/sbml/packages/groups/validator/test"
15: Environment variables: 
15:  srcdir=C:/Development/libsbml-with-packages/src/sbml/packages/groups/validator/test
15: Test timeout computed to be: 3000
15: 
15: Validator testrunner
15: ====================
15: using test data from           : C:/Development/libsbml-with-packages/src/sbml/packages/groups/validator/test/test-data
15: 
15: Testing General XML Consistency Constraints (20000 - 29999).
15: 100%: Checks: 95, Failures: 0
15: Testing Id Consistency Constraints (10300 - 10399).
15: 100%: Checks: 11, Failures: 0
 15/186 Test  #15: test_groups_validator_run .....................   Passed    1.73 sec
test 16
        Start  16: test_l3v2extendedmath_validator_run

16: Test command: C:\Development\libsbml-32-packages\src\sbml\packages\l3v2extendedmath\validator\test\Release\test_l3v2extendedmath_validator.exe "C:/Development/libsbml-with-packages/src/sbml/packages/l3v2extendedmath/validator/test"
16: Environment variables: 
16:  srcdir=C:/Development/libsbml-with-packages/src/sbml/packages/l3v2extendedmath/validator/test
16: Test timeout computed to be: 3000
16: 
16: Validator testrunner
16: ====================
16: using test data from           : C:/Development/libsbml-with-packages/src/sbml/packages/l3v2extendedmath/validator/test/test-data
16: 
16: Testing MathML Consistency Constraints (10200 - 10299).
16: 100%: Checks: 4, Failures: 0
16: Testing Unit Consistency Constraints (10500 - 10599).
16: 100%: Checks: 6, Failures: 0
 16/186 Test  #16: test_l3v2extendedmath_validator_run ...........   Passed    0.87 sec
test 17
        Start  17: test_extension_package_l3v2extendedmath_run

17: Test command: C:\Development\libsbml-32-packages\src\sbml\packages\l3v2extendedmath\extension\test\Release\test_extension_package_l3v2extendedmath.exe
17: Environment variables: 
17:  srcdir=C:/Development/libsbml-with-packages/src/sbml/packages/l3v2extendedmath/extension/test
17: Test timeout computed to be: 3000
17: Running suite(s): L3v2EMExtension
17:  WriteL3v2EMExtension
17:  ReadL3v2EMExtension
17: 100%: Checks: 12, Failures: 0, Errors: 0
 17/186 Test  #17: test_extension_package_l3v2extendedmath_run ...   Passed    1.51 sec
test 18
        Start  18: test_sbml_package_layout_run

18: Test command: C:\Development\libsbml-32-packages\src\sbml\packages\layout\sbml\test\Release\test_sbml_package_layout.exe
18: Environment variables: 
18:  srcdir=C:/Development/libsbml-with-packages/src/sbml/packages/layout/sbml/test
18: Test timeout computed to be: 3000
18: Running suite(s): Point
18:  Dimensions
18:  BoundingBox
18:  LineSegment
18:  CubicBezier
18:  Curve
18:  GraphicalObject
18:  CompartmentGlyph
18:  SpeciesGlyph
18:  ReactionGlyph
18:  GeneralGlyph
18:  ReferenceGlyph
18:  SpeciesReferenceGlyph
18:  TextGlyph
18:  Layout
18:  LayoutCreation
18:  LayoutFormatter
18:  SBMLHandler
18:  LayoutWriting
18: 100%: Checks: 288, Failures: 0, Errors: 0
 18/186 Test  #18: test_sbml_package_layout_run ..................   Passed    2.08 sec
test 19
        Start  19: test_layout_validator_run

19: Test command: C:\Development\libsbml-32-packages\src\sbml\packages\layout\validator\test\Release\test_layout_validator.exe "C:/Development/libsbml-with-packages/src/sbml/packages/layout/validator/test"
19: Environment variables: 
19:  srcdir=C:/Development/libsbml-with-packages/src/sbml/packages/layout/validator/test
19: Test timeout computed to be: 3000
19: 
19: Validator testrunner
19: ====================
19: using test data from           : C:/Development/libsbml-with-packages/src/sbml/packages/layout/validator/test/test-data
19: 
19: Testing General XML Consistency Constraints (20000 - 29999).
19: 100%: Checks: 223, Failures: 0
19: Testing Id Consistency Constraints (10300 - 10399).
19: 100%: Checks: 18, Failures: 0
 19/186 Test  #19: test_layout_validator_run .....................   Passed    5.12 sec
test 20
        Start  20: test_sbml_package_multi_run

20: Test command: C:\Development\libsbml-32-packages\src\sbml\packages\multi\extension\test\Release\test_sbml_package_multi.exe
20: Environment variables: 
20:  srcdir=C:/Development/libsbml-with-packages/src/sbml/packages/multi/extension/test
20: Test timeout computed to be: 3000
20: Running suite(s): MultiExtension
20:  MultiCheckConsistency
20:  MultiAST
20: 100%: Checks: 16, Failures: 0, Errors: 0
 20/186 Test  #20: test_sbml_package_multi_run ...................   Passed    1.07 sec
test 21
        Start  21: test_multi_validator_run

21: Test command: C:\Development\libsbml-32-packages\src\sbml\packages\multi\validator\test\Release\test_multi_validator.exe "C:/Development/libsbml-with-packages/src/sbml/packages/multi/validator/test"
21: Environment variables: 
21:  srcdir=C:/Development/libsbml-with-packages/src/sbml/packages/multi/validator/test
21: Test timeout computed to be: 3000
21: 
21: Validator testrunner
21: ====================
21: using test data from           : C:/Development/libsbml-with-packages/src/sbml/packages/multi/validator/test/test-data
21: 
21: Testing MathML Consistency Constraints (10200 - 10299).
21: 100%: Checks: 5, Failures: 0
21: Testing General XML Consistency Constraints (20000 - 29999).
21: 100%: Checks: 123, Failures: 0
21: Testing Id Consistency Constraints (10300 - 10999).
21: 100%: Checks: 16, Failures: 0
 21/186 Test  #21: test_multi_validator_run ......................   Passed    1.68 sec
test 22
        Start  22: test_extension_package_qual_run

22: Test command: C:\Development\libsbml-32-packages\src\sbml\packages\qual\extension\test\Release\test_extension_package_qual.exe
22: Environment variables: 
22:  srcdir=C:/Development/libsbml-with-packages/src/sbml/packages/qual/extension/test
22: Test timeout computed to be: 3000
22: Running suite(s): QualExtension
22:  WriteQualExtension
22:  ReadQualExtension
22:  GetAllElements
22: 100%: Checks: 20, Failures: 0, Errors: 0
 22/186 Test  #22: test_extension_package_qual_run ...............   Passed    1.68 sec
test 23
        Start  23: test_sbml_package_qual_run

23: Test command: C:\Development\libsbml-32-packages\src\sbml\packages\qual\sbml\test\Release\test_sbml_package_qual.exe
23: Environment variables: 
23:  srcdir=C:/Development/libsbml-with-packages/src/sbml/packages/qual/sbml/test
23: Test timeout computed to be: 3000
23: Running suite(s): Input
23:  Output
23:  FunctionTerm
23:  Transition
23:  QualitativeSpecies
23:  DefaultTerm
23:  ListOfFunctionTerms
23:  CopyAndClone
23: 100%: Checks: 73, Failures: 0, Errors: 0
 23/186 Test  #23: test_sbml_package_qual_run ....................   Passed    1.77 sec
test 24
        Start  24: test_qual_validator_run

24: Test command: C:\Development\libsbml-32-packages\src\sbml\packages\qual\validator\test\Release\test_qual_validator.exe "C:/Development/libsbml-with-packages/src/sbml/packages/qual/validator/test"
24: Environment variables: 
24:  srcdir=C:/Development/libsbml-with-packages/src/sbml/packages/qual/validator/test
24: Test timeout computed to be: 3000
24: 
24: Validator testrunner
24: ====================
24: using test data from           : C:/Development/libsbml-with-packages/src/sbml/packages/qual/validator/test/test-data
24: 
24: Testing General XML Consistency Constraints (20000 - 29999).
24: 100%: Checks: 81, Failures: 0
24: Testing Id Consistency Constraints (10300 - 10399).
24: 100%: Checks: 4, Failures: 0
24: Testing Math Consistency Constraints (10200 - 10299).
24: 100%: Checks: 3, Failures: 0
 24/186 Test  #24: test_qual_validator_run .......................   Passed    2.14 sec
test 25
        Start  25: test_sbml_package_render_run

25: Test command: C:\Development\libsbml-32-packages\src\sbml\packages\render\sbml\test\Release\test_sbml_package_render.exe
25: Environment variables: 
25:  srcdir=C:/Development/libsbml-with-packages/src/sbml/packages/render/sbml/test
25: Test timeout computed to be: 3000
25: Running suite(s): RenderExtension
25:  RelAbsVector
25:  ColorDefinition
25:  GradientStop
25:  RenderPoint
25:  RenderCubicBezier
25:  GradientBaseTest
25:  LinearGradient
25:  RadialGradient
25:  Transformation
25:  Transformation2D
25:  Image
25:  GraphicalPrimitive1D
25:  RenderCurve
25:  Text
25:  GraphicalPrimitive2D
25:  Rectangle
25:  Ellipse
25:  Polygon
25:  Group
25:  LineEnding
25:  Style
25:  GlobalStyle
25:  LocalStyle
25:  RenderInformationBase
25:  GlobalRenderInformation
25:  LocalRenderInformation
25:  RenderReading
25:  RenderWriting
25: 100%: Checks: 136, Failures: 0, Errors: 0
 25/186 Test  #25: test_sbml_package_render_run ..................   Passed    2.75 sec
test 26
        Start  26: test_render_validator_run

26: Test command: C:\Development\libsbml-32-packages\src\sbml\packages\render\validator\test\Release\test_render_validator.exe "C:/Development/libsbml-with-packages/src/sbml/packages/render/validator/test"
26: Environment variables: 
26:  srcdir=C:/Development/libsbml-with-packages/src/sbml/packages/render/validator/test
26: Test timeout computed to be: 3000
26: 
26: Validator testrunner
26: ====================
26: using test data from           : C:/Development/libsbml-with-packages/src/sbml/packages/render/validator/test/test-data
26: 
26: Testing General XML Consistency Constraints (20000 - 29999).
26: 100%: Checks: 111, Failures: 0
 26/186 Test  #26: test_render_validator_run .....................   Passed    2.25 sec
test 27
        Start  27: test_sbml_package_req_run

27: Test command: C:\Development\libsbml-32-packages\src\sbml\packages\req\extension\test\Release\test_sbml_package_req.exe
27: Environment variables: 
27:  srcdir=C:/Development/libsbml-with-packages/src/sbml/packages/req/extension/test
27: Test timeout computed to be: 3000
27: Running suite(s): ReqExtension
27:  WriteReqExtension
27:  ReadReqExtension
27: 100%: Checks: 14, Failures: 0, Errors: 0
 27/186 Test  #27: test_sbml_package_req_run .....................   Passed    1.65 sec
test 28
        Start  28: test_sbml_package_spatial_run

28: Test command: C:\Development\libsbml-32-packages\src\sbml\packages\spatial\extension\test\Release\test_sbml_package_spatial.exe
28: Environment variables: 
28:  srcdir=C:/Development/libsbml-with-packages/src/sbml/packages/spatial/extension/test
28: Test timeout computed to be: 3000
28: Running suite(s): SpatialExtension
28:  WriteSpatialExtension
28:  ReadSpatialExtension
28: 100%: Checks: 22, Failures: 0, Errors: 0
 28/186 Test  #28: test_sbml_package_spatial_run .................   Passed    1.95 sec
test 29
        Start  29: test_sbml_objects_package_spatial

29: Test command: C:\Development\libsbml-32-packages\src\sbml\packages\spatial\sbml\test\Release\test_sbml_objects_package_spatial.exe
29: Environment variables: 
29:  srcdir=C:/Development/libsbml-with-packages/src/sbml/packages/spatial/sbml/test
29: Test timeout computed to be: 3000
29: Running suite(s): ParametricObject
29:  ParametricObject
29:  SampledField
29:  TransformationComponent
29:  CopyAndClone
29: 100%: Checks: 28, Failures: 0, Errors: 0
 29/186 Test  #29: test_sbml_objects_package_spatial .............   Passed    1.07 sec
test 30
        Start  30: test_spatial_validator_run

30: Test command: C:\Development\libsbml-32-packages\src\sbml\packages\spatial\validator\test\Release\test_spatial_validator.exe "C:/Development/libsbml-with-packages/src/sbml/packages/spatial/validator/test"
30: Environment variables: 
30:  srcdir=C:/Development/libsbml-with-packages/src/sbml/packages/spatial/validator/test
30: Test timeout computed to be: 3000
30: 
30: Validator testrunner
30: ====================
30: using test data from           : C:/Development/libsbml-with-packages/src/sbml/packages/spatial/validator/test/test-data
30: 
30: Testing General XML Consistency Constraints (20000 - 29999).
30: 100%: Checks: 179, Failures: 0
30: Testing Id Consistency Constraints (10300 - 10399).
30: 100%: Checks: 38, Failures: 0
 30/186 Test  #30: test_spatial_validator_run ....................   Passed    3.77 sec
test 31
        Start  31: test_sbml_annotation_run

31: Test command: C:\Development\libsbml-32-packages\src\sbml\annotation\test\Release\test_sbml_annotation.exe
31: Environment variables: 
31:  srcdir=C:/Development/libsbml-with-packages/src/sbml/annotation/test
31: Test timeout computed to be: 3000
31: Running suite(s): CVTerms
31:  CVTerms_newSetters
31:  ModelHistory
31:  Date_newSetters
31:  ModelCreator_newSetters
31:  ModelHistory_newSetters
31:  CopyAndClone
31:  RDFAnnotation
31:  RDFAnnotation2
31:  Validation
31:  RDFAnnotation_C
31:  L3ModelHistory
31:  SyncAnnotation
31:  RDFAnnotationMetaid
31:  RDFAnnotationNestedCVTerm
31:  RDFAnnotationV4
31: 100%: Checks: 180, Failures: 0, Errors: 0
 31/186 Test  #31: test_sbml_annotation_run ......................   Passed    2.35 sec
test 32
        Start  32: test_sbml_conversion_run

32: Test command: C:\Development\libsbml-32-packages\src\sbml\conversion\test\Release\test_sbml_conversion.exe
32: Environment variables: 
32:  srcdir=C:/Development/libsbml-with-packages/src/sbml/conversion/test
32: Test timeout computed to be: 3000
32: Running suite(s): ConversionOption
32:  SBMLRuleConverter
32:  ConversionProperties
32:  SBMLConverterRegistry
32:  UnitsConverter
32:  UnitsConverter2
32:  UnitsConverterL2
32:  InferUnitsConverter
32:  StripPackageConverter
32:  LevelVersionConverter
32:  RateOfConverter
32: 100%: Checks: 171, Failures: 0, Errors: 0
 32/186 Test  #32: test_sbml_conversion_run ......................   Passed    2.37 sec
test 33
        Start  33: test_sbml_extension_run

33: Test command: C:\Development\libsbml-32-packages\src\sbml\extension\test\Release\test_sbml_extension.exe
33: Environment variables: 
33:  srcdir=C:/Development/libsbml-with-packages/src/sbml/extension/test
33: Test timeout computed to be: 3000
33: Running suite(s): SBaseExtensionPoint
33:  SBasePlugin
33:  SBasePluginCreator
33:  SBasePluginCreatorBase
33:  SBMLDocumentPlugin
33:  SBMLExtension
33:  SBMLExtensionNamespaces
33:  SBMLExtensionRegistry
33:  TestUnknownPackages
33: 100%: Checks: 30, Failures: 0, Errors: 0
 33/186 Test  #33: test_sbml_extension_run .......................   Passed    1.59 sec
test 34
        Start  34: test_sbml_math_run

34: Test command: C:\Development\libsbml-32-packages\src\sbml\math\test\Release\test_sbml_math.exe
34: Environment variables: 
34:  srcdir=C:/Development/libsbml-with-packages/src/sbml/math/test
34: Test timeout computed to be: 3000
34: Running suite(s): ASTNode
34:  FormulaFormatter
34:  FormulaParser
34:  L3FormulaFormatter
34:  L3FormulaParser
34:  L3FormulaParserC
34:  FormulaTokenizer
34:  ReadMathML
34:  WriteMathML
34:  WriteMathMLFromAST
34:  test-data/mathML_1.xml
34:  test-data/mathML_2.xml
34:  TestValidASTNode
34:  TestChildFunctions
34:  TestGetValue
34:  test-data/L3V2Math.xml
34: 100%: Checks: 677, Failures: 0, Errors: 0
 34/186 Test  #34: test_sbml_math_run ............................   Passed    2.39 sec
test 35
        Start  35: test_sbml_sbml_run

35: Test command: C:\Development\libsbml-32-packages\src\sbml\test\Release\test_sbml_sbml.exe
35: Environment variables: 
35:  srcdir=C:/Development/libsbml-with-packages/src/sbml/test
35: Test timeout computed to be: 3000
35: Running suite(s): ReadSBML
35:  SBMLValidator API
35:  RenameIDs
35:  RemoveFromParent
35:  GetMultipleObjects
35:  WriteSBML
35:  WriteL3SBML
35:  WriteL3V2SBML
35:  AlgebraicRule
35:  AssignmentRule
35:  Compartment
35:  L3_Compartment
35:  Compartment_newSetters
35:  CompartmentType
35:  CompartmentType_newSetters
35:  CompartmentVolumeRule
35:  Constraint
35:  Constraint_newSetters
35:  Delay
35:  Event
35:  L3_Event
35:  Event_newSetters
35:  EventAssignment
35:  EventAssignment_newSetters
35:  FunctionDefinition
35:  FunctionDefinition_newSetters
35:  InitialAssignment
35:  InitialAssignment_newSetters
35:  KineticLaw
35:  KineticLaw_newSetters
35:  L3_KineticLaw
35:  ListOf
35:  Model
35:  L3_Model
35:  Model_newSetters
35:  ModifierSpeciesReference
35:  Parameter
35:  L3_Parameter
35:  L3_LocalParameter
35:  Parameter_newSetters
35:  ParameterRule
35:  Priority
35:  RateRule
35:  Reaction
35:  L3_Reaction
35:  Reaction_newSetters
35:  Rule
35:  Rule_newSetters
35:  SBase
35:  SBase_newSetters
35:  Species
35:  L3_Species
35:  Species_newSetters
35:  SpeciesReference
35:  L3_SpeciesReference
35:  SpeciesReference_newSetters
35:  SpeciesConcentrationRule
35:  SpeciesType
35:  SpeciesType_newSetters
35:  StoichiometryMath
35:  Trigger
35:  L3Trigger
35:  Unit
35:  L3_Unit
35:  Unit_newSetters
35:  UnitDefinition
35:  UnitDefinition_newSetters
35:  UnitKind
35:  CopyAndClone
35:  SBMLConvert
35:  SBMLConvertStrict
35:  SBMLConvertFromL3V2
35:  SBMLDocument
35:  SBMLError
35:  test-data/l1v1-branch.xml
35:  test-data/l1v1-units.xml
35:  test-data/l1v1-rules.xml
35:  test-data/l1v1-minimal.xml
35:  test-data/l2v1-assignment.xml
35:  test-data/l2v2-newComponents.xml
35:  test-data/l2v3-all.xml
35:  test-data/l2v4-new.xml
35:  test-data/l3v1-new.xml
35:  test-data/l2v5-all.xml
35:  test-data/l3v2-all.xml
35:  test-data/l3v2-no-model.xml
35:  test-data/l3v2-empty-lo-1.xml
35:  test-data/l3v2-empty-lo-2.xml
35:  test-data/l3v2-empty-math.xml
35:  test-data/l3v2-empty-event.xml
35:  test-data/l3v2-empty-event2.xml
35:  ConsistencyChecks
35:  ParentObject
35:  AncestorObject
35:  InternalConsistencyChecks
35:  HasReqdAtt
35:  HasReqdElements
35:  SBMLNamespaces
35:  SyntaxChecker
35:  SBMLConstructorException
35:  SBMLTransforms
35:  GetMultipleObjects
35:  LevelCompatibility
35:  SBaseIdName
35:  Generic Attribute Functions
35: 100%: Checks: 1730, Failures: 0, Errors: 0
 35/186 Test  #35: test_sbml_sbml_run ............................   Passed    4.61 sec
test 36
        Start  36: test_sbml_units_run

36: Test command: C:\Development\libsbml-32-packages\src\sbml\units\test\Release\test_sbml_units.exe
36: Environment variables: 
36:  srcdir=C:/Development/libsbml-with-packages/src/sbml/units/test
36: Test timeout computed to be: 3000
36: Running suite(s): UtilsUnit
36:  UtilsUnitDefinition
36:  UnitFormulaFormatter
36:  UnitFormulaFormatter1
36:  FormulaUnitData
36:  FormulaUnitDataMap
36:  DerivedUnitDefinition
36:  UnitFormulaFormatter2
36:  CalcUnitDefinition
36:  UnitFormulaFormatter3
36:  DerivedUnitDefinitionUndefined
36: 100%: Checks: 178, Failures: 0, Errors: 0
 36/186 Test  #36: test_sbml_units_run ...........................   Passed    2.78 sec
test 37
        Start  37: test_sbml_util_run

37: Test command: C:\Development\libsbml-32-packages\src\sbml\util\test\Release\test_sbml_util.exe
37: Test timeout computed to be: 3000
37: Running suite(s): memory
37:  util
37:  List
37:  Stack
37:  StringBuffer
37: 100%: Checks: 57, Failures: 0, Errors: 0
 37/186 Test  #37: test_sbml_util_run ............................   Passed    0.44 sec
test 38
        Start  38: test_sbml_validator_run

38: Test command: C:\Development\libsbml-32-packages\src\sbml\validator\test\Release\test_sbml_validator.exe "C:/Development/libsbml-with-packages/src/sbml/validator/test"
38: Test timeout computed to be: 3000
38: 
38: Validator testrunner
38: ====================
38: using test data from           : C:/Development/libsbml-with-packages/src/sbml/validator/test/test-data
38: using conversion test data from: C:/Development/libsbml-with-packages/src/sbml/validator/test/test-data-conversion
38: 
38: Testing Bad XML Constraints (0000 - 10000).
38: 100%: Checks: 55, Failures: 0
38: Testing General XML Consistency Constraints (10000 - 10199).
38: 100%: Checks: 197, Failures: 0
38: Testing General MathML Consistency Constraints (10200 - 10299).
38: 100%: Checks: 503, Failures: 0
38: Testing Id Consistency Constraints (10300 - 10399).
38: 100%: Checks: 509, Failures: 0
38: Testing General Annotation Consistency Constraints (10400 - 10499).
38: 100%: Checks: 65, Failures: 0
38: Testing Unit Consistency Constraints (10500 - 10599).
38: 100%: Checks: 1172, Failures: 0
38: Testing Unit Consistency Constraints (20000 - 29999).
38: 100%: Checks: 362, Failures: 0
38: Testing Overdetermined Constraints (10600 - 10699).
38: 100%: Checks: 31, Failures: 0
38: Testing SBO Consistency Constraints (10700 - 10799).
38: 100%: Checks: 206, Failures: 0
38: Testing General Notes Consistency Constraints (10800 - 19999).
38: 100%: Checks: 92, Failures: 0
38: Testing Model Consistency Constraints (20000 - 29999).
38: 100%: Checks: 2290, Failures: 0
38: Testing L1 Compatibility Constraints (91000 - 91999).
38: 100%: Checks: 91, Failures: 0
38: Testing L2v1 Compatibility Constraints (92000 - 92999).
38: 100%: Checks: 38, Failures: 0
38: Testing L2v2 Compatibility Constraints (93000 - 93999).
38: 100%: Checks: 23, Failures: 0
38: Testing L2v3 Compatibility Constraints (94000 - 94999).
38: 100%: Checks: 22, Failures: 0
38: Testing L2v4 Compatibility Constraints (95000 - 95999).
38: 100%: Checks: 21, Failures: 0
38: Testing L3v1 Compatibility Constraints (96000 - 96999).
38: 100%: Checks: 31, Failures: 0
38: Testing L1 for New Compatibility Constraints (98000 - 98999).
38: 100%: Checks: 39, Failures: 0
38: Testing L2v1 for New Compatibility Constraints (98000 - 98999).
38: 100%: Checks: 39, Failures: 0
38: Testing L2v2 for New Compatibility Constraints (98000 - 98999).
38: 100%: Checks: 39, Failures: 0
38: Testing L2v3 for New Compatibility Constraints (98000 - 98999).
38: 100%: Checks: 39, Failures: 0
38: Testing L3v1 for New Compatibility Constraints (98000 - 98999).
38: 100%: Checks: 39, Failures: 0
38: Testing New Compatibility Constraints (98000 - 98999).
38: 100%: Checks: 39, Failures: 0
38: Testing Additional SBML Constraints (99100 - 99108).
38: 100%: Checks: 31, Failures: 0
38: Testing Additional SBML Constraints (99129 - 99199).
38: 100%: Checks: 56, Failures: 0
38: Testing Additional Math Constraints (99200 - 99299).
38: 100%: Checks: 140, Failures: 0
38: Testing Additional SBML Constraints (99300 - 99399).
38: 100%: Checks: 10, Failures: 0
38: Testing Additional Annotation Constraints (99400 - 99499).
38: 100%: Checks: 28, Failures: 0
38: Testing Additional Unit Constraints (99127 - 99128).
38: 100%: Checks: 36, Failures: 0
38: Testing Additional Unit Constraints (99500 - 99599).
38: 100%: Checks: 174, Failures: 0
38: Testing Additional SBO Constraints (99700 - 99799).
38: 100%: Checks: 30, Failures: 0
38: Testing Modeling Practice Constraints (80000 - 89999).
38: 100%: Checks: 56, Failures: 0
 38/186 Test  #38: test_sbml_validator_run .......................   Passed   60.28 sec
test 39
        Start  39: test_sbml_xml_run

39: Test command: C:\Development\libsbml-32-packages\src\sbml\xml\test\Release\test_sbml_xml.exe
39: Test timeout computed to be: 3000
39: Running suite(s): XMLAttributes
39:  CopyAndClone
39:  XMLNamespaces
39:  XMLTriple
39:  XMLToken
39:  XMLToken_newSetters
39:  XMLNode
39:  XMLNode_newSetters
39:  XMLError
39:  XMLErrorC
39:  XMLErrorLog
39:  XMLInputStream
39:  XMLOutputStream
39: <!-- Created by foo version bar on 2018-11-29 08:11 with libSBML version 5.17.1. -->
39:  XMLAttributesC
39:  XMLExceptions
39: 100%: Checks: 129, Failures: 0, Errors: 0
 39/186 Test  #39: test_sbml_xml_run .............................   Passed    1.66 sec
test 40
        Start  40: test_csharp_bindings

40: Test command: NOT_AVAILABLE
 40/186 Test  #40: test_csharp_bindings ..........................***Not Run   0.00 sec
test 41
        Start  41: test_csharp_bindings_full

41: Test command: NOT_AVAILABLE
 41/186 Test  #41: test_csharp_bindings_full .....................***Not Run   0.00 sec
test 42
        Start  42: test_java_binding

42: Test command: NOT_AVAILABLE
 42/186 Test  #42: test_java_binding .............................***Not Run   0.00 sec
test 43
        Start  43: test_java_printversion

43: Test command: NOT_AVAILABLE
 43/186 Test  #43: test_java_printversion ........................***Not Run   0.00 sec
test 44
        Start  44: test_perl_binding

44: Test command: NOT_AVAILABLE
 44/186 Test  #44: test_perl_binding .............................***Not Run   0.00 sec
test 45
        Start  45: test_matlab_binding

45: Test command: C:\tools\MATLAB\x86\R2011b\bin\matlab.exe "-nosplash" "-nodesktop" "-memmgr" "debug" "-logfile" "runTests.log" "-r" "runTests;quit;"
45: Test timeout computed to be: 3000
 45/186 Test  #45: test_matlab_binding ...........................   Passed    0.18 sec
test 46
        Start  46: test_python_binding

46: Test command: NOT_AVAILABLE
 46/186 Test  #46: test_python_binding ...........................***Not Run   0.00 sec
test 47
        Start  47: test_python_printversion

47: Test command: NOT_AVAILABLE
 47/186 Test  #47: test_python_printversion ......................***Not Run   0.00 sec
test 48
        Start  48: test_python_addCVTerms

48: Test command: NOT_AVAILABLE
 48/186 Test  #48: test_python_addCVTerms ........................***Not Run   0.00 sec
test 49
        Start  49: test_python_addingEvidenceCodes_1

49: Test command: NOT_AVAILABLE
 49/186 Test  #49: test_python_addingEvidenceCodes_1 .............***Not Run   0.00 sec
test 50
        Start  50: test_python_addingEvidenceCodes_2

50: Test command: NOT_AVAILABLE
 50/186 Test  #50: test_python_addingEvidenceCodes_2 .............***Not Run   0.00 sec
test 51
        Start  51: test_python_addModelHistory

51: Test command: NOT_AVAILABLE
 51/186 Test  #51: test_python_addModelHistory ...................***Not Run   0.00 sec
test 52
        Start  52: test_python_append_to_note

52: Test command: NOT_AVAILABLE
 52/186 Test  #52: test_python_append_to_note ....................***Not Run   0.00 sec
test 53
        Start  53: test_python_appendAnnotation

53: Test command: NOT_AVAILABLE
 53/186 Test  #53: test_python_appendAnnotation ..................***Not Run   0.00 sec
test 54
        Start  54: test_python_convertSBML

54: Test command: NOT_AVAILABLE
 54/186 Test  #54: test_python_convertSBML .......................***Not Run   0.00 sec
test 55
        Start  55: test_python_createExampleSBML

55: Test command: NOT_AVAILABLE
 55/186 Test  #55: test_python_createExampleSBML .................***Not Run   0.00 sec
test 56
        Start  56: test_python_createSimpleModel

56: Test command: NOT_AVAILABLE
 56/186 Test  #56: test_python_createSimpleModel .................***Not Run   0.00 sec
test 57
        Start  57: test_python_echoSBML

57: Test command: NOT_AVAILABLE
 57/186 Test  #57: test_python_echoSBML ..........................***Not Run   0.00 sec
test 58
        Start  58: test_python_evaluateCustomMath

58: Test command: NOT_AVAILABLE
 58/186 Test  #58: test_python_evaluateCustomMath ................***Not Run   0.00 sec
test 59
        Start  59: test_python_getAllElementsWithNotes

59: Test command: NOT_AVAILABLE
 59/186 Test  #59: test_python_getAllElementsWithNotes ...........***Not Run   0.00 sec
test 60
        Start  60: test_python_inlineInitialAssignments

60: Test command: NOT_AVAILABLE
 60/186 Test  #60: test_python_inlineInitialAssignments ..........***Not Run   0.00 sec
test 61
        Start  61: test_python_printAnnotation

61: Test command: NOT_AVAILABLE
 61/186 Test  #61: test_python_printAnnotation ...................***Not Run   0.00 sec
test 62
        Start  62: test_python_printMath

62: Test command: NOT_AVAILABLE
 62/186 Test  #62: test_python_printMath .........................***Not Run   0.00 sec
test 63
        Start  63: test_python_printRegisteredPackages

63: Test command: NOT_AVAILABLE
 63/186 Test  #63: test_python_printRegisteredPackages ...........***Not Run   0.00 sec
test 64
        Start  64: test_python_printSBML

64: Test command: NOT_AVAILABLE
 64/186 Test  #64: test_python_printSBML .........................***Not Run   0.00 sec
test 65
        Start  65: test_python_printsupported

65: Test command: NOT_AVAILABLE
 65/186 Test  #65: test_python_printsupported ....................***Not Run   0.00 sec
test 66
        Start  66: test_python_printUnits

66: Test command: NOT_AVAILABLE
 66/186 Test  #66: test_python_printUnits ........................***Not Run   0.00 sec
test 67
        Start  67: test_python_promoteParameters

67: Test command: NOT_AVAILABLE
 67/186 Test  #67: test_python_promoteParameters .................***Not Run   0.00 sec
test 68
        Start  68: test_python_readSBML

68: Test command: NOT_AVAILABLE
 68/186 Test  #68: test_python_readSBML ..........................***Not Run   0.00 sec
test 69
        Start  69: test_python_replaceOneFD

69: Test command: NOT_AVAILABLE
 69/186 Test  #69: test_python_replaceOneFD ......................***Not Run   0.00 sec
test 70
        Start  70: test_python_setIdFromNames

70: Test command: NOT_AVAILABLE
 70/186 Test  #70: test_python_setIdFromNames ....................***Not Run   0.00 sec
test 71
        Start  71: test_python_unsetAnnotation

71: Test command: NOT_AVAILABLE
 71/186 Test  #71: test_python_unsetAnnotation ...................***Not Run   0.00 sec
test 72
        Start  72: test_python_unsetNotes

72: Test command: NOT_AVAILABLE
 72/186 Test  #72: test_python_unsetNotes ........................***Not Run   0.00 sec
test 73
        Start  73: test_python_validateSBML

73: Test command: NOT_AVAILABLE
 73/186 Test  #73: test_python_validateSBML ......................***Not Run   0.00 sec
test 74
        Start  74: test_python_stringInput

74: Test command: NOT_AVAILABLE
 74/186 Test  #74: test_python_stringInput .......................***Not Run   0.00 sec
test 75
        Start  75: test_python_stripPackage

75: Test command: NOT_AVAILABLE
 75/186 Test  #75: test_python_stripPackage ......................***Not Run   0.00 sec
test 76
        Start  76: test_python_fbc_fbc_example1

76: Test command: NOT_AVAILABLE
 76/186 Test  #76: test_python_fbc_fbc_example1 ..................***Not Run   0.00 sec
test 77
        Start  77: test_python_groups_groups_example1

77: Test command: NOT_AVAILABLE
 77/186 Test  #77: test_python_groups_groups_example1 ............***Not Run   0.00 sec
test 78
        Start  78: test_python_layout_example1_L3

78: Test command: NOT_AVAILABLE
 78/186 Test  #78: test_python_layout_example1_L3 ................***Not Run   0.00 sec
test 79
        Start  79: test_python_layout_example1

79: Test command: NOT_AVAILABLE
 79/186 Test  #79: test_python_layout_example1 ...................***Not Run   0.00 sec
test 80
        Start  80: test_python_multi_multi_example1

80: Test command: NOT_AVAILABLE
 80/186 Test  #80: test_python_multi_multi_example1 ..............***Not Run   0.00 sec
test 81
        Start  81: test_python_multi_multi_example2

81: Test command: NOT_AVAILABLE
 81/186 Test  #81: test_python_multi_multi_example2 ..............***Not Run   0.00 sec
test 82
        Start  82: test_python_multi_multi_example3

82: Test command: NOT_AVAILABLE
 82/186 Test  #82: test_python_multi_multi_example3 ..............***Not Run   0.00 sec
test 83
        Start  83: test_python_multi_printMulti

83: Test command: NOT_AVAILABLE
 83/186 Test  #83: test_python_multi_printMulti ..................***Not Run   0.00 sec
test 84
        Start  84: test_python_qual_qual_example1

84: Test command: NOT_AVAILABLE
 84/186 Test  #84: test_python_qual_qual_example1 ................***Not Run   0.00 sec
test 85
        Start  85: test_c_addCVTerms

85: Test command: NOT_AVAILABLE
 85/186 Test  #85: test_c_addCVTerms .............................***Not Run   0.00 sec
test 86
        Start  86: test_c_addingEvidenceCodes_1

86: Test command: NOT_AVAILABLE
 86/186 Test  #86: test_c_addingEvidenceCodes_1 ..................***Not Run   0.00 sec
test 87
        Start  87: test_c_addingEvidenceCodes_2

87: Test command: NOT_AVAILABLE
 87/186 Test  #87: test_c_addingEvidenceCodes_2 ..................***Not Run   0.00 sec
test 88
        Start  88: test_c_addModelHistory

88: Test command: NOT_AVAILABLE
 88/186 Test  #88: test_c_addModelHistory ........................***Not Run   0.00 sec
test 89
        Start  89: test_c_appendAnnotation

89: Test command: NOT_AVAILABLE
 89/186 Test  #89: test_c_appendAnnotation .......................***Not Run   0.00 sec
test 90
        Start  90: test_c_convertSBML

90: Test command: NOT_AVAILABLE
 90/186 Test  #90: test_c_convertSBML ............................***Not Run   0.00 sec
test 91
        Start  91: test_c_createExampleSBML

91: Test command: NOT_AVAILABLE
 91/186 Test  #91: test_c_createExampleSBML ......................***Not Run   0.00 sec
test 92
        Start  92: test_c_drawMath

92: Test command: NOT_AVAILABLE
 92/186 Test  #92: test_c_drawMath ...............................***Not Run   0.00 sec
test 93
        Start  93: test_c_echoSBML

93: Test command: NOT_AVAILABLE
 93/186 Test  #93: test_c_echoSBML ...............................***Not Run   0.00 sec
test 94
        Start  94: test_c_printAnnotation

94: Test command: NOT_AVAILABLE
 94/186 Test  #94: test_c_printAnnotation ........................***Not Run   0.00 sec
test 95
        Start  95: test_c_printMath

95: Test command: NOT_AVAILABLE
 95/186 Test  #95: test_c_printMath ..............................***Not Run   0.00 sec
test 96
        Start  96: test_c_printNotes

96: Test command: NOT_AVAILABLE
 96/186 Test  #96: test_c_printNotes .............................***Not Run   0.00 sec
test 97
        Start  97: test_c_printRegisteredPackages

97: Test command: NOT_AVAILABLE
 97/186 Test  #97: test_c_printRegisteredPackages ................***Not Run   0.00 sec
test 98
        Start  98: test_c_printSBML

98: Test command: NOT_AVAILABLE
 98/186 Test  #98: test_c_printSBML ..............................***Not Run   0.00 sec
test 99
        Start  99: test_c_printSupported

99: Test command: NOT_AVAILABLE
 99/186 Test  #99: test_c_printSupported .........................***Not Run   0.00 sec
test 100
        Start 100: test_c_printUnits

100: Test command: NOT_AVAILABLE
100/186 Test #100: test_c_printUnits .............................***Not Run   0.00 sec
test 101
        Start 101: test_c_promoteParameters

101: Test command: NOT_AVAILABLE
101/186 Test #101: test_c_promoteParameters ......................***Not Run   0.00 sec
test 102
        Start 102: test_c_readSBML

102: Test command: NOT_AVAILABLE
102/186 Test #102: test_c_readSBML ...............................***Not Run   0.00 sec
test 103
        Start 103: test_c_stripPackage

103: Test command: NOT_AVAILABLE
103/186 Test #103: test_c_stripPackage ...........................***Not Run   0.00 sec
test 104
        Start 104: test_c_unsetAnnotation

104: Test command: NOT_AVAILABLE
104/186 Test #104: test_c_unsetAnnotation ........................***Not Run   0.00 sec
test 105
        Start 105: test_c_unsetNotes

105: Test command: NOT_AVAILABLE
105/186 Test #105: test_c_unsetNotes .............................***Not Run   0.00 sec
test 106
        Start 106: test_c_validateSBML

106: Test command: NOT_AVAILABLE
106/186 Test #106: test_c_validateSBML ...........................***Not Run   0.00 sec
test 107
        Start 107: test_cxx_addCVTerms

107: Test command: NOT_AVAILABLE
107/186 Test #107: test_cxx_addCVTerms ...........................***Not Run   0.00 sec
test 108
        Start 108: test_cxx_addCustomValidator

108: Test command: NOT_AVAILABLE
108/186 Test #108: test_cxx_addCustomValidator ...................***Not Run   0.00 sec
test 109
        Start 109: test_cxx_addingEvidenceCodes_1

109: Test command: NOT_AVAILABLE
109/186 Test #109: test_cxx_addingEvidenceCodes_1 ................***Not Run   0.00 sec
test 110
        Start 110: test_cxx_addingEvidenceCodes_2

110: Test command: NOT_AVAILABLE
110/186 Test #110: test_cxx_addingEvidenceCodes_2 ................***Not Run   0.00 sec
test 111
        Start 111: test_cxx_addModelHistory

111: Test command: NOT_AVAILABLE
111/186 Test #111: test_cxx_addModelHistory ......................***Not Run   0.00 sec
test 112
        Start 112: test_cxx_appendAnnotation

112: Test command: NOT_AVAILABLE
112/186 Test #112: test_cxx_appendAnnotation .....................***Not Run   0.00 sec
test 113
        Start 113: test_cxx_callExternalValidator

113: Test command: NOT_AVAILABLE
113/186 Test #113: test_cxx_callExternalValidator ................***Not Run   0.00 sec
test 114
        Start 114: test_cxx_convertSBML

114: Test command: NOT_AVAILABLE
114/186 Test #114: test_cxx_convertSBML ..........................***Not Run   0.00 sec
test 115
        Start 115: test_cxx_convertToL1V1

115: Test command: NOT_AVAILABLE
115/186 Test #115: test_cxx_convertToL1V1 ........................***Not Run   0.00 sec
test 116
        Start 116: test_cxx_createExampleSBML

116: Test command: NOT_AVAILABLE
116/186 Test #116: test_cxx_createExampleSBML ....................***Not Run   0.00 sec
test 117
        Start 117: test_cxx_echoSBML

117: Test command: NOT_AVAILABLE
117/186 Test #117: test_cxx_echoSBML .............................***Not Run   0.00 sec
test 118
        Start 118: test_cxx_inferUnits

118: Test command: NOT_AVAILABLE
118/186 Test #118: test_cxx_inferUnits ...........................***Not Run   0.00 sec
test 119
        Start 119: test_cxx_inlineFunctionDefintions

119: Test command: NOT_AVAILABLE
119/186 Test #119: test_cxx_inlineFunctionDefintions .............***Not Run   0.00 sec
test 120
        Start 120: test_cxx_convertReactions

120: Test command: NOT_AVAILABLE
120/186 Test #120: test_cxx_convertReactions .....................***Not Run   0.00 sec
test 121
        Start 121: test_cxx_getAllElementsWithNotes

121: Test command: NOT_AVAILABLE
121/186 Test #121: test_cxx_getAllElementsWithNotes ..............***Not Run   0.00 sec
test 122
        Start 122: test_cxx_printAnnotation

122: Test command: NOT_AVAILABLE
122/186 Test #122: test_cxx_printAnnotation ......................***Not Run   0.00 sec
test 123
        Start 123: test_cxx_printMath

123: Test command: NOT_AVAILABLE
123/186 Test #123: test_cxx_printMath ............................***Not Run   0.00 sec
test 124
        Start 124: test_cxx_printNotes

124: Test command: NOT_AVAILABLE
124/186 Test #124: test_cxx_printNotes ...........................***Not Run   0.00 sec
test 125
        Start 125: test_cxx_printSBML

125: Test command: NOT_AVAILABLE
125/186 Test #125: test_cxx_printSBML ............................***Not Run   0.00 sec
test 126
        Start 126: test_cxx_printRegisteredPackages

126: Test command: NOT_AVAILABLE
126/186 Test #126: test_cxx_printRegisteredPackages ..............***Not Run   0.00 sec
test 127
        Start 127: test_cxx_printSupported

127: Test command: NOT_AVAILABLE
127/186 Test #127: test_cxx_printSupported .......................***Not Run   0.00 sec
test 128
        Start 128: test_cxx_printUnits

128: Test command: NOT_AVAILABLE
128/186 Test #128: test_cxx_printUnits ...........................***Not Run   0.00 sec
test 129
        Start 129: test_cxx_promoteParameters

129: Test command: NOT_AVAILABLE
129/186 Test #129: test_cxx_promoteParameters ....................***Not Run   0.00 sec
test 130
        Start 130: test_cxx_readSBML

130: Test command: NOT_AVAILABLE
130/186 Test #130: test_cxx_readSBML .............................***Not Run   0.00 sec
test 131
        Start 131: test_cxx_renameSId

131: Test command: NOT_AVAILABLE
131/186 Test #131: test_cxx_renameSId ............................***Not Run   0.00 sec
test 132
        Start 132: test_cxx_setIdFromNames

132: Test command: NOT_AVAILABLE
132/186 Test #132: test_cxx_setIdFromNames .......................***Not Run   0.00 sec
test 133
        Start 133: test_cxx_setNamesFromIds

133: Test command: NOT_AVAILABLE
133/186 Test #133: test_cxx_setNamesFromIds ......................***Not Run   0.00 sec
test 134
        Start 134: test_cxx_stripPackage

134: Test command: NOT_AVAILABLE
134/186 Test #134: test_cxx_stripPackage .........................***Not Run   0.00 sec
test 135
        Start 135: test_cxx_unsetAnnotation

135: Test command: NOT_AVAILABLE
135/186 Test #135: test_cxx_unsetAnnotation ......................***Not Run   0.00 sec
test 136
        Start 136: test_cxx_unsetNotes

136: Test command: NOT_AVAILABLE
136/186 Test #136: test_cxx_unsetNotes ...........................***Not Run   0.00 sec
test 137
        Start 137: test_cxx_validateSBML

137: Test command: NOT_AVAILABLE
137/186 Test #137: test_cxx_validateSBML .........................***Not Run   0.00 sec
test 138
        Start 138: test_cs_addCVTerms

138: Test command: NOT_AVAILABLE
138/186 Test #138: test_cs_addCVTerms ............................***Not Run   0.00 sec
test 139
        Start 139: test_cs_addingEvidenceCodes_1

139: Test command: NOT_AVAILABLE
139/186 Test #139: test_cs_addingEvidenceCodes_1 .................***Not Run   0.00 sec
test 140
        Start 140: test_cs_addingEvidenceCodes_2

140: Test command: NOT_AVAILABLE
140/186 Test #140: test_cs_addingEvidenceCodes_2 .................***Not Run   0.00 sec
test 141
        Start 141: test_cs_addModelHistory

141: Test command: NOT_AVAILABLE
141/186 Test #141: test_cs_addModelHistory .......................***Not Run   0.00 sec
test 142
        Start 142: test_cs_appendAnnotation

142: Test command: NOT_AVAILABLE
142/186 Test #142: test_cs_appendAnnotation ......................***Not Run   0.00 sec
test 143
        Start 143: test_cs_convertSBML

143: Test command: NOT_AVAILABLE
143/186 Test #143: test_cs_convertSBML ...........................***Not Run   0.00 sec
test 144
        Start 144: test_cs_createExampleSBML

144: Test command: NOT_AVAILABLE
144/186 Test #144: test_cs_createExampleSBML .....................***Not Run   0.00 sec
test 145
        Start 145: test_cs_echoSBML

145: Test command: NOT_AVAILABLE
145/186 Test #145: test_cs_echoSBML ..............................***Not Run   0.00 sec
test 146
        Start 146: test_cs_GetAllElementsWithNotes

146: Test command: NOT_AVAILABLE
146/186 Test #146: test_cs_GetAllElementsWithNotes ...............***Not Run   0.00 sec
test 147
        Start 147: test_cs_printAnnotation

147: Test command: NOT_AVAILABLE
147/186 Test #147: test_cs_printAnnotation .......................***Not Run   0.00 sec
test 148
        Start 148: test_cs_printMath

148: Test command: NOT_AVAILABLE
148/186 Test #148: test_cs_printMath .............................***Not Run   0.00 sec
test 149
        Start 149: test_cs_printNotes

149: Test command: NOT_AVAILABLE
149/186 Test #149: test_cs_printNotes ............................***Not Run   0.00 sec
test 150
        Start 150: test_cs_printRegisteredPackages

150: Test command: NOT_AVAILABLE
150/186 Test #150: test_cs_printRegisteredPackages ...............***Not Run   0.00 sec
test 151
        Start 151: test_cs_printSBML

151: Test command: NOT_AVAILABLE
151/186 Test #151: test_cs_printSBML .............................***Not Run   0.00 sec
test 152
        Start 152: test_cs_printsupported

152: Test command: NOT_AVAILABLE
152/186 Test #152: test_cs_printsupported ........................***Not Run   0.00 sec
test 153
        Start 153: test_cs_printUnits

153: Test command: NOT_AVAILABLE
153/186 Test #153: test_cs_printUnits ............................***Not Run   0.00 sec
test 154
        Start 154: test_cs_promoteParameters

154: Test command: NOT_AVAILABLE
154/186 Test #154: test_cs_promoteParameters .....................***Not Run   0.00 sec
test 155
        Start 155: test_cs_readSBML

155: Test command: NOT_AVAILABLE
155/186 Test #155: test_cs_readSBML ..............................***Not Run   0.00 sec
test 156
        Start 156: test_cs_stripPackage

156: Test command: NOT_AVAILABLE
156/186 Test #156: test_cs_stripPackage ..........................***Not Run   0.00 sec
test 157
        Start 157: test_cs_SetIdFromNames

157: Test command: NOT_AVAILABLE
157/186 Test #157: test_cs_SetIdFromNames ........................***Not Run   0.00 sec
test 158
        Start 158: test_cs_unsetAnnotation

158: Test command: NOT_AVAILABLE
158/186 Test #158: test_cs_unsetAnnotation .......................***Not Run   0.00 sec
test 159
        Start 159: test_cs_unsetNotes

159: Test command: NOT_AVAILABLE
159/186 Test #159: test_cs_unsetNotes ............................***Not Run   0.00 sec
test 160
        Start 160: test_cs_validateSBML

160: Test command: NOT_AVAILABLE
160/186 Test #160: test_cs_validateSBML ..........................***Not Run   0.00 sec
test 161
        Start 161: test_cs_evaluateCustomMath

161: Test command: NOT_AVAILABLE
161/186 Test #161: test_cs_evaluateCustomMath ....................***Not Run   0.00 sec
test 162
        Start 162: test_cs_inlineInitialAssignments

162: Test command: NOT_AVAILABLE
162/186 Test #162: test_cs_inlineInitialAssignments ..............***Not Run   0.00 sec
test 163
        Start 163: test_cs_replaceOneFD

163: Test command: NOT_AVAILABLE
163/186 Test #163: test_cs_replaceOneFD ..........................***Not Run   0.00 sec
test 164
        Start 164: test_java_addCVTerms

164: Test command: NOT_AVAILABLE
164/186 Test #164: test_java_addCVTerms ..........................***Not Run   0.00 sec
test 165
        Start 165: test_java_addingEvidenceCodes_1

165: Test command: NOT_AVAILABLE
165/186 Test #165: test_java_addingEvidenceCodes_1 ...............***Not Run   0.00 sec
test 166
        Start 166: test_java_addingEvidenceCodes_2

166: Test command: NOT_AVAILABLE
166/186 Test #166: test_java_addingEvidenceCodes_2 ...............***Not Run   0.00 sec
test 167
        Start 167: test_java_addModelHistory

167: Test command: NOT_AVAILABLE
167/186 Test #167: test_java_addModelHistory .....................***Not Run   0.00 sec
test 168
        Start 168: test_java_appendAnnotation

168: Test command: NOT_AVAILABLE
168/186 Test #168: test_java_appendAnnotation ....................***Not Run   0.00 sec
test 169
        Start 169: test_java_createExampleSBML

169: Test command: NOT_AVAILABLE
169/186 Test #169: test_java_createExampleSBML ...................***Not Run   0.00 sec
test 170
        Start 170: test_java_echoSBML

170: Test command: NOT_AVAILABLE
170/186 Test #170: test_java_echoSBML ............................***Not Run   0.00 sec
test 171
        Start 171: test_java_evaluateCustomMath

171: Test command: NOT_AVAILABLE
171/186 Test #171: test_java_evaluateCustomMath ..................***Not Run   0.00 sec
test 172
        Start 172: test_java_getAllElementsWithNotes

172: Test command: NOT_AVAILABLE
172/186 Test #172: test_java_getAllElementsWithNotes .............***Not Run   0.00 sec
test 173
        Start 173: test_java_inlineInitialAssignments

173: Test command: NOT_AVAILABLE
173/186 Test #173: test_java_inlineInitialAssignments ............***Not Run   0.00 sec
test 174
        Start 174: test_java_printAnnotation

174: Test command: NOT_AVAILABLE
174/186 Test #174: test_java_printAnnotation .....................***Not Run   0.00 sec
test 175
        Start 175: test_java_printMath

175: Test command: NOT_AVAILABLE
175/186 Test #175: test_java_printMath ...........................***Not Run   0.00 sec
test 176
        Start 176: test_java_printNotes

176: Test command: NOT_AVAILABLE
176/186 Test #176: test_java_printNotes ..........................***Not Run   0.00 sec
test 177
        Start 177: test_java_printRegisteredPackages

177: Test command: NOT_AVAILABLE
177/186 Test #177: test_java_printRegisteredPackages .............***Not Run   0.00 sec
test 178
        Start 178: test_java_printSBML

178: Test command: NOT_AVAILABLE
178/186 Test #178: test_java_printSBML ...........................***Not Run   0.00 sec
test 179
        Start 179: test_java_printsupported

179: Test command: NOT_AVAILABLE
179/186 Test #179: test_java_printsupported ......................***Not Run   0.00 sec
test 180
        Start 180: test_java_printUnits

180: Test command: NOT_AVAILABLE
180/186 Test #180: test_java_printUnits ..........................***Not Run   0.00 sec
test 181
        Start 181: test_java_promoteParameters

181: Test command: NOT_AVAILABLE
181/186 Test #181: test_java_promoteParameters ...................***Not Run   0.00 sec
test 182
        Start 182: test_java_readSBML

182: Test command: NOT_AVAILABLE
182/186 Test #182: test_java_readSBML ............................***Not Run   0.00 sec
test 183
        Start 183: test_java_replaceOneFD

183: Test command: NOT_AVAILABLE
183/186 Test #183: test_java_replaceOneFD ........................***Not Run   0.00 sec
test 184
        Start 184: test_java_setIdFromNames

184: Test command: NOT_AVAILABLE
184/186 Test #184: test_java_setIdFromNames ......................***Not Run   0.00 sec
test 185
        Start 185: test_java_stripPackage

185: Test command: NOT_AVAILABLE
185/186 Test #185: test_java_stripPackage ........................***Not Run   0.00 sec
test 186
        Start 186: test_java_unsetAnnotation

186: Test command: NOT_AVAILABLE
186/186 Test #186: test_java_unsetAnnotation .....................***Not Run   0.00 sec

21% tests passed, 147 tests failed out of 186

Total Test time (real) = 150.85 sec

The following tests FAILED:
	  9 - test_distrib_util_run (Failed)
	 40 - test_csharp_bindings (Not Run)
	 41 - test_csharp_bindings_full (Not Run)
	 42 - test_java_binding (Not Run)
	 43 - test_java_printversion (Not Run)
	 44 - test_perl_binding (Not Run)
	 46 - test_python_binding (Not Run)
	 47 - test_python_printversion (Not Run)
	 48 - test_python_addCVTerms (Not Run)
	 49 - test_python_addingEvidenceCodes_1 (Not Run)
	 50 - test_python_addingEvidenceCodes_2 (Not Run)
	 51 - test_python_addModelHistory (Not Run)
	 52 - test_python_append_to_note (Not Run)
	 53 - test_python_appendAnnotation (Not Run)
	 54 - test_python_convertSBML (Not Run)
	 55 - test_python_createExampleSBML (Not Run)
	 56 - test_python_createSimpleModel (Not Run)
	 57 - test_python_echoSBML (Not Run)
	 58 - test_python_evaluateCustomMath (Not Run)
	 59 - test_python_getAllElementsWithNotes (Not Run)
	 60 - test_python_inlineInitialAssignments (Not Run)
	 61 - test_python_printAnnotation (Not Run)
	 62 - test_python_printMath (Not Run)
	 63 - test_python_printRegisteredPackages (Not Run)
	 64 - test_python_printSBML (Not Run)
	 65 - test_python_printsupported (Not Run)
	 66 - test_python_printUnits (Not Run)
	 67 - test_python_promoteParameters (Not Run)
	 68 - test_python_readSBML (Not Run)
	 69 - test_python_replaceOneFD (Not Run)
	 70 - test_python_setIdFromNames (Not Run)
	 71 - test_python_unsetAnnotation (Not Run)
	 72 - test_python_unsetNotes (Not Run)
	 73 - test_python_validateSBML (Not Run)
	 74 - test_python_stringInput (Not Run)
	 75 - test_python_stripPackage (Not Run)
	 76 - test_python_fbc_fbc_example1 (Not Run)
	 77 - test_python_groups_groups_example1 (Not Run)
	 78 - test_python_layout_example1_L3 (Not Run)
	 79 - test_python_layout_example1 (Not Run)
	 80 - test_python_multi_multi_example1 (Not Run)
	 81 - test_python_multi_multi_example2 (Not Run)
	 82 - test_python_multi_multi_example3 (Not Run)
	 83 - test_python_multi_printMulti (Not Run)
	 84 - test_python_qual_qual_example1 (Not Run)
	 85 - test_c_addCVTerms (Not Run)
	 86 - test_c_addingEvidenceCodes_1 (Not Run)
	 87 - test_c_addingEvidenceCodes_2 (Not Run)
	 88 - test_c_addModelHistory (Not Run)
	 89 - test_c_appendAnnotation (Not Run)
	 90 - test_c_convertSBML (Not Run)
	 91 - test_c_createExampleSBML (Not Run)
	 92 - test_c_drawMath (Not Run)
	 93 - test_c_echoSBML (Not Run)
	 94 - test_c_printAnnotation (Not Run)
	 95 - test_c_printMath (Not Run)
	 96 - test_c_printNotes (Not Run)
	 97 - test_c_printRegisteredPackages (Not Run)
	 98 - test_c_printSBML (Not Run)
	 99 - test_c_printSupported (Not Run)
	100 - test_c_printUnits (Not Run)
	101 - test_c_promoteParameters (Not Run)
	102 - test_c_readSBML (Not Run)
	103 - test_c_stripPackage (Not Run)
	104 - test_c_unsetAnnotation (Not Run)
	105 - test_c_unsetNotes (Not Run)
	106 - test_c_validateSBML (Not Run)
	107 - test_cxx_addCVTerms (Not Run)
	108 - test_cxx_addCustomValidator (Not Run)
	109 - test_cxx_addingEvidenceCodes_1 (Not Run)
	110 - test_cxx_addingEvidenceCodes_2 (Not Run)
	111 - test_cxx_addModelHistory (Not Run)
	112 - test_cxx_appendAnnotation (Not Run)
	113 - test_cxx_callExternalValidator (Not Run)
	114 - test_cxx_convertSBML (Not Run)
	115 - test_cxx_convertToL1V1 (Not Run)
	116 - test_cxx_createExampleSBML (Not Run)
	117 - test_cxx_echoSBML (Not Run)
	118 - test_cxx_inferUnits (Not Run)
	119 - test_cxx_inlineFunctionDefintions (Not Run)
	120 - test_cxx_convertReactions (Not Run)
	121 - test_cxx_getAllElementsWithNotes (Not Run)
	122 - test_cxx_printAnnotation (Not Run)
	123 - test_cxx_printMath (Not Run)
	124 - test_cxx_printNotes (Not Run)
	125 - test_cxx_printSBML (Not Run)
	126 - test_cxx_printRegisteredPackages (Not Run)
	127 - test_cxx_printSupported (Not Run)
	128 - test_cxx_printUnits (Not Run)
	129 - test_cxx_promoteParameters (Not Run)
	130 - test_cxx_readSBML (Not Run)
	131 - test_cxx_renameSId (Not Run)
	132 - test_cxx_setIdFromNames (Not Run)
	133 - test_cxx_setNamesFromIds (Not Run)
	134 - test_cxx_stripPackage (Not Run)
	135 - test_cxx_unsetAnnotation (Not Run)
	136 - test_cxx_unsetNotes (Not Run)
	137 - test_cxx_validateSBML (Not Run)
	138 - test_cs_addCVTerms (Not Run)
	139 - test_cs_addingEvidenceCodes_1 (Not Run)
	140 - test_cs_addingEvidenceCodes_2 (Not Run)
	141 - test_cs_addModelHistory (Not Run)
	142 - test_cs_appendAnnotation (Not Run)
	143 - test_cs_convertSBML (Not Run)
	144 - test_cs_createExampleSBML (Not Run)
	145 - test_cs_echoSBML (Not Run)
	146 - test_cs_GetAllElementsWithNotes (Not Run)
	147 - test_cs_printAnnotation (Not Run)
	148 - test_cs_printMath (Not Run)
	149 - test_cs_printNotes (Not Run)
	150 - test_cs_printRegisteredPackages (Not Run)
	151 - test_cs_printSBML (Not Run)
	152 - test_cs_printsupported (Not Run)
	153 - test_cs_printUnits (Not Run)
	154 - test_cs_promoteParameters (Not Run)
	155 - test_cs_readSBML (Not Run)
	156 - test_cs_stripPackage (Not Run)
	157 - test_cs_SetIdFromNames (Not Run)
	158 - test_cs_unsetAnnotation (Not Run)
	159 - test_cs_unsetNotes (Not Run)
	160 - test_cs_validateSBML (Not Run)
	161 - test_cs_evaluateCustomMath (Not Run)
	162 - test_cs_inlineInitialAssignments (Not Run)
	163 - test_cs_replaceOneFD (Not Run)
	164 - test_java_addCVTerms (Not Run)
	165 - test_java_addingEvidenceCodes_1 (Not Run)
	166 - test_java_addingEvidenceCodes_2 (Not Run)
	167 - test_java_addModelHistory (Not Run)
	168 - test_java_appendAnnotation (Not Run)
	169 - test_java_createExampleSBML (Not Run)
	170 - test_java_echoSBML (Not Run)
	171 - test_java_evaluateCustomMath (Not Run)
	172 - test_java_getAllElementsWithNotes (Not Run)
	173 - test_java_inlineInitialAssignments (Not Run)
	174 - test_java_printAnnotation (Not Run)
	175 - test_java_printMath (Not Run)
	176 - test_java_printNotes (Not Run)
	177 - test_java_printRegisteredPackages (Not Run)
	178 - test_java_printSBML (Not Run)
	179 - test_java_printsupported (Not Run)
	180 - test_java_printUnits (Not Run)
	181 - test_java_promoteParameters (Not Run)
	182 - test_java_readSBML (Not Run)
	183 - test_java_replaceOneFD (Not Run)
	184 - test_java_setIdFromNames (Not Run)
	185 - test_java_stripPackage (Not Run)
	186 - test_java_unsetAnnotation (Not Run)
Finished Tests: Thu 11/29/2018  8:11:40.02 
